nohup: ignoring input
Args in experiment:
[1mBasic Config[0m
  Task Name:          classification      Is Training:        1                   
  Model ID:           UserIdentify0       Model:              TimesNet            

[1mData Loader[0m
  Data:               UEA                 Root Path:          ./dataset/UserBehaviorsInSphericalVideoStreaming/transfer_10_10
  Data Path:          ETTh1.csv           Features:           M                   
  Target:             OT                  Freq:               h                   
  Checkpoints:        ./checkpoints/      

[1mModel Parameters[0m
  Top k:              2                   Num Kernels:        6                   
  Enc In:             7                   Dec In:             7                   
  C Out:              7                   d model:            32                  
  n heads:            8                   e layers:           2                   
  d layers:           1                   d FF:               32                  
  Moving Avg:         25                  Factor:             1                   
  Distil:             1                   Dropout:            0.1                 
  Embed:              timeF               Activation:         gelu                
  Output Attention:   0                   

[1mRun Parameters[0m
  Num Workers:        10                  Itr:                1                   
  Train Epochs:       30                  Batch Size:         16                  
  Patience:           10                  Learning Rate:      0.001               
  Des:                Exp                 Loss:               MSE                 
  Lradj:              type1               Use Amp:            0                   

[1mGPU[0m
  Use GPU:            1                   GPU:                0                   
  Use Multi GPU:      0                   Devices:            0,1,2,3             

[1mDe-stationary Projector Params[0m
  P Hidden Dims:      128, 128            P Hidden Layers:    2                   

Use GPU: cuda:0
117371
7856
>>>>>>>start training : classification_UserIdentify0_TimesNet_UEA_ftM_sl10_ll48_pl0_dm32_nh8_el2_dl1_df32_fc1_ebtimeF_dtTrue_Exp_0>>>>>>>>>>>>>>>>>>>>>>>>>>
117371
7856
7856
	iters: 100, epoch: 1 | loss: 1.9302711
	speed: 0.0546s/iter; left time: 12016.4492s
	iters: 200, epoch: 1 | loss: 1.5480882
	speed: 0.0426s/iter; left time: 9369.8763s
	iters: 300, epoch: 1 | loss: 1.1702784
	speed: 0.0448s/iter; left time: 9850.8619s
	iters: 400, epoch: 1 | loss: 1.5780721
	speed: 0.0453s/iter; left time: 9957.8281s
	iters: 500, epoch: 1 | loss: 1.0256037
	speed: 0.0435s/iter; left time: 9562.0401s
	iters: 600, epoch: 1 | loss: 1.1197822
	speed: 0.0424s/iter; left time: 9302.0525s
	iters: 700, epoch: 1 | loss: 0.7745790
	speed: 0.0432s/iter; left time: 9480.2059s
	iters: 800, epoch: 1 | loss: 0.8871967
	speed: 0.0467s/iter; left time: 10238.0713s
	iters: 900, epoch: 1 | loss: 0.9851617
	speed: 0.0466s/iter; left time: 10214.2006s
	iters: 1000, epoch: 1 | loss: 0.9087970
	speed: 0.0459s/iter; left time: 10050.2246s
	iters: 1100, epoch: 1 | loss: 1.6115301
	speed: 0.0466s/iter; left time: 10199.0375s
	iters: 1200, epoch: 1 | loss: 0.5636352
	speed: 0.0425s/iter; left time: 9300.1083s
	iters: 1300, epoch: 1 | loss: 1.0600635
	speed: 0.0442s/iter; left time: 9674.7231s
	iters: 1400, epoch: 1 | loss: 0.8878620
	speed: 0.0453s/iter; left time: 9900.6799s
	iters: 1500, epoch: 1 | loss: 0.8508902
	speed: 0.0440s/iter; left time: 9618.2896s
	iters: 1600, epoch: 1 | loss: 0.8034844
	speed: 0.0454s/iter; left time: 9913.6283s
	iters: 1700, epoch: 1 | loss: 0.5060337
	speed: 0.0462s/iter; left time: 10095.3322s
	iters: 1800, epoch: 1 | loss: 0.8257496
	speed: 0.0449s/iter; left time: 9793.0460s
	iters: 1900, epoch: 1 | loss: 1.4163215
	speed: 0.0435s/iter; left time: 9488.5585s
	iters: 2000, epoch: 1 | loss: 0.3054550
	speed: 0.0438s/iter; left time: 9547.1859s
	iters: 2100, epoch: 1 | loss: 0.3508443
	speed: 0.0436s/iter; left time: 9499.5996s
	iters: 2200, epoch: 1 | loss: 1.1799356
	speed: 0.0437s/iter; left time: 9515.7248s
	iters: 2300, epoch: 1 | loss: 0.4301080
	speed: 0.0445s/iter; left time: 9685.8375s
	iters: 2400, epoch: 1 | loss: 1.5279673
	speed: 0.0441s/iter; left time: 9603.7166s
	iters: 2500, epoch: 1 | loss: 0.3491386
	speed: 0.0442s/iter; left time: 9620.7184s
	iters: 2600, epoch: 1 | loss: 1.3763930
	speed: 0.0438s/iter; left time: 9534.0939s
	iters: 2700, epoch: 1 | loss: 0.4957239
	speed: 0.0455s/iter; left time: 9885.1618s
	iters: 2800, epoch: 1 | loss: 0.8157349
	speed: 0.0451s/iter; left time: 9790.2618s
	iters: 2900, epoch: 1 | loss: 0.4941823
	speed: 0.0454s/iter; left time: 9857.7913s
	iters: 3000, epoch: 1 | loss: 0.4810475
	speed: 0.0458s/iter; left time: 9944.0352s
	iters: 3100, epoch: 1 | loss: 0.4883659
	speed: 0.0453s/iter; left time: 9827.7680s
	iters: 3200, epoch: 1 | loss: 0.7725234
	speed: 0.0455s/iter; left time: 9877.1814s
	iters: 3300, epoch: 1 | loss: 0.3231842
	speed: 0.0451s/iter; left time: 9769.2570s
	iters: 3400, epoch: 1 | loss: 0.5133691
	speed: 0.0451s/iter; left time: 9761.7546s
	iters: 3500, epoch: 1 | loss: 0.6604180
	speed: 0.0454s/iter; left time: 9834.0791s
	iters: 3600, epoch: 1 | loss: 0.5062077
	speed: 0.0457s/iter; left time: 9883.8633s
	iters: 3700, epoch: 1 | loss: 0.3121205
	speed: 0.0448s/iter; left time: 9700.1772s
	iters: 3800, epoch: 1 | loss: 0.2589357
	speed: 0.0452s/iter; left time: 9781.5316s
	iters: 3900, epoch: 1 | loss: 0.8299991
	speed: 0.0463s/iter; left time: 10010.0841s
	iters: 4000, epoch: 1 | loss: 0.5970762
	speed: 0.0465s/iter; left time: 10038.5018s
	iters: 4100, epoch: 1 | loss: 0.3505175
	speed: 0.0458s/iter; left time: 9881.1324s
	iters: 4200, epoch: 1 | loss: 1.1274469
	speed: 0.0459s/iter; left time: 9901.9229s
	iters: 4300, epoch: 1 | loss: 0.2649758
	speed: 0.0459s/iter; left time: 9905.3751s
	iters: 4400, epoch: 1 | loss: 0.6723368
	speed: 0.0463s/iter; left time: 9996.6050s
	iters: 4500, epoch: 1 | loss: 0.4314331
	speed: 0.0463s/iter; left time: 9978.5109s
	iters: 4600, epoch: 1 | loss: 1.0104756
	speed: 0.0465s/iter; left time: 10020.5885s
	iters: 4700, epoch: 1 | loss: 0.4911138
	speed: 0.0458s/iter; left time: 9866.0071s
	iters: 4800, epoch: 1 | loss: 0.7458059
	speed: 0.0456s/iter; left time: 9808.8927s
	iters: 4900, epoch: 1 | loss: 0.1561735
	speed: 0.0463s/iter; left time: 9971.5769s
	iters: 5000, epoch: 1 | loss: 0.7304714
	speed: 0.0448s/iter; left time: 9644.2658s
	iters: 5100, epoch: 1 | loss: 0.6832666
	speed: 0.0449s/iter; left time: 9660.1435s
	iters: 5200, epoch: 1 | loss: 0.3391089
	speed: 0.0422s/iter; left time: 9068.3620s
	iters: 5300, epoch: 1 | loss: 0.7390040
	speed: 0.0382s/iter; left time: 8206.1391s
	iters: 5400, epoch: 1 | loss: 0.4717313
	speed: 0.0428s/iter; left time: 9184.6062s
	iters: 5500, epoch: 1 | loss: 0.2737741
	speed: 0.0449s/iter; left time: 9635.3372s
	iters: 5600, epoch: 1 | loss: 0.2841492
	speed: 0.0453s/iter; left time: 9713.8609s
	iters: 5700, epoch: 1 | loss: 0.3545179
	speed: 0.0444s/iter; left time: 9519.1922s
	iters: 5800, epoch: 1 | loss: 0.6438220
	speed: 0.0452s/iter; left time: 9681.0907s
	iters: 5900, epoch: 1 | loss: 0.5084814
	speed: 0.0452s/iter; left time: 9672.2598s
	iters: 6000, epoch: 1 | loss: 0.3629113
	speed: 0.0433s/iter; left time: 9278.7766s
	iters: 6100, epoch: 1 | loss: 0.7062663
	speed: 0.0450s/iter; left time: 9628.4109s
	iters: 6200, epoch: 1 | loss: 0.4673350
	speed: 0.0460s/iter; left time: 9843.7067s
	iters: 6300, epoch: 1 | loss: 0.1395231
	speed: 0.0451s/iter; left time: 9643.4329s
	iters: 6400, epoch: 1 | loss: 1.1481609
	speed: 0.0460s/iter; left time: 9820.7466s
	iters: 6500, epoch: 1 | loss: 0.3458283
	speed: 0.0458s/iter; left time: 9783.1029s
	iters: 6600, epoch: 1 | loss: 0.3879259
	speed: 0.0459s/iter; left time: 9788.4628s
	iters: 6700, epoch: 1 | loss: 0.2987118
	speed: 0.0449s/iter; left time: 9572.7480s
	iters: 6800, epoch: 1 | loss: 0.4318784
	speed: 0.0449s/iter; left time: 9584.0736s
	iters: 6900, epoch: 1 | loss: 0.6264741
	speed: 0.0452s/iter; left time: 9629.2291s
	iters: 7000, epoch: 1 | loss: 0.4131342
	speed: 0.0456s/iter; left time: 9727.0777s
	iters: 7100, epoch: 1 | loss: 0.5156445
	speed: 0.0457s/iter; left time: 9740.8219s
	iters: 7200, epoch: 1 | loss: 0.3190373
	speed: 0.0449s/iter; left time: 9567.2832s
	iters: 7300, epoch: 1 | loss: 0.4980439
	speed: 0.0455s/iter; left time: 9671.3111s
Epoch: 1 cost time: 330.64479303359985
Epoch: 1, Steps: 7336 | Train Loss: 0.712 Vali Loss: 1.382 Vali Acc: 0.617 Test Loss: 1.382 Test Acc: 0.617
Validation loss decreased (inf --> -0.616726).  Saving model ...
	iters: 100, epoch: 2 | loss: 0.3886549
	speed: 0.1898s/iter; left time: 40359.3503s
	iters: 200, epoch: 2 | loss: 0.1852934
	speed: 0.0290s/iter; left time: 6155.7753s
	iters: 300, epoch: 2 | loss: 0.3986785
	speed: 0.0248s/iter; left time: 5268.4451s
	iters: 400, epoch: 2 | loss: 0.2552662
	speed: 0.0245s/iter; left time: 5197.7777s
	iters: 500, epoch: 2 | loss: 0.9831779
	speed: 0.0245s/iter; left time: 5196.3911s
	iters: 600, epoch: 2 | loss: 0.4350472
	speed: 0.0247s/iter; left time: 5232.4452s
	iters: 700, epoch: 2 | loss: 0.5271114
	speed: 0.0257s/iter; left time: 5447.5296s
	iters: 800, epoch: 2 | loss: 0.5458313
	speed: 0.0269s/iter; left time: 5706.7568s
	iters: 900, epoch: 2 | loss: 0.2470869
	speed: 0.0293s/iter; left time: 6200.8396s
	iters: 1000, epoch: 2 | loss: 0.7008213
	speed: 0.0255s/iter; left time: 5394.9135s
	iters: 1100, epoch: 2 | loss: 0.2668270
	speed: 0.0273s/iter; left time: 5787.1488s
	iters: 1200, epoch: 2 | loss: 0.6389959
	speed: 0.0267s/iter; left time: 5647.8981s
	iters: 1300, epoch: 2 | loss: 0.3924303
	speed: 0.0263s/iter; left time: 5560.8863s
	iters: 1400, epoch: 2 | loss: 0.6090477
	speed: 0.0262s/iter; left time: 5543.9460s
	iters: 1500, epoch: 2 | loss: 0.3251419
	speed: 0.0474s/iter; left time: 10012.1825s
	iters: 1600, epoch: 2 | loss: 0.5914090
	speed: 0.0555s/iter; left time: 11718.0772s
	iters: 1700, epoch: 2 | loss: 0.3312669
	speed: 0.0458s/iter; left time: 9669.6819s
	iters: 1800, epoch: 2 | loss: 0.3088366
	speed: 0.0263s/iter; left time: 5553.7431s
	iters: 1900, epoch: 2 | loss: 0.2973602
	speed: 0.0263s/iter; left time: 5535.5569s
	iters: 2000, epoch: 2 | loss: 0.4644145
	speed: 0.0263s/iter; left time: 5542.4440s
	iters: 2100, epoch: 2 | loss: 0.4164526
	speed: 0.0525s/iter; left time: 11049.3776s
	iters: 2200, epoch: 2 | loss: 0.4603809
	speed: 0.0541s/iter; left time: 11388.3001s
	iters: 2300, epoch: 2 | loss: 0.2779884
	speed: 0.0547s/iter; left time: 11519.1737s
	iters: 2400, epoch: 2 | loss: 0.1006568
	speed: 0.0545s/iter; left time: 11468.3843s
	iters: 2500, epoch: 2 | loss: 0.5789126
	speed: 0.0550s/iter; left time: 11558.3561s
	iters: 2600, epoch: 2 | loss: 0.8066122
	speed: 0.0553s/iter; left time: 11621.5550s
	iters: 2700, epoch: 2 | loss: 0.4610566
	speed: 0.0469s/iter; left time: 9849.2963s
	iters: 2800, epoch: 2 | loss: 0.6290687
	speed: 0.0263s/iter; left time: 5526.4221s
	iters: 2900, epoch: 2 | loss: 0.2556622
	speed: 0.0263s/iter; left time: 5517.1056s
	iters: 3000, epoch: 2 | loss: 0.6989738
	speed: 0.0264s/iter; left time: 5529.0501s
	iters: 3100, epoch: 2 | loss: 0.3598664
	speed: 0.0315s/iter; left time: 6596.0318s
	iters: 3200, epoch: 2 | loss: 0.6265574
	speed: 0.0540s/iter; left time: 11320.4062s
	iters: 3300, epoch: 2 | loss: 0.5304319
	speed: 0.0549s/iter; left time: 11494.7514s
	iters: 3400, epoch: 2 | loss: 0.1774474
	speed: 0.0513s/iter; left time: 10746.0235s
	iters: 3500, epoch: 2 | loss: 0.4090253
	speed: 0.0544s/iter; left time: 11388.2816s
	iters: 3600, epoch: 2 | loss: 0.2165116
	speed: 0.0528s/iter; left time: 11040.0311s
	iters: 3700, epoch: 2 | loss: 0.7425753
	speed: 0.0523s/iter; left time: 10943.0629s
	iters: 3800, epoch: 2 | loss: 1.1184077
	speed: 0.0334s/iter; left time: 6973.7971s
	iters: 3900, epoch: 2 | loss: 0.6314335
	speed: 0.0263s/iter; left time: 5492.1124s
	iters: 4000, epoch: 2 | loss: 0.2086769
	speed: 0.0407s/iter; left time: 8494.9504s
	iters: 4100, epoch: 2 | loss: 0.2287775
	speed: 0.0304s/iter; left time: 6348.1848s
	iters: 4200, epoch: 2 | loss: 1.0627613
	speed: 0.0267s/iter; left time: 5564.8671s
	iters: 4300, epoch: 2 | loss: 0.1329677
	speed: 0.0540s/iter; left time: 11251.6718s
	iters: 4400, epoch: 2 | loss: 0.6560794
	speed: 0.0528s/iter; left time: 10999.8793s
	iters: 4500, epoch: 2 | loss: 0.1673567
	speed: 0.0540s/iter; left time: 11250.2314s
	iters: 4600, epoch: 2 | loss: 0.5233220
	speed: 0.0320s/iter; left time: 6651.7814s
	iters: 4700, epoch: 2 | loss: 0.1233268
	speed: 0.0314s/iter; left time: 6531.7784s
	iters: 4800, epoch: 2 | loss: 0.3261591
	speed: 0.0274s/iter; left time: 5695.9315s
	iters: 4900, epoch: 2 | loss: 0.5752770
	speed: 0.0417s/iter; left time: 8663.9290s
	iters: 5000, epoch: 2 | loss: 0.1727264
	speed: 0.0513s/iter; left time: 10647.9352s
	iters: 5100, epoch: 2 | loss: 0.4200364
	speed: 0.0544s/iter; left time: 11289.3132s
	iters: 5200, epoch: 2 | loss: 0.3786513
	speed: 0.0544s/iter; left time: 11293.0865s
	iters: 5300, epoch: 2 | loss: 0.4802673
	speed: 0.0547s/iter; left time: 11348.8223s
	iters: 5400, epoch: 2 | loss: 0.4809522
	speed: 0.0367s/iter; left time: 7610.5568s
	iters: 5500, epoch: 2 | loss: 0.5979087
	speed: 0.0470s/iter; left time: 9738.2288s
	iters: 5600, epoch: 2 | loss: 0.6222087
	speed: 0.0523s/iter; left time: 10832.6321s
	iters: 5700, epoch: 2 | loss: 0.2384989
	speed: 0.0546s/iter; left time: 11310.5298s
	iters: 5800, epoch: 2 | loss: 0.3321968
	speed: 0.0552s/iter; left time: 11425.1180s
	iters: 5900, epoch: 2 | loss: 0.2063638
	speed: 0.0551s/iter; left time: 11394.9210s
	iters: 6000, epoch: 2 | loss: 0.2542301
	speed: 0.0539s/iter; left time: 11152.3228s
	iters: 6100, epoch: 2 | loss: 0.2447699
	speed: 0.0518s/iter; left time: 10705.3088s
	iters: 6200, epoch: 2 | loss: 0.3845296
	speed: 0.0517s/iter; left time: 10673.0696s
	iters: 6300, epoch: 2 | loss: 0.7000139
	speed: 0.0532s/iter; left time: 10983.8972s
	iters: 6400, epoch: 2 | loss: 0.3617113
	speed: 0.0534s/iter; left time: 11012.6393s
	iters: 6500, epoch: 2 | loss: 0.3643042
	speed: 0.0546s/iter; left time: 11263.4126s
	iters: 6600, epoch: 2 | loss: 0.2162687
	speed: 0.0517s/iter; left time: 10647.8084s
	iters: 6700, epoch: 2 | loss: 0.1852120
	speed: 0.0314s/iter; left time: 6467.0627s
	iters: 6800, epoch: 2 | loss: 0.4433872
	speed: 0.0312s/iter; left time: 6431.3121s
	iters: 6900, epoch: 2 | loss: 0.3683617
	speed: 0.0395s/iter; left time: 8137.3975s
	iters: 7000, epoch: 2 | loss: 0.3819486
	speed: 0.0524s/iter; left time: 10782.9236s
	iters: 7100, epoch: 2 | loss: 0.2968957
	speed: 0.0545s/iter; left time: 11215.8920s
	iters: 7200, epoch: 2 | loss: 0.3583180
	speed: 0.0551s/iter; left time: 11320.8347s
	iters: 7300, epoch: 2 | loss: 0.2957985
	speed: 0.0535s/iter; left time: 10993.5125s
Epoch: 2 cost time: 307.57071185112
Epoch: 2, Steps: 7336 | Train Loss: 0.457 Vali Loss: 1.600 Vali Acc: 0.607 Test Loss: 1.600 Test Acc: 0.607
EarlyStopping counter: 1 out of 10
	iters: 100, epoch: 3 | loss: 0.3373110
	speed: 0.1909s/iter; left time: 39190.1936s
	iters: 200, epoch: 3 | loss: 0.2505544
	speed: 0.0344s/iter; left time: 7063.3484s
	iters: 300, epoch: 3 | loss: 0.5023794
	speed: 0.0276s/iter; left time: 5667.8067s
	iters: 400, epoch: 3 | loss: 0.2111752
	speed: 0.0428s/iter; left time: 8783.7164s
	iters: 500, epoch: 3 | loss: 0.1308914
	speed: 0.0266s/iter; left time: 5454.0360s
	iters: 600, epoch: 3 | loss: 0.0800235
	speed: 0.0281s/iter; left time: 5745.3018s
	iters: 700, epoch: 3 | loss: 0.7383351
	speed: 0.0423s/iter; left time: 8658.4294s
	iters: 800, epoch: 3 | loss: 0.5184495
	speed: 0.0426s/iter; left time: 8709.0426s
	iters: 900, epoch: 3 | loss: 0.4526742
	speed: 0.0264s/iter; left time: 5389.7468s
	iters: 1000, epoch: 3 | loss: 0.3309307
	speed: 0.0264s/iter; left time: 5396.1478s
	iters: 1100, epoch: 3 | loss: 0.3959225
	speed: 0.0269s/iter; left time: 5485.7019s
	iters: 1200, epoch: 3 | loss: 0.3248632
	speed: 0.0264s/iter; left time: 5396.9846s
	iters: 1300, epoch: 3 | loss: 0.3008464
	speed: 0.0343s/iter; left time: 7007.3157s
	iters: 1400, epoch: 3 | loss: 0.3254567
	speed: 0.0548s/iter; left time: 11183.2376s
	iters: 1500, epoch: 3 | loss: 0.5747738
	speed: 0.0543s/iter; left time: 11079.3966s
	iters: 1600, epoch: 3 | loss: 0.1404056
	speed: 0.0470s/iter; left time: 9579.0790s
	iters: 1700, epoch: 3 | loss: 0.1282034
	speed: 0.0310s/iter; left time: 6320.1552s
	iters: 1800, epoch: 3 | loss: 0.0713883
	speed: 0.0317s/iter; left time: 6456.5356s
	iters: 1900, epoch: 3 | loss: 0.4172257
	speed: 0.0412s/iter; left time: 8379.2882s
	iters: 2000, epoch: 3 | loss: 0.3067279
	speed: 0.0544s/iter; left time: 11062.4667s
	iters: 2100, epoch: 3 | loss: 0.5516703
	speed: 0.0548s/iter; left time: 11138.5994s
	iters: 2200, epoch: 3 | loss: 0.7317601
	speed: 0.0551s/iter; left time: 11194.6182s
	iters: 2300, epoch: 3 | loss: 0.5246349
	speed: 0.0518s/iter; left time: 10518.0561s
	iters: 2400, epoch: 3 | loss: 0.4491475
	speed: 0.0427s/iter; left time: 8669.3235s
	iters: 2500, epoch: 3 | loss: 0.3580423
	speed: 0.0303s/iter; left time: 6138.2829s
	iters: 2600, epoch: 3 | loss: 0.1608601
	speed: 0.0344s/iter; left time: 6975.4842s
	iters: 2700, epoch: 3 | loss: 0.2024481
	speed: 0.0461s/iter; left time: 9338.7077s
	iters: 2800, epoch: 3 | loss: 0.3553110
	speed: 0.0335s/iter; left time: 6796.1224s
	iters: 2900, epoch: 3 | loss: 0.4878233
	speed: 0.0285s/iter; left time: 5775.9941s
	iters: 3000, epoch: 3 | loss: 0.4726144
	speed: 0.0280s/iter; left time: 5666.7020s
	iters: 3100, epoch: 3 | loss: 0.4959502
	speed: 0.0271s/iter; left time: 5491.7004s
	iters: 3200, epoch: 3 | loss: 0.6141071
	speed: 0.0254s/iter; left time: 5129.6662s
	iters: 3300, epoch: 3 | loss: 0.0450344
	speed: 0.0244s/iter; left time: 4938.3292s
	iters: 3400, epoch: 3 | loss: 0.2575383
	speed: 0.0244s/iter; left time: 4935.9445s
	iters: 3500, epoch: 3 | loss: 0.3246018
	speed: 0.0363s/iter; left time: 7330.8653s
	iters: 3600, epoch: 3 | loss: 0.3202949
	speed: 0.0351s/iter; left time: 7089.1898s
	iters: 3700, epoch: 3 | loss: 0.3694787
	speed: 0.0335s/iter; left time: 6758.4069s
	iters: 3800, epoch: 3 | loss: 0.3037941
	speed: 0.0308s/iter; left time: 6204.5446s
	iters: 3900, epoch: 3 | loss: 0.0791182
	speed: 0.0298s/iter; left time: 6013.9341s
	iters: 4000, epoch: 3 | loss: 0.2770033
	speed: 0.0251s/iter; left time: 5061.9523s
	iters: 4100, epoch: 3 | loss: 0.4849556
	speed: 0.0298s/iter; left time: 5995.9773s
	iters: 4200, epoch: 3 | loss: 0.5486047
	speed: 0.0315s/iter; left time: 6333.1335s
	iters: 4300, epoch: 3 | loss: 0.9857350
	speed: 0.0270s/iter; left time: 5435.4734s
	iters: 4400, epoch: 3 | loss: 0.5074699
	speed: 0.0338s/iter; left time: 6800.0154s
	iters: 4500, epoch: 3 | loss: 0.4846282
	speed: 0.0315s/iter; left time: 6337.2610s
	iters: 4600, epoch: 3 | loss: 0.2152557
	speed: 0.0337s/iter; left time: 6776.6191s
	iters: 4700, epoch: 3 | loss: 0.8267720
	speed: 0.0287s/iter; left time: 5763.9050s
	iters: 4800, epoch: 3 | loss: 0.0974752
	speed: 0.0313s/iter; left time: 6288.2982s
	iters: 4900, epoch: 3 | loss: 0.4306678
	speed: 0.0246s/iter; left time: 4941.6852s
	iters: 5000, epoch: 3 | loss: 0.0221258
	speed: 0.0267s/iter; left time: 5357.9840s
	iters: 5100, epoch: 3 | loss: 0.2195069
	speed: 0.0245s/iter; left time: 4910.9318s
	iters: 5200, epoch: 3 | loss: 0.7532007
	speed: 0.0245s/iter; left time: 4898.0050s
	iters: 5300, epoch: 3 | loss: 0.3326210
	speed: 0.0244s/iter; left time: 4882.5633s
	iters: 5400, epoch: 3 | loss: 0.2767219
	speed: 0.0245s/iter; left time: 4898.0118s
	iters: 5500, epoch: 3 | loss: 0.2589639
	speed: 0.0244s/iter; left time: 4872.2547s
	iters: 5600, epoch: 3 | loss: 0.1362921
	speed: 0.0244s/iter; left time: 4882.7594s
	iters: 5700, epoch: 3 | loss: 0.3492647
	speed: 0.0244s/iter; left time: 4880.3095s
	iters: 5800, epoch: 3 | loss: 0.5680848
	speed: 0.0245s/iter; left time: 4892.5569s
	iters: 5900, epoch: 3 | loss: 0.4940796
	speed: 0.0244s/iter; left time: 4864.5830s
	iters: 6000, epoch: 3 | loss: 0.9908878
	speed: 0.0290s/iter; left time: 5777.1965s
	iters: 6100, epoch: 3 | loss: 0.1662943
	speed: 0.0288s/iter; left time: 5743.8187s
	iters: 6200, epoch: 3 | loss: 0.6747811
	speed: 0.0322s/iter; left time: 6407.8216s
	iters: 6300, epoch: 3 | loss: 0.7964854
	speed: 0.0280s/iter; left time: 5582.9155s
	iters: 6400, epoch: 3 | loss: 0.3005370
	speed: 0.0250s/iter; left time: 4982.2415s
	iters: 6500, epoch: 3 | loss: 0.1400659
	speed: 0.0252s/iter; left time: 5014.6626s
	iters: 6600, epoch: 3 | loss: 0.1966540
	speed: 0.0251s/iter; left time: 4988.4497s
	iters: 6700, epoch: 3 | loss: 0.1980780
	speed: 0.0250s/iter; left time: 4968.8743s
	iters: 6800, epoch: 3 | loss: 0.3136290
	speed: 0.0252s/iter; left time: 5010.5845s
	iters: 6900, epoch: 3 | loss: 0.3482301
	speed: 0.0252s/iter; left time: 5009.1573s
	iters: 7000, epoch: 3 | loss: 0.7951292
	speed: 0.0250s/iter; left time: 4967.3613s
	iters: 7100, epoch: 3 | loss: 0.2894130
	speed: 0.0250s/iter; left time: 4955.4612s
	iters: 7200, epoch: 3 | loss: 0.3466309
	speed: 0.0251s/iter; left time: 4977.5732s
	iters: 7300, epoch: 3 | loss: 0.4889474
	speed: 0.0258s/iter; left time: 5102.7867s
Epoch: 3 cost time: 233.07773303985596
Epoch: 3, Steps: 7336 | Train Loss: 0.397 Vali Loss: 1.652 Vali Acc: 0.574 Test Loss: 1.652 Test Acc: 0.574
EarlyStopping counter: 2 out of 10
	iters: 100, epoch: 4 | loss: 0.3425610
	speed: 0.1944s/iter; left time: 38493.1281s
	iters: 200, epoch: 4 | loss: 0.1319760
	speed: 0.0299s/iter; left time: 5912.8121s
	iters: 300, epoch: 4 | loss: 0.3567178
	speed: 0.0348s/iter; left time: 6877.2523s
	iters: 400, epoch: 4 | loss: 0.1848760
	speed: 0.0321s/iter; left time: 6343.6722s
	iters: 500, epoch: 4 | loss: 0.2025562
	speed: 0.0337s/iter; left time: 6658.4496s
	iters: 600, epoch: 4 | loss: 0.3606339
	speed: 0.0339s/iter; left time: 6702.5317s
	iters: 700, epoch: 4 | loss: 0.2784841
	speed: 0.0323s/iter; left time: 6375.0915s
	iters: 800, epoch: 4 | loss: 0.4552447
	speed: 0.0272s/iter; left time: 5369.4534s
	iters: 900, epoch: 4 | loss: 0.0791073
	speed: 0.0273s/iter; left time: 5391.4831s
	iters: 1000, epoch: 4 | loss: 0.3149604
	speed: 0.0287s/iter; left time: 5648.0472s
	iters: 1100, epoch: 4 | loss: 0.2489228
	speed: 0.0420s/iter; left time: 8280.7017s
	iters: 1200, epoch: 4 | loss: 0.5502197
	speed: 0.0329s/iter; left time: 6480.0651s
	iters: 1300, epoch: 4 | loss: 0.4274123
	speed: 0.0263s/iter; left time: 5180.6960s
	iters: 1400, epoch: 4 | loss: 0.3834897
	speed: 0.0283s/iter; left time: 5558.7423s
	iters: 1500, epoch: 4 | loss: 0.6815428
	speed: 0.0311s/iter; left time: 6109.7233s
	iters: 1600, epoch: 4 | loss: 0.2996554
	speed: 0.0298s/iter; left time: 5850.4590s
	iters: 1700, epoch: 4 | loss: 0.5168340
	speed: 0.0246s/iter; left time: 4832.2783s
	iters: 1800, epoch: 4 | loss: 0.2805434
	speed: 0.0303s/iter; left time: 5953.3845s
	iters: 1900, epoch: 4 | loss: 0.2541289
	speed: 0.0247s/iter; left time: 4847.4623s
	iters: 2000, epoch: 4 | loss: 0.5098286
	speed: 0.0245s/iter; left time: 4798.0475s
	iters: 2100, epoch: 4 | loss: 0.3303269
	speed: 0.0247s/iter; left time: 4845.3947s
	iters: 2200, epoch: 4 | loss: 0.5356786
	speed: 0.0266s/iter; left time: 5211.8200s
	iters: 2300, epoch: 4 | loss: 0.5002867
	speed: 0.0246s/iter; left time: 4806.4557s
	iters: 2400, epoch: 4 | loss: 0.4560972
	speed: 0.0248s/iter; left time: 4858.1063s
	iters: 2500, epoch: 4 | loss: 0.3107869
	speed: 0.0249s/iter; left time: 4868.3115s
	iters: 2600, epoch: 4 | loss: 0.1853330
	speed: 0.0251s/iter; left time: 4897.0477s
	iters: 2700, epoch: 4 | loss: 0.9111251
	speed: 0.0246s/iter; left time: 4798.5702s
	iters: 2800, epoch: 4 | loss: 0.2924554
	speed: 0.0248s/iter; left time: 4844.4991s
	iters: 2900, epoch: 4 | loss: 1.0885278
	speed: 0.0251s/iter; left time: 4903.1428s
	iters: 3000, epoch: 4 | loss: 0.1446648
	speed: 0.0316s/iter; left time: 6159.0784s
	iters: 3100, epoch: 4 | loss: 0.2403180
	speed: 0.0314s/iter; left time: 6127.2472s
	iters: 3200, epoch: 4 | loss: 0.3440908
	speed: 0.0333s/iter; left time: 6493.7775s
	iters: 3300, epoch: 4 | loss: 0.7650670
	speed: 0.0321s/iter; left time: 6247.7489s
	iters: 3400, epoch: 4 | loss: 0.0746698
	speed: 0.0366s/iter; left time: 7116.5104s
	iters: 3500, epoch: 4 | loss: 0.8159082
	speed: 0.0386s/iter; left time: 7507.6925s
	iters: 3600, epoch: 4 | loss: 0.1277112
	speed: 0.0344s/iter; left time: 6690.5979s
	iters: 3700, epoch: 4 | loss: 0.1929008
	speed: 0.0354s/iter; left time: 6877.6598s
	iters: 3800, epoch: 4 | loss: 0.5839001
	speed: 0.0330s/iter; left time: 6419.3365s
	iters: 3900, epoch: 4 | loss: 0.1829428
	speed: 0.0317s/iter; left time: 6153.4644s
	iters: 4000, epoch: 4 | loss: 0.3694704
	speed: 0.0314s/iter; left time: 6090.7640s
	iters: 4100, epoch: 4 | loss: 0.7580275
	speed: 0.0246s/iter; left time: 4775.5744s
	iters: 4200, epoch: 4 | loss: 0.3321411
	speed: 0.0253s/iter; left time: 4913.2127s
	iters: 4300, epoch: 4 | loss: 0.3998239
	speed: 0.0347s/iter; left time: 6723.7490s
	iters: 4400, epoch: 4 | loss: 0.2072200
	speed: 0.0315s/iter; left time: 6104.5738s
	iters: 4500, epoch: 4 | loss: 0.3311917
	speed: 0.0316s/iter; left time: 6113.7710s
	iters: 4600, epoch: 4 | loss: 0.6324458
	speed: 0.0314s/iter; left time: 6070.8705s
	iters: 4700, epoch: 4 | loss: 0.3072704
	speed: 0.0312s/iter; left time: 6034.6754s
	iters: 4800, epoch: 4 | loss: 0.3473937
	speed: 0.0353s/iter; left time: 6821.3609s
	iters: 4900, epoch: 4 | loss: 0.1761599
	speed: 0.0319s/iter; left time: 6163.5756s
	iters: 5000, epoch: 4 | loss: 0.2917301
	speed: 0.0314s/iter; left time: 6068.8637s
	iters: 5100, epoch: 4 | loss: 0.2518634
	speed: 0.0307s/iter; left time: 5930.4554s
	iters: 5200, epoch: 4 | loss: 0.5312101
	speed: 0.0326s/iter; left time: 6287.2698s
	iters: 5300, epoch: 4 | loss: 0.2457912
	speed: 0.0263s/iter; left time: 5069.2949s
	iters: 5400, epoch: 4 | loss: 0.1166765
	speed: 0.0245s/iter; left time: 4717.1393s
	iters: 5500, epoch: 4 | loss: 0.4256041
	speed: 0.0328s/iter; left time: 6318.9650s
	iters: 5600, epoch: 4 | loss: 0.3726391
	speed: 0.0318s/iter; left time: 6113.6026s
	iters: 5700, epoch: 4 | loss: 0.4536397
	speed: 0.0248s/iter; left time: 4774.1830s
	iters: 5800, epoch: 4 | loss: 0.0823988
	speed: 0.0257s/iter; left time: 4941.8698s
	iters: 5900, epoch: 4 | loss: 0.1425259
	speed: 0.0269s/iter; left time: 5171.9866s
	iters: 6000, epoch: 4 | loss: 0.3663746
	speed: 0.0293s/iter; left time: 5632.9884s
	iters: 6100, epoch: 4 | loss: 0.3091518
	speed: 0.0338s/iter; left time: 6482.1865s
	iters: 6200, epoch: 4 | loss: 0.1426593
	speed: 0.0272s/iter; left time: 5217.0239s
	iters: 6300, epoch: 4 | loss: 0.6337062
	speed: 0.0260s/iter; left time: 4983.7564s
	iters: 6400, epoch: 4 | loss: 0.3382182
	speed: 0.0274s/iter; left time: 5246.5063s
	iters: 6500, epoch: 4 | loss: 0.3711888
	speed: 0.0320s/iter; left time: 6135.8463s
	iters: 6600, epoch: 4 | loss: 0.5202376
	speed: 0.0316s/iter; left time: 6059.6643s
	iters: 6700, epoch: 4 | loss: 0.4676189
	speed: 0.0321s/iter; left time: 6151.2689s
	iters: 6800, epoch: 4 | loss: 0.3183973
	speed: 0.0304s/iter; left time: 5814.3639s
	iters: 6900, epoch: 4 | loss: 0.1834759
	speed: 0.0246s/iter; left time: 4704.0687s
	iters: 7000, epoch: 4 | loss: 0.4557798
	speed: 0.0250s/iter; left time: 4782.8164s
	iters: 7100, epoch: 4 | loss: 0.5953651
	speed: 0.0246s/iter; left time: 4705.2013s
	iters: 7200, epoch: 4 | loss: 0.5460044
	speed: 0.0261s/iter; left time: 4980.8040s
	iters: 7300, epoch: 4 | loss: 0.5387838
	speed: 0.0257s/iter; left time: 4910.2148s
Epoch: 4 cost time: 217.82959747314453
Epoch: 4, Steps: 7336 | Train Loss: 0.353 Vali Loss: 1.706 Vali Acc: 0.608 Test Loss: 1.707 Test Acc: 0.608
EarlyStopping counter: 3 out of 10
	iters: 100, epoch: 5 | loss: 0.2919936
	speed: 0.1805s/iter; left time: 34413.8154s
	iters: 200, epoch: 5 | loss: 0.1126710
	speed: 0.0244s/iter; left time: 4654.9145s
	iters: 300, epoch: 5 | loss: 0.1703166
	speed: 0.0258s/iter; left time: 4922.7629s
	iters: 400, epoch: 5 | loss: 0.1041479
	speed: 0.0245s/iter; left time: 4663.0211s
	iters: 500, epoch: 5 | loss: 0.1270819
	speed: 0.0246s/iter; left time: 4679.0288s
	iters: 600, epoch: 5 | loss: 0.2402608
	speed: 0.0246s/iter; left time: 4675.9541s
	iters: 700, epoch: 5 | loss: 0.5159667
	speed: 0.0252s/iter; left time: 4790.7094s
	iters: 800, epoch: 5 | loss: 0.0862053
	speed: 0.0245s/iter; left time: 4658.6471s
	iters: 900, epoch: 5 | loss: 0.1764781
	speed: 0.0287s/iter; left time: 5447.1345s
	iters: 1000, epoch: 5 | loss: 0.3331943
	speed: 0.0269s/iter; left time: 5105.8570s
	iters: 1100, epoch: 5 | loss: 0.2880794
	speed: 0.0248s/iter; left time: 4697.5734s
	iters: 1200, epoch: 5 | loss: 0.3243723
	speed: 0.0250s/iter; left time: 4732.8857s
	iters: 1300, epoch: 5 | loss: 0.1171840
	speed: 0.0388s/iter; left time: 7347.1645s
	iters: 1400, epoch: 5 | loss: 0.4628228
	speed: 0.0267s/iter; left time: 5064.2112s
	iters: 1500, epoch: 5 | loss: 0.4195622
	speed: 0.0245s/iter; left time: 4640.3568s
	iters: 1600, epoch: 5 | loss: 0.4295160
	speed: 0.0245s/iter; left time: 4628.8607s
	iters: 1700, epoch: 5 | loss: 0.3261558
	speed: 0.0247s/iter; left time: 4677.1904s
	iters: 1800, epoch: 5 | loss: 0.2397344
	speed: 0.0244s/iter; left time: 4612.7071s
	iters: 1900, epoch: 5 | loss: 0.4893046
	speed: 0.0375s/iter; left time: 7086.0833s
	iters: 2000, epoch: 5 | loss: 0.2774940
	speed: 0.0264s/iter; left time: 4973.6051s
	iters: 2100, epoch: 5 | loss: 0.5595368
	speed: 0.0247s/iter; left time: 4659.2305s
	iters: 2200, epoch: 5 | loss: 0.1998964
	speed: 0.0255s/iter; left time: 4808.7156s
	iters: 2300, epoch: 5 | loss: 0.4333680
	speed: 0.0247s/iter; left time: 4645.6997s
	iters: 2400, epoch: 5 | loss: 0.8625516
	speed: 0.0340s/iter; left time: 6412.5380s
	iters: 2500, epoch: 5 | loss: 0.4094900
	speed: 0.0298s/iter; left time: 5602.9637s
	iters: 2600, epoch: 5 | loss: 0.4135026
	speed: 0.0277s/iter; left time: 5215.3601s
	iters: 2700, epoch: 5 | loss: 0.1841530
	speed: 0.0253s/iter; left time: 4759.2701s
	iters: 2800, epoch: 5 | loss: 0.4937807
	speed: 0.0264s/iter; left time: 4955.0390s
	iters: 2900, epoch: 5 | loss: 0.2221272
	speed: 0.0250s/iter; left time: 4689.8984s
	iters: 3000, epoch: 5 | loss: 0.3767504
	speed: 0.0272s/iter; left time: 5103.5738s
	iters: 3100, epoch: 5 | loss: 0.2560668
	speed: 0.0251s/iter; left time: 4713.7834s
	iters: 3200, epoch: 5 | loss: 0.3228489
	speed: 0.0251s/iter; left time: 4710.0631s
	iters: 3300, epoch: 5 | loss: 0.6044450
	speed: 0.0252s/iter; left time: 4725.0582s
	iters: 3400, epoch: 5 | loss: 0.3289594
	speed: 0.0258s/iter; left time: 4825.3625s
	iters: 3500, epoch: 5 | loss: 0.5977048
	speed: 0.0280s/iter; left time: 5249.2423s
	iters: 3600, epoch: 5 | loss: 0.2217142
	speed: 0.0261s/iter; left time: 4890.3430s
	iters: 3700, epoch: 5 | loss: 0.2907441
	speed: 0.0245s/iter; left time: 4587.9856s
	iters: 3800, epoch: 5 | loss: 0.4507721
	speed: 0.0247s/iter; left time: 4619.0282s
	iters: 3900, epoch: 5 | loss: 0.3510347
	speed: 0.0255s/iter; left time: 4766.5154s
	iters: 4000, epoch: 5 | loss: 0.0987381
	speed: 0.0250s/iter; left time: 4672.9373s
	iters: 4100, epoch: 5 | loss: 0.8040014
	speed: 0.0266s/iter; left time: 4965.8753s
	iters: 4200, epoch: 5 | loss: 0.3282306
	speed: 0.0279s/iter; left time: 5203.0569s
	iters: 4300, epoch: 5 | loss: 0.4408922
	speed: 0.0369s/iter; left time: 6887.1481s
	iters: 4400, epoch: 5 | loss: 0.4399627
	speed: 0.0263s/iter; left time: 4894.4019s
	iters: 4500, epoch: 5 | loss: 0.0656598
	speed: 0.0261s/iter; left time: 4855.6819s
	iters: 4600, epoch: 5 | loss: 0.6891086
	speed: 0.0356s/iter; left time: 6630.2559s
	iters: 4700, epoch: 5 | loss: 0.2332700
	speed: 0.0417s/iter; left time: 7762.1843s
	iters: 4800, epoch: 5 | loss: 0.1982689
	speed: 0.0379s/iter; left time: 7047.4582s
	iters: 4900, epoch: 5 | loss: 0.2711775
	speed: 0.0389s/iter; left time: 7221.0683s
	iters: 5000, epoch: 5 | loss: 0.3854094
	speed: 0.0296s/iter; left time: 5496.3539s
	iters: 5100, epoch: 5 | loss: 0.5226429
	speed: 0.0314s/iter; left time: 5832.2356s
	iters: 5200, epoch: 5 | loss: 0.3292571
	speed: 0.0297s/iter; left time: 5509.6094s
	iters: 5300, epoch: 5 | loss: 0.2411316
	speed: 0.0326s/iter; left time: 6039.2758s
	iters: 5400, epoch: 5 | loss: 0.2023549
	speed: 0.0320s/iter; left time: 5938.6062s
	iters: 5500, epoch: 5 | loss: 0.2713863
	speed: 0.0339s/iter; left time: 6276.3450s
	iters: 5600, epoch: 5 | loss: 0.0771545
	speed: 0.0302s/iter; left time: 5588.5026s
	iters: 5700, epoch: 5 | loss: 0.4651251
	speed: 0.0355s/iter; left time: 6573.4672s
	iters: 5800, epoch: 5 | loss: 0.1588325
	speed: 0.0327s/iter; left time: 6055.2619s
	iters: 5900, epoch: 5 | loss: 0.7370963
	speed: 0.0282s/iter; left time: 5215.5321s
	iters: 6000, epoch: 5 | loss: 0.3091402
	speed: 0.0271s/iter; left time: 5009.3982s
	iters: 6100, epoch: 5 | loss: 0.6386055
	speed: 0.0254s/iter; left time: 4681.8384s
	iters: 6200, epoch: 5 | loss: 0.3859569
	speed: 0.0373s/iter; left time: 6882.8834s
	iters: 6300, epoch: 5 | loss: 0.5919265
	speed: 0.0418s/iter; left time: 7701.5647s
	iters: 6400, epoch: 5 | loss: 0.6316938
	speed: 0.0422s/iter; left time: 7770.3634s
	iters: 6500, epoch: 5 | loss: 0.3477918
	speed: 0.0416s/iter; left time: 7668.8434s
	iters: 6600, epoch: 5 | loss: 0.1042880
	speed: 0.0352s/iter; left time: 6480.1284s
	iters: 6700, epoch: 5 | loss: 0.0662238
	speed: 0.0314s/iter; left time: 5772.1856s
	iters: 6800, epoch: 5 | loss: 0.2960776
	speed: 0.0250s/iter; left time: 4597.2756s
	iters: 6900, epoch: 5 | loss: 0.3085407
	speed: 0.0247s/iter; left time: 4546.4802s
	iters: 7000, epoch: 5 | loss: 0.4075419
	speed: 0.0302s/iter; left time: 5545.8150s
	iters: 7100, epoch: 5 | loss: 0.3727359
	speed: 0.0389s/iter; left time: 7149.5688s
	iters: 7200, epoch: 5 | loss: 0.3440603
	speed: 0.0316s/iter; left time: 5803.0679s
	iters: 7300, epoch: 5 | loss: 0.3248226
	speed: 0.0331s/iter; left time: 6074.8868s
Epoch: 5 cost time: 215.47192764282227
Epoch: 5, Steps: 7336 | Train Loss: 0.327 Vali Loss: 1.580 Vali Acc: 0.606 Test Loss: 1.580 Test Acc: 0.606
EarlyStopping counter: 4 out of 10
Updating learning rate to 6.25e-05
	iters: 100, epoch: 6 | loss: 0.0894953
	speed: 0.1919s/iter; left time: 35167.3089s
	iters: 200, epoch: 6 | loss: 0.2715523
	speed: 0.0278s/iter; left time: 5095.3870s
	iters: 300, epoch: 6 | loss: 0.1402660
	speed: 0.0263s/iter; left time: 4812.0750s
	iters: 400, epoch: 6 | loss: 0.4191225
	speed: 0.0250s/iter; left time: 4567.3809s
	iters: 500, epoch: 6 | loss: 0.3409466
	speed: 0.0242s/iter; left time: 4429.1408s
	iters: 600, epoch: 6 | loss: 0.2593665
	speed: 0.0240s/iter; left time: 4387.3344s
	iters: 700, epoch: 6 | loss: 0.2760470
	speed: 0.0255s/iter; left time: 4656.4383s
	iters: 800, epoch: 6 | loss: 0.1604148
	speed: 0.0240s/iter; left time: 4380.8330s
	iters: 900, epoch: 6 | loss: 0.0523832
	speed: 0.0240s/iter; left time: 4373.4574s
	iters: 1000, epoch: 6 | loss: 0.1351818
	speed: 0.0239s/iter; left time: 4367.5067s
	iters: 1100, epoch: 6 | loss: 0.3570214
	speed: 0.0244s/iter; left time: 4439.1292s
	iters: 1200, epoch: 6 | loss: 0.0917317
	speed: 0.0302s/iter; left time: 5507.4280s
	iters: 1300, epoch: 6 | loss: 0.0833986
	speed: 0.0317s/iter; left time: 5767.5252s
	iters: 1400, epoch: 6 | loss: 0.5435663
	speed: 0.0314s/iter; left time: 5723.6246s
	iters: 1500, epoch: 6 | loss: 0.0666248
	speed: 0.0341s/iter; left time: 6207.2674s
	iters: 1600, epoch: 6 | loss: 0.2533983
	speed: 0.0308s/iter; left time: 5608.2124s
	iters: 1700, epoch: 6 | loss: 0.0627943
	speed: 0.0257s/iter; left time: 4678.6544s
	iters: 1800, epoch: 6 | loss: 0.1776371
	speed: 0.0244s/iter; left time: 4434.8045s
	iters: 1900, epoch: 6 | loss: 0.1901698
	speed: 0.0293s/iter; left time: 5324.1978s
	iters: 2000, epoch: 6 | loss: 0.1598428
	speed: 0.0271s/iter; left time: 4923.5094s
	iters: 2100, epoch: 6 | loss: 0.1854379
	speed: 0.0283s/iter; left time: 5134.4322s
	iters: 2200, epoch: 6 | loss: 0.3764550
	speed: 0.0319s/iter; left time: 5777.3073s
	iters: 2300, epoch: 6 | loss: 0.1370719
	speed: 0.0246s/iter; left time: 4463.7341s
	iters: 2400, epoch: 6 | loss: 0.2147059
	speed: 0.0267s/iter; left time: 4833.7159s
	iters: 2500, epoch: 6 | loss: 0.2834713
	speed: 0.0358s/iter; left time: 6473.8041s
	iters: 2600, epoch: 6 | loss: 0.1422541
	speed: 0.0289s/iter; left time: 5222.8093s
	iters: 2700, epoch: 6 | loss: 0.0207456
	speed: 0.0242s/iter; left time: 4376.7328s
	iters: 2800, epoch: 6 | loss: 0.1068439
	speed: 0.0313s/iter; left time: 5653.8208s
	iters: 2900, epoch: 6 | loss: 0.0692570
	speed: 0.0272s/iter; left time: 4903.1798s
	iters: 3000, epoch: 6 | loss: 0.2069085
	speed: 0.0275s/iter; left time: 4969.2495s
	iters: 3100, epoch: 6 | loss: 0.2895968
	speed: 0.0292s/iter; left time: 5270.3936s
	iters: 3200, epoch: 6 | loss: 0.4767049
	speed: 0.0267s/iter; left time: 4808.0849s
	iters: 3300, epoch: 6 | loss: 0.2468975
	speed: 0.0250s/iter; left time: 4494.7822s
	iters: 3400, epoch: 6 | loss: 0.3301421
	speed: 0.0252s/iter; left time: 4529.8998s
	iters: 3500, epoch: 6 | loss: 0.4748182
	speed: 0.0253s/iter; left time: 4543.5890s
	iters: 3600, epoch: 6 | loss: 0.1772015
	speed: 0.0248s/iter; left time: 4465.6318s
	iters: 3700, epoch: 6 | loss: 0.2454331
	speed: 0.0245s/iter; left time: 4398.5954s
	iters: 3800, epoch: 6 | loss: 0.0994146
	speed: 0.0265s/iter; left time: 4762.9675s
	iters: 3900, epoch: 6 | loss: 0.0620154
	speed: 0.0281s/iter; left time: 5042.6984s
	iters: 4000, epoch: 6 | loss: 0.6533289
	speed: 0.0265s/iter; left time: 4747.4666s
	iters: 4100, epoch: 6 | loss: 0.1820442
	speed: 0.0251s/iter; left time: 4506.2749s
	iters: 4200, epoch: 6 | loss: 0.0497313
	speed: 0.0276s/iter; left time: 4945.4251s
	iters: 4300, epoch: 6 | loss: 0.0912565
	speed: 0.0328s/iter; left time: 5871.8883s
	iters: 4400, epoch: 6 | loss: 0.3297203
	speed: 0.0304s/iter; left time: 5445.6864s
	iters: 4500, epoch: 6 | loss: 0.0673885
	speed: 0.0305s/iter; left time: 5463.4530s
	iters: 4600, epoch: 6 | loss: 0.4011248
	speed: 0.0312s/iter; left time: 5577.3373s
	iters: 4700, epoch: 6 | loss: 0.1251557
	speed: 0.0301s/iter; left time: 5385.4396s
	iters: 4800, epoch: 6 | loss: 0.1641016
	speed: 0.0320s/iter; left time: 5720.4863s
	iters: 4900, epoch: 6 | loss: 0.1377200
	speed: 0.0284s/iter; left time: 5072.7380s
	iters: 5000, epoch: 6 | loss: 0.0252702
	speed: 0.0318s/iter; left time: 5678.8009s
	iters: 5100, epoch: 6 | loss: 0.0772480
	speed: 0.0306s/iter; left time: 5461.7672s
	iters: 5200, epoch: 6 | loss: 0.2301556
	speed: 0.0306s/iter; left time: 5446.4777s
	iters: 5300, epoch: 6 | loss: 0.6419618
	speed: 0.0304s/iter; left time: 5415.9196s
	iters: 5400, epoch: 6 | loss: 0.0333949
	speed: 0.0278s/iter; left time: 4947.9100s
	iters: 5500, epoch: 6 | loss: 0.1966243
	speed: 0.0297s/iter; left time: 5282.0221s
	iters: 5600, epoch: 6 | loss: 0.0486203
	speed: 0.0267s/iter; left time: 4754.9456s
	iters: 5700, epoch: 6 | loss: 0.2711058
	speed: 0.0324s/iter; left time: 5749.5991s
	iters: 5800, epoch: 6 | loss: 0.2498827
	speed: 0.0315s/iter; left time: 5589.1870s
	iters: 5900, epoch: 6 | loss: 0.0647832
	speed: 0.0311s/iter; left time: 5513.1805s
	iters: 6000, epoch: 6 | loss: 0.5279760
	speed: 0.0328s/iter; left time: 5825.6863s
	iters: 6100, epoch: 6 | loss: 0.3464268
	speed: 0.0304s/iter; left time: 5397.1492s
	iters: 6200, epoch: 6 | loss: 0.3702249
	speed: 0.0306s/iter; left time: 5419.5423s
	iters: 6300, epoch: 6 | loss: 0.3601812
	speed: 0.0357s/iter; left time: 6324.9111s
	iters: 6400, epoch: 6 | loss: 0.2747723
	speed: 0.0292s/iter; left time: 5174.8071s
	iters: 6500, epoch: 6 | loss: 0.1355011
	speed: 0.0251s/iter; left time: 4438.3264s
	iters: 6600, epoch: 6 | loss: 0.1995257
	speed: 0.0252s/iter; left time: 4449.6225s
	iters: 6700, epoch: 6 | loss: 0.3531433
	speed: 0.0260s/iter; left time: 4593.2834s
	iters: 6800, epoch: 6 | loss: 0.1894119
	speed: 0.0250s/iter; left time: 4407.0179s
	iters: 6900, epoch: 6 | loss: 0.1054068
	speed: 0.0250s/iter; left time: 4412.1766s
	iters: 7000, epoch: 6 | loss: 0.1686068
	speed: 0.0250s/iter; left time: 4412.0938s
	iters: 7100, epoch: 6 | loss: 0.0552381
	speed: 0.0252s/iter; left time: 4446.7044s
	iters: 7200, epoch: 6 | loss: 0.4827214
	speed: 0.0251s/iter; left time: 4418.0858s
	iters: 7300, epoch: 6 | loss: 0.5245871
	speed: 0.0252s/iter; left time: 4436.1812s
Epoch: 6 cost time: 206.55834197998047
Epoch: 6, Steps: 7336 | Train Loss: 0.212 Vali Loss: 1.788 Vali Acc: 0.595 Test Loss: 1.788 Test Acc: 0.595
EarlyStopping counter: 5 out of 10
	iters: 100, epoch: 7 | loss: 0.0660778
	speed: 0.1830s/iter; left time: 32205.7756s
	iters: 200, epoch: 7 | loss: 0.1545865
	speed: 0.0245s/iter; left time: 4312.1316s
	iters: 300, epoch: 7 | loss: 0.0954063
	speed: 0.0246s/iter; left time: 4317.2294s
	iters: 400, epoch: 7 | loss: 0.2410434
	speed: 0.0246s/iter; left time: 4323.0842s
	iters: 500, epoch: 7 | loss: 0.2294466
	speed: 0.0245s/iter; left time: 4297.5285s
	iters: 600, epoch: 7 | loss: 0.4570600
	speed: 0.0243s/iter; left time: 4255.5491s
	iters: 700, epoch: 7 | loss: 0.2579801
	speed: 0.0244s/iter; left time: 4275.1164s
	iters: 800, epoch: 7 | loss: 0.2026105
	speed: 0.0329s/iter; left time: 5762.7460s
	iters: 900, epoch: 7 | loss: 0.0395823
	speed: 0.0244s/iter; left time: 4280.1481s
	iters: 1000, epoch: 7 | loss: 0.3342882
	speed: 0.0244s/iter; left time: 4276.8051s
	iters: 1100, epoch: 7 | loss: 0.1760117
	speed: 0.0244s/iter; left time: 4276.3227s
	iters: 1200, epoch: 7 | loss: 0.1418250
	speed: 0.0244s/iter; left time: 4262.5128s
	iters: 1300, epoch: 7 | loss: 0.1518563
	speed: 0.0243s/iter; left time: 4253.7255s
	iters: 1400, epoch: 7 | loss: 0.3975772
	speed: 0.0244s/iter; left time: 4263.6064s
	iters: 1500, epoch: 7 | loss: 0.3052624
	speed: 0.0244s/iter; left time: 4264.8520s
	iters: 1600, epoch: 7 | loss: 0.1930233
	speed: 0.0244s/iter; left time: 4260.6564s
	iters: 1700, epoch: 7 | loss: 0.0721319
	speed: 0.0244s/iter; left time: 4258.4928s
	iters: 1800, epoch: 7 | loss: 0.0494741
	speed: 0.0244s/iter; left time: 4254.3753s
	iters: 1900, epoch: 7 | loss: 0.2404659
	speed: 0.0248s/iter; left time: 4316.7312s
	iters: 2000, epoch: 7 | loss: 0.1925878
	speed: 0.0269s/iter; left time: 4682.5370s
	iters: 2100, epoch: 7 | loss: 0.3398162
	speed: 0.0244s/iter; left time: 4243.9684s
	iters: 2200, epoch: 7 | loss: 0.0518649
	speed: 0.0244s/iter; left time: 4239.3431s
	iters: 2300, epoch: 7 | loss: 0.0883297
	speed: 0.0244s/iter; left time: 4234.7082s
	iters: 2400, epoch: 7 | loss: 0.0414207
	speed: 0.0244s/iter; left time: 4241.3513s
	iters: 2500, epoch: 7 | loss: 0.0709241
	speed: 0.0262s/iter; left time: 4545.9495s
	iters: 2600, epoch: 7 | loss: 0.1301984
	speed: 0.0253s/iter; left time: 4381.5555s
	iters: 2700, epoch: 7 | loss: 0.1684687
	speed: 0.0316s/iter; left time: 5482.6027s
	iters: 2800, epoch: 7 | loss: 0.2165349
	speed: 0.0248s/iter; left time: 4291.8360s
	iters: 2900, epoch: 7 | loss: 0.1833820
	speed: 0.0330s/iter; left time: 5716.0167s
	iters: 3000, epoch: 7 | loss: 0.0825511
	speed: 0.0371s/iter; left time: 6420.5506s
	iters: 3100, epoch: 7 | loss: 0.0168993
	speed: 0.0381s/iter; left time: 6592.4151s
	iters: 3200, epoch: 7 | loss: 0.1292631
	speed: 0.0412s/iter; left time: 7118.3260s
	iters: 3300, epoch: 7 | loss: 0.3708613
	speed: 0.0319s/iter; left time: 5515.3350s
	iters: 3400, epoch: 7 | loss: 0.1132772
	speed: 0.0317s/iter; left time: 5467.5419s
	iters: 3500, epoch: 7 | loss: 0.2692204
	speed: 0.0316s/iter; left time: 5451.4681s
	iters: 3600, epoch: 7 | loss: 0.1218831
	speed: 0.0311s/iter; left time: 5366.3916s
	iters: 3700, epoch: 7 | loss: 0.3063350
	speed: 0.0337s/iter; left time: 5802.9749s
	iters: 3800, epoch: 7 | loss: 0.3357998
	speed: 0.0341s/iter; left time: 5874.9825s
	iters: 3900, epoch: 7 | loss: 0.3467726
	speed: 0.0317s/iter; left time: 5465.9866s
	iters: 4000, epoch: 7 | loss: 0.4584132
	speed: 0.0309s/iter; left time: 5320.3134s
	iters: 4100, epoch: 7 | loss: 0.1955224
	speed: 0.0315s/iter; left time: 5410.5058s
	iters: 4200, epoch: 7 | loss: 0.0928443
	speed: 0.0312s/iter; left time: 5361.5695s
	iters: 4300, epoch: 7 | loss: 0.2782912
	speed: 0.0319s/iter; left time: 5481.8705s
	iters: 4400, epoch: 7 | loss: 0.1572105
	speed: 0.0319s/iter; left time: 5475.6789s
	iters: 4500, epoch: 7 | loss: 0.0686927
	speed: 0.0313s/iter; left time: 5369.9867s
	iters: 4600, epoch: 7 | loss: 0.2497354
	speed: 0.0314s/iter; left time: 5377.7792s
	iters: 4700, epoch: 7 | loss: 0.1888320
	speed: 0.0315s/iter; left time: 5398.0626s
	iters: 4800, epoch: 7 | loss: 0.1117015
	speed: 0.0309s/iter; left time: 5300.4215s
	iters: 4900, epoch: 7 | loss: 0.3359692
	speed: 0.0321s/iter; left time: 5491.9986s
	iters: 5000, epoch: 7 | loss: 0.3228096
	speed: 0.0281s/iter; left time: 4801.8030s
	iters: 5100, epoch: 7 | loss: 0.1462583
	speed: 0.0291s/iter; left time: 4972.6996s
	iters: 5200, epoch: 7 | loss: 0.2832619
	speed: 0.0324s/iter; left time: 5535.8602s
	iters: 5300, epoch: 7 | loss: 0.0909074
	speed: 0.0256s/iter; left time: 4375.2294s
	iters: 5400, epoch: 7 | loss: 0.3323540
	speed: 0.0252s/iter; left time: 4300.4276s
	iters: 5500, epoch: 7 | loss: 0.1108400
	speed: 0.0260s/iter; left time: 4435.7801s
	iters: 5600, epoch: 7 | loss: 0.4530678
	speed: 0.0328s/iter; left time: 5593.2056s
	iters: 5700, epoch: 7 | loss: 0.1001471
	speed: 0.0291s/iter; left time: 4954.7544s
	iters: 5800, epoch: 7 | loss: 0.2555601
	speed: 0.0252s/iter; left time: 4282.8956s
	iters: 5900, epoch: 7 | loss: 0.1049623
	speed: 0.0308s/iter; left time: 5232.6436s
	iters: 6000, epoch: 7 | loss: 0.2906171
	speed: 0.0325s/iter; left time: 5527.7235s
	iters: 6100, epoch: 7 | loss: 0.3668091
	speed: 0.0317s/iter; left time: 5385.1177s
	iters: 6200, epoch: 7 | loss: 0.2192034
	speed: 0.0285s/iter; left time: 4834.5162s
	iters: 6300, epoch: 7 | loss: 0.0498652
	speed: 0.0257s/iter; left time: 4368.0951s
	iters: 6400, epoch: 7 | loss: 0.1376784
	speed: 0.0250s/iter; left time: 4242.6266s
	iters: 6500, epoch: 7 | loss: 0.1564670
	speed: 0.0250s/iter; left time: 4245.9649s
	iters: 6600, epoch: 7 | loss: 0.3277689
	speed: 0.0292s/iter; left time: 4945.3515s
	iters: 6700, epoch: 7 | loss: 0.2345121
	speed: 0.0289s/iter; left time: 4897.9081s
	iters: 6800, epoch: 7 | loss: 0.1857323
	speed: 0.0250s/iter; left time: 4235.4564s
	iters: 6900, epoch: 7 | loss: 0.1284997
	speed: 0.0268s/iter; left time: 4527.9430s
	iters: 7000, epoch: 7 | loss: 0.0693629
	speed: 0.0357s/iter; left time: 6034.9235s
	iters: 7100, epoch: 7 | loss: 0.2016613
	speed: 0.0323s/iter; left time: 5451.1132s
	iters: 7200, epoch: 7 | loss: 0.0217828
	speed: 0.0309s/iter; left time: 5224.3821s
	iters: 7300, epoch: 7 | loss: 0.3350275
	speed: 0.0320s/iter; left time: 5404.3046s
Epoch: 7 cost time: 210.83085680007935
Epoch: 7, Steps: 7336 | Train Loss: 0.194 Vali Loss: 1.841 Vali Acc: 0.591 Test Loss: 1.841 Test Acc: 0.591
EarlyStopping counter: 6 out of 10
	iters: 100, epoch: 8 | loss: 0.1401728
	speed: 0.1843s/iter; left time: 31080.6398s
	iters: 200, epoch: 8 | loss: 0.1000257
	speed: 0.0249s/iter; left time: 4200.3926s
	iters: 300, epoch: 8 | loss: 0.2583874
	speed: 0.0277s/iter; left time: 4667.0795s
	iters: 400, epoch: 8 | loss: 0.4534091
	speed: 0.0263s/iter; left time: 4432.8585s
	iters: 500, epoch: 8 | loss: 0.1156893
	speed: 0.0256s/iter; left time: 4310.9050s
	iters: 600, epoch: 8 | loss: 0.0927535
	speed: 0.0244s/iter; left time: 4106.9507s
	iters: 700, epoch: 8 | loss: 0.1518948
	speed: 0.0245s/iter; left time: 4120.8016s
	iters: 800, epoch: 8 | loss: 0.0667346
	speed: 0.0251s/iter; left time: 4209.9419s
	iters: 900, epoch: 8 | loss: 0.0761876
	speed: 0.0256s/iter; left time: 4288.1307s
	iters: 1000, epoch: 8 | loss: 0.0589406
	speed: 0.0397s/iter; left time: 6665.3777s
	iters: 1100, epoch: 8 | loss: 0.2103227
	speed: 0.0372s/iter; left time: 6230.1529s
	iters: 1200, epoch: 8 | loss: 0.0623076
	speed: 0.0335s/iter; left time: 5608.4532s
	iters: 1300, epoch: 8 | loss: 0.0878065
	speed: 0.0344s/iter; left time: 5758.4883s
	iters: 1400, epoch: 8 | loss: 0.0451256
	speed: 0.0316s/iter; left time: 5279.8203s
	iters: 1500, epoch: 8 | loss: 0.4237877
	speed: 0.0282s/iter; left time: 4721.6792s
	iters: 1600, epoch: 8 | loss: 0.1228321
	speed: 0.0314s/iter; left time: 5253.9927s
	iters: 1700, epoch: 8 | loss: 0.1081720
	speed: 0.0309s/iter; left time: 5168.6249s
	iters: 1800, epoch: 8 | loss: 0.1963089
	speed: 0.0318s/iter; left time: 5301.8925s
	iters: 1900, epoch: 8 | loss: 0.2070001
	speed: 0.0317s/iter; left time: 5292.5098s
	iters: 2000, epoch: 8 | loss: 0.2022632
	speed: 0.0330s/iter; left time: 5497.6155s
	iters: 2100, epoch: 8 | loss: 0.1556027
	speed: 0.0293s/iter; left time: 4885.4418s
	iters: 2200, epoch: 8 | loss: 0.0593277
	speed: 0.0285s/iter; left time: 4741.2126s
	iters: 2300, epoch: 8 | loss: 0.1245667
	speed: 0.0324s/iter; left time: 5400.1733s
	iters: 2400, epoch: 8 | loss: 0.0744553
	speed: 0.0307s/iter; left time: 5114.3571s
	iters: 2500, epoch: 8 | loss: 0.1099320
	speed: 0.0328s/iter; left time: 5449.4668s
	iters: 2600, epoch: 8 | loss: 0.0902455
	speed: 0.0351s/iter; left time: 5832.3173s
	iters: 2700, epoch: 8 | loss: 0.2112702
	speed: 0.0333s/iter; left time: 5520.5459s
	iters: 2800, epoch: 8 | loss: 0.0267379
	speed: 0.0348s/iter; left time: 5771.6775s
	iters: 2900, epoch: 8 | loss: 0.1083251
	speed: 0.0341s/iter; left time: 5652.5842s
	iters: 3000, epoch: 8 | loss: 0.0735695
	speed: 0.0311s/iter; left time: 5149.5495s
	iters: 3100, epoch: 8 | loss: 0.1033796
	speed: 0.0319s/iter; left time: 5282.9164s
	iters: 3200, epoch: 8 | loss: 0.1154945
	speed: 0.0272s/iter; left time: 4501.0344s
	iters: 3300, epoch: 8 | loss: 0.2895886
	speed: 0.0287s/iter; left time: 4747.4855s
	iters: 3400, epoch: 8 | loss: 0.1162005
	speed: 0.0330s/iter; left time: 5448.6900s
	iters: 3500, epoch: 8 | loss: 0.7056972
	speed: 0.0273s/iter; left time: 4507.1181s
	iters: 3600, epoch: 8 | loss: 0.1083243
	speed: 0.0240s/iter; left time: 3957.0285s
	iters: 3700, epoch: 8 | loss: 0.2323156
	speed: 0.0246s/iter; left time: 4056.4391s
	iters: 3800, epoch: 8 | loss: 0.1542992
	speed: 0.0258s/iter; left time: 4254.5936s
	iters: 3900, epoch: 8 | loss: 0.0264416
	speed: 0.0261s/iter; left time: 4306.0011s
	iters: 4000, epoch: 8 | loss: 0.3714311
	speed: 0.0278s/iter; left time: 4579.4033s
	iters: 4100, epoch: 8 | loss: 0.1573567
	speed: 0.0271s/iter; left time: 4466.5128s
	iters: 4200, epoch: 8 | loss: 0.0747734
	speed: 0.0254s/iter; left time: 4174.6035s
	iters: 4300, epoch: 8 | loss: 0.0831833
	speed: 0.0257s/iter; left time: 4224.7220s
	iters: 4400, epoch: 8 | loss: 0.0763292
	speed: 0.0323s/iter; left time: 5314.4151s
	iters: 4500, epoch: 8 | loss: 0.1715833
	speed: 0.0291s/iter; left time: 4785.1335s
	iters: 4600, epoch: 8 | loss: 0.2427273
	speed: 0.0266s/iter; left time: 4359.0442s
	iters: 4700, epoch: 8 | loss: 0.0634199
	speed: 0.0323s/iter; left time: 5290.2276s
	iters: 4800, epoch: 8 | loss: 0.1644924
	speed: 0.0352s/iter; left time: 5777.6899s
	iters: 4900, epoch: 8 | loss: 0.3220408
	speed: 0.0331s/iter; left time: 5416.1332s
	iters: 5000, epoch: 8 | loss: 0.2330995
	speed: 0.0295s/iter; left time: 4825.8732s
	iters: 5100, epoch: 8 | loss: 0.3974980
	speed: 0.0278s/iter; left time: 4553.1755s
	iters: 5200, epoch: 8 | loss: 0.1621882
	speed: 0.0255s/iter; left time: 4173.8056s
	iters: 5300, epoch: 8 | loss: 0.1134909
	speed: 0.0255s/iter; left time: 4175.2043s
	iters: 5400, epoch: 8 | loss: 0.2312214
	speed: 0.0256s/iter; left time: 4184.0186s
	iters: 5500, epoch: 8 | loss: 0.0336793
	speed: 0.0278s/iter; left time: 4537.8845s
	iters: 5600, epoch: 8 | loss: 0.2194160
	speed: 0.0265s/iter; left time: 4326.0569s
	iters: 5700, epoch: 8 | loss: 0.0369077
	speed: 0.0239s/iter; left time: 3904.2192s
	iters: 5800, epoch: 8 | loss: 0.1524710
	speed: 0.0243s/iter; left time: 3955.7463s
	iters: 5900, epoch: 8 | loss: 0.1978995
	speed: 0.0313s/iter; left time: 5099.4793s
	iters: 6000, epoch: 8 | loss: 0.2143197
	speed: 0.0315s/iter; left time: 5132.7874s
	iters: 6100, epoch: 8 | loss: 0.4467763
	speed: 0.0310s/iter; left time: 5034.9860s
	iters: 6200, epoch: 8 | loss: 0.0738543
	speed: 0.0239s/iter; left time: 3884.5440s
	iters: 6300, epoch: 8 | loss: 0.0406481
	speed: 0.0299s/iter; left time: 4858.7241s
	iters: 6400, epoch: 8 | loss: 0.1827673
	speed: 0.0325s/iter; left time: 5271.2723s
	iters: 6500, epoch: 8 | loss: 0.0507027
	speed: 0.0281s/iter; left time: 4565.9841s
	iters: 6600, epoch: 8 | loss: 0.3645366
	speed: 0.0260s/iter; left time: 4217.8015s
	iters: 6700, epoch: 8 | loss: 0.3592328
	speed: 0.0278s/iter; left time: 4506.3678s
	iters: 6800, epoch: 8 | loss: 0.1538309
	speed: 0.0280s/iter; left time: 4532.8275s
	iters: 6900, epoch: 8 | loss: 0.8225402
	speed: 0.0317s/iter; left time: 5135.4752s
	iters: 7000, epoch: 8 | loss: 0.3786149
	speed: 0.0315s/iter; left time: 5094.6418s
	iters: 7100, epoch: 8 | loss: 0.0990443
	speed: 0.0286s/iter; left time: 4621.9014s
	iters: 7200, epoch: 8 | loss: 0.1152453
	speed: 0.0241s/iter; left time: 3891.7257s
	iters: 7300, epoch: 8 | loss: 0.0906011
	speed: 0.0238s/iter; left time: 3846.6574s
Epoch: 8 cost time: 214.20478868484497
Epoch: 8, Steps: 7336 | Train Loss: 0.188 Vali Loss: 1.894 Vali Acc: 0.585 Test Loss: 1.894 Test Acc: 0.585
EarlyStopping counter: 7 out of 10
	iters: 100, epoch: 9 | loss: 0.4083328
	speed: 0.1838s/iter; left time: 29640.6548s
	iters: 200, epoch: 9 | loss: 0.2442728
	speed: 0.0276s/iter; left time: 4453.2730s
	iters: 300, epoch: 9 | loss: 0.0166100
	speed: 0.0307s/iter; left time: 4950.4443s
	iters: 400, epoch: 9 | loss: 0.1571655
	speed: 0.0317s/iter; left time: 5100.7626s
	iters: 500, epoch: 9 | loss: 0.5617760
	speed: 0.0328s/iter; left time: 5275.2795s
	iters: 600, epoch: 9 | loss: 0.0970047
	speed: 0.0303s/iter; left time: 4876.9759s
	iters: 700, epoch: 9 | loss: 0.1703908
	speed: 0.0302s/iter; left time: 4850.8053s
	iters: 800, epoch: 9 | loss: 0.2182577
	speed: 0.0272s/iter; left time: 4361.4747s
	iters: 900, epoch: 9 | loss: 0.1708737
	speed: 0.0325s/iter; left time: 5212.4501s
	iters: 1000, epoch: 9 | loss: 0.0750104
	speed: 0.0306s/iter; left time: 4913.0830s
	iters: 1100, epoch: 9 | loss: 0.0419540
	speed: 0.0261s/iter; left time: 4177.8221s
	iters: 1200, epoch: 9 | loss: 0.0984441
	speed: 0.0270s/iter; left time: 4326.5944s
	iters: 1300, epoch: 9 | loss: 0.0624241
	speed: 0.0258s/iter; left time: 4123.1345s
	iters: 1400, epoch: 9 | loss: 0.2240402
	speed: 0.0255s/iter; left time: 4087.5340s
	iters: 1500, epoch: 9 | loss: 0.0687318
	speed: 0.0248s/iter; left time: 3971.3021s
	iters: 1600, epoch: 9 | loss: 0.1400636
	speed: 0.0250s/iter; left time: 3990.6693s
	iters: 1700, epoch: 9 | loss: 0.1386734
	speed: 0.0248s/iter; left time: 3963.5523s
	iters: 1800, epoch: 9 | loss: 0.0741866
	speed: 0.0249s/iter; left time: 3969.2936s
	iters: 1900, epoch: 9 | loss: 0.1975271
	speed: 0.0276s/iter; left time: 4407.8814s
	iters: 2000, epoch: 9 | loss: 0.1814047
	speed: 0.0249s/iter; left time: 3972.8976s
	iters: 2100, epoch: 9 | loss: 0.0531036
	speed: 0.0251s/iter; left time: 3997.1092s
	iters: 2200, epoch: 9 | loss: 0.0812333
	speed: 0.0320s/iter; left time: 5086.5271s
	iters: 2300, epoch: 9 | loss: 0.3875277
	speed: 0.0271s/iter; left time: 4307.6963s
	iters: 2400, epoch: 9 | loss: 0.0932593
	speed: 0.0325s/iter; left time: 5164.5068s
	iters: 2500, epoch: 9 | loss: 0.0254057
	speed: 0.0317s/iter; left time: 5044.0658s
	iters: 2600, epoch: 9 | loss: 0.2240802
	speed: 0.0255s/iter; left time: 4046.1934s
	iters: 2700, epoch: 9 | loss: 0.1093582
	speed: 0.0273s/iter; left time: 4327.5547s
	iters: 2800, epoch: 9 | loss: 0.3684646
	speed: 0.0268s/iter; left time: 4255.0681s
	iters: 2900, epoch: 9 | loss: 0.0236945
	speed: 0.0262s/iter; left time: 4152.8905s
	iters: 3000, epoch: 9 | loss: 0.0545613
	speed: 0.0249s/iter; left time: 3945.1420s
	iters: 3100, epoch: 9 | loss: 0.1390539
	speed: 0.0308s/iter; left time: 4878.6095s
	iters: 3200, epoch: 9 | loss: 0.1012586
	speed: 0.0288s/iter; left time: 4556.4798s
	iters: 3300, epoch: 9 | loss: 0.0386055
	speed: 0.0248s/iter; left time: 3925.0305s
	iters: 3400, epoch: 9 | loss: 0.0474116
	speed: 0.0298s/iter; left time: 4715.5485s
	iters: 3500, epoch: 9 | loss: 0.1032139
	speed: 0.0300s/iter; left time: 4732.2629s
	iters: 3600, epoch: 9 | loss: 0.3066044
	speed: 0.0308s/iter; left time: 4858.9288s
	iters: 3700, epoch: 9 | loss: 0.4741359
	speed: 0.0308s/iter; left time: 4853.8433s
	iters: 3800, epoch: 9 | loss: 0.2450823
	speed: 0.0271s/iter; left time: 4272.4875s
	iters: 3900, epoch: 9 | loss: 0.5687416
	speed: 0.0247s/iter; left time: 3894.6330s
	iters: 4000, epoch: 9 | loss: 0.1650191
	speed: 0.0261s/iter; left time: 4103.1197s
	iters: 4100, epoch: 9 | loss: 0.0688153
	speed: 0.0249s/iter; left time: 3911.5383s
	iters: 4200, epoch: 9 | loss: 0.3796862
	speed: 0.0241s/iter; left time: 3794.7144s
	iters: 4300, epoch: 9 | loss: 0.1715804
	speed: 0.0246s/iter; left time: 3864.7111s
	iters: 4400, epoch: 9 | loss: 0.1063093
	speed: 0.0254s/iter; left time: 3991.3423s
	iters: 4500, epoch: 9 | loss: 0.2493344
	speed: 0.0286s/iter; left time: 4480.6710s
	iters: 4600, epoch: 9 | loss: 0.1812844
	speed: 0.0282s/iter; left time: 4417.9487s
	iters: 4700, epoch: 9 | loss: 0.3843883
	speed: 0.0287s/iter; left time: 4499.2486s
	iters: 4800, epoch: 9 | loss: 0.0434753
	speed: 0.0240s/iter; left time: 3763.9029s
	iters: 4900, epoch: 9 | loss: 0.3836181
	speed: 0.0257s/iter; left time: 4021.2036s
	iters: 5000, epoch: 9 | loss: 0.1438819
	speed: 0.0242s/iter; left time: 3788.2802s
	iters: 5100, epoch: 9 | loss: 0.2604153
	speed: 0.0249s/iter; left time: 3893.3435s
	iters: 5200, epoch: 9 | loss: 0.0399330
	speed: 0.0291s/iter; left time: 4551.6428s
	iters: 5300, epoch: 9 | loss: 0.0315931
	speed: 0.0281s/iter; left time: 4385.2958s
	iters: 5400, epoch: 9 | loss: 0.2181482
	speed: 0.0305s/iter; left time: 4751.8213s
	iters: 5500, epoch: 9 | loss: 0.0871644
	speed: 0.0278s/iter; left time: 4332.7174s
	iters: 5600, epoch: 9 | loss: 0.1570302
	speed: 0.0306s/iter; left time: 4765.9441s
	iters: 5700, epoch: 9 | loss: 0.0271300
	speed: 0.0255s/iter; left time: 3967.6153s
	iters: 5800, epoch: 9 | loss: 0.0630595
	speed: 0.0254s/iter; left time: 3949.0700s
	iters: 5900, epoch: 9 | loss: 0.2692308
	speed: 0.0250s/iter; left time: 3880.4051s
	iters: 6000, epoch: 9 | loss: 0.3871399
	speed: 0.0249s/iter; left time: 3873.7438s
	iters: 6100, epoch: 9 | loss: 0.7532138
	speed: 0.0261s/iter; left time: 4054.1472s
	iters: 6200, epoch: 9 | loss: 0.0494030
	speed: 0.0303s/iter; left time: 4706.2070s
	iters: 6300, epoch: 9 | loss: 0.0190396
	speed: 0.0318s/iter; left time: 4930.0994s
	iters: 6400, epoch: 9 | loss: 0.1922058
	speed: 0.0270s/iter; left time: 4182.0333s
	iters: 6500, epoch: 9 | loss: 0.0847361
	speed: 0.0250s/iter; left time: 3878.0162s
	iters: 6600, epoch: 9 | loss: 0.1706771
	speed: 0.0258s/iter; left time: 3998.8353s
	iters: 6700, epoch: 9 | loss: 0.0344052
	speed: 0.0288s/iter; left time: 4462.5098s
	iters: 6800, epoch: 9 | loss: 0.0847454
	speed: 0.0365s/iter; left time: 5639.0429s
	iters: 6900, epoch: 9 | loss: 0.1237976
	speed: 0.0350s/iter; left time: 5402.3432s
	iters: 7000, epoch: 9 | loss: 0.3905503
	speed: 0.0343s/iter; left time: 5298.7470s
	iters: 7100, epoch: 9 | loss: 0.0246743
	speed: 0.0383s/iter; left time: 5909.0094s
	iters: 7200, epoch: 9 | loss: 0.1283095
	speed: 0.0376s/iter; left time: 5792.9207s
	iters: 7300, epoch: 9 | loss: 0.2234625
	speed: 0.0369s/iter; left time: 5688.3673s
Epoch: 9 cost time: 208.1811318397522
Epoch: 9, Steps: 7336 | Train Loss: 0.183 Vali Loss: 1.940 Vali Acc: 0.586 Test Loss: 1.940 Test Acc: 0.586
EarlyStopping counter: 8 out of 10
	iters: 100, epoch: 10 | loss: 0.0287785
	speed: 0.1918s/iter; left time: 29522.2167s
	iters: 200, epoch: 10 | loss: 0.3045973
	speed: 0.0322s/iter; left time: 4957.6572s
	iters: 300, epoch: 10 | loss: 0.3339099
	speed: 0.0313s/iter; left time: 4811.7962s
	iters: 400, epoch: 10 | loss: 0.0984857
	speed: 0.0316s/iter; left time: 4858.2833s
	iters: 500, epoch: 10 | loss: 0.0248189
	speed: 0.0300s/iter; left time: 4612.0977s
	iters: 600, epoch: 10 | loss: 0.1697029
	speed: 0.0251s/iter; left time: 3844.7643s
	iters: 700, epoch: 10 | loss: 0.0283694
	speed: 0.0251s/iter; left time: 3842.5989s
	iters: 800, epoch: 10 | loss: 0.0640675
	speed: 0.0289s/iter; left time: 4431.5157s
	iters: 900, epoch: 10 | loss: 0.0605695
	speed: 0.0262s/iter; left time: 4014.2713s
	iters: 1000, epoch: 10 | loss: 0.1892652
	speed: 0.0248s/iter; left time: 3793.9252s
	iters: 1100, epoch: 10 | loss: 0.1181386
	speed: 0.0248s/iter; left time: 3792.1761s
	iters: 1200, epoch: 10 | loss: 0.0601352
	speed: 0.0292s/iter; left time: 4470.8569s
	iters: 1300, epoch: 10 | loss: 0.1089424
	speed: 0.0264s/iter; left time: 4028.3366s
	iters: 1400, epoch: 10 | loss: 0.0433091
	speed: 0.0249s/iter; left time: 3807.0864s
	iters: 1500, epoch: 10 | loss: 0.0411130
	speed: 0.0249s/iter; left time: 3801.5933s
	iters: 1600, epoch: 10 | loss: 0.2384470
	speed: 0.0248s/iter; left time: 3775.8466s
	iters: 1700, epoch: 10 | loss: 0.2293306
	speed: 0.0265s/iter; left time: 4043.8763s
	iters: 1800, epoch: 10 | loss: 0.3747496
	speed: 0.0246s/iter; left time: 3743.0338s
	iters: 1900, epoch: 10 | loss: 0.1627502
	speed: 0.0266s/iter; left time: 4050.2342s
	iters: 2000, epoch: 10 | loss: 0.0644274
	speed: 0.0325s/iter; left time: 4936.6737s
	iters: 2100, epoch: 10 | loss: 0.2297407
	speed: 0.0305s/iter; left time: 4641.0184s
	iters: 2200, epoch: 10 | loss: 0.3873737
	speed: 0.0315s/iter; left time: 4784.9602s
	iters: 2300, epoch: 10 | loss: 0.2456725
	speed: 0.0301s/iter; left time: 4563.1788s
	iters: 2400, epoch: 10 | loss: 0.0682936
	speed: 0.0313s/iter; left time: 4747.8279s
	iters: 2500, epoch: 10 | loss: 0.2636895
	speed: 0.0312s/iter; left time: 4729.9795s
	iters: 2600, epoch: 10 | loss: 0.1578863
	speed: 0.0363s/iter; left time: 5498.4508s
	iters: 2700, epoch: 10 | loss: 0.1791574
	speed: 0.0245s/iter; left time: 3705.3362s
	iters: 2800, epoch: 10 | loss: 0.0375572
	speed: 0.0243s/iter; left time: 3668.8946s
	iters: 2900, epoch: 10 | loss: 0.0363446
	speed: 0.0251s/iter; left time: 3799.2324s
	iters: 3000, epoch: 10 | loss: 0.1999350
	speed: 0.0245s/iter; left time: 3698.8088s
	iters: 3100, epoch: 10 | loss: 0.1119032
	speed: 0.0248s/iter; left time: 3750.0979s
	iters: 3200, epoch: 10 | loss: 0.1537980
	speed: 0.0264s/iter; left time: 3980.2982s
	iters: 3300, epoch: 10 | loss: 0.1097326
	speed: 0.0379s/iter; left time: 5712.4010s
	iters: 3400, epoch: 10 | loss: 0.0822880
	speed: 0.0294s/iter; left time: 4429.6097s
	iters: 3500, epoch: 10 | loss: 0.0387902
	speed: 0.0245s/iter; left time: 3683.8961s
	iters: 3600, epoch: 10 | loss: 0.3163320
	speed: 0.0245s/iter; left time: 3680.6547s
	iters: 3700, epoch: 10 | loss: 0.0651003
	speed: 0.0244s/iter; left time: 3671.7852s
	iters: 3800, epoch: 10 | loss: 0.3531621
	speed: 0.0244s/iter; left time: 3663.9932s
	iters: 3900, epoch: 10 | loss: 0.1767881
	speed: 0.0244s/iter; left time: 3668.0499s
	iters: 4000, epoch: 10 | loss: 0.0588341
	speed: 0.0244s/iter; left time: 3666.8493s
	iters: 4100, epoch: 10 | loss: 0.1997959
	speed: 0.0245s/iter; left time: 3678.9548s
	iters: 4200, epoch: 10 | loss: 0.3667402
	speed: 0.0244s/iter; left time: 3656.5952s
	iters: 4300, epoch: 10 | loss: 0.1867211
	speed: 0.0244s/iter; left time: 3653.5142s
	iters: 4400, epoch: 10 | loss: 0.0139335
	speed: 0.0244s/iter; left time: 3649.8443s
	iters: 4500, epoch: 10 | loss: 0.1761977
	speed: 0.0249s/iter; left time: 3721.0162s
	iters: 4600, epoch: 10 | loss: 0.1233662
	speed: 0.0245s/iter; left time: 3668.7345s
	iters: 4700, epoch: 10 | loss: 0.3273177
	speed: 0.0260s/iter; left time: 3885.5324s
	iters: 4800, epoch: 10 | loss: 0.3391655
	speed: 0.0333s/iter; left time: 4965.6511s
	iters: 4900, epoch: 10 | loss: 0.2109153
	speed: 0.0308s/iter; left time: 4594.9409s
	iters: 5000, epoch: 10 | loss: 0.0541678
	speed: 0.0264s/iter; left time: 3936.7514s
	iters: 5100, epoch: 10 | loss: 0.1192638
	speed: 0.0262s/iter; left time: 3910.1163s
	iters: 5200, epoch: 10 | loss: 0.1719742
	speed: 0.0246s/iter; left time: 3654.6014s
	iters: 5300, epoch: 10 | loss: 0.1106255
	speed: 0.0245s/iter; left time: 3646.3270s
	iters: 5400, epoch: 10 | loss: 0.0464427
	speed: 0.0245s/iter; left time: 3643.6440s
	iters: 5500, epoch: 10 | loss: 0.0439150
	speed: 0.0244s/iter; left time: 3632.1732s
	iters: 5600, epoch: 10 | loss: 0.0798477
	speed: 0.0249s/iter; left time: 3694.1243s
	iters: 5700, epoch: 10 | loss: 0.0481407
	speed: 0.0245s/iter; left time: 3639.5910s
	iters: 5800, epoch: 10 | loss: 0.1148724
	speed: 0.0249s/iter; left time: 3684.6801s
	iters: 5900, epoch: 10 | loss: 0.1469918
	speed: 0.0245s/iter; left time: 3622.4626s
	iters: 6000, epoch: 10 | loss: 0.1644208
	speed: 0.0246s/iter; left time: 3636.2652s
	iters: 6100, epoch: 10 | loss: 0.4145842
	speed: 0.0248s/iter; left time: 3675.7591s
	iters: 6200, epoch: 10 | loss: 0.0476925
	speed: 0.0348s/iter; left time: 5141.9993s
	iters: 6300, epoch: 10 | loss: 0.2474590
	speed: 0.0403s/iter; left time: 5948.4848s
	iters: 6400, epoch: 10 | loss: 0.0325127
	speed: 0.0338s/iter; left time: 4995.3277s
	iters: 6500, epoch: 10 | loss: 0.0790673
	speed: 0.0244s/iter; left time: 3595.4931s
	iters: 6600, epoch: 10 | loss: 0.1405952
	speed: 0.0276s/iter; left time: 4068.8214s
	iters: 6700, epoch: 10 | loss: 0.6165233
	speed: 0.0269s/iter; left time: 3961.3338s
	iters: 6800, epoch: 10 | loss: 0.3441480
	speed: 0.0364s/iter; left time: 5360.8954s
	iters: 6900, epoch: 10 | loss: 0.0365187
	speed: 0.0363s/iter; left time: 5336.3169s
	iters: 7000, epoch: 10 | loss: 0.0846316
	speed: 0.0328s/iter; left time: 4824.1227s
	iters: 7100, epoch: 10 | loss: 0.1761577
	speed: 0.0319s/iter; left time: 4685.3328s
	iters: 7200, epoch: 10 | loss: 0.2100288
	speed: 0.0326s/iter; left time: 4786.3488s
	iters: 7300, epoch: 10 | loss: 0.2185888
	speed: 0.0351s/iter; left time: 5153.4538s
Epoch: 10 cost time: 205.2434937953949
Epoch: 10, Steps: 7336 | Train Loss: 0.178 Vali Loss: 2.018 Vali Acc: 0.583 Test Loss: 2.019 Test Acc: 0.582
EarlyStopping counter: 9 out of 10
Updating learning rate to 1.953125e-06
	iters: 100, epoch: 11 | loss: 0.0794348
	speed: 0.1817s/iter; left time: 26635.7447s
	iters: 200, epoch: 11 | loss: 0.2269077
	speed: 0.0244s/iter; left time: 3577.7755s
	iters: 300, epoch: 11 | loss: 0.2257509
	speed: 0.0245s/iter; left time: 3583.6222s
	iters: 400, epoch: 11 | loss: 0.1790888
	speed: 0.0267s/iter; left time: 3901.7916s
	iters: 500, epoch: 11 | loss: 0.0467670
	speed: 0.0245s/iter; left time: 3582.5830s
	iters: 600, epoch: 11 | loss: 0.0907267
	speed: 0.0250s/iter; left time: 3651.9698s
	iters: 700, epoch: 11 | loss: 0.4480824
	speed: 0.0272s/iter; left time: 3966.1077s
	iters: 800, epoch: 11 | loss: 0.0939000
	speed: 0.0257s/iter; left time: 3749.6314s
	iters: 900, epoch: 11 | loss: 0.0652662
	speed: 0.0264s/iter; left time: 3855.9732s
	iters: 1000, epoch: 11 | loss: 0.0605071
	speed: 0.0276s/iter; left time: 4022.2102s
	iters: 1100, epoch: 11 | loss: 0.0557442
	speed: 0.0295s/iter; left time: 4290.8558s
	iters: 1200, epoch: 11 | loss: 0.0209020
	speed: 0.0323s/iter; left time: 4704.2575s
	iters: 1300, epoch: 11 | loss: 0.1753574
	speed: 0.0336s/iter; left time: 4880.6494s
	iters: 1400, epoch: 11 | loss: 0.5314640
	speed: 0.0331s/iter; left time: 4812.2454s
	iters: 1500, epoch: 11 | loss: 0.0530295
	speed: 0.0317s/iter; left time: 4604.4046s
	iters: 1600, epoch: 11 | loss: 0.3078237
	speed: 0.0353s/iter; left time: 5125.8216s
	iters: 1700, epoch: 11 | loss: 0.0639090
	speed: 0.0333s/iter; left time: 4823.2038s
	iters: 1800, epoch: 11 | loss: 0.0920814
	speed: 0.0339s/iter; left time: 4917.5861s
	iters: 1900, epoch: 11 | loss: 0.3426461
	speed: 0.0284s/iter; left time: 4114.1417s
	iters: 2000, epoch: 11 | loss: 0.3885526
	speed: 0.0315s/iter; left time: 4553.3849s
	iters: 2100, epoch: 11 | loss: 0.0268898
	speed: 0.0311s/iter; left time: 4496.9292s
	iters: 2200, epoch: 11 | loss: 0.1393453
	speed: 0.0314s/iter; left time: 4532.1612s
	iters: 2300, epoch: 11 | loss: 0.1953328
	speed: 0.0287s/iter; left time: 4140.4758s
	iters: 2400, epoch: 11 | loss: 0.0249608
	speed: 0.0250s/iter; left time: 3613.9918s
	iters: 2500, epoch: 11 | loss: 0.1311075
	speed: 0.0250s/iter; left time: 3607.7683s
	iters: 2600, epoch: 11 | loss: 0.0623828
	speed: 0.0297s/iter; left time: 4274.7029s
	iters: 2700, epoch: 11 | loss: 0.1037251
	speed: 0.0306s/iter; left time: 4408.8339s
	iters: 2800, epoch: 11 | loss: 0.0214951
	speed: 0.0260s/iter; left time: 3738.6377s
	iters: 2900, epoch: 11 | loss: 0.2745078
	speed: 0.0240s/iter; left time: 3452.2511s
	iters: 3000, epoch: 11 | loss: 0.1193012
	speed: 0.0285s/iter; left time: 4097.6876s
	iters: 3100, epoch: 11 | loss: 0.1056439
	speed: 0.0305s/iter; left time: 4385.2213s
	iters: 3200, epoch: 11 | loss: 0.2095624
	speed: 0.0240s/iter; left time: 3447.8329s
	iters: 3300, epoch: 11 | loss: 0.3118414
	speed: 0.0249s/iter; left time: 3570.0935s
	iters: 3400, epoch: 11 | loss: 0.3010159
	speed: 0.0240s/iter; left time: 3437.3905s
	iters: 3500, epoch: 11 | loss: 0.5242721
	speed: 0.0240s/iter; left time: 3436.4115s
	iters: 3600, epoch: 11 | loss: 0.3034374
	speed: 0.0239s/iter; left time: 3423.6744s
	iters: 3700, epoch: 11 | loss: 0.1897461
	speed: 0.0240s/iter; left time: 3431.5497s
	iters: 3800, epoch: 11 | loss: 0.0613273
	speed: 0.0239s/iter; left time: 3418.2917s
	iters: 3900, epoch: 11 | loss: 0.2222434
	speed: 0.0242s/iter; left time: 3456.2574s
	iters: 4000, epoch: 11 | loss: 0.0927190
	speed: 0.0252s/iter; left time: 3594.6803s
	iters: 4100, epoch: 11 | loss: 0.1873257
	speed: 0.0252s/iter; left time: 3600.9114s
	iters: 4200, epoch: 11 | loss: 0.0571608
	speed: 0.0252s/iter; left time: 3594.4698s
	iters: 4300, epoch: 11 | loss: 0.2001344
	speed: 0.0250s/iter; left time: 3559.2669s
	iters: 4400, epoch: 11 | loss: 0.0362532
	speed: 0.0259s/iter; left time: 3682.9849s
	iters: 4500, epoch: 11 | loss: 0.0439767
	speed: 0.0239s/iter; left time: 3405.8928s
	iters: 4600, epoch: 11 | loss: 0.1748627
	speed: 0.0240s/iter; left time: 3405.2790s
	iters: 4700, epoch: 11 | loss: 0.1040820
	speed: 0.0239s/iter; left time: 3394.7517s
	iters: 4800, epoch: 11 | loss: 0.2822174
	speed: 0.0239s/iter; left time: 3397.3604s
	iters: 4900, epoch: 11 | loss: 0.1553005
	speed: 0.0239s/iter; left time: 3394.4807s
	iters: 5000, epoch: 11 | loss: 0.1470469
	speed: 0.0239s/iter; left time: 3390.8863s
	iters: 5100, epoch: 11 | loss: 0.1647972
	speed: 0.0239s/iter; left time: 3391.3982s
	iters: 5200, epoch: 11 | loss: 0.2060673
	speed: 0.0240s/iter; left time: 3389.5801s
	iters: 5300, epoch: 11 | loss: 0.1926604
	speed: 0.0248s/iter; left time: 3509.7153s
	iters: 5400, epoch: 11 | loss: 0.1188045
	speed: 0.0259s/iter; left time: 3665.2257s
	iters: 5500, epoch: 11 | loss: 0.0469226
	speed: 0.0265s/iter; left time: 3747.2583s
	iters: 5600, epoch: 11 | loss: 0.0944084
	speed: 0.0256s/iter; left time: 3608.4053s
	iters: 5700, epoch: 11 | loss: 0.3856760
	speed: 0.0247s/iter; left time: 3478.8724s
	iters: 5800, epoch: 11 | loss: 0.0450776
	speed: 0.0251s/iter; left time: 3541.5705s
	iters: 5900, epoch: 11 | loss: 0.0931118
	speed: 0.0239s/iter; left time: 3361.5005s
	iters: 6000, epoch: 11 | loss: 0.0499421
	speed: 0.0239s/iter; left time: 3363.3750s
	iters: 6100, epoch: 11 | loss: 0.1086617
	speed: 0.0239s/iter; left time: 3366.0437s
	iters: 6200, epoch: 11 | loss: 0.0354464
	speed: 0.0243s/iter; left time: 3412.1594s
	iters: 6300, epoch: 11 | loss: 0.2117362
	speed: 0.0240s/iter; left time: 3368.2789s
	iters: 6400, epoch: 11 | loss: 0.1861024
	speed: 0.0239s/iter; left time: 3355.7433s
	iters: 6500, epoch: 11 | loss: 0.0615670
	speed: 0.0242s/iter; left time: 3391.0034s
	iters: 6600, epoch: 11 | loss: 0.0363894
	speed: 0.0240s/iter; left time: 3357.7033s
	iters: 6700, epoch: 11 | loss: 0.2223155
	speed: 0.0239s/iter; left time: 3343.3146s
	iters: 6800, epoch: 11 | loss: 0.2772626
	speed: 0.0239s/iter; left time: 3350.8874s
	iters: 6900, epoch: 11 | loss: 0.1098463
	speed: 0.0239s/iter; left time: 3341.1037s
	iters: 7000, epoch: 11 | loss: 0.1547548
	speed: 0.0239s/iter; left time: 3338.3070s
	iters: 7100, epoch: 11 | loss: 0.6299679
	speed: 0.0245s/iter; left time: 3418.3278s
	iters: 7200, epoch: 11 | loss: 0.0573345
	speed: 0.0239s/iter; left time: 3327.8420s
	iters: 7300, epoch: 11 | loss: 0.0906529
	speed: 0.0242s/iter; left time: 3370.2640s
Epoch: 11 cost time: 193.02785634994507
Epoch: 11, Steps: 7336 | Train Loss: 0.171 Vali Loss: 1.981 Vali Acc: 0.586 Test Loss: 1.981 Test Acc: 0.586
EarlyStopping counter: 10 out of 10
Early stopping
>>>>>>>testing : classification_UserIdentify0_TimesNet_UEA_ftM_sl10_ll48_pl0_dm32_nh8_el2_dl1_df32_fc1_ebtimeF_dtTrue_Exp_0<<<<<<<<<<<<<<<<<<<<<<<<<<<<<<<<<
7856
test shape: torch.Size([7856, 48]) torch.Size([7856, 1])
accuracy:0.6167260692464358
