Args in experiment:
[1mBasic Config[0m
  Task Name:          classification      Is Training:        1                   
  Model ID:           UserIdentify4       Model:              TimesNet            

[1mData Loader[0m
  Data:               UEA                 Root Path:          ./dataset/UserBehaviorsInSphericalVideoStreaming/transfer_10_10
  Data Path:          ETTh1.csv           Features:           M                   
  Target:             OT                  Freq:               h                   
  Checkpoints:        ./checkpoints/      

[1mModel Parameters[0m
  Top k:              2                   Num Kernels:        6                   
  Enc In:             7                   Dec In:             7                   
  C Out:              7                   d model:            32                  
  n heads:            8                   e layers:           2                   
  d layers:           1                   d FF:               32                  
  Moving Avg:         25                  Factor:             1                   
  Distil:             1                   Dropout:            0.1                 
  Embed:              timeF               Activation:         gelu                
  Output Attention:   0                   

[1mRun Parameters[0m
  Num Workers:        10                  Itr:                1                   
  Train Epochs:       30                  Batch Size:         16                  
  Patience:           10                  Learning Rate:      0.001               
  Des:                Exp                 Loss:               MSE                 
  Lradj:              type1               Use Amp:            0                   

[1mGPU[0m
  Use GPU:            1                   GPU:                0                   
  Use Multi GPU:      0                   Devices:            0,1,2,3             

[1mDe-stationary Projector Params[0m
  P Hidden Dims:      128, 128            P Hidden Layers:    2                   

Use GPU: cuda:0
117371
7856
>>>>>>>start training : classification_UserIdentify4_TimesNet_UEA_ftM_sl10_ll48_pl0_dm32_nh8_el2_dl1_df32_fc1_ebtimeF_dtTrue_Exp_0>>>>>>>>>>>>>>>>>>>>>>>>>>
117371
7856
7856
	iters: 100, epoch: 1 | loss: 2.1158760
	speed: 0.0729s/iter; left time: 16035.4736s
	iters: 200, epoch: 1 | loss: 1.1814308
	speed: 0.0655s/iter; left time: 14404.6735s
	iters: 300, epoch: 1 | loss: 0.9915020
	speed: 0.0699s/iter; left time: 15360.9072s
	iters: 400, epoch: 1 | loss: 0.7334762
	speed: 0.0692s/iter; left time: 15204.7699s
	iters: 500, epoch: 1 | loss: 1.2036841
	speed: 0.0662s/iter; left time: 14526.0313s
	iters: 600, epoch: 1 | loss: 1.2311435
	speed: 0.0555s/iter; left time: 12170.4540s
	iters: 700, epoch: 1 | loss: 1.3422294
	speed: 0.0547s/iter; left time: 12003.6232s
	iters: 800, epoch: 1 | loss: 1.0923789
	speed: 0.0581s/iter; left time: 12735.0988s
	iters: 900, epoch: 1 | loss: 0.8628477
	speed: 0.0578s/iter; left time: 12678.4641s
	iters: 1000, epoch: 1 | loss: 0.6953591
	speed: 0.0597s/iter; left time: 13071.2193s
	iters: 1100, epoch: 1 | loss: 0.9017378
	speed: 0.0646s/iter; left time: 14152.0895s
	iters: 1200, epoch: 1 | loss: 0.8118401
	speed: 0.0569s/iter; left time: 12447.1603s
	iters: 1300, epoch: 1 | loss: 0.8527069
	speed: 0.0618s/iter; left time: 13519.1825s
	iters: 1400, epoch: 1 | loss: 0.5751851
	speed: 0.0643s/iter; left time: 14066.8527s
	iters: 1500, epoch: 1 | loss: 1.1517030
	speed: 0.0632s/iter; left time: 13811.7222s
	iters: 1600, epoch: 1 | loss: 0.4658404
	speed: 0.0616s/iter; left time: 13449.6912s
	iters: 1700, epoch: 1 | loss: 0.9225793
	speed: 0.0632s/iter; left time: 13811.1166s
	iters: 1800, epoch: 1 | loss: 0.7629414
	speed: 0.0653s/iter; left time: 14247.0046s
	iters: 1900, epoch: 1 | loss: 1.5952613
	speed: 0.0604s/iter; left time: 13177.6844s
	iters: 2000, epoch: 1 | loss: 0.7329214
	speed: 0.0559s/iter; left time: 12193.9701s
	iters: 2100, epoch: 1 | loss: 0.6071656
	speed: 0.0554s/iter; left time: 12080.0586s
	iters: 2200, epoch: 1 | loss: 1.1061530
	speed: 0.0520s/iter; left time: 11340.1651s
	iters: 2300, epoch: 1 | loss: 1.0075927
	speed: 0.0539s/iter; left time: 11738.8058s
	iters: 2400, epoch: 1 | loss: 0.4962379
	speed: 0.0538s/iter; left time: 11702.1344s
	iters: 2500, epoch: 1 | loss: 0.4801613
	speed: 0.0515s/iter; left time: 11199.0255s
	iters: 2600, epoch: 1 | loss: 1.0523355
	speed: 0.0543s/iter; left time: 11808.4993s
	iters: 2700, epoch: 1 | loss: 0.3642329
	speed: 0.0526s/iter; left time: 11431.4973s
	iters: 2800, epoch: 1 | loss: 1.4035438
	speed: 0.0535s/iter; left time: 11618.6903s
	iters: 2900, epoch: 1 | loss: 0.8132242
	speed: 0.0567s/iter; left time: 12322.9732s
	iters: 3000, epoch: 1 | loss: 0.4450930
	speed: 0.0532s/iter; left time: 11549.1899s
	iters: 3100, epoch: 1 | loss: 0.5301018
	speed: 0.0516s/iter; left time: 11189.8003s
	iters: 3200, epoch: 1 | loss: 0.6490712
	speed: 0.0512s/iter; left time: 11113.6088s
	iters: 3300, epoch: 1 | loss: 0.6753534
	speed: 0.0519s/iter; left time: 11253.0541s
	iters: 3400, epoch: 1 | loss: 0.6378856
	speed: 0.0486s/iter; left time: 10540.4055s
	iters: 3500, epoch: 1 | loss: 0.6544260
	speed: 0.0505s/iter; left time: 10944.0733s
	iters: 3600, epoch: 1 | loss: 0.4462857
	speed: 0.0487s/iter; left time: 10536.8438s
	iters: 3700, epoch: 1 | loss: 1.0578446
	speed: 0.0474s/iter; left time: 10253.2660s
	iters: 3800, epoch: 1 | loss: 0.5328848
	speed: 0.0484s/iter; left time: 10475.0719s
	iters: 3900, epoch: 1 | loss: 0.3665698
	speed: 0.0469s/iter; left time: 10148.6433s
	iters: 4000, epoch: 1 | loss: 0.3856941
	speed: 0.0478s/iter; left time: 10329.9592s
	iters: 4100, epoch: 1 | loss: 0.4559363
	speed: 0.0476s/iter; left time: 10291.3682s
	iters: 4200, epoch: 1 | loss: 0.5279146
	speed: 0.0489s/iter; left time: 10551.3595s
	iters: 4300, epoch: 1 | loss: 0.6351427
	speed: 0.0520s/iter; left time: 11230.3745s
	iters: 4400, epoch: 1 | loss: 0.3532979
	speed: 0.0481s/iter; left time: 10383.1176s
	iters: 4500, epoch: 1 | loss: 0.9421051
	speed: 0.0471s/iter; left time: 10162.2714s
	iters: 4600, epoch: 1 | loss: 0.5054017
	speed: 0.0485s/iter; left time: 10459.0169s
	iters: 4700, epoch: 1 | loss: 0.3145534
	speed: 0.0495s/iter; left time: 10650.9975s
	iters: 4800, epoch: 1 | loss: 0.4953358
	speed: 0.0682s/iter; left time: 14682.1528s
	iters: 4900, epoch: 1 | loss: 0.5936493
	speed: 0.0612s/iter; left time: 13172.4394s
	iters: 5000, epoch: 1 | loss: 0.5470694
	speed: 0.0721s/iter; left time: 15513.0681s
	iters: 5100, epoch: 1 | loss: 0.4768589
	speed: 0.0571s/iter; left time: 12280.2050s
	iters: 5200, epoch: 1 | loss: 0.3613901
	speed: 0.0528s/iter; left time: 11342.9415s
	iters: 5300, epoch: 1 | loss: 0.4318240
	speed: 0.0524s/iter; left time: 11255.6075s
	iters: 5400, epoch: 1 | loss: 0.2261974
	speed: 0.0557s/iter; left time: 11960.8645s
	iters: 5500, epoch: 1 | loss: 0.2665572
	speed: 0.0488s/iter; left time: 10464.0642s
	iters: 5600, epoch: 1 | loss: 0.4051791
	speed: 0.0514s/iter; left time: 11013.6372s
	iters: 5700, epoch: 1 | loss: 0.4546730
	speed: 0.0487s/iter; left time: 10447.3272s
	iters: 5800, epoch: 1 | loss: 0.4520576
	speed: 0.0498s/iter; left time: 10661.0420s
	iters: 5900, epoch: 1 | loss: 0.5814213
	speed: 0.0513s/iter; left time: 10981.0677s
	iters: 6000, epoch: 1 | loss: 0.8106167
	speed: 0.0497s/iter; left time: 10631.4464s
	iters: 6100, epoch: 1 | loss: 0.2020930
	speed: 0.0507s/iter; left time: 10855.6677s
	iters: 6200, epoch: 1 | loss: 0.2580215
	speed: 0.0491s/iter; left time: 10492.8726s
	iters: 6300, epoch: 1 | loss: 0.4282752
	speed: 0.0473s/iter; left time: 10103.3009s
	iters: 6400, epoch: 1 | loss: 0.2802624
	speed: 0.0483s/iter; left time: 10325.4419s
	iters: 6500, epoch: 1 | loss: 0.8305323
	speed: 0.0441s/iter; left time: 9417.4165s
	iters: 6600, epoch: 1 | loss: 0.8862558
	speed: 0.0490s/iter; left time: 10461.7368s
	iters: 6700, epoch: 1 | loss: 0.2784646
	speed: 0.0507s/iter; left time: 10818.0981s
	iters: 6800, epoch: 1 | loss: 0.5219491
	speed: 0.0503s/iter; left time: 10723.1618s
	iters: 6900, epoch: 1 | loss: 0.6486776
	speed: 0.0462s/iter; left time: 9853.1999s
	iters: 7000, epoch: 1 | loss: 0.1443772
	speed: 0.0480s/iter; left time: 10236.8434s
	iters: 7100, epoch: 1 | loss: 0.5872691
	speed: 0.0471s/iter; left time: 10026.5858s
	iters: 7200, epoch: 1 | loss: 0.5548030
	speed: 0.0483s/iter; left time: 10280.0651s
	iters: 7300, epoch: 1 | loss: 0.4024290
	speed: 0.0446s/iter; left time: 9493.4291s
Epoch: 1 cost time: 398.2699797153473
Epoch: 1, Steps: 7336 | Train Loss: 0.717 Vali Loss: 1.845 Vali Acc: 0.533 Test Loss: 1.845 Test Acc: 0.533
Validation loss decreased (inf --> -0.532714).  Saving model ...
	iters: 100, epoch: 2 | loss: 0.8403369
	speed: 0.2924s/iter; left time: 62174.0382s
	iters: 200, epoch: 2 | loss: 0.4695120
	speed: 0.0609s/iter; left time: 12952.8396s
	iters: 300, epoch: 2 | loss: 0.4615887
	speed: 0.0633s/iter; left time: 13448.4759s
	iters: 400, epoch: 2 | loss: 0.3479655
	speed: 0.0584s/iter; left time: 12400.3535s
	iters: 500, epoch: 2 | loss: 1.4126662
	speed: 0.0524s/iter; left time: 11131.9115s
	iters: 600, epoch: 2 | loss: 0.4863749
	speed: 0.0497s/iter; left time: 10541.2921s
	iters: 700, epoch: 2 | loss: 0.2808715
	speed: 0.0570s/iter; left time: 12092.0847s
	iters: 800, epoch: 2 | loss: 0.1161299
	speed: 0.0487s/iter; left time: 10324.4313s
	iters: 900, epoch: 2 | loss: 0.4626177
	speed: 0.0493s/iter; left time: 10439.1877s
	iters: 1000, epoch: 2 | loss: 0.0728841
	speed: 0.0427s/iter; left time: 9033.0180s
	iters: 1100, epoch: 2 | loss: 0.5076537
	speed: 0.0467s/iter; left time: 9883.3912s
	iters: 1200, epoch: 2 | loss: 0.8468201
	speed: 0.0472s/iter; left time: 9979.8361s
	iters: 1300, epoch: 2 | loss: 0.3887192
	speed: 0.0491s/iter; left time: 10383.5291s
	iters: 1400, epoch: 2 | loss: 0.2858972
	speed: 0.0487s/iter; left time: 10291.1372s
	iters: 1500, epoch: 2 | loss: 0.7634856
	speed: 0.0486s/iter; left time: 10268.1502s
	iters: 1600, epoch: 2 | loss: 0.8780981
	speed: 0.0482s/iter; left time: 10176.8475s
	iters: 1700, epoch: 2 | loss: 0.6408879
	speed: 0.0547s/iter; left time: 11534.0161s
	iters: 1800, epoch: 2 | loss: 0.5855008
	speed: 0.0494s/iter; left time: 10425.7376s
	iters: 1900, epoch: 2 | loss: 0.2760654
	speed: 0.0469s/iter; left time: 9890.7666s
	iters: 2000, epoch: 2 | loss: 0.4394056
	speed: 0.0442s/iter; left time: 9314.5101s
	iters: 2100, epoch: 2 | loss: 0.1862756
	speed: 0.0466s/iter; left time: 9825.1503s
	iters: 2200, epoch: 2 | loss: 0.2830848
	speed: 0.0465s/iter; left time: 9783.7833s
	iters: 2300, epoch: 2 | loss: 0.7198340
	speed: 0.0476s/iter; left time: 10025.4647s
	iters: 2400, epoch: 2 | loss: 0.3154969
	speed: 0.0482s/iter; left time: 10143.8490s
	iters: 2500, epoch: 2 | loss: 0.6755574
	speed: 0.0468s/iter; left time: 9846.4086s
	iters: 2600, epoch: 2 | loss: 0.7621358
	speed: 0.0476s/iter; left time: 9995.5765s
	iters: 2700, epoch: 2 | loss: 0.6067284
	speed: 0.0510s/iter; left time: 10704.8606s
	iters: 2800, epoch: 2 | loss: 0.5660305
	speed: 0.0482s/iter; left time: 10115.5067s
	iters: 2900, epoch: 2 | loss: 0.2693856
	speed: 0.0523s/iter; left time: 10977.8088s
	iters: 3000, epoch: 2 | loss: 0.3021187
	speed: 0.0531s/iter; left time: 11130.8564s
	iters: 3100, epoch: 2 | loss: 0.4297968
	speed: 0.0508s/iter; left time: 10657.8697s
	iters: 3200, epoch: 2 | loss: 0.5284278
	speed: 0.0472s/iter; left time: 9900.3596s
	iters: 3300, epoch: 2 | loss: 0.1194163
	speed: 0.0637s/iter; left time: 13336.6917s
	iters: 3400, epoch: 2 | loss: 0.5569694
	speed: 0.0540s/iter; left time: 11309.3873s
	iters: 3500, epoch: 2 | loss: 0.4998683
	speed: 0.0560s/iter; left time: 11727.3621s
	iters: 3600, epoch: 2 | loss: 0.5317569
	speed: 0.0560s/iter; left time: 11705.7467s
	iters: 3700, epoch: 2 | loss: 0.4607792
	speed: 0.0502s/iter; left time: 10501.2868s
	iters: 3800, epoch: 2 | loss: 0.2294453
	speed: 0.0558s/iter; left time: 11650.1833s
	iters: 3900, epoch: 2 | loss: 0.2587204
	speed: 0.0574s/iter; left time: 11982.3379s
	iters: 4000, epoch: 2 | loss: 1.0620511
	speed: 0.0560s/iter; left time: 11689.2759s
	iters: 4100, epoch: 2 | loss: 0.1432592
	speed: 0.0550s/iter; left time: 11472.6047s
	iters: 4200, epoch: 2 | loss: 0.1506123
	speed: 0.0584s/iter; left time: 12175.1426s
	iters: 4300, epoch: 2 | loss: 0.4995002
	speed: 0.0521s/iter; left time: 10857.0753s
	iters: 4400, epoch: 2 | loss: 0.2102457
	speed: 0.0607s/iter; left time: 12646.9576s
	iters: 4500, epoch: 2 | loss: 0.3267116
	speed: 0.0536s/iter; left time: 11167.5665s
	iters: 4600, epoch: 2 | loss: 0.6137960
	speed: 0.0541s/iter; left time: 11258.0885s
	iters: 4700, epoch: 2 | loss: 1.1098120
	speed: 0.0571s/iter; left time: 11872.5146s
	iters: 4800, epoch: 2 | loss: 0.8683126
	speed: 0.0518s/iter; left time: 10764.4575s
	iters: 4900, epoch: 2 | loss: 0.3762201
	speed: 0.0619s/iter; left time: 12870.0298s
	iters: 5000, epoch: 2 | loss: 0.4328320
	speed: 0.0534s/iter; left time: 11103.8395s
	iters: 5100, epoch: 2 | loss: 0.3312449
	speed: 0.0531s/iter; left time: 11034.2006s
	iters: 5200, epoch: 2 | loss: 0.8711948
	speed: 0.0594s/iter; left time: 12334.7028s
	iters: 5300, epoch: 2 | loss: 0.6439927
	speed: 0.0512s/iter; left time: 10626.2938s
	iters: 5400, epoch: 2 | loss: 0.2357612
	speed: 0.0596s/iter; left time: 12367.5883s
	iters: 5500, epoch: 2 | loss: 0.0750409
	speed: 0.0496s/iter; left time: 10278.1124s
	iters: 5600, epoch: 2 | loss: 0.4297388
	speed: 0.0517s/iter; left time: 10701.7461s
	iters: 5700, epoch: 2 | loss: 0.2911619
	speed: 0.0479s/iter; left time: 9908.6880s
	iters: 5800, epoch: 2 | loss: 0.1890329
	speed: 0.0468s/iter; left time: 9689.7973s
	iters: 5900, epoch: 2 | loss: 0.0641082
	speed: 0.0527s/iter; left time: 10896.1333s
	iters: 6000, epoch: 2 | loss: 0.2170617
	speed: 0.0548s/iter; left time: 11332.6304s
	iters: 6100, epoch: 2 | loss: 0.3610607
	speed: 0.0487s/iter; left time: 10061.8406s
	iters: 6200, epoch: 2 | loss: 0.5970886
	speed: 0.0490s/iter; left time: 10117.4152s
	iters: 6300, epoch: 2 | loss: 0.6396651
	speed: 0.0493s/iter; left time: 10169.1143s
	iters: 6400, epoch: 2 | loss: 0.3185730
	speed: 0.0581s/iter; left time: 11986.7641s
	iters: 6500, epoch: 2 | loss: 0.6702411
	speed: 0.0592s/iter; left time: 12206.2881s
	iters: 6600, epoch: 2 | loss: 0.1419718
	speed: 0.0513s/iter; left time: 10585.4204s
	iters: 6700, epoch: 2 | loss: 0.3351217
	speed: 0.0551s/iter; left time: 11359.1179s
	iters: 6800, epoch: 2 | loss: 0.2460864
	speed: 0.0608s/iter; left time: 12515.9703s
	iters: 6900, epoch: 2 | loss: 0.6603438
	speed: 0.0632s/iter; left time: 13014.8298s
	iters: 7000, epoch: 2 | loss: 0.0921116
	speed: 0.0624s/iter; left time: 12836.9080s
	iters: 7100, epoch: 2 | loss: 0.2165534
	speed: 0.0625s/iter; left time: 12845.1536s
	iters: 7200, epoch: 2 | loss: 0.1308423
	speed: 0.0651s/iter; left time: 13385.3581s
	iters: 7300, epoch: 2 | loss: 0.2043193
	speed: 0.0614s/iter; left time: 12611.8310s
Epoch: 2 cost time: 392.10036420822144
Epoch: 2, Steps: 7336 | Train Loss: 0.456 Vali Loss: 1.663 Vali Acc: 0.612 Test Loss: 1.663 Test Acc: 0.612
Validation loss decreased (-0.532714 --> -0.611507).  Saving model ...
	iters: 100, epoch: 3 | loss: 0.5987137
	speed: 0.3018s/iter; left time: 61970.9258s
	iters: 200, epoch: 3 | loss: 0.6939539
	speed: 0.0747s/iter; left time: 15331.7676s
	iters: 300, epoch: 3 | loss: 1.1691991
	speed: 0.0512s/iter; left time: 10505.6037s
	iters: 400, epoch: 3 | loss: 0.8842936
	speed: 0.0471s/iter; left time: 9658.8586s
	iters: 500, epoch: 3 | loss: 0.3002416
	speed: 0.0433s/iter; left time: 8865.9530s
	iters: 600, epoch: 3 | loss: 0.2121177
	speed: 0.0430s/iter; left time: 8806.1018s
	iters: 700, epoch: 3 | loss: 0.1987114
	speed: 0.0600s/iter; left time: 12287.4197s
	iters: 800, epoch: 3 | loss: 0.2842476
	speed: 0.0627s/iter; left time: 12836.1426s
	iters: 900, epoch: 3 | loss: 0.7083781
	speed: 0.0616s/iter; left time: 12590.9630s
	iters: 1000, epoch: 3 | loss: 0.5451070
	speed: 0.0557s/iter; left time: 11392.1009s
	iters: 1100, epoch: 3 | loss: 0.4743527
	speed: 0.0540s/iter; left time: 11031.8698s
	iters: 1200, epoch: 3 | loss: 0.7331863
	speed: 0.0533s/iter; left time: 10879.5614s
	iters: 1300, epoch: 3 | loss: 0.6038689
	speed: 0.0593s/iter; left time: 12100.3659s
	iters: 1400, epoch: 3 | loss: 0.5916369
	speed: 0.0626s/iter; left time: 12779.1460s
	iters: 1500, epoch: 3 | loss: 0.5590448
	speed: 0.0592s/iter; left time: 12077.0689s
	iters: 1600, epoch: 3 | loss: 0.6120963
	speed: 0.0586s/iter; left time: 11953.3818s
	iters: 1700, epoch: 3 | loss: 0.2677388
	speed: 0.0593s/iter; left time: 12084.2814s
	iters: 1800, epoch: 3 | loss: 0.4305063
	speed: 0.0674s/iter; left time: 13724.8287s
	iters: 1900, epoch: 3 | loss: 0.2795539
	speed: 0.0661s/iter; left time: 13459.0490s
	iters: 2000, epoch: 3 | loss: 0.1476254
	speed: 0.0683s/iter; left time: 13897.7143s
	iters: 2100, epoch: 3 | loss: 0.6659651
	speed: 0.0682s/iter; left time: 13856.6573s
	iters: 2200, epoch: 3 | loss: 0.2681136
	speed: 0.0660s/iter; left time: 13411.2812s
	iters: 2300, epoch: 3 | loss: 0.8833685
	speed: 0.0662s/iter; left time: 13447.4393s
	iters: 2400, epoch: 3 | loss: 0.2279314
	speed: 0.0649s/iter; left time: 13171.8651s
	iters: 2500, epoch: 3 | loss: 0.4649655
	speed: 0.0700s/iter; left time: 14200.5963s
	iters: 2600, epoch: 3 | loss: 0.5203609
	speed: 0.0531s/iter; left time: 10769.1844s
	iters: 2700, epoch: 3 | loss: 0.2710992
	speed: 0.0646s/iter; left time: 13100.8059s
	iters: 2800, epoch: 3 | loss: 0.2775759
	speed: 0.0653s/iter; left time: 13231.4449s
	iters: 2900, epoch: 3 | loss: 0.4895958
	speed: 0.0687s/iter; left time: 13915.8458s
	iters: 3000, epoch: 3 | loss: 0.4120300
	speed: 0.0695s/iter; left time: 14071.1791s
	iters: 3100, epoch: 3 | loss: 0.7594333
	speed: 0.0669s/iter; left time: 13535.8054s
	iters: 3200, epoch: 3 | loss: 0.6428235
	speed: 0.0615s/iter; left time: 12443.1349s
	iters: 3300, epoch: 3 | loss: 0.2681727
	speed: 0.0631s/iter; left time: 12756.3304s
	iters: 3400, epoch: 3 | loss: 0.1536115
	speed: 0.0548s/iter; left time: 11060.8518s
	iters: 3500, epoch: 3 | loss: 0.1460674
	speed: 0.0597s/iter; left time: 12051.9441s
	iters: 3600, epoch: 3 | loss: 0.6037829
	speed: 0.0657s/iter; left time: 13261.1227s
	iters: 3700, epoch: 3 | loss: 0.3415940
	speed: 0.0673s/iter; left time: 13573.1195s
	iters: 3800, epoch: 3 | loss: 0.3470623
	speed: 0.0645s/iter; left time: 13007.5068s
	iters: 3900, epoch: 3 | loss: 0.3462057
	speed: 0.0687s/iter; left time: 13833.6510s
	iters: 4000, epoch: 3 | loss: 0.7162964
	speed: 0.0675s/iter; left time: 13592.2191s
	iters: 4100, epoch: 3 | loss: 0.5932574
	speed: 0.0637s/iter; left time: 12832.4936s
	iters: 4200, epoch: 3 | loss: 0.4157255
	speed: 0.0607s/iter; left time: 12205.2511s
	iters: 4300, epoch: 3 | loss: 0.2048530
	speed: 0.0658s/iter; left time: 13237.6259s
	iters: 4400, epoch: 3 | loss: 0.1537930
	speed: 0.0622s/iter; left time: 12504.2968s
	iters: 4500, epoch: 3 | loss: 0.8170692
	speed: 0.0656s/iter; left time: 13172.2627s
	iters: 4600, epoch: 3 | loss: 0.6447752
	speed: 0.0593s/iter; left time: 11904.7675s
	iters: 4700, epoch: 3 | loss: 0.8205891
	speed: 0.0600s/iter; left time: 12036.1703s
	iters: 4800, epoch: 3 | loss: 0.5327637
	speed: 0.0629s/iter; left time: 12626.9291s
	iters: 4900, epoch: 3 | loss: 0.2933518
	speed: 0.0671s/iter; left time: 13449.8090s
	iters: 5000, epoch: 3 | loss: 0.0798951
	speed: 0.0679s/iter; left time: 13607.2865s
	iters: 5100, epoch: 3 | loss: 0.9514828
	speed: 0.0644s/iter; left time: 12891.4457s
	iters: 5200, epoch: 3 | loss: 0.4739913
	speed: 0.0659s/iter; left time: 13202.2652s
	iters: 5300, epoch: 3 | loss: 0.1927625
	speed: 0.0653s/iter; left time: 13073.9158s
	iters: 5400, epoch: 3 | loss: 0.6001961
	speed: 0.0656s/iter; left time: 13117.2165s
	iters: 5500, epoch: 3 | loss: 0.2202663
	speed: 0.0683s/iter; left time: 13654.5600s
	iters: 5600, epoch: 3 | loss: 0.1279130
	speed: 0.0673s/iter; left time: 13451.0854s
	iters: 5700, epoch: 3 | loss: 0.5056917
	speed: 0.0702s/iter; left time: 14022.0368s
	iters: 5800, epoch: 3 | loss: 0.2131732
	speed: 0.0697s/iter; left time: 13907.0198s
	iters: 5900, epoch: 3 | loss: 0.2124756
	speed: 0.0690s/iter; left time: 13775.0285s
	iters: 6000, epoch: 3 | loss: 0.0992968
	speed: 0.0673s/iter; left time: 13429.4044s
	iters: 6100, epoch: 3 | loss: 0.8076942
	speed: 0.0650s/iter; left time: 12954.7362s
	iters: 6200, epoch: 3 | loss: 0.2442618
	speed: 0.0716s/iter; left time: 14264.5083s
	iters: 6300, epoch: 3 | loss: 0.1925894
	speed: 0.0683s/iter; left time: 13597.4147s
	iters: 6400, epoch: 3 | loss: 0.3375128
	speed: 0.0683s/iter; left time: 13583.9121s
	iters: 6500, epoch: 3 | loss: 0.7207195
	speed: 0.0661s/iter; left time: 13156.1606s
	iters: 6600, epoch: 3 | loss: 0.8785703
	speed: 0.0564s/iter; left time: 11204.5930s
	iters: 6700, epoch: 3 | loss: 0.2296524
	speed: 0.0734s/iter; left time: 14593.0901s
	iters: 6800, epoch: 3 | loss: 0.2890039
	speed: 0.0757s/iter; left time: 15028.4502s
	iters: 6900, epoch: 3 | loss: 0.3513139
	speed: 0.0760s/iter; left time: 15077.9546s
	iters: 7000, epoch: 3 | loss: 0.3126439
	speed: 0.0508s/iter; left time: 10076.1836s
	iters: 7100, epoch: 3 | loss: 0.3028240
	speed: 0.0496s/iter; left time: 9829.2055s
	iters: 7200, epoch: 3 | loss: 0.2788106
	speed: 0.0535s/iter; left time: 10607.6500s
	iters: 7300, epoch: 3 | loss: 0.5771210
	speed: 0.0552s/iter; left time: 10927.4252s
Epoch: 3 cost time: 464.10028100013733
Epoch: 3, Steps: 7336 | Train Loss: 0.390 Vali Loss: 1.853 Vali Acc: 0.614 Test Loss: 1.853 Test Acc: 0.614
Validation loss decreased (-0.611507 --> -0.613798).  Saving model ...
	iters: 100, epoch: 4 | loss: 0.0858906
	speed: 0.3039s/iter; left time: 60160.1589s
	iters: 200, epoch: 4 | loss: 0.1177194
	speed: 0.0605s/iter; left time: 11977.8645s
	iters: 300, epoch: 4 | loss: 0.2529014
	speed: 0.0605s/iter; left time: 11970.5730s
	iters: 400, epoch: 4 | loss: 0.2670031
	speed: 0.0587s/iter; left time: 11611.4719s
	iters: 500, epoch: 4 | loss: 0.4828466
	speed: 0.0532s/iter; left time: 10513.1426s
	iters: 600, epoch: 4 | loss: 0.1941544
	speed: 0.0396s/iter; left time: 7822.4803s
	iters: 700, epoch: 4 | loss: 0.1591060
	speed: 0.0552s/iter; left time: 10902.6637s
	iters: 800, epoch: 4 | loss: 0.2421087
	speed: 0.0570s/iter; left time: 11235.9869s
	iters: 900, epoch: 4 | loss: 0.4362965
	speed: 0.0532s/iter; left time: 10493.2552s
	iters: 1000, epoch: 4 | loss: 0.4110895
	speed: 0.0461s/iter; left time: 9089.4202s
	iters: 1100, epoch: 4 | loss: 0.1373927
	speed: 0.0382s/iter; left time: 7525.9966s
	iters: 1200, epoch: 4 | loss: 0.2591280
	speed: 0.0414s/iter; left time: 8157.7362s
	iters: 1300, epoch: 4 | loss: 0.6801608
	speed: 0.0480s/iter; left time: 9452.5375s
	iters: 1400, epoch: 4 | loss: 0.3004237
	speed: 0.0633s/iter; left time: 12458.9003s
	iters: 1500, epoch: 4 | loss: 0.3665611
	speed: 0.0660s/iter; left time: 12964.1188s
	iters: 1600, epoch: 4 | loss: 0.2554731
	speed: 0.0647s/iter; left time: 12714.1434s
	iters: 1700, epoch: 4 | loss: 0.8434834
	speed: 0.0677s/iter; left time: 13298.2959s
	iters: 1800, epoch: 4 | loss: 0.2360192
	speed: 0.0667s/iter; left time: 13086.4822s
	iters: 1900, epoch: 4 | loss: 0.2054456
	speed: 0.0690s/iter; left time: 13544.7728s
	iters: 2000, epoch: 4 | loss: 0.6012330
	speed: 0.0676s/iter; left time: 13250.4799s
	iters: 2100, epoch: 4 | loss: 0.4781343
	speed: 0.0633s/iter; left time: 12407.3227s
	iters: 2200, epoch: 4 | loss: 0.1357647
	speed: 0.0639s/iter; left time: 12519.9574s
	iters: 2300, epoch: 4 | loss: 0.2445329
	speed: 0.0601s/iter; left time: 11762.0472s
	iters: 2400, epoch: 4 | loss: 0.4546987
	speed: 0.0637s/iter; left time: 12454.8449s
	iters: 2500, epoch: 4 | loss: 0.5371338
	speed: 0.0633s/iter; left time: 12387.1058s
	iters: 2600, epoch: 4 | loss: 0.4997174
	speed: 0.0609s/iter; left time: 11902.4507s
	iters: 2700, epoch: 4 | loss: 0.4190611
	speed: 0.0640s/iter; left time: 12497.0882s
	iters: 2800, epoch: 4 | loss: 0.2053691
	speed: 0.0665s/iter; left time: 12983.4274s
	iters: 2900, epoch: 4 | loss: 0.2839856
	speed: 0.0655s/iter; left time: 12791.5829s
	iters: 3000, epoch: 4 | loss: 0.5855848
	speed: 0.0598s/iter; left time: 11671.1888s
	iters: 3100, epoch: 4 | loss: 0.3900028
	speed: 0.0611s/iter; left time: 11916.9640s
	iters: 3200, epoch: 4 | loss: 0.1059656
	speed: 0.0688s/iter; left time: 13413.4141s
	iters: 3300, epoch: 4 | loss: 0.1019439
	speed: 0.0643s/iter; left time: 12518.4741s
	iters: 3400, epoch: 4 | loss: 0.0614477
	speed: 0.0637s/iter; left time: 12393.1188s
	iters: 3500, epoch: 4 | loss: 0.0558872
	speed: 0.0464s/iter; left time: 9020.9497s
	iters: 3600, epoch: 4 | loss: 0.5165259
	speed: 0.0389s/iter; left time: 7556.8015s
	iters: 3700, epoch: 4 | loss: 0.1598438
	speed: 0.0524s/iter; left time: 10182.5658s
	iters: 3800, epoch: 4 | loss: 0.3052747
	speed: 0.0636s/iter; left time: 12362.1142s
	iters: 3900, epoch: 4 | loss: 0.5294376
	speed: 0.0592s/iter; left time: 11494.3446s
	iters: 4000, epoch: 4 | loss: 0.3533418
	speed: 0.0544s/iter; left time: 10556.0171s
	iters: 4100, epoch: 4 | loss: 0.2474621
	speed: 0.0599s/iter; left time: 11626.0737s
	iters: 4200, epoch: 4 | loss: 1.0501040
	speed: 0.0519s/iter; left time: 10067.4123s
	iters: 4300, epoch: 4 | loss: 0.3258666
	speed: 0.0617s/iter; left time: 11956.6568s
	iters: 4400, epoch: 4 | loss: 0.2524405
	speed: 0.0658s/iter; left time: 12740.6782s
	iters: 4500, epoch: 4 | loss: 0.2684378
	speed: 0.0622s/iter; left time: 12031.6676s
	iters: 4600, epoch: 4 | loss: 0.6209701
	speed: 0.0634s/iter; left time: 12273.0836s
	iters: 4700, epoch: 4 | loss: 0.6282551
	speed: 0.0554s/iter; left time: 10709.1901s
	iters: 4800, epoch: 4 | loss: 0.4027878
	speed: 0.0660s/iter; left time: 12760.6894s
	iters: 4900, epoch: 4 | loss: 0.3999557
	speed: 0.0638s/iter; left time: 12322.9265s
	iters: 5000, epoch: 4 | loss: 0.2827021
	speed: 0.0655s/iter; left time: 12642.7397s
	iters: 5100, epoch: 4 | loss: 0.3529503
	speed: 0.0573s/iter; left time: 11065.0598s
	iters: 5200, epoch: 4 | loss: 0.2002136
	speed: 0.0600s/iter; left time: 11569.8039s
	iters: 5300, epoch: 4 | loss: 0.3908027
	speed: 0.0644s/iter; left time: 12417.8886s
	iters: 5400, epoch: 4 | loss: 0.5785664
	speed: 0.0658s/iter; left time: 12677.6375s
	iters: 5500, epoch: 4 | loss: 0.1815786
	speed: 0.0601s/iter; left time: 11582.3612s
	iters: 5600, epoch: 4 | loss: 0.3454246
	speed: 0.0530s/iter; left time: 10193.8896s
	iters: 5700, epoch: 4 | loss: 0.2112233
	speed: 0.0661s/iter; left time: 12718.5763s
	iters: 5800, epoch: 4 | loss: 0.2836640
	speed: 0.0671s/iter; left time: 12905.1036s
	iters: 5900, epoch: 4 | loss: 0.1358746
	speed: 0.0640s/iter; left time: 12303.5128s
	iters: 6000, epoch: 4 | loss: 0.5348234
	speed: 0.0671s/iter; left time: 12889.2945s
	iters: 6100, epoch: 4 | loss: 0.2186771
	speed: 0.0683s/iter; left time: 13108.6356s
	iters: 6200, epoch: 4 | loss: 0.1189215
	speed: 0.0719s/iter; left time: 13796.2095s
	iters: 6300, epoch: 4 | loss: 0.3607453
	speed: 0.0716s/iter; left time: 13731.6493s
	iters: 6400, epoch: 4 | loss: 0.6257059
	speed: 0.0755s/iter; left time: 14464.3424s
	iters: 6500, epoch: 4 | loss: 0.2652086
	speed: 0.0611s/iter; left time: 11697.2504s
	iters: 6600, epoch: 4 | loss: 0.2625405
	speed: 0.0615s/iter; left time: 11776.5620s
	iters: 6700, epoch: 4 | loss: 0.4919926
	speed: 0.0569s/iter; left time: 10886.6851s
	iters: 6800, epoch: 4 | loss: 0.1214410
	speed: 0.0520s/iter; left time: 9950.7815s
	iters: 6900, epoch: 4 | loss: 0.7548196
	speed: 0.0628s/iter; left time: 11997.4213s
	iters: 7000, epoch: 4 | loss: 0.1457631
	speed: 0.0585s/iter; left time: 11184.1777s
	iters: 7100, epoch: 4 | loss: 0.4195953
	speed: 0.0490s/iter; left time: 9354.8697s
	iters: 7200, epoch: 4 | loss: 0.1621902
	speed: 0.0527s/iter; left time: 10053.6067s
	iters: 7300, epoch: 4 | loss: 0.2603570
	speed: 0.0673s/iter; left time: 12836.6855s
Epoch: 4 cost time: 442.6383628845215
Epoch: 4, Steps: 7336 | Train Loss: 0.349 Vali Loss: 1.904 Vali Acc: 0.604 Test Loss: 1.904 Test Acc: 0.604
EarlyStopping counter: 1 out of 10
	iters: 100, epoch: 5 | loss: 0.5403028
	speed: 0.3084s/iter; left time: 58800.9391s
	iters: 200, epoch: 5 | loss: 0.0887309
	speed: 0.0680s/iter; left time: 12963.6617s
	iters: 300, epoch: 5 | loss: 0.1542524
	speed: 0.0687s/iter; left time: 13082.6970s
	iters: 400, epoch: 5 | loss: 0.2554371
	speed: 0.0672s/iter; left time: 12782.0297s
	iters: 500, epoch: 5 | loss: 0.2509481
	speed: 0.0614s/iter; left time: 11679.8426s
	iters: 600, epoch: 5 | loss: 0.1466115
	speed: 0.0581s/iter; left time: 11048.2080s
	iters: 700, epoch: 5 | loss: 0.4404635
	speed: 0.0535s/iter; left time: 10166.8008s
	iters: 800, epoch: 5 | loss: 0.1468932
	speed: 0.0422s/iter; left time: 8014.3601s
	iters: 900, epoch: 5 | loss: 0.2006736
	speed: 0.0638s/iter; left time: 12117.9762s
	iters: 1000, epoch: 5 | loss: 0.6206236
	speed: 0.0663s/iter; left time: 12571.1339s
	iters: 1100, epoch: 5 | loss: 0.0965162
	speed: 0.0665s/iter; left time: 12602.9534s
	iters: 1200, epoch: 5 | loss: 0.1853401
	speed: 0.0569s/iter; left time: 10777.0889s
	iters: 1300, epoch: 5 | loss: 0.2704366
	speed: 0.0561s/iter; left time: 10625.7498s
	iters: 1400, epoch: 5 | loss: 0.1345008
	speed: 0.0560s/iter; left time: 10602.3419s
	iters: 1500, epoch: 5 | loss: 0.1402438
	speed: 0.0541s/iter; left time: 10231.1180s
	iters: 1600, epoch: 5 | loss: 0.3909391
	speed: 0.0542s/iter; left time: 10250.8535s
	iters: 1700, epoch: 5 | loss: 0.3071145
	speed: 0.0512s/iter; left time: 9679.4743s
	iters: 1800, epoch: 5 | loss: 0.1661933
	speed: 0.0494s/iter; left time: 9339.7768s
	iters: 1900, epoch: 5 | loss: 0.8227755
	speed: 0.0512s/iter; left time: 9662.1101s
	iters: 2000, epoch: 5 | loss: 0.3154621
	speed: 0.0506s/iter; left time: 9546.4796s
	iters: 2100, epoch: 5 | loss: 0.5844137
	speed: 0.0507s/iter; left time: 9559.8692s
	iters: 2200, epoch: 5 | loss: 0.5782598
	speed: 0.0540s/iter; left time: 10180.3860s
	iters: 2300, epoch: 5 | loss: 0.0161117
	speed: 0.0597s/iter; left time: 11251.2632s
	iters: 2400, epoch: 5 | loss: 0.2912633
	speed: 0.0622s/iter; left time: 11708.3105s
	iters: 2500, epoch: 5 | loss: 0.1283228
	speed: 0.0612s/iter; left time: 11525.1688s
	iters: 2600, epoch: 5 | loss: 0.2621729
	speed: 0.0508s/iter; left time: 9559.7184s
	iters: 2700, epoch: 5 | loss: 0.4807030
	speed: 0.0599s/iter; left time: 11254.7289s
	iters: 2800, epoch: 5 | loss: 0.1210660
	speed: 0.0656s/iter; left time: 12337.0851s
	iters: 2900, epoch: 5 | loss: 0.4709763
	speed: 0.0627s/iter; left time: 11768.4244s
	iters: 3000, epoch: 5 | loss: 0.4576119
	speed: 0.0643s/iter; left time: 12073.3991s
	iters: 3100, epoch: 5 | loss: 0.4356409
	speed: 0.0611s/iter; left time: 11469.7504s
	iters: 3200, epoch: 5 | loss: 0.1995861
	speed: 0.0625s/iter; left time: 11722.0806s
	iters: 3300, epoch: 5 | loss: 0.2667194
	speed: 0.0613s/iter; left time: 11484.6566s
	iters: 3400, epoch: 5 | loss: 0.2019504
	speed: 0.0585s/iter; left time: 10956.0288s
	iters: 3500, epoch: 5 | loss: 0.1842896
	speed: 0.0607s/iter; left time: 11373.2242s
	iters: 3600, epoch: 5 | loss: 0.1655529
	speed: 0.0612s/iter; left time: 11453.5021s
	iters: 3700, epoch: 5 | loss: 0.3184978
	speed: 0.0681s/iter; left time: 12728.3010s
	iters: 3800, epoch: 5 | loss: 0.5476698
	speed: 0.0662s/iter; left time: 12382.8073s
	iters: 3900, epoch: 5 | loss: 0.0840919
	speed: 0.0744s/iter; left time: 13898.0158s
	iters: 4000, epoch: 5 | loss: 0.4164739
	speed: 0.0766s/iter; left time: 14311.8096s
	iters: 4100, epoch: 5 | loss: 0.1431144
	speed: 0.0696s/iter; left time: 12982.3618s
	iters: 4200, epoch: 5 | loss: 0.3900383
	speed: 0.0666s/iter; left time: 12432.3832s
	iters: 4300, epoch: 5 | loss: 0.2609717
	speed: 0.0707s/iter; left time: 13181.8399s
	iters: 4400, epoch: 5 | loss: 0.4777146
	speed: 0.0720s/iter; left time: 13412.4079s
	iters: 4500, epoch: 5 | loss: 0.4633397
	speed: 0.0638s/iter; left time: 11880.7939s
	iters: 4600, epoch: 5 | loss: 0.1765207
	speed: 0.0664s/iter; left time: 12358.6889s
	iters: 4700, epoch: 5 | loss: 0.3582202
	speed: 0.0664s/iter; left time: 12348.9595s
	iters: 4800, epoch: 5 | loss: 0.1883109
	speed: 0.0675s/iter; left time: 12551.8850s
	iters: 4900, epoch: 5 | loss: 0.3487113
	speed: 0.0671s/iter; left time: 12474.3859s
	iters: 5000, epoch: 5 | loss: 0.2182839
	speed: 0.0663s/iter; left time: 12308.6136s
	iters: 5100, epoch: 5 | loss: 0.1711746
	speed: 0.0675s/iter; left time: 12521.6266s
	iters: 5200, epoch: 5 | loss: 0.1738700
	speed: 0.0670s/iter; left time: 12431.8766s
	iters: 5300, epoch: 5 | loss: 0.4261248
	speed: 0.0647s/iter; left time: 12002.3879s
	iters: 5400, epoch: 5 | loss: 0.3428243
	speed: 0.0775s/iter; left time: 14369.0760s
	iters: 5500, epoch: 5 | loss: 0.1745466
	speed: 0.0755s/iter; left time: 13984.7614s
	iters: 5600, epoch: 5 | loss: 0.3629902
	speed: 0.0666s/iter; left time: 12325.9346s
	iters: 5700, epoch: 5 | loss: 0.1464597
	speed: 0.0727s/iter; left time: 13454.5421s
	iters: 5800, epoch: 5 | loss: 0.1828354
	speed: 0.0606s/iter; left time: 11215.5358s
	iters: 5900, epoch: 5 | loss: 0.1814282
	speed: 0.0369s/iter; left time: 6829.2656s
	iters: 6000, epoch: 5 | loss: 0.1183982
	speed: 0.0369s/iter; left time: 6819.6922s
	iters: 6100, epoch: 5 | loss: 0.1193032
	speed: 0.0372s/iter; left time: 6876.6931s
	iters: 6200, epoch: 5 | loss: 0.0748438
	speed: 0.0372s/iter; left time: 6860.3138s
	iters: 6300, epoch: 5 | loss: 0.3923724
	speed: 0.0375s/iter; left time: 6920.3257s
	iters: 6400, epoch: 5 | loss: 0.0353510
	speed: 0.0444s/iter; left time: 8176.7720s
	iters: 6500, epoch: 5 | loss: 0.3687201
	speed: 0.0656s/iter; left time: 12079.2054s
	iters: 6600, epoch: 5 | loss: 0.3514075
	speed: 0.0626s/iter; left time: 11530.5700s
	iters: 6700, epoch: 5 | loss: 0.0667789
	speed: 0.0638s/iter; left time: 11747.3597s
	iters: 6800, epoch: 5 | loss: 0.2595275
	speed: 0.0579s/iter; left time: 10646.0475s
	iters: 6900, epoch: 5 | loss: 0.1702041
	speed: 0.0450s/iter; left time: 8276.6912s
	iters: 7000, epoch: 5 | loss: 0.0886957
	speed: 0.0430s/iter; left time: 7907.5365s
	iters: 7100, epoch: 5 | loss: 0.1108598
	speed: 0.0381s/iter; left time: 6993.1804s
	iters: 7200, epoch: 5 | loss: 0.6710531
	speed: 0.0426s/iter; left time: 7823.1544s
	iters: 7300, epoch: 5 | loss: 0.1167464
	speed: 0.0624s/iter; left time: 11448.8852s
Epoch: 5 cost time: 437.89031314849854
Epoch: 5, Steps: 7336 | Train Loss: 0.321 Vali Loss: 2.029 Vali Acc: 0.598 Test Loss: 2.029 Test Acc: 0.598
EarlyStopping counter: 2 out of 10
Updating learning rate to 6.25e-05
	iters: 100, epoch: 6 | loss: 0.4166506
	speed: 0.3125s/iter; left time: 57283.9810s
	iters: 200, epoch: 6 | loss: 0.3155027
	speed: 0.0548s/iter; left time: 10047.7723s
	iters: 300, epoch: 6 | loss: 0.2818593
	speed: 0.0552s/iter; left time: 10115.7437s
	iters: 400, epoch: 6 | loss: 0.2755473
	speed: 0.0601s/iter; left time: 10990.8381s
	iters: 500, epoch: 6 | loss: 0.2011862
	speed: 0.0544s/iter; left time: 9957.0550s
	iters: 600, epoch: 6 | loss: 0.6924989
	speed: 0.0485s/iter; left time: 8865.9207s
	iters: 700, epoch: 6 | loss: 0.1173459
	speed: 0.0558s/iter; left time: 10199.4314s
	iters: 800, epoch: 6 | loss: 0.1285290
	speed: 0.0652s/iter; left time: 11897.5690s
	iters: 900, epoch: 6 | loss: 0.2099392
	speed: 0.0599s/iter; left time: 10938.8009s
	iters: 1000, epoch: 6 | loss: 0.1494935
	speed: 0.0528s/iter; left time: 9626.8515s
	iters: 1100, epoch: 6 | loss: 0.3847108
	speed: 0.0518s/iter; left time: 9438.2844s
	iters: 1200, epoch: 6 | loss: 0.0742657
	speed: 0.0532s/iter; left time: 9685.7756s
	iters: 1300, epoch: 6 | loss: 0.1805822
	speed: 0.0523s/iter; left time: 9524.4051s
	iters: 1400, epoch: 6 | loss: 0.2822460
	speed: 0.0540s/iter; left time: 9834.2797s
	iters: 1500, epoch: 6 | loss: 0.2307291
	speed: 0.0567s/iter; left time: 10314.7232s
	iters: 1600, epoch: 6 | loss: 0.1958038
	speed: 0.0547s/iter; left time: 9939.6233s
	iters: 1700, epoch: 6 | loss: 0.3293838
	speed: 0.0503s/iter; left time: 9147.8575s
	iters: 1800, epoch: 6 | loss: 0.2829416
	speed: 0.0517s/iter; left time: 9388.7606s
	iters: 1900, epoch: 6 | loss: 0.1764458
	speed: 0.0526s/iter; left time: 9545.3917s
	iters: 2000, epoch: 6 | loss: 0.3214893
	speed: 0.0564s/iter; left time: 10229.9596s
	iters: 2100, epoch: 6 | loss: 0.2167864
	speed: 0.0532s/iter; left time: 9639.5138s
	iters: 2200, epoch: 6 | loss: 0.3318149
	speed: 0.0459s/iter; left time: 8317.3698s
	iters: 2300, epoch: 6 | loss: 0.0318496
	speed: 0.0466s/iter; left time: 8448.1664s
	iters: 2400, epoch: 6 | loss: 0.4990821
	speed: 0.0483s/iter; left time: 8736.7174s
	iters: 2500, epoch: 6 | loss: 0.2131446
	speed: 0.0493s/iter; left time: 8921.3661s
	iters: 2600, epoch: 6 | loss: 0.2984546
	speed: 0.0498s/iter; left time: 9012.7206s
	iters: 2700, epoch: 6 | loss: 0.2786646
	speed: 0.0470s/iter; left time: 8498.3152s
	iters: 2800, epoch: 6 | loss: 0.1196021
	speed: 0.0485s/iter; left time: 8765.6123s
	iters: 2900, epoch: 6 | loss: 0.1794077
	speed: 0.0535s/iter; left time: 9657.6782s
	iters: 3000, epoch: 6 | loss: 0.1445711
	speed: 0.0504s/iter; left time: 9084.0026s
	iters: 3100, epoch: 6 | loss: 0.2023366
	speed: 0.0490s/iter; left time: 8832.9429s
	iters: 3200, epoch: 6 | loss: 0.3288524
	speed: 0.0510s/iter; left time: 9188.8528s
	iters: 3300, epoch: 6 | loss: 0.0835947
	speed: 0.0508s/iter; left time: 9155.3917s
	iters: 3400, epoch: 6 | loss: 0.2285441
	speed: 0.0516s/iter; left time: 9283.0173s
	iters: 3500, epoch: 6 | loss: 0.2611056
	speed: 0.0496s/iter; left time: 8923.4199s
	iters: 3600, epoch: 6 | loss: 0.2145529
	speed: 0.0508s/iter; left time: 9130.8320s
	iters: 3700, epoch: 6 | loss: 0.2532656
	speed: 0.0506s/iter; left time: 9089.3474s
	iters: 3800, epoch: 6 | loss: 0.2437619
	speed: 0.0513s/iter; left time: 9216.4882s
	iters: 3900, epoch: 6 | loss: 0.0654633
	speed: 0.0490s/iter; left time: 8787.0875s
	iters: 4000, epoch: 6 | loss: 0.1782311
	speed: 0.0446s/iter; left time: 7993.3452s
	iters: 4100, epoch: 6 | loss: 0.2020322
	speed: 0.0458s/iter; left time: 8209.3985s
	iters: 4200, epoch: 6 | loss: 0.2407793
	speed: 0.0486s/iter; left time: 8700.2876s
	iters: 4300, epoch: 6 | loss: 0.2030497
	speed: 0.0476s/iter; left time: 8524.8579s
	iters: 4400, epoch: 6 | loss: 0.4312843
	speed: 0.0453s/iter; left time: 8116.6721s
	iters: 4500, epoch: 6 | loss: 0.1283153
	speed: 0.0462s/iter; left time: 8262.4104s
	iters: 4600, epoch: 6 | loss: 0.2159221
	speed: 0.0484s/iter; left time: 8654.9649s
	iters: 4700, epoch: 6 | loss: 0.0324452
	speed: 0.0515s/iter; left time: 9196.2822s
	iters: 4800, epoch: 6 | loss: 0.0943980
	speed: 0.0458s/iter; left time: 8177.7204s
	iters: 4900, epoch: 6 | loss: 0.1460843
	speed: 0.0485s/iter; left time: 8658.1691s
	iters: 5000, epoch: 6 | loss: 0.0931883
	speed: 0.0496s/iter; left time: 8852.5169s
	iters: 5100, epoch: 6 | loss: 0.0360778
	speed: 0.0495s/iter; left time: 8830.4563s
	iters: 5200, epoch: 6 | loss: 0.1349752
	speed: 0.0489s/iter; left time: 8722.3433s
	iters: 5300, epoch: 6 | loss: 0.2953926
	speed: 0.0471s/iter; left time: 8383.0358s
	iters: 5400, epoch: 6 | loss: 0.1746010
	speed: 0.0440s/iter; left time: 7830.6496s
	iters: 5500, epoch: 6 | loss: 0.1060333
	speed: 0.0477s/iter; left time: 8479.2631s
	iters: 5600, epoch: 6 | loss: 0.0664669
	speed: 0.0463s/iter; left time: 8236.9775s
	iters: 5700, epoch: 6 | loss: 0.0316724
	speed: 0.0472s/iter; left time: 8396.2509s
	iters: 5800, epoch: 6 | loss: 0.4087782
	speed: 0.0479s/iter; left time: 8511.4560s
	iters: 5900, epoch: 6 | loss: 0.2842501
	speed: 0.0457s/iter; left time: 8112.3470s
	iters: 6000, epoch: 6 | loss: 0.0908341
	speed: 0.0496s/iter; left time: 8801.0725s
	iters: 6100, epoch: 6 | loss: 0.2535837
	speed: 0.0480s/iter; left time: 8516.9134s
	iters: 6200, epoch: 6 | loss: 0.0921385
	speed: 0.0500s/iter; left time: 8868.0611s
	iters: 6300, epoch: 6 | loss: 0.1954303
	speed: 0.0494s/iter; left time: 8747.3104s
	iters: 6400, epoch: 6 | loss: 0.1650144
	speed: 0.0605s/iter; left time: 10712.6838s
	iters: 6500, epoch: 6 | loss: 0.3175772
	speed: 0.0669s/iter; left time: 11832.4362s
	iters: 6600, epoch: 6 | loss: 0.2395863
	speed: 0.0595s/iter; left time: 10518.3330s
	iters: 6700, epoch: 6 | loss: 0.1950613
	speed: 0.0586s/iter; left time: 10357.2243s
	iters: 6800, epoch: 6 | loss: 0.4520314
	speed: 0.0532s/iter; left time: 9400.8648s
	iters: 6900, epoch: 6 | loss: 0.3730515
	speed: 0.0536s/iter; left time: 9461.7562s
	iters: 7000, epoch: 6 | loss: 0.0346987
	speed: 0.0580s/iter; left time: 10223.4706s
	iters: 7100, epoch: 6 | loss: 0.3817906
	speed: 0.0519s/iter; left time: 9149.3133s
	iters: 7200, epoch: 6 | loss: 0.1204845
	speed: 0.0519s/iter; left time: 9140.6226s
	iters: 7300, epoch: 6 | loss: 0.0710282
	speed: 0.0591s/iter; left time: 10410.3554s
Epoch: 6 cost time: 379.1714012622833
Epoch: 6, Steps: 7336 | Train Loss: 0.207 Vali Loss: 1.998 Vali Acc: 0.605 Test Loss: 1.998 Test Acc: 0.605
EarlyStopping counter: 3 out of 10
	iters: 100, epoch: 7 | loss: 0.0489722
	speed: 0.2871s/iter; left time: 50528.1180s
	iters: 200, epoch: 7 | loss: 0.3301441
	speed: 0.0624s/iter; left time: 10979.4948s
	iters: 300, epoch: 7 | loss: 0.1558740
	speed: 0.0593s/iter; left time: 10420.3088s
	iters: 400, epoch: 7 | loss: 0.1689484
	speed: 0.0646s/iter; left time: 11345.9642s
	iters: 500, epoch: 7 | loss: 0.1803967
	speed: 0.0664s/iter; left time: 11653.8783s
	iters: 600, epoch: 7 | loss: 0.4758132
	speed: 0.0623s/iter; left time: 10931.3214s
	iters: 700, epoch: 7 | loss: 0.1431435
	speed: 0.0391s/iter; left time: 6854.4746s
	iters: 800, epoch: 7 | loss: 0.0819144
	speed: 0.0611s/iter; left time: 10702.8600s
	iters: 900, epoch: 7 | loss: 0.1884894
	speed: 0.0669s/iter; left time: 11714.1965s
	iters: 1000, epoch: 7 | loss: 0.0557309
	speed: 0.0626s/iter; left time: 10963.7483s
	iters: 1100, epoch: 7 | loss: 0.1667386
	speed: 0.0560s/iter; left time: 9801.2356s
	iters: 1200, epoch: 7 | loss: 0.1214631
	speed: 0.0531s/iter; left time: 9285.9117s
	iters: 1300, epoch: 7 | loss: 0.3159178
	speed: 0.0370s/iter; left time: 6458.5904s
	iters: 1400, epoch: 7 | loss: 0.0317396
	speed: 0.0370s/iter; left time: 6456.5456s
	iters: 1500, epoch: 7 | loss: 0.0912919
	speed: 0.0378s/iter; left time: 6598.1674s
	iters: 1600, epoch: 7 | loss: 0.0705674
	speed: 0.0429s/iter; left time: 7487.7621s
	iters: 1700, epoch: 7 | loss: 0.2762823
	speed: 0.0649s/iter; left time: 11315.5257s
	iters: 1800, epoch: 7 | loss: 0.2727263
	speed: 0.0643s/iter; left time: 11203.7106s
	iters: 1900, epoch: 7 | loss: 0.2299928
	speed: 0.0633s/iter; left time: 11024.3508s
	iters: 2000, epoch: 7 | loss: 0.1607655
	speed: 0.0651s/iter; left time: 11337.2527s
	iters: 2100, epoch: 7 | loss: 0.0159615
	speed: 0.0656s/iter; left time: 11412.3171s
	iters: 2200, epoch: 7 | loss: 0.3695908
	speed: 0.0683s/iter; left time: 11868.7793s
	iters: 2300, epoch: 7 | loss: 0.2480038
	speed: 0.0667s/iter; left time: 11597.2220s
	iters: 2400, epoch: 7 | loss: 0.1161677
	speed: 0.0648s/iter; left time: 11260.6617s
	iters: 2500, epoch: 7 | loss: 0.2183978
	speed: 0.0618s/iter; left time: 10729.8933s
	iters: 2600, epoch: 7 | loss: 0.1458904
	speed: 0.0603s/iter; left time: 10457.4431s
	iters: 2700, epoch: 7 | loss: 0.3636193
	speed: 0.0639s/iter; left time: 11077.8939s
	iters: 2800, epoch: 7 | loss: 0.3629638
	speed: 0.0631s/iter; left time: 10926.0165s
	iters: 2900, epoch: 7 | loss: 0.6069674
	speed: 0.0617s/iter; left time: 10692.7777s
	iters: 3000, epoch: 7 | loss: 0.2538495
	speed: 0.0614s/iter; left time: 10620.4162s
	iters: 3100, epoch: 7 | loss: 0.0826304
	speed: 0.0643s/iter; left time: 11127.5298s
	iters: 3200, epoch: 7 | loss: 0.3651669
	speed: 0.0651s/iter; left time: 11249.5463s
	iters: 3300, epoch: 7 | loss: 0.2306227
	speed: 0.0650s/iter; left time: 11221.5244s
	iters: 3400, epoch: 7 | loss: 0.0657905
	speed: 0.0623s/iter; left time: 10759.0553s
	iters: 3500, epoch: 7 | loss: 0.1538246
	speed: 0.0716s/iter; left time: 12354.6943s
	iters: 3600, epoch: 7 | loss: 0.0644013
	speed: 0.0620s/iter; left time: 10701.4367s
	iters: 3700, epoch: 7 | loss: 0.4982145
	speed: 0.0598s/iter; left time: 10311.1983s
	iters: 3800, epoch: 7 | loss: 0.1144982
	speed: 0.0612s/iter; left time: 10540.2813s
	iters: 3900, epoch: 7 | loss: 0.3037458
	speed: 0.0640s/iter; left time: 11021.0205s
	iters: 4000, epoch: 7 | loss: 0.0335372
	speed: 0.0679s/iter; left time: 11684.5094s
	iters: 4100, epoch: 7 | loss: 0.6768337
	speed: 0.0626s/iter; left time: 10763.8208s
	iters: 4200, epoch: 7 | loss: 0.0700057
	speed: 0.0474s/iter; left time: 8139.2315s
	iters: 4300, epoch: 7 | loss: 0.0902652
	speed: 0.0514s/iter; left time: 8825.8840s
	iters: 4400, epoch: 7 | loss: 0.1674061
	speed: 0.0578s/iter; left time: 9915.4179s
	iters: 4500, epoch: 7 | loss: 0.1043543
	speed: 0.0599s/iter; left time: 10273.0863s
	iters: 4600, epoch: 7 | loss: 0.0232714
	speed: 0.0635s/iter; left time: 10892.0169s
	iters: 4700, epoch: 7 | loss: 0.2961172
	speed: 0.0627s/iter; left time: 10739.2377s
	iters: 4800, epoch: 7 | loss: 0.4251260
	speed: 0.0653s/iter; left time: 11178.5718s
	iters: 4900, epoch: 7 | loss: 0.2494269
	speed: 0.0639s/iter; left time: 10933.1220s
	iters: 5000, epoch: 7 | loss: 0.1961654
	speed: 0.0622s/iter; left time: 10642.2860s
	iters: 5100, epoch: 7 | loss: 0.2767772
	speed: 0.0592s/iter; left time: 10115.5862s
	iters: 5200, epoch: 7 | loss: 0.1309670
	speed: 0.0663s/iter; left time: 11328.1741s
	iters: 5300, epoch: 7 | loss: 0.3163737
	speed: 0.0646s/iter; left time: 11028.5817s
	iters: 5400, epoch: 7 | loss: 0.2869836
	speed: 0.0638s/iter; left time: 10893.9179s
	iters: 5500, epoch: 7 | loss: 0.2288836
	speed: 0.0594s/iter; left time: 10128.5709s
	iters: 5600, epoch: 7 | loss: 0.1248661
	speed: 0.0586s/iter; left time: 9987.2114s
	iters: 5700, epoch: 7 | loss: 0.1916944
	speed: 0.0577s/iter; left time: 9822.6728s
	iters: 5800, epoch: 7 | loss: 0.0160590
	speed: 0.0583s/iter; left time: 9927.0031s
	iters: 5900, epoch: 7 | loss: 0.0807849
	speed: 0.0626s/iter; left time: 10646.7631s
	iters: 6000, epoch: 7 | loss: 0.4002534
	speed: 0.0563s/iter; left time: 9578.3113s
	iters: 6100, epoch: 7 | loss: 0.0844152
	speed: 0.0535s/iter; left time: 9101.5792s
	iters: 6200, epoch: 7 | loss: 0.0433635
	speed: 0.0774s/iter; left time: 13144.2094s
	iters: 6300, epoch: 7 | loss: 0.1693595
	speed: 0.0721s/iter; left time: 12245.3600s
	iters: 6400, epoch: 7 | loss: 0.1433009
	speed: 0.0649s/iter; left time: 11014.8712s
	iters: 6500, epoch: 7 | loss: 0.0692218
	speed: 0.0562s/iter; left time: 9534.1167s
	iters: 6600, epoch: 7 | loss: 0.2766789
	speed: 0.0544s/iter; left time: 9213.4638s
	iters: 6700, epoch: 7 | loss: 0.1336887
	speed: 0.0554s/iter; left time: 9390.7309s
	iters: 6800, epoch: 7 | loss: 0.0525543
	speed: 0.0551s/iter; left time: 9320.7742s
	iters: 6900, epoch: 7 | loss: 0.4144478
	speed: 0.0604s/iter; left time: 10220.6384s
	iters: 7000, epoch: 7 | loss: 0.0174257
	speed: 0.0566s/iter; left time: 9563.0639s
	iters: 7100, epoch: 7 | loss: 0.4125835
	speed: 0.0617s/iter; left time: 10432.2524s
	iters: 7200, epoch: 7 | loss: 0.3321072
	speed: 0.0635s/iter; left time: 10717.2474s
	iters: 7300, epoch: 7 | loss: 0.5299651
	speed: 0.0601s/iter; left time: 10146.9180s
Epoch: 7 cost time: 442.72416496276855
Epoch: 7, Steps: 7336 | Train Loss: 0.187 Vali Loss: 2.083 Vali Acc: 0.594 Test Loss: 2.083 Test Acc: 0.594
EarlyStopping counter: 4 out of 10
	iters: 100, epoch: 8 | loss: 0.0426582
	speed: 0.2891s/iter; left time: 48751.1140s
	iters: 200, epoch: 8 | loss: 0.1433559
	speed: 0.0652s/iter; left time: 10980.1463s
	iters: 300, epoch: 8 | loss: 0.2073850
	speed: 0.0645s/iter; left time: 10858.6257s
	iters: 400, epoch: 8 | loss: 0.0345212
	speed: 0.0622s/iter; left time: 10471.1836s
	iters: 500, epoch: 8 | loss: 0.1296540
	speed: 0.0661s/iter; left time: 11124.0924s
	iters: 600, epoch: 8 | loss: 0.1607423
	speed: 0.0633s/iter; left time: 10649.7184s
	iters: 700, epoch: 8 | loss: 0.0302765
	speed: 0.0590s/iter; left time: 9916.2266s
	iters: 800, epoch: 8 | loss: 0.0800237
	speed: 0.0641s/iter; left time: 10765.2115s
	iters: 900, epoch: 8 | loss: 0.0639415
	speed: 0.0652s/iter; left time: 10938.4842s
	iters: 1000, epoch: 8 | loss: 0.2175168
	speed: 0.0620s/iter; left time: 10401.6870s
	iters: 1100, epoch: 8 | loss: 0.5985366
	speed: 0.0583s/iter; left time: 9779.5520s
	iters: 1200, epoch: 8 | loss: 0.3239080
	speed: 0.0562s/iter; left time: 9415.0565s
	iters: 1300, epoch: 8 | loss: 0.3781731
	speed: 0.0599s/iter; left time: 10028.9740s
	iters: 1400, epoch: 8 | loss: 0.3243669
	speed: 0.0600s/iter; left time: 10035.5479s
	iters: 1500, epoch: 8 | loss: 0.2271481
	speed: 0.0396s/iter; left time: 6614.1604s
	iters: 1600, epoch: 8 | loss: 0.3169085
	speed: 0.0578s/iter; left time: 9665.9833s
	iters: 1700, epoch: 8 | loss: 0.2814241
	speed: 0.0591s/iter; left time: 9872.6438s
	iters: 1800, epoch: 8 | loss: 0.1046816
	speed: 0.0586s/iter; left time: 9782.3608s
	iters: 1900, epoch: 8 | loss: 0.5539935
	speed: 0.0626s/iter; left time: 10442.1955s
	iters: 2000, epoch: 8 | loss: 0.1525109
	speed: 0.0613s/iter; left time: 10217.1782s
	iters: 2100, epoch: 8 | loss: 0.1501821
	speed: 0.0576s/iter; left time: 9596.3374s
	iters: 2200, epoch: 8 | loss: 0.0282054
	speed: 0.0604s/iter; left time: 10052.5842s
	iters: 2300, epoch: 8 | loss: 0.1106332
	speed: 0.0643s/iter; left time: 10697.1299s
	iters: 2400, epoch: 8 | loss: 0.1795736
	speed: 0.0660s/iter; left time: 10982.8394s
	iters: 2500, epoch: 8 | loss: 0.0752706
	speed: 0.0634s/iter; left time: 10544.1249s
	iters: 2600, epoch: 8 | loss: 0.2055791
	speed: 0.0617s/iter; left time: 10257.1047s
	iters: 2700, epoch: 8 | loss: 0.1368483
	speed: 0.0617s/iter; left time: 10240.8931s
	iters: 2800, epoch: 8 | loss: 0.2342109
	speed: 0.0612s/iter; left time: 10146.9401s
	iters: 2900, epoch: 8 | loss: 0.0669319
	speed: 0.0591s/iter; left time: 9794.8027s
	iters: 3000, epoch: 8 | loss: 0.3274759
	speed: 0.0633s/iter; left time: 10484.3223s
	iters: 3100, epoch: 8 | loss: 0.0369635
	speed: 0.0684s/iter; left time: 11330.1213s
	iters: 3200, epoch: 8 | loss: 0.1860362
	speed: 0.0663s/iter; left time: 10982.3053s
	iters: 3300, epoch: 8 | loss: 0.3006850
	speed: 0.0689s/iter; left time: 11396.1067s
	iters: 3400, epoch: 8 | loss: 0.7270776
	speed: 0.0650s/iter; left time: 10750.7749s
	iters: 3500, epoch: 8 | loss: 0.1544189
	speed: 0.0632s/iter; left time: 10439.1628s
	iters: 3600, epoch: 8 | loss: 0.2621801
	speed: 0.0659s/iter; left time: 10874.3679s
	iters: 3700, epoch: 8 | loss: 0.4615775
	speed: 0.0648s/iter; left time: 10693.7954s
	iters: 3800, epoch: 8 | loss: 0.0862733
	speed: 0.0652s/iter; left time: 10761.1711s
	iters: 3900, epoch: 8 | loss: 0.0761144
	speed: 0.0634s/iter; left time: 10448.8844s
	iters: 4000, epoch: 8 | loss: 1.0467170
	speed: 0.0627s/iter; left time: 10325.2088s
	iters: 4100, epoch: 8 | loss: 0.0412077
	speed: 0.0662s/iter; left time: 10894.0212s
	iters: 4200, epoch: 8 | loss: 0.3601416
	speed: 0.0703s/iter; left time: 11558.4029s
	iters: 4300, epoch: 8 | loss: 0.3186103
	speed: 0.0685s/iter; left time: 11261.4313s
	iters: 4400, epoch: 8 | loss: 0.0963708
	speed: 0.0652s/iter; left time: 10718.4378s
	iters: 4500, epoch: 8 | loss: 0.0593844
	speed: 0.0704s/iter; left time: 11557.5981s
	iters: 4600, epoch: 8 | loss: 0.0662765
	speed: 0.0657s/iter; left time: 10775.3828s
	iters: 4700, epoch: 8 | loss: 0.0643602
	speed: 0.0633s/iter; left time: 10384.4208s
	iters: 4800, epoch: 8 | loss: 0.0087113
	speed: 0.0637s/iter; left time: 10436.8300s
	iters: 4900, epoch: 8 | loss: 0.0576803
	speed: 0.0553s/iter; left time: 9052.4270s
	iters: 5000, epoch: 8 | loss: 0.1896371
	speed: 0.0601s/iter; left time: 9836.0715s
	iters: 5100, epoch: 8 | loss: 0.2179376
	speed: 0.0650s/iter; left time: 10634.2020s
	iters: 5200, epoch: 8 | loss: 0.1395642
	speed: 0.0558s/iter; left time: 9119.5100s
	iters: 5300, epoch: 8 | loss: 0.0483052
	speed: 0.0389s/iter; left time: 6351.4902s
	iters: 5400, epoch: 8 | loss: 0.1755136
	speed: 0.0387s/iter; left time: 6319.8679s
	iters: 5500, epoch: 8 | loss: 0.0556817
	speed: 0.0412s/iter; left time: 6726.8174s
	iters: 5600, epoch: 8 | loss: 0.0343694
	speed: 0.0621s/iter; left time: 10128.7599s
	iters: 5700, epoch: 8 | loss: 0.0614129
	speed: 0.0743s/iter; left time: 12105.1791s
	iters: 5800, epoch: 8 | loss: 0.1259104
	speed: 0.0706s/iter; left time: 11510.6671s
	iters: 5900, epoch: 8 | loss: 0.0731502
	speed: 0.0671s/iter; left time: 10932.6628s
	iters: 6000, epoch: 8 | loss: 0.0896922
	speed: 0.0399s/iter; left time: 6488.3137s
	iters: 6100, epoch: 8 | loss: 0.0962146
	speed: 0.0398s/iter; left time: 6468.6723s
	iters: 6200, epoch: 8 | loss: 0.0744162
	speed: 0.0583s/iter; left time: 9471.1699s
	iters: 6300, epoch: 8 | loss: 0.2011649
	speed: 0.0632s/iter; left time: 10264.2917s
	iters: 6400, epoch: 8 | loss: 0.0256698
	speed: 0.0530s/iter; left time: 8601.0742s
	iters: 6500, epoch: 8 | loss: 0.1077281
	speed: 0.0444s/iter; left time: 7198.5139s
	iters: 6600, epoch: 8 | loss: 0.2985201
	speed: 0.0380s/iter; left time: 6157.2123s
	iters: 6700, epoch: 8 | loss: 0.0811681
	speed: 0.0389s/iter; left time: 6298.5804s
	iters: 6800, epoch: 8 | loss: 0.0157095
	speed: 0.0388s/iter; left time: 6277.4230s
	iters: 6900, epoch: 8 | loss: 0.1858224
	speed: 0.0389s/iter; left time: 6299.3612s
	iters: 7000, epoch: 8 | loss: 0.2687766
	speed: 0.0375s/iter; left time: 6061.6328s
	iters: 7100, epoch: 8 | loss: 0.1042259
	speed: 0.0456s/iter; left time: 7367.1108s
	iters: 7200, epoch: 8 | loss: 0.1365719
	speed: 0.0468s/iter; left time: 7554.9425s
	iters: 7300, epoch: 8 | loss: 0.0282057
	speed: 0.0599s/iter; left time: 9665.0752s
Epoch: 8 cost time: 431.08247804641724
Epoch: 8, Steps: 7336 | Train Loss: 0.180 Vali Loss: 2.112 Vali Acc: 0.597 Test Loss: 2.112 Test Acc: 0.597
EarlyStopping counter: 5 out of 10
	iters: 100, epoch: 9 | loss: 0.2792132
	speed: 0.2985s/iter; left time: 48139.4737s
	iters: 200, epoch: 9 | loss: 0.5332907
	speed: 0.0660s/iter; left time: 10646.4560s
	iters: 300, epoch: 9 | loss: 0.1205460
	speed: 0.0645s/iter; left time: 10395.3748s
	iters: 400, epoch: 9 | loss: 0.2409536
	speed: 0.0671s/iter; left time: 10802.1156s
	iters: 500, epoch: 9 | loss: 0.0443859
	speed: 0.0670s/iter; left time: 10784.0027s
	iters: 600, epoch: 9 | loss: 0.1487987
	speed: 0.0574s/iter; left time: 9234.5019s
	iters: 700, epoch: 9 | loss: 0.4455749
	speed: 0.0662s/iter; left time: 10645.1576s
	iters: 800, epoch: 9 | loss: 0.1865422
	speed: 0.0670s/iter; left time: 10751.8781s
	iters: 900, epoch: 9 | loss: 0.2366055
	speed: 0.0625s/iter; left time: 10030.2186s
	iters: 1000, epoch: 9 | loss: 0.3254842
	speed: 0.0586s/iter; left time: 9401.7944s
	iters: 1100, epoch: 9 | loss: 0.2350288
	speed: 0.0684s/iter; left time: 10962.6167s
	iters: 1200, epoch: 9 | loss: 0.0432786
	speed: 0.0675s/iter; left time: 10814.8833s
	iters: 1300, epoch: 9 | loss: 0.3081622
	speed: 0.0663s/iter; left time: 10614.0149s
	iters: 1400, epoch: 9 | loss: 0.2911510
	speed: 0.0670s/iter; left time: 10711.8585s
	iters: 1500, epoch: 9 | loss: 0.2203774
	speed: 0.0565s/iter; left time: 9029.3225s
	iters: 1600, epoch: 9 | loss: 0.3233705
	speed: 0.0661s/iter; left time: 10557.7226s
	iters: 1700, epoch: 9 | loss: 0.3967602
	speed: 0.0655s/iter; left time: 10454.6982s
	iters: 1800, epoch: 9 | loss: 0.2189565
	speed: 0.0658s/iter; left time: 10505.5889s
	iters: 1900, epoch: 9 | loss: 0.7450522
	speed: 0.0680s/iter; left time: 10850.9206s
	iters: 2000, epoch: 9 | loss: 0.0175033
	speed: 0.0684s/iter; left time: 10909.0289s
	iters: 2100, epoch: 9 | loss: 0.2880859
	speed: 0.0677s/iter; left time: 10776.7512s
	iters: 2200, epoch: 9 | loss: 0.0471938
	speed: 0.0670s/iter; left time: 10663.1612s
	iters: 2300, epoch: 9 | loss: 0.6114855
	speed: 0.0663s/iter; left time: 10554.2506s
	iters: 2400, epoch: 9 | loss: 0.2088923
	speed: 0.0638s/iter; left time: 10136.4281s
	iters: 2500, epoch: 9 | loss: 0.1235767
	speed: 0.0648s/iter; left time: 10298.3674s
	iters: 2600, epoch: 9 | loss: 0.2113024
	speed: 0.0662s/iter; left time: 10513.0459s
	iters: 2700, epoch: 9 | loss: 0.1372146
	speed: 0.0630s/iter; left time: 10000.5847s
	iters: 2800, epoch: 9 | loss: 0.1707696
	speed: 0.0441s/iter; left time: 7000.2573s
	iters: 2900, epoch: 9 | loss: 0.0356011
	speed: 0.0444s/iter; left time: 7042.2843s
	iters: 3000, epoch: 9 | loss: 0.0320435
	speed: 0.0636s/iter; left time: 10075.5544s
	iters: 3100, epoch: 9 | loss: 0.2190333
	speed: 0.0660s/iter; left time: 10442.0161s
	iters: 3200, epoch: 9 | loss: 0.1758512
	speed: 0.0658s/iter; left time: 10408.5437s
	iters: 3300, epoch: 9 | loss: 0.0525854
	speed: 0.0605s/iter; left time: 9568.9844s
	iters: 3400, epoch: 9 | loss: 0.2986464
	speed: 0.0591s/iter; left time: 9330.0814s
	iters: 3500, epoch: 9 | loss: 0.1552338
	speed: 0.0619s/iter; left time: 9770.3717s
	iters: 3600, epoch: 9 | loss: 0.2205723
	speed: 0.0633s/iter; left time: 9983.6431s
	iters: 3700, epoch: 9 | loss: 0.0121150
	speed: 0.0650s/iter; left time: 10249.3927s
	iters: 3800, epoch: 9 | loss: 0.1345515
	speed: 0.0634s/iter; left time: 9993.1105s
	iters: 3900, epoch: 9 | loss: 0.0871390
	speed: 0.0640s/iter; left time: 10085.9671s
	iters: 4000, epoch: 9 | loss: 0.4197688
	speed: 0.0519s/iter; left time: 8174.9733s
	iters: 4100, epoch: 9 | loss: 0.0382507
	speed: 0.0527s/iter; left time: 8284.0515s
	iters: 4200, epoch: 9 | loss: 0.1248073
	speed: 0.0611s/iter; left time: 9610.7738s
	iters: 4300, epoch: 9 | loss: 0.3087312
	speed: 0.0642s/iter; left time: 10078.5373s
	iters: 4400, epoch: 9 | loss: 0.0742449
	speed: 0.0561s/iter; left time: 8811.6453s
	iters: 4500, epoch: 9 | loss: 0.0723615
	speed: 0.0587s/iter; left time: 9204.9671s
	iters: 4600, epoch: 9 | loss: 0.1243070
	speed: 0.0637s/iter; left time: 9981.1025s
	iters: 4700, epoch: 9 | loss: 0.0763639
	speed: 0.0664s/iter; left time: 10399.5023s
	iters: 4800, epoch: 9 | loss: 0.3879179
	speed: 0.0572s/iter; left time: 8963.0525s
	iters: 4900, epoch: 9 | loss: 0.1211632
	speed: 0.0490s/iter; left time: 7668.0896s
	iters: 5000, epoch: 9 | loss: 0.1576307
	speed: 0.0557s/iter; left time: 8706.1394s
	iters: 5100, epoch: 9 | loss: 0.7500902
	speed: 0.0765s/iter; left time: 11953.6177s
	iters: 5200, epoch: 9 | loss: 0.3293044
	speed: 0.0576s/iter; left time: 8991.6519s
	iters: 5300, epoch: 9 | loss: 0.1835330
	speed: 0.0521s/iter; left time: 8132.2645s
	iters: 5400, epoch: 9 | loss: 0.0378238
	speed: 0.0543s/iter; left time: 8465.0462s
	iters: 5500, epoch: 9 | loss: 0.0833804
	speed: 0.0540s/iter; left time: 8411.7747s
	iters: 5600, epoch: 9 | loss: 0.1318204
	speed: 0.0524s/iter; left time: 8165.8305s
	iters: 5700, epoch: 9 | loss: 0.2253190
	speed: 0.0592s/iter; left time: 9220.5885s
	iters: 5800, epoch: 9 | loss: 0.3299000
	speed: 0.0621s/iter; left time: 9654.6898s
	iters: 5900, epoch: 9 | loss: 0.2535044
	speed: 0.0647s/iter; left time: 10058.2529s
	iters: 6000, epoch: 9 | loss: 0.1634946
	speed: 0.0687s/iter; left time: 10683.1420s
	iters: 6100, epoch: 9 | loss: 0.1335517
	speed: 0.0630s/iter; left time: 9782.0827s
	iters: 6200, epoch: 9 | loss: 0.1429508
	speed: 0.0686s/iter; left time: 10639.8385s
	iters: 6300, epoch: 9 | loss: 0.1351626
	speed: 0.0645s/iter; left time: 10003.3048s
	iters: 6400, epoch: 9 | loss: 0.0352505
	speed: 0.0610s/iter; left time: 9452.7429s
	iters: 6500, epoch: 9 | loss: 0.2776561
	speed: 0.0620s/iter; left time: 9601.2242s
	iters: 6600, epoch: 9 | loss: 0.3375856
	speed: 0.0612s/iter; left time: 9475.0645s
	iters: 6700, epoch: 9 | loss: 0.0478555
	speed: 0.0596s/iter; left time: 9225.0267s
	iters: 6800, epoch: 9 | loss: 0.0134351
	speed: 0.0646s/iter; left time: 9987.7874s
	iters: 6900, epoch: 9 | loss: 0.0183859
	speed: 0.0406s/iter; left time: 6266.4085s
	iters: 7000, epoch: 9 | loss: 0.0307819
	speed: 0.0516s/iter; left time: 7969.5181s
	iters: 7100, epoch: 9 | loss: 0.0828160
	speed: 0.0614s/iter; left time: 9470.9844s
	iters: 7200, epoch: 9 | loss: 0.4451251
	speed: 0.0583s/iter; left time: 8985.3395s
	iters: 7300, epoch: 9 | loss: 0.0411384
	speed: 0.0609s/iter; left time: 9381.6265s
Epoch: 9 cost time: 452.56166791915894
Epoch: 9, Steps: 7336 | Train Loss: 0.175 Vali Loss: 2.174 Vali Acc: 0.596 Test Loss: 2.174 Test Acc: 0.596
EarlyStopping counter: 6 out of 10
	iters: 100, epoch: 10 | loss: 0.0786917
	speed: 0.2954s/iter; left time: 45480.7896s
	iters: 200, epoch: 10 | loss: 0.1884786
	speed: 0.0635s/iter; left time: 9773.4911s
	iters: 300, epoch: 10 | loss: 0.0160272
	speed: 0.0660s/iter; left time: 10141.2673s
	iters: 400, epoch: 10 | loss: 0.0946614
	speed: 0.0639s/iter; left time: 9821.8001s
	iters: 500, epoch: 10 | loss: 0.2791707
	speed: 0.0652s/iter; left time: 10014.5725s
	iters: 600, epoch: 10 | loss: 0.3122844
	speed: 0.0630s/iter; left time: 9673.2003s
	iters: 700, epoch: 10 | loss: 0.2727101
	speed: 0.0631s/iter; left time: 9681.6815s
	iters: 800, epoch: 10 | loss: 0.1193773
	speed: 0.0619s/iter; left time: 9492.4170s
	iters: 900, epoch: 10 | loss: 0.2111682
	speed: 0.0587s/iter; left time: 8996.9079s
	iters: 1000, epoch: 10 | loss: 0.3492383
	speed: 0.0658s/iter; left time: 10074.2048s
	iters: 1100, epoch: 10 | loss: 0.2735408
	speed: 0.0627s/iter; left time: 9586.3435s
	iters: 1200, epoch: 10 | loss: 0.1506785
	speed: 0.0620s/iter; left time: 9475.9675s
	iters: 1300, epoch: 10 | loss: 0.2560796
	speed: 0.0654s/iter; left time: 9988.4004s
	iters: 1400, epoch: 10 | loss: 0.2244365
	speed: 0.0612s/iter; left time: 9344.5103s
	iters: 1500, epoch: 10 | loss: 0.1107925
	speed: 0.0410s/iter; left time: 6248.8907s
	iters: 1600, epoch: 10 | loss: 0.3328467
	speed: 0.0392s/iter; left time: 5969.0895s
	iters: 1700, epoch: 10 | loss: 0.0793649
	speed: 0.0555s/iter; left time: 8461.3453s
	iters: 1800, epoch: 10 | loss: 0.0243771
	speed: 0.0656s/iter; left time: 9982.7240s
	iters: 1900, epoch: 10 | loss: 0.1253192
	speed: 0.0591s/iter; left time: 8986.1311s
	iters: 2000, epoch: 10 | loss: 0.4048906
	speed: 0.0577s/iter; left time: 8779.2820s
	iters: 2100, epoch: 10 | loss: 0.3046793
	speed: 0.0591s/iter; left time: 8985.0122s
	iters: 2200, epoch: 10 | loss: 0.2589870
	speed: 0.0630s/iter; left time: 9565.1825s
	iters: 2300, epoch: 10 | loss: 0.0783410
	speed: 0.0531s/iter; left time: 8052.2051s
	iters: 2400, epoch: 10 | loss: 0.0480452
	speed: 0.0617s/iter; left time: 9350.1067s
	iters: 2500, epoch: 10 | loss: 0.0255293
	speed: 0.0578s/iter; left time: 8757.8724s
	iters: 2600, epoch: 10 | loss: 0.3519350
	speed: 0.0617s/iter; left time: 9344.3200s
	iters: 2700, epoch: 10 | loss: 0.0130765
	speed: 0.0428s/iter; left time: 6473.2530s
	iters: 2800, epoch: 10 | loss: 0.2926793
	speed: 0.0535s/iter; left time: 8086.4411s
	iters: 2900, epoch: 10 | loss: 0.1101570
	speed: 0.0605s/iter; left time: 9152.3874s
	iters: 3000, epoch: 10 | loss: 0.1309288
	speed: 0.0650s/iter; left time: 9811.9947s
	iters: 3100, epoch: 10 | loss: 0.1916200
	speed: 0.0641s/iter; left time: 9673.3440s
	iters: 3200, epoch: 10 | loss: 0.0224328
	speed: 0.0649s/iter; left time: 9794.7458s
	iters: 3300, epoch: 10 | loss: 1.2453454
	speed: 0.0678s/iter; left time: 10228.4514s
	iters: 3400, epoch: 10 | loss: 0.2922702
	speed: 0.0670s/iter; left time: 10089.1268s
	iters: 3500, epoch: 10 | loss: 0.1844884
	speed: 0.0589s/iter; left time: 8867.3419s
	iters: 3600, epoch: 10 | loss: 0.1384106
	speed: 0.0602s/iter; left time: 9060.2509s
	iters: 3700, epoch: 10 | loss: 0.0934756
	speed: 0.0594s/iter; left time: 8925.2315s
	iters: 3800, epoch: 10 | loss: 0.3798090
	speed: 0.0650s/iter; left time: 9761.5417s
	iters: 3900, epoch: 10 | loss: 0.0412509
	speed: 0.0661s/iter; left time: 9924.4313s
	iters: 4000, epoch: 10 | loss: 0.0783092
	speed: 0.0614s/iter; left time: 9213.2531s
	iters: 4100, epoch: 10 | loss: 0.2040132
	speed: 0.0599s/iter; left time: 8975.5638s
	iters: 4200, epoch: 10 | loss: 0.1441304
	speed: 0.0626s/iter; left time: 9385.7951s
	iters: 4300, epoch: 10 | loss: 0.2207536
	speed: 0.0600s/iter; left time: 8978.8417s
	iters: 4400, epoch: 10 | loss: 0.0204700
	speed: 0.0536s/iter; left time: 8020.7459s
	iters: 4500, epoch: 10 | loss: 0.5151953
	speed: 0.0576s/iter; left time: 8609.0644s
	iters: 4600, epoch: 10 | loss: 0.0615698
	speed: 0.0609s/iter; left time: 9095.5043s
	iters: 4700, epoch: 10 | loss: 0.3905462
	speed: 0.0737s/iter; left time: 11011.8678s
	iters: 4800, epoch: 10 | loss: 0.0670378
	speed: 0.0661s/iter; left time: 9868.9269s
	iters: 4900, epoch: 10 | loss: 0.2622845
	speed: 0.0737s/iter; left time: 10994.6716s
	iters: 5000, epoch: 10 | loss: 0.1773889
	speed: 0.0595s/iter; left time: 8873.2940s
	iters: 5100, epoch: 10 | loss: 0.1342815
	speed: 0.0605s/iter; left time: 9010.4544s
	iters: 5200, epoch: 10 | loss: 0.0511547
	speed: 0.0638s/iter; left time: 9498.6540s
	iters: 5300, epoch: 10 | loss: 0.1174855
	speed: 0.0599s/iter; left time: 8917.3269s
	iters: 5400, epoch: 10 | loss: 0.2096039
	speed: 0.0561s/iter; left time: 8341.5342s
	iters: 5500, epoch: 10 | loss: 0.0986916
	speed: 0.0591s/iter; left time: 8781.5872s
	iters: 5600, epoch: 10 | loss: 0.1335268
	speed: 0.0574s/iter; left time: 8514.8222s
	iters: 5700, epoch: 10 | loss: 0.0631472
	speed: 0.0606s/iter; left time: 8989.5208s
	iters: 5800, epoch: 10 | loss: 0.0854234
	speed: 0.0642s/iter; left time: 9516.4955s
	iters: 5900, epoch: 10 | loss: 0.0104581
	speed: 0.0577s/iter; left time: 8550.7426s
	iters: 6000, epoch: 10 | loss: 0.1620975
	speed: 0.0618s/iter; left time: 9143.4978s
	iters: 6100, epoch: 10 | loss: 0.0733288
	speed: 0.0561s/iter; left time: 8300.6207s
	iters: 6200, epoch: 10 | loss: 0.0678861
	speed: 0.0618s/iter; left time: 9140.3860s
	iters: 6300, epoch: 10 | loss: 0.2068061
	speed: 0.0570s/iter; left time: 8426.2986s
	iters: 6400, epoch: 10 | loss: 0.6831155
	speed: 0.0688s/iter; left time: 10152.4189s
	iters: 6500, epoch: 10 | loss: 0.1255249
	speed: 0.0696s/iter; left time: 10268.7405s
	iters: 6600, epoch: 10 | loss: 0.1453747
	speed: 0.0709s/iter; left time: 10448.0520s
	iters: 6700, epoch: 10 | loss: 0.1253818
	speed: 0.0644s/iter; left time: 9489.7621s
	iters: 6800, epoch: 10 | loss: 0.1202025
	speed: 0.0596s/iter; left time: 8783.0970s
	iters: 6900, epoch: 10 | loss: 0.1855947
	speed: 0.0658s/iter; left time: 9678.6785s
	iters: 7000, epoch: 10 | loss: 0.0692532
	speed: 0.0611s/iter; left time: 8990.0105s
	iters: 7100, epoch: 10 | loss: 0.0231126
	speed: 0.0645s/iter; left time: 9482.5046s
	iters: 7200, epoch: 10 | loss: 0.1290614
	speed: 0.0606s/iter; left time: 8906.4948s
	iters: 7300, epoch: 10 | loss: 0.0269654
	speed: 0.0619s/iter; left time: 9084.9207s
Epoch: 10 cost time: 449.61158180236816
Epoch: 10, Steps: 7336 | Train Loss: 0.172 Vali Loss: 2.264 Vali Acc: 0.603 Test Loss: 2.264 Test Acc: 0.603
EarlyStopping counter: 7 out of 10
Updating learning rate to 1.953125e-06
	iters: 100, epoch: 11 | loss: 0.2694247
	speed: 0.3003s/iter; left time: 44028.9789s
	iters: 200, epoch: 11 | loss: 0.1613712
	speed: 0.0639s/iter; left time: 9357.6515s
	iters: 300, epoch: 11 | loss: 0.0198999
	speed: 0.0623s/iter; left time: 9125.3748s
	iters: 400, epoch: 11 | loss: 0.0094610
	speed: 0.0576s/iter; left time: 8421.1494s
	iters: 500, epoch: 11 | loss: 0.2081349
	speed: 0.0583s/iter; left time: 8524.3558s
	iters: 600, epoch: 11 | loss: 0.0354967
	speed: 0.0646s/iter; left time: 9444.0971s
	iters: 700, epoch: 11 | loss: 0.1636660
	speed: 0.0656s/iter; left time: 9573.3084s
	iters: 800, epoch: 11 | loss: 0.3007382
	speed: 0.0629s/iter; left time: 9178.1988s
	iters: 900, epoch: 11 | loss: 0.0746937
	speed: 0.0655s/iter; left time: 9547.2835s
	iters: 1000, epoch: 11 | loss: 0.0852020
	speed: 0.0658s/iter; left time: 9585.3763s
	iters: 1100, epoch: 11 | loss: 0.0225187
	speed: 0.0571s/iter; left time: 8312.5740s
	iters: 1200, epoch: 11 | loss: 0.1446117
	speed: 0.0595s/iter; left time: 8652.0227s
	iters: 1300, epoch: 11 | loss: 0.0715356
	speed: 0.0567s/iter; left time: 8251.0631s
	iters: 1400, epoch: 11 | loss: 0.1139818
	speed: 0.0598s/iter; left time: 8684.2289s
	iters: 1500, epoch: 11 | loss: 0.0143877
	speed: 0.0616s/iter; left time: 8952.8008s
	iters: 1600, epoch: 11 | loss: 0.1648599
	speed: 0.0593s/iter; left time: 8603.0109s
	iters: 1700, epoch: 11 | loss: 0.0855858
	speed: 0.0553s/iter; left time: 8012.8032s
	iters: 1800, epoch: 11 | loss: 0.0775957
	speed: 0.0579s/iter; left time: 8389.0967s
	iters: 1900, epoch: 11 | loss: 0.5341642
	speed: 0.0635s/iter; left time: 9193.0756s
	iters: 2000, epoch: 11 | loss: 0.1029201
	speed: 0.0632s/iter; left time: 9148.3238s
	iters: 2100, epoch: 11 | loss: 0.2193482
	speed: 0.0658s/iter; left time: 9519.3859s
	iters: 2200, epoch: 11 | loss: 0.1016818
	speed: 0.0666s/iter; left time: 9626.8374s
	iters: 2300, epoch: 11 | loss: 0.1431531
	speed: 0.0665s/iter; left time: 9603.7790s
	iters: 2400, epoch: 11 | loss: 0.2180946
	speed: 0.0605s/iter; left time: 8731.2931s
	iters: 2500, epoch: 11 | loss: 0.0637792
	speed: 0.0607s/iter; left time: 8756.2598s
	iters: 2600, epoch: 11 | loss: 0.3603338
	speed: 0.0614s/iter; left time: 8850.1861s
	iters: 2700, epoch: 11 | loss: 0.1218872
	speed: 0.0647s/iter; left time: 9322.4276s
	iters: 2800, epoch: 11 | loss: 0.0157644
	speed: 0.0639s/iter; left time: 9197.8542s
	iters: 2900, epoch: 11 | loss: 0.1595400
	speed: 0.0622s/iter; left time: 8948.5915s
	iters: 3000, epoch: 11 | loss: 0.0237875
	speed: 0.0621s/iter; left time: 8923.3026s
	iters: 3100, epoch: 11 | loss: 0.0946075
	speed: 0.0609s/iter; left time: 8751.1425s
	iters: 3200, epoch: 11 | loss: 0.3004706
	speed: 0.0664s/iter; left time: 9526.9192s
	iters: 3300, epoch: 11 | loss: 0.1887498
	speed: 0.0626s/iter; left time: 8984.4350s
	iters: 3400, epoch: 11 | loss: 0.0704141
	speed: 0.0553s/iter; left time: 7925.8279s
	iters: 3500, epoch: 11 | loss: 0.1284750
	speed: 0.0525s/iter; left time: 7523.9909s
	iters: 3600, epoch: 11 | loss: 0.1644699
	speed: 0.0506s/iter; left time: 7244.0774s
	iters: 3700, epoch: 11 | loss: 0.1719068
	speed: 0.0537s/iter; left time: 7681.3422s
	iters: 3800, epoch: 11 | loss: 0.3439782
	speed: 0.0537s/iter; left time: 7675.2695s
	iters: 3900, epoch: 11 | loss: 0.0600086
	speed: 0.0542s/iter; left time: 7746.1902s
	iters: 4000, epoch: 11 | loss: 0.0853257
	speed: 0.0529s/iter; left time: 7549.2528s
	iters: 4100, epoch: 11 | loss: 0.0678747
	speed: 0.0526s/iter; left time: 7507.4908s
	iters: 4200, epoch: 11 | loss: 0.2995085
	speed: 0.0540s/iter; left time: 7697.4600s
	iters: 4300, epoch: 11 | loss: 0.2763992
	speed: 0.0502s/iter; left time: 7142.6265s
	iters: 4400, epoch: 11 | loss: 0.0760609
	speed: 0.0485s/iter; left time: 6898.2397s
	iters: 4500, epoch: 11 | loss: 0.2184344
	speed: 0.0723s/iter; left time: 10280.4726s
	iters: 4600, epoch: 11 | loss: 0.1027370
	speed: 0.0668s/iter; left time: 9493.7852s
	iters: 4700, epoch: 11 | loss: 0.6340811
	speed: 0.0658s/iter; left time: 9349.3338s
	iters: 4800, epoch: 11 | loss: 0.0967870
	speed: 0.0514s/iter; left time: 7292.5134s
	iters: 4900, epoch: 11 | loss: 0.0650514
	speed: 0.0529s/iter; left time: 7506.5480s
	iters: 5000, epoch: 11 | loss: 0.0495227
	speed: 0.0544s/iter; left time: 7714.4560s
	iters: 5100, epoch: 11 | loss: 0.0314579
	speed: 0.0516s/iter; left time: 7300.8924s
	iters: 5200, epoch: 11 | loss: 0.0461248
	speed: 0.0534s/iter; left time: 7562.3705s
	iters: 5300, epoch: 11 | loss: 0.5333273
	speed: 0.0527s/iter; left time: 7458.5252s
	iters: 5400, epoch: 11 | loss: 0.0943104
	speed: 0.0544s/iter; left time: 7691.2443s
	iters: 5500, epoch: 11 | loss: 0.3024824
	speed: 0.0510s/iter; left time: 7197.3393s
	iters: 5600, epoch: 11 | loss: 0.0564448
	speed: 0.0530s/iter; left time: 7478.6337s
	iters: 5700, epoch: 11 | loss: 0.1070969
	speed: 0.0525s/iter; left time: 7409.1565s
	iters: 5800, epoch: 11 | loss: 0.1094534
	speed: 0.0515s/iter; left time: 7250.5269s
	iters: 5900, epoch: 11 | loss: 0.1778528
	speed: 0.0565s/iter; left time: 7949.4260s
	iters: 6000, epoch: 11 | loss: 0.1961831
	speed: 0.0507s/iter; left time: 7136.4385s
	iters: 6100, epoch: 11 | loss: 0.2012559
	speed: 0.0550s/iter; left time: 7736.8713s
	iters: 6200, epoch: 11 | loss: 0.2547656
	speed: 0.0554s/iter; left time: 7779.2801s
	iters: 6300, epoch: 11 | loss: 0.5125783
	speed: 0.0504s/iter; left time: 7080.3734s
	iters: 6400, epoch: 11 | loss: 0.0890976
	speed: 0.0509s/iter; left time: 7135.5006s
	iters: 6500, epoch: 11 | loss: 0.2627890
	speed: 0.0515s/iter; left time: 7225.8531s
	iters: 6600, epoch: 11 | loss: 0.1557647
	speed: 0.0531s/iter; left time: 7443.0118s
	iters: 6700, epoch: 11 | loss: 0.0480765
	speed: 0.0558s/iter; left time: 7812.8793s
	iters: 6800, epoch: 11 | loss: 0.2760266
	speed: 0.0602s/iter; left time: 8425.1303s
	iters: 6900, epoch: 11 | loss: 0.0344395
	speed: 0.0533s/iter; left time: 7452.2668s
	iters: 7000, epoch: 11 | loss: 0.2710701
	speed: 0.0592s/iter; left time: 8270.9663s
	iters: 7100, epoch: 11 | loss: 0.0805062
	speed: 0.0535s/iter; left time: 7463.1896s
	iters: 7200, epoch: 11 | loss: 0.2499554
	speed: 0.0522s/iter; left time: 7280.1598s
	iters: 7300, epoch: 11 | loss: 0.0851564
	speed: 0.0591s/iter; left time: 8237.3570s
Epoch: 11 cost time: 424.9143171310425
Epoch: 11, Steps: 7336 | Train Loss: 0.164 Vali Loss: 2.241 Vali Acc: 0.602 Test Loss: 2.241 Test Acc: 0.602
EarlyStopping counter: 8 out of 10
	iters: 100, epoch: 12 | loss: 0.1407107
	speed: 0.2939s/iter; left time: 40928.9374s
	iters: 200, epoch: 12 | loss: 0.3808099
	speed: 0.0647s/iter; left time: 9007.8828s
	iters: 300, epoch: 12 | loss: 0.0357750
	speed: 0.0623s/iter; left time: 8667.7522s
	iters: 400, epoch: 12 | loss: 0.0683588
	speed: 0.0568s/iter; left time: 7888.9024s
	iters: 500, epoch: 12 | loss: 0.4009667
	speed: 0.0551s/iter; left time: 7657.3794s
	iters: 600, epoch: 12 | loss: 0.4006921
	speed: 0.0478s/iter; left time: 6632.4250s
	iters: 700, epoch: 12 | loss: 0.0108309
	speed: 0.0544s/iter; left time: 7541.4525s
	iters: 800, epoch: 12 | loss: 0.3359167
	speed: 0.0392s/iter; left time: 5433.5389s
	iters: 900, epoch: 12 | loss: 0.0278896
	speed: 0.0542s/iter; left time: 7504.1207s
	iters: 1000, epoch: 12 | loss: 0.2152534
	speed: 0.0602s/iter; left time: 8337.3575s
	iters: 1100, epoch: 12 | loss: 0.0707777
	speed: 0.0611s/iter; left time: 8452.6564s
	iters: 1200, epoch: 12 | loss: 0.1015831
	speed: 0.0528s/iter; left time: 7295.2283s
	iters: 1300, epoch: 12 | loss: 0.2015710
	speed: 0.0380s/iter; left time: 5244.8625s
	iters: 1400, epoch: 12 | loss: 0.1516585
	speed: 0.0380s/iter; left time: 5241.9798s
	iters: 1500, epoch: 12 | loss: 0.1394132
	speed: 0.0533s/iter; left time: 7352.3994s
	iters: 1600, epoch: 12 | loss: 0.5346944
	speed: 0.0417s/iter; left time: 5751.1338s
	iters: 1700, epoch: 12 | loss: 0.1245544
	speed: 0.0422s/iter; left time: 5815.4592s
	iters: 1800, epoch: 12 | loss: 0.2509946
	speed: 0.0583s/iter; left time: 8020.2436s
	iters: 1900, epoch: 12 | loss: 0.0420935
	speed: 0.0600s/iter; left time: 8250.1761s
	iters: 2000, epoch: 12 | loss: 0.2794570
	speed: 0.0639s/iter; left time: 8777.5626s
	iters: 2100, epoch: 12 | loss: 0.1821118
	speed: 0.0599s/iter; left time: 8218.6733s
	iters: 2200, epoch: 12 | loss: 0.0576016
	speed: 0.0580s/iter; left time: 7954.8365s
	iters: 2300, epoch: 12 | loss: 0.0267169
	speed: 0.0609s/iter; left time: 8347.2563s
	iters: 2400, epoch: 12 | loss: 0.0439138
	speed: 0.0545s/iter; left time: 7459.3273s
	iters: 2500, epoch: 12 | loss: 0.2001712
	speed: 0.0557s/iter; left time: 7625.9271s
	iters: 2600, epoch: 12 | loss: 0.0802376
	speed: 0.0519s/iter; left time: 7101.1140s
	iters: 2700, epoch: 12 | loss: 0.0394009
	speed: 0.0531s/iter; left time: 7263.1471s
	iters: 2800, epoch: 12 | loss: 0.1570337
	speed: 0.0527s/iter; left time: 7201.2794s
	iters: 2900, epoch: 12 | loss: 0.3460408
	speed: 0.0530s/iter; left time: 7226.9004s
	iters: 3000, epoch: 12 | loss: 0.2491020
	speed: 0.0529s/iter; left time: 7210.8427s
	iters: 3100, epoch: 12 | loss: 0.0596801
	speed: 0.0539s/iter; left time: 7346.1886s
	iters: 3200, epoch: 12 | loss: 0.1089843
	speed: 0.0506s/iter; left time: 6896.3482s
	iters: 3300, epoch: 12 | loss: 0.1011808
	speed: 0.0539s/iter; left time: 7339.6596s
	iters: 3400, epoch: 12 | loss: 0.0406221
	speed: 0.0548s/iter; left time: 7454.9592s
	iters: 3500, epoch: 12 | loss: 0.2299288
	speed: 0.0563s/iter; left time: 7649.6226s
	iters: 3600, epoch: 12 | loss: 0.0722446
	speed: 0.0541s/iter; left time: 7345.6750s
	iters: 3700, epoch: 12 | loss: 0.1271758
	speed: 0.0545s/iter; left time: 7389.1235s
	iters: 3800, epoch: 12 | loss: 0.0571548
	speed: 0.0541s/iter; left time: 7334.7022s
	iters: 3900, epoch: 12 | loss: 0.0782708
	speed: 0.0545s/iter; left time: 7388.8551s
	iters: 4000, epoch: 12 | loss: 0.1073253
	speed: 0.0515s/iter; left time: 6978.2994s
	iters: 4100, epoch: 12 | loss: 0.2746280
	speed: 0.0567s/iter; left time: 7671.3531s
	iters: 4200, epoch: 12 | loss: 0.3472454
	speed: 0.0624s/iter; left time: 8442.1400s
	iters: 4300, epoch: 12 | loss: 0.0414854
	speed: 0.0582s/iter; left time: 7863.8484s
	iters: 4400, epoch: 12 | loss: 0.3672990
	speed: 0.0603s/iter; left time: 8144.7582s
	iters: 4500, epoch: 12 | loss: 0.0754355
	speed: 0.0524s/iter; left time: 7072.3412s
	iters: 4600, epoch: 12 | loss: 0.2141697
	speed: 0.0545s/iter; left time: 7347.0628s
	iters: 4700, epoch: 12 | loss: 0.0277062
	speed: 0.0513s/iter; left time: 6903.1342s
	iters: 4800, epoch: 12 | loss: 0.3189414
	speed: 0.0554s/iter; left time: 7461.8351s
	iters: 4900, epoch: 12 | loss: 0.0583137
	speed: 0.0575s/iter; left time: 7734.4320s
	iters: 5000, epoch: 12 | loss: 0.4616259
	speed: 0.0562s/iter; left time: 7549.8903s
	iters: 5100, epoch: 12 | loss: 0.1254783
	speed: 0.0476s/iter; left time: 6395.4532s
	iters: 5200, epoch: 12 | loss: 0.0416740
	speed: 0.0729s/iter; left time: 9779.9471s
	iters: 5300, epoch: 12 | loss: 0.4331294
	speed: 0.0695s/iter; left time: 9314.6829s
	iters: 5400, epoch: 12 | loss: 0.0447106
	speed: 0.0668s/iter; left time: 8943.5492s
	iters: 5500, epoch: 12 | loss: 0.0633359
	speed: 0.0539s/iter; left time: 7216.9730s
	iters: 5600, epoch: 12 | loss: 0.1390501
	speed: 0.0497s/iter; left time: 6648.2709s
	iters: 5700, epoch: 12 | loss: 0.0758679
	speed: 0.0521s/iter; left time: 6969.3003s
	iters: 5800, epoch: 12 | loss: 0.0716159
	speed: 0.0530s/iter; left time: 7081.8665s
	iters: 5900, epoch: 12 | loss: 0.1782976
	speed: 0.0507s/iter; left time: 6767.2155s
	iters: 6000, epoch: 12 | loss: 0.1741509
	speed: 0.0510s/iter; left time: 6804.6870s
	iters: 6100, epoch: 12 | loss: 0.0367454
	speed: 0.0471s/iter; left time: 6276.9892s
	iters: 6200, epoch: 12 | loss: 0.1111204
	speed: 0.0527s/iter; left time: 7017.8575s
	iters: 6300, epoch: 12 | loss: 0.1298200
	speed: 0.0530s/iter; left time: 7051.4428s
	iters: 6400, epoch: 12 | loss: 0.2394184
	speed: 0.0500s/iter; left time: 6646.9710s
	iters: 6500, epoch: 12 | loss: 0.1139834
	speed: 0.0477s/iter; left time: 6336.8881s
	iters: 6600, epoch: 12 | loss: 0.0871258
	speed: 0.0528s/iter; left time: 7013.3204s
	iters: 6700, epoch: 12 | loss: 0.1380240
	speed: 0.0492s/iter; left time: 6527.5681s
	iters: 6800, epoch: 12 | loss: 0.0319515
	speed: 0.0520s/iter; left time: 6889.5634s
	iters: 6900, epoch: 12 | loss: 0.0937590
	speed: 0.0496s/iter; left time: 6567.5585s
	iters: 7000, epoch: 12 | loss: 0.1043741
	speed: 0.0499s/iter; left time: 6601.8256s
	iters: 7100, epoch: 12 | loss: 0.1177326
	speed: 0.0474s/iter; left time: 6264.6275s
	iters: 7200, epoch: 12 | loss: 0.1171896
	speed: 0.0545s/iter; left time: 7200.2585s
	iters: 7300, epoch: 12 | loss: 0.0138835
	speed: 0.0531s/iter; left time: 7019.8851s
Epoch: 12 cost time: 397.3518326282501
Epoch: 12, Steps: 7336 | Train Loss: 0.164 Vali Loss: 2.230 Vali Acc: 0.603 Test Loss: 2.230 Test Acc: 0.603
EarlyStopping counter: 9 out of 10
	iters: 100, epoch: 13 | loss: 0.0738424
	speed: 0.2915s/iter; left time: 38464.1589s
	iters: 200, epoch: 13 | loss: 0.0583461
	speed: 0.0676s/iter; left time: 8909.5273s
	iters: 300, epoch: 13 | loss: 0.3021813
	speed: 0.0675s/iter; left time: 8896.4983s
	iters: 400, epoch: 13 | loss: 0.1430039
	speed: 0.0655s/iter; left time: 8620.8767s
	iters: 500, epoch: 13 | loss: 0.0425754
	speed: 0.0711s/iter; left time: 9355.5892s
	iters: 600, epoch: 13 | loss: 0.2020843
	speed: 0.0694s/iter; left time: 9116.3660s
	iters: 700, epoch: 13 | loss: 0.0809870
	speed: 0.0605s/iter; left time: 7951.2201s
	iters: 800, epoch: 13 | loss: 0.1012149
	speed: 0.0705s/iter; left time: 9257.4754s
	iters: 900, epoch: 13 | loss: 0.0261812
	speed: 0.0691s/iter; left time: 9060.3620s
	iters: 1000, epoch: 13 | loss: 0.3155912
	speed: 0.0655s/iter; left time: 8585.2160s
	iters: 1100, epoch: 13 | loss: 0.2291856
	speed: 0.0614s/iter; left time: 8044.0486s
	iters: 1200, epoch: 13 | loss: 0.3112457
	speed: 0.0682s/iter; left time: 8930.2840s
	iters: 1300, epoch: 13 | loss: 0.1120472
	speed: 0.0578s/iter; left time: 7559.2626s
	iters: 1400, epoch: 13 | loss: 0.2128774
	speed: 0.0548s/iter; left time: 7156.9879s
	iters: 1500, epoch: 13 | loss: 0.2305196
	speed: 0.0569s/iter; left time: 7429.0702s
	iters: 1600, epoch: 13 | loss: 0.0746978
	speed: 0.0611s/iter; left time: 7974.0135s
	iters: 1700, epoch: 13 | loss: 0.1264134
	speed: 0.0597s/iter; left time: 7779.4417s
	iters: 1800, epoch: 13 | loss: 0.0715766
	speed: 0.0630s/iter; left time: 8211.9523s
	iters: 1900, epoch: 13 | loss: 0.0312616
	speed: 0.0707s/iter; left time: 9198.5451s
	iters: 2000, epoch: 13 | loss: 0.0782994
	speed: 0.0689s/iter; left time: 8961.2342s
	iters: 2100, epoch: 13 | loss: 0.1444266
	speed: 0.0699s/iter; left time: 9085.5782s
	iters: 2200, epoch: 13 | loss: 0.1398193
	speed: 0.0597s/iter; left time: 7749.5498s
	iters: 2300, epoch: 13 | loss: 0.2199321
	speed: 0.0600s/iter; left time: 7790.4553s
	iters: 2400, epoch: 13 | loss: 0.1229141
	speed: 0.0553s/iter; left time: 7174.5341s
	iters: 2500, epoch: 13 | loss: 0.1493104
	speed: 0.0398s/iter; left time: 5158.4094s
	iters: 2600, epoch: 13 | loss: 0.1156867
	speed: 0.0438s/iter; left time: 5667.5850s
	iters: 2700, epoch: 13 | loss: 0.1999702
	speed: 0.0548s/iter; left time: 7093.2185s
	iters: 2800, epoch: 13 | loss: 0.2235194
	speed: 0.0521s/iter; left time: 6732.7094s
	iters: 2900, epoch: 13 | loss: 0.2372215
	speed: 0.0523s/iter; left time: 6756.7710s
	iters: 3000, epoch: 13 | loss: 0.0363006
	speed: 0.0586s/iter; left time: 7557.0869s
	iters: 3100, epoch: 13 | loss: 0.2198597
	speed: 0.0596s/iter; left time: 7679.4748s
	iters: 3200, epoch: 13 | loss: 0.0534729
	speed: 0.0563s/iter; left time: 7258.3196s
	iters: 3300, epoch: 13 | loss: 0.0654337
	speed: 0.0520s/iter; left time: 6696.3696s
	iters: 3400, epoch: 13 | loss: 0.1527396
	speed: 0.0467s/iter; left time: 6012.4105s
	iters: 3500, epoch: 13 | loss: 0.0496614
	speed: 0.0497s/iter; left time: 6382.7192s
	iters: 3600, epoch: 13 | loss: 0.1013916
	speed: 0.0479s/iter; left time: 6152.1653s
	iters: 3700, epoch: 13 | loss: 0.3855148
	speed: 0.0494s/iter; left time: 6346.4531s
	iters: 3800, epoch: 13 | loss: 0.2469731
	speed: 0.0518s/iter; left time: 6636.9380s
	iters: 3900, epoch: 13 | loss: 0.0327838
	speed: 0.0501s/iter; left time: 6422.6416s
	iters: 4000, epoch: 13 | loss: 0.1518426
	speed: 0.0529s/iter; left time: 6778.9631s
	iters: 4100, epoch: 13 | loss: 0.2321876
	speed: 0.0513s/iter; left time: 6558.6925s
	iters: 4200, epoch: 13 | loss: 0.0181808
	speed: 0.0486s/iter; left time: 6208.4406s
	iters: 4300, epoch: 13 | loss: 0.2696553
	speed: 0.0494s/iter; left time: 6317.0622s
	iters: 4400, epoch: 13 | loss: 0.0053987
	speed: 0.0551s/iter; left time: 7027.6522s
	iters: 4500, epoch: 13 | loss: 0.2945391
	speed: 0.0503s/iter; left time: 6420.3577s
	iters: 4600, epoch: 13 | loss: 0.0520558
	speed: 0.0532s/iter; left time: 6775.9403s
	iters: 4700, epoch: 13 | loss: 0.0404005
	speed: 0.0524s/iter; left time: 6676.1229s
	iters: 4800, epoch: 13 | loss: 0.2621206
	speed: 0.0546s/iter; left time: 6943.7568s
	iters: 4900, epoch: 13 | loss: 0.1222005
	speed: 0.0509s/iter; left time: 6465.5343s
	iters: 5000, epoch: 13 | loss: 0.0981381
	speed: 0.0571s/iter; left time: 7249.5057s
	iters: 5100, epoch: 13 | loss: 0.1374245
	speed: 0.0582s/iter; left time: 7383.7158s
	iters: 5200, epoch: 13 | loss: 0.3067350
	speed: 0.0571s/iter; left time: 7248.1295s
	iters: 5300, epoch: 13 | loss: 0.0761218
	speed: 0.0628s/iter; left time: 7961.3451s
	iters: 5400, epoch: 13 | loss: 0.1603710
	speed: 0.0651s/iter; left time: 8250.9017s
	iters: 5500, epoch: 13 | loss: 0.0266639
	speed: 0.0677s/iter; left time: 8570.8678s
	iters: 5600, epoch: 13 | loss: 0.0890669
	speed: 0.0389s/iter; left time: 4919.6980s
	iters: 5700, epoch: 13 | loss: 0.0693494
	speed: 0.0276s/iter; left time: 3488.9925s
	iters: 5800, epoch: 13 | loss: 0.0399651
	speed: 0.0287s/iter; left time: 3629.1940s
	iters: 5900, epoch: 13 | loss: 0.2854883
	speed: 0.0285s/iter; left time: 3593.5958s
	iters: 6000, epoch: 13 | loss: 0.2056498
	speed: 0.0275s/iter; left time: 3464.5275s
	iters: 6100, epoch: 13 | loss: 0.5357706
	speed: 0.0302s/iter; left time: 3804.5672s
	iters: 6200, epoch: 13 | loss: 0.0259815
	speed: 0.0548s/iter; left time: 6895.2059s
	iters: 6300, epoch: 13 | loss: 0.0652588
	speed: 0.0619s/iter; left time: 7786.7965s
	iters: 6400, epoch: 13 | loss: 0.1467222
	speed: 0.0288s/iter; left time: 3613.7326s
	iters: 6500, epoch: 13 | loss: 0.1657161
	speed: 0.0316s/iter; left time: 3969.8171s
	iters: 6600, epoch: 13 | loss: 0.2153493
	speed: 0.0290s/iter; left time: 3638.5499s
	iters: 6700, epoch: 13 | loss: 0.2419757
	speed: 0.0449s/iter; left time: 5627.1400s
	iters: 6800, epoch: 13 | loss: 0.0342659
	speed: 0.0455s/iter; left time: 5703.6145s
	iters: 6900, epoch: 13 | loss: 0.1114881
	speed: 0.0332s/iter; left time: 4152.6304s
	iters: 7000, epoch: 13 | loss: 0.1101635
	speed: 0.0357s/iter; left time: 4468.5588s
	iters: 7100, epoch: 13 | loss: 0.0274906
	speed: 0.0290s/iter; left time: 3618.7431s
	iters: 7200, epoch: 13 | loss: 0.1269114
	speed: 0.0285s/iter; left time: 3556.6137s
	iters: 7300, epoch: 13 | loss: 0.0604095
	speed: 0.0277s/iter; left time: 3452.5168s
Epoch: 13 cost time: 383.87180399894714
Epoch: 13, Steps: 7336 | Train Loss: 0.163 Vali Loss: 2.239 Vali Acc: 0.601 Test Loss: 2.239 Test Acc: 0.601
EarlyStopping counter: 10 out of 10
Early stopping
>>>>>>>testing : classification_UserIdentify4_TimesNet_UEA_ftM_sl10_ll48_pl0_dm32_nh8_el2_dl1_df32_fc1_ebtimeF_dtTrue_Exp_0<<<<<<<<<<<<<<<<<<<<<<<<<<<<<<<<<
7856
test shape: torch.Size([7856, 48]) torch.Size([7856, 1])
accuracy:0.6137983706720977
