Args in experiment:
[1mBasic Config[0m
  Task Name:          classification      Is Training:        1                   
  Model ID:           UserIdentify1       Model:              TimesNet            

[1mData Loader[0m
  Data:               UEA                 Root Path:          ./dataset/UserBehaviorsInSphericalVideoStreaming/transfer_10_10
  Data Path:          ETTh1.csv           Features:           M                   
  Target:             OT                  Freq:               h                   
  Checkpoints:        ./checkpoints/      

[1mModel Parameters[0m
  Top k:              2                   Num Kernels:        6                   
  Enc In:             7                   Dec In:             7                   
  C Out:              7                   d model:            32                  
  n heads:            8                   e layers:           2                   
  d layers:           1                   d FF:               32                  
  Moving Avg:         25                  Factor:             1                   
  Distil:             1                   Dropout:            0.1                 
  Embed:              timeF               Activation:         gelu                
  Output Attention:   0                   

[1mRun Parameters[0m
  Num Workers:        10                  Itr:                1                   
  Train Epochs:       30                  Batch Size:         16                  
  Patience:           10                  Learning Rate:      0.001               
  Des:                Exp                 Loss:               MSE                 
  Lradj:              type1               Use Amp:            0                   

[1mGPU[0m
  Use GPU:            1                   GPU:                0                   
  Use Multi GPU:      0                   Devices:            0,1,2,3             

[1mDe-stationary Projector Params[0m
  P Hidden Dims:      128, 128            P Hidden Layers:    2                   

Use GPU: cuda:0
117371
7856
>>>>>>>start training : classification_UserIdentify1_TimesNet_UEA_ftM_sl10_ll48_pl0_dm32_nh8_el2_dl1_df32_fc1_ebtimeF_dtTrue_Exp_0>>>>>>>>>>>>>>>>>>>>>>>>>>
117371
7856
7856
	iters: 100, epoch: 1 | loss: 2.1158762
	speed: 0.0677s/iter; left time: 14881.9357s
	iters: 200, epoch: 1 | loss: 1.1814312
	speed: 0.0587s/iter; left time: 12905.6053s
	iters: 300, epoch: 1 | loss: 0.9915044
	speed: 0.0575s/iter; left time: 12647.3011s
	iters: 400, epoch: 1 | loss: 0.7334803
	speed: 0.0578s/iter; left time: 12689.1978s
	iters: 500, epoch: 1 | loss: 1.2036840
	speed: 0.0597s/iter; left time: 13111.3620s
	iters: 600, epoch: 1 | loss: 1.2311586
	speed: 0.0604s/iter; left time: 13251.5592s
	iters: 700, epoch: 1 | loss: 1.3422191
	speed: 0.0601s/iter; left time: 13193.1182s
	iters: 800, epoch: 1 | loss: 1.0923811
	speed: 0.0605s/iter; left time: 13263.0703s
	iters: 900, epoch: 1 | loss: 0.8628566
	speed: 0.0577s/iter; left time: 12650.3776s
	iters: 1000, epoch: 1 | loss: 0.6953405
	speed: 0.0591s/iter; left time: 12936.9565s
	iters: 1100, epoch: 1 | loss: 0.9017463
	speed: 0.0613s/iter; left time: 13420.4202s
	iters: 1200, epoch: 1 | loss: 0.8118465
	speed: 0.0612s/iter; left time: 13400.7908s
	iters: 1300, epoch: 1 | loss: 0.8527159
	speed: 0.0610s/iter; left time: 13350.4057s
	iters: 1400, epoch: 1 | loss: 0.5751806
	speed: 0.0613s/iter; left time: 13415.6440s
	iters: 1500, epoch: 1 | loss: 1.1517164
	speed: 0.0627s/iter; left time: 13713.6853s
	iters: 1600, epoch: 1 | loss: 0.4658218
	speed: 0.0607s/iter; left time: 13262.5560s
	iters: 1700, epoch: 1 | loss: 0.9225570
	speed: 0.0610s/iter; left time: 13325.2384s
	iters: 1800, epoch: 1 | loss: 0.7629469
	speed: 0.0597s/iter; left time: 13039.1446s
	iters: 1900, epoch: 1 | loss: 1.5953206
	speed: 0.0598s/iter; left time: 13054.6349s
	iters: 2000, epoch: 1 | loss: 0.7329396
	speed: 0.0593s/iter; left time: 12936.2382s
	iters: 2100, epoch: 1 | loss: 0.6071672
	speed: 0.0598s/iter; left time: 13044.6996s
	iters: 2200, epoch: 1 | loss: 1.1061685
	speed: 0.0604s/iter; left time: 13162.9993s
	iters: 2300, epoch: 1 | loss: 1.0075994
	speed: 0.0618s/iter; left time: 13458.2491s
	iters: 2400, epoch: 1 | loss: 0.4962212
	speed: 0.0624s/iter; left time: 13588.7298s
	iters: 2500, epoch: 1 | loss: 0.4801532
	speed: 0.0621s/iter; left time: 13504.9420s
	iters: 2600, epoch: 1 | loss: 1.0523252
	speed: 0.0624s/iter; left time: 13562.3507s
	iters: 2700, epoch: 1 | loss: 0.3642296
	speed: 0.0618s/iter; left time: 13434.9804s
	iters: 2800, epoch: 1 | loss: 1.4035777
	speed: 0.0602s/iter; left time: 13085.6551s
	iters: 2900, epoch: 1 | loss: 0.8132337
	speed: 0.0582s/iter; left time: 12648.9650s
	iters: 3000, epoch: 1 | loss: 0.4451436
	speed: 0.0583s/iter; left time: 12662.4185s
	iters: 3100, epoch: 1 | loss: 0.5301044
	speed: 0.0599s/iter; left time: 13000.1924s
	iters: 3200, epoch: 1 | loss: 0.6490691
	speed: 0.0597s/iter; left time: 12939.8456s
	iters: 3300, epoch: 1 | loss: 0.6753713
	speed: 0.0595s/iter; left time: 12907.7294s
	iters: 3400, epoch: 1 | loss: 0.6378392
	speed: 0.0605s/iter; left time: 13109.1524s
	iters: 3500, epoch: 1 | loss: 0.6544684
	speed: 0.0604s/iter; left time: 13089.2523s
	iters: 3600, epoch: 1 | loss: 0.4462255
	speed: 0.0595s/iter; left time: 12888.1665s
	iters: 3700, epoch: 1 | loss: 1.0578020
	speed: 0.0597s/iter; left time: 12909.2034s
	iters: 3800, epoch: 1 | loss: 0.5328926
	speed: 0.0581s/iter; left time: 12576.4752s
	iters: 3900, epoch: 1 | loss: 0.3665065
	speed: 0.0597s/iter; left time: 12907.2964s
	iters: 4000, epoch: 1 | loss: 0.3855875
	speed: 0.0586s/iter; left time: 12665.6033s
	iters: 4100, epoch: 1 | loss: 0.4559079
	speed: 0.0589s/iter; left time: 12728.7112s
	iters: 4200, epoch: 1 | loss: 0.5279446
	speed: 0.0578s/iter; left time: 12486.9908s
	iters: 4300, epoch: 1 | loss: 0.6350822
	speed: 0.0583s/iter; left time: 12582.5283s
	iters: 4400, epoch: 1 | loss: 0.3533022
	speed: 0.0571s/iter; left time: 12311.2560s
	iters: 4500, epoch: 1 | loss: 0.9422185
	speed: 0.0556s/iter; left time: 11993.5589s
	iters: 4600, epoch: 1 | loss: 0.5053877
	speed: 0.0561s/iter; left time: 12090.7844s
	iters: 4700, epoch: 1 | loss: 0.3145406
	speed: 0.0583s/iter; left time: 12548.2326s
	iters: 4800, epoch: 1 | loss: 0.4953857
	speed: 0.0553s/iter; left time: 11912.7588s
	iters: 4900, epoch: 1 | loss: 0.5936705
	speed: 0.0570s/iter; left time: 12264.1900s
	iters: 5000, epoch: 1 | loss: 0.5470759
	speed: 0.0592s/iter; left time: 12736.4500s
	iters: 5100, epoch: 1 | loss: 0.4768676
	speed: 0.0597s/iter; left time: 12824.1762s
	iters: 5200, epoch: 1 | loss: 0.3614012
	speed: 0.0595s/iter; left time: 12788.9992s
	iters: 5300, epoch: 1 | loss: 0.4319624
	speed: 0.0598s/iter; left time: 12836.9068s
	iters: 5400, epoch: 1 | loss: 0.2261017
	speed: 0.0598s/iter; left time: 12829.1560s
	iters: 5500, epoch: 1 | loss: 0.2665551
	speed: 0.0593s/iter; left time: 12717.2598s
	iters: 5600, epoch: 1 | loss: 0.4052815
	speed: 0.0593s/iter; left time: 12719.1407s
	iters: 5700, epoch: 1 | loss: 0.4545897
	speed: 0.0596s/iter; left time: 12769.6621s
	iters: 5800, epoch: 1 | loss: 0.4521236
	speed: 0.0593s/iter; left time: 12697.7068s
	iters: 5900, epoch: 1 | loss: 0.5813153
	speed: 0.0597s/iter; left time: 12784.9033s
	iters: 6000, epoch: 1 | loss: 0.8110848
	speed: 0.0600s/iter; left time: 12841.5102s
	iters: 6100, epoch: 1 | loss: 0.2020533
	speed: 0.0596s/iter; left time: 12751.1724s
	iters: 6200, epoch: 1 | loss: 0.2580502
	speed: 0.0626s/iter; left time: 13378.3435s
	iters: 6300, epoch: 1 | loss: 0.4285072
	speed: 0.0625s/iter; left time: 13368.5965s
	iters: 6400, epoch: 1 | loss: 0.2802596
	speed: 0.0605s/iter; left time: 12918.7681s
	iters: 6500, epoch: 1 | loss: 0.8305705
	speed: 0.0606s/iter; left time: 12934.9756s
	iters: 6600, epoch: 1 | loss: 0.8863981
	speed: 0.0580s/iter; left time: 12381.8236s
	iters: 6700, epoch: 1 | loss: 0.2783427
	speed: 0.0579s/iter; left time: 12348.3375s
	iters: 6800, epoch: 1 | loss: 0.5220188
	speed: 0.0585s/iter; left time: 12482.4881s
	iters: 6900, epoch: 1 | loss: 0.6487059
	speed: 0.0583s/iter; left time: 12418.2813s
	iters: 7000, epoch: 1 | loss: 0.1443888
	speed: 0.0589s/iter; left time: 12552.1171s
	iters: 7100, epoch: 1 | loss: 0.5873994
	speed: 0.0584s/iter; left time: 12428.3600s
	iters: 7200, epoch: 1 | loss: 0.5549288
	speed: 0.0578s/iter; left time: 12311.0255s
	iters: 7300, epoch: 1 | loss: 0.4025176
	speed: 0.0589s/iter; left time: 12535.8186s
Epoch: 1 cost time: 437.4511511325836
Epoch: 1, Steps: 7336 | Train Loss: 0.717 Vali Loss: 1.845 Vali Acc: 0.533 Test Loss: 1.845 Test Acc: 0.533
Validation loss decreased (inf --> -0.532841).  Saving model ...
	iters: 100, epoch: 2 | loss: 0.8406741
	speed: 0.1854s/iter; left time: 39417.3384s
	iters: 200, epoch: 2 | loss: 0.4699772
	speed: 0.0546s/iter; left time: 11605.7289s
	iters: 300, epoch: 2 | loss: 0.4616275
	speed: 0.0658s/iter; left time: 13973.6491s
	iters: 400, epoch: 2 | loss: 0.3479043
	speed: 0.0647s/iter; left time: 13745.2484s
	iters: 500, epoch: 2 | loss: 1.4122231
	speed: 0.0481s/iter; left time: 10213.2846s
	iters: 600, epoch: 2 | loss: 0.4866061
	speed: 0.0355s/iter; left time: 7520.9005s
	iters: 700, epoch: 2 | loss: 0.2808739
	speed: 0.0533s/iter; left time: 11297.6678s
	iters: 800, epoch: 2 | loss: 0.1162132
	speed: 0.0579s/iter; left time: 12267.3081s
	iters: 900, epoch: 2 | loss: 0.4626285
	speed: 0.0581s/iter; left time: 12301.7996s
	iters: 1000, epoch: 2 | loss: 0.0728572
	speed: 0.0558s/iter; left time: 11821.2563s
	iters: 1100, epoch: 2 | loss: 0.5075033
	speed: 0.0574s/iter; left time: 12153.6522s
	iters: 1200, epoch: 2 | loss: 0.8477255
	speed: 0.0535s/iter; left time: 11319.4160s
	iters: 1300, epoch: 2 | loss: 0.3886058
	speed: 0.0579s/iter; left time: 12243.8098s
	iters: 1400, epoch: 2 | loss: 0.2860296
	speed: 0.0606s/iter; left time: 12816.9981s
	iters: 1500, epoch: 2 | loss: 0.7640197
	speed: 0.0602s/iter; left time: 12711.3247s
	iters: 1600, epoch: 2 | loss: 0.8779320
	speed: 0.0570s/iter; left time: 12037.6810s
	iters: 1700, epoch: 2 | loss: 0.6400585
	speed: 0.0495s/iter; left time: 10452.8945s
	iters: 1800, epoch: 2 | loss: 0.5855692
	speed: 0.0451s/iter; left time: 9513.7457s
	iters: 1900, epoch: 2 | loss: 0.2762304
	speed: 0.0420s/iter; left time: 8854.1539s
	iters: 2000, epoch: 2 | loss: 0.4392784
	speed: 0.0615s/iter; left time: 12970.8412s
	iters: 2100, epoch: 2 | loss: 0.1863408
	speed: 0.0613s/iter; left time: 12912.3469s
	iters: 2200, epoch: 2 | loss: 0.2831622
	speed: 0.0573s/iter; left time: 12073.5312s
	iters: 2300, epoch: 2 | loss: 0.7197653
	speed: 0.0521s/iter; left time: 10972.4954s
	iters: 2400, epoch: 2 | loss: 0.3152164
	speed: 0.0563s/iter; left time: 11832.2543s
	iters: 2500, epoch: 2 | loss: 0.6757593
	speed: 0.0353s/iter; left time: 7419.1141s
	iters: 2600, epoch: 2 | loss: 0.7619588
	speed: 0.0534s/iter; left time: 11212.3752s
	iters: 2700, epoch: 2 | loss: 0.6063216
	speed: 0.0558s/iter; left time: 11711.9349s
	iters: 2800, epoch: 2 | loss: 0.5674036
	speed: 0.0621s/iter; left time: 13039.7595s
	iters: 2900, epoch: 2 | loss: 0.2696282
	speed: 0.0611s/iter; left time: 12815.6456s
	iters: 3000, epoch: 2 | loss: 0.3022414
	speed: 0.0606s/iter; left time: 12718.3335s
	iters: 3100, epoch: 2 | loss: 0.4301983
	speed: 0.0552s/iter; left time: 11582.7410s
	iters: 3200, epoch: 2 | loss: 0.5284392
	speed: 0.0588s/iter; left time: 12322.1265s
	iters: 3300, epoch: 2 | loss: 0.1190350
	speed: 0.0578s/iter; left time: 12103.4287s
	iters: 3400, epoch: 2 | loss: 0.5560731
	speed: 0.0526s/iter; left time: 11001.7793s
	iters: 3500, epoch: 2 | loss: 0.4995141
	speed: 0.0537s/iter; left time: 11236.0831s
	iters: 3600, epoch: 2 | loss: 0.5330281
	speed: 0.0566s/iter; left time: 11839.0487s
	iters: 3700, epoch: 2 | loss: 0.4608541
	speed: 0.0489s/iter; left time: 10227.2638s
	iters: 3800, epoch: 2 | loss: 0.2294513
	speed: 0.0559s/iter; left time: 11680.2605s
	iters: 3900, epoch: 2 | loss: 0.2582085
	speed: 0.0523s/iter; left time: 10928.5552s
	iters: 4000, epoch: 2 | loss: 1.0587523
	speed: 0.0606s/iter; left time: 12642.3109s
	iters: 4100, epoch: 2 | loss: 0.1435380
	speed: 0.0600s/iter; left time: 12528.7897s
	iters: 4200, epoch: 2 | loss: 0.1502652
	speed: 0.0566s/iter; left time: 11800.0225s
	iters: 4300, epoch: 2 | loss: 0.4989599
	speed: 0.0520s/iter; left time: 10844.7589s
	iters: 4400, epoch: 2 | loss: 0.2100151
	speed: 0.0589s/iter; left time: 12273.7044s
	iters: 4500, epoch: 2 | loss: 0.3262873
	speed: 0.0579s/iter; left time: 12058.9817s
	iters: 4600, epoch: 2 | loss: 0.6129247
	speed: 0.0573s/iter; left time: 11928.4807s
	iters: 4700, epoch: 2 | loss: 1.1100725
	speed: 0.0528s/iter; left time: 10987.8007s
	iters: 4800, epoch: 2 | loss: 0.8670210
	speed: 0.0577s/iter; left time: 11999.0829s
	iters: 4900, epoch: 2 | loss: 0.3765018
	speed: 0.0586s/iter; left time: 12182.5374s
	iters: 5000, epoch: 2 | loss: 0.4321080
	speed: 0.0566s/iter; left time: 11755.3671s
	iters: 5100, epoch: 2 | loss: 0.3338103
	speed: 0.0558s/iter; left time: 11582.5779s
	iters: 5200, epoch: 2 | loss: 0.8699647
	speed: 0.0535s/iter; left time: 11100.5246s
	iters: 5300, epoch: 2 | loss: 0.6443130
	speed: 0.0615s/iter; left time: 12757.5259s
	iters: 5400, epoch: 2 | loss: 0.2355463
	speed: 0.0560s/iter; left time: 11620.7994s
	iters: 5500, epoch: 2 | loss: 0.0751602
	speed: 0.0551s/iter; left time: 11412.9213s
	iters: 5600, epoch: 2 | loss: 0.4297024
	speed: 0.0438s/iter; left time: 9077.9547s
	iters: 5700, epoch: 2 | loss: 0.2913443
	speed: 0.0584s/iter; left time: 12097.8850s
	iters: 5800, epoch: 2 | loss: 0.1888681
	speed: 0.0558s/iter; left time: 11548.6903s
	iters: 5900, epoch: 2 | loss: 0.0638119
	speed: 0.0569s/iter; left time: 11762.1025s
	iters: 6000, epoch: 2 | loss: 0.2170422
	speed: 0.0555s/iter; left time: 11473.0067s
	iters: 6100, epoch: 2 | loss: 0.3608244
	speed: 0.0517s/iter; left time: 10680.1634s
	iters: 6200, epoch: 2 | loss: 0.5965522
	speed: 0.0567s/iter; left time: 11704.5404s
	iters: 6300, epoch: 2 | loss: 0.6446913
	speed: 0.0476s/iter; left time: 9832.0673s
	iters: 6400, epoch: 2 | loss: 0.3183830
	speed: 0.0585s/iter; left time: 12077.3432s
	iters: 6500, epoch: 2 | loss: 0.6704133
	speed: 0.0522s/iter; left time: 10772.7577s
	iters: 6600, epoch: 2 | loss: 0.1423541
	speed: 0.0578s/iter; left time: 11922.2023s
	iters: 6700, epoch: 2 | loss: 0.3352808
	speed: 0.0594s/iter; left time: 12241.3682s
	iters: 6800, epoch: 2 | loss: 0.2450789
	speed: 0.0554s/iter; left time: 11410.3953s
	iters: 6900, epoch: 2 | loss: 0.6600876
	speed: 0.0565s/iter; left time: 11628.2708s
	iters: 7000, epoch: 2 | loss: 0.0919520
	speed: 0.0593s/iter; left time: 12192.6020s
	iters: 7100, epoch: 2 | loss: 0.2185786
	speed: 0.0609s/iter; left time: 12529.5212s
	iters: 7200, epoch: 2 | loss: 0.1308331
	speed: 0.0614s/iter; left time: 12616.9314s
	iters: 7300, epoch: 2 | loss: 0.2039378
	speed: 0.0570s/iter; left time: 11710.8544s
Epoch: 2 cost time: 407.07864713668823
Epoch: 2, Steps: 7336 | Train Loss: 0.456 Vali Loss: 1.661 Vali Acc: 0.611 Test Loss: 1.661 Test Acc: 0.611
Validation loss decreased (-0.532841 --> -0.610743).  Saving model ...
	iters: 100, epoch: 3 | loss: 0.5934686
	speed: 0.1947s/iter; left time: 39970.3759s
	iters: 200, epoch: 3 | loss: 0.6973892
	speed: 0.0570s/iter; left time: 11689.9852s
	iters: 300, epoch: 3 | loss: 1.1692872
	speed: 0.0568s/iter; left time: 11647.8172s
	iters: 400, epoch: 3 | loss: 0.8844048
	speed: 0.0440s/iter; left time: 9030.2295s
	iters: 500, epoch: 3 | loss: 0.3011972
	speed: 0.0509s/iter; left time: 10431.7073s
	iters: 600, epoch: 3 | loss: 0.2106955
	speed: 0.0554s/iter; left time: 11336.7345s
	iters: 700, epoch: 3 | loss: 0.1989651
	speed: 0.0582s/iter; left time: 11908.4773s
	iters: 800, epoch: 3 | loss: 0.2894573
	speed: 0.0505s/iter; left time: 10330.4382s
	iters: 900, epoch: 3 | loss: 0.7090309
	speed: 0.0532s/iter; left time: 10870.5404s
	iters: 1000, epoch: 3 | loss: 0.5480887
	speed: 0.0547s/iter; left time: 11173.0882s
	iters: 1100, epoch: 3 | loss: 0.4701672
	speed: 0.0570s/iter; left time: 11653.4731s
	iters: 1200, epoch: 3 | loss: 0.7561803
	speed: 0.0597s/iter; left time: 12190.2379s
	iters: 1300, epoch: 3 | loss: 0.6038651
	speed: 0.0610s/iter; left time: 12444.1182s
	iters: 1400, epoch: 3 | loss: 0.5943372
	speed: 0.0402s/iter; left time: 8195.5215s
	iters: 1500, epoch: 3 | loss: 0.5571870
	speed: 0.0618s/iter; left time: 12609.3451s
	iters: 1600, epoch: 3 | loss: 0.6041980
	speed: 0.0610s/iter; left time: 12425.7622s
	iters: 1700, epoch: 3 | loss: 0.2746271
	speed: 0.0576s/iter; left time: 11743.2845s
	iters: 1800, epoch: 3 | loss: 0.4399481
	speed: 0.0510s/iter; left time: 10391.6807s
	iters: 1900, epoch: 3 | loss: 0.2768922
	speed: 0.0603s/iter; left time: 12279.8857s
	iters: 2000, epoch: 3 | loss: 0.1499543
	speed: 0.0543s/iter; left time: 11038.6966s
	iters: 2100, epoch: 3 | loss: 0.6824274
	speed: 0.0614s/iter; left time: 12490.4374s
	iters: 2200, epoch: 3 | loss: 0.2682433
	speed: 0.0584s/iter; left time: 11867.6661s
	iters: 2300, epoch: 3 | loss: 0.8978313
	speed: 0.0559s/iter; left time: 11353.5474s
	iters: 2400, epoch: 3 | loss: 0.2326565
	speed: 0.0569s/iter; left time: 11548.9509s
	iters: 2500, epoch: 3 | loss: 0.4603907
	speed: 0.0603s/iter; left time: 12234.2197s
	iters: 2600, epoch: 3 | loss: 0.5123128
	speed: 0.0492s/iter; left time: 9985.5362s
	iters: 2700, epoch: 3 | loss: 0.2818201
	speed: 0.0562s/iter; left time: 11382.4965s
	iters: 2800, epoch: 3 | loss: 0.2791041
	speed: 0.0549s/iter; left time: 11126.5189s
	iters: 2900, epoch: 3 | loss: 0.5125567
	speed: 0.0589s/iter; left time: 11920.4796s
	iters: 3000, epoch: 3 | loss: 0.4023908
	speed: 0.0544s/iter; left time: 11005.9879s
	iters: 3100, epoch: 3 | loss: 0.7885071
	speed: 0.0514s/iter; left time: 10389.9722s
	iters: 3200, epoch: 3 | loss: 0.6320783
	speed: 0.0488s/iter; left time: 9861.0987s
	iters: 3300, epoch: 3 | loss: 0.2600236
	speed: 0.0520s/iter; left time: 10514.7046s
	iters: 3400, epoch: 3 | loss: 0.1611445
	speed: 0.0395s/iter; left time: 7980.9975s
	iters: 3500, epoch: 3 | loss: 0.1450847
	speed: 0.0424s/iter; left time: 8570.7408s
	iters: 3600, epoch: 3 | loss: 0.5783105
	speed: 0.0361s/iter; left time: 7286.5629s
	iters: 3700, epoch: 3 | loss: 0.3482825
	speed: 0.0398s/iter; left time: 8031.5794s
	iters: 3800, epoch: 3 | loss: 0.3429052
	speed: 0.0357s/iter; left time: 7194.9321s
	iters: 3900, epoch: 3 | loss: 0.3421291
	speed: 0.0416s/iter; left time: 8384.1765s
	iters: 4000, epoch: 3 | loss: 0.7200012
	speed: 0.0415s/iter; left time: 8348.9404s
	iters: 4100, epoch: 3 | loss: 0.5793912
	speed: 0.0474s/iter; left time: 9546.1517s
	iters: 4200, epoch: 3 | loss: 0.4059537
	speed: 0.0447s/iter; left time: 9000.9359s
	iters: 4300, epoch: 3 | loss: 0.2038436
	speed: 0.0363s/iter; left time: 7303.6176s
	iters: 4400, epoch: 3 | loss: 0.1490979
	speed: 0.0414s/iter; left time: 8323.4185s
	iters: 4500, epoch: 3 | loss: 0.8062231
	speed: 0.0399s/iter; left time: 8014.4724s
	iters: 4600, epoch: 3 | loss: 0.6472868
	speed: 0.0378s/iter; left time: 7584.2791s
	iters: 4700, epoch: 3 | loss: 0.8092196
	speed: 0.0396s/iter; left time: 7952.8082s
	iters: 4800, epoch: 3 | loss: 0.5285062
	speed: 0.0361s/iter; left time: 7236.9373s
	iters: 4900, epoch: 3 | loss: 0.2886970
	speed: 0.0390s/iter; left time: 7822.4599s
	iters: 5000, epoch: 3 | loss: 0.0820028
	speed: 0.0462s/iter; left time: 9251.8832s
	iters: 5100, epoch: 3 | loss: 0.9652890
	speed: 0.0470s/iter; left time: 9419.0085s
	iters: 5200, epoch: 3 | loss: 0.4624698
	speed: 0.0398s/iter; left time: 7964.7840s
	iters: 5300, epoch: 3 | loss: 0.1860864
	speed: 0.0445s/iter; left time: 8896.1417s
	iters: 5400, epoch: 3 | loss: 0.5860904
	speed: 0.0464s/iter; left time: 9286.4753s
	iters: 5500, epoch: 3 | loss: 0.2143592
	speed: 0.0356s/iter; left time: 7112.0861s
	iters: 5600, epoch: 3 | loss: 0.1266963
	speed: 0.0382s/iter; left time: 7642.4381s
	iters: 5700, epoch: 3 | loss: 0.4790715
	speed: 0.0395s/iter; left time: 7886.5963s
	iters: 5800, epoch: 3 | loss: 0.2274711
	speed: 0.0403s/iter; left time: 8045.0050s
	iters: 5900, epoch: 3 | loss: 0.2123342
	speed: 0.0351s/iter; left time: 6998.2732s
	iters: 6000, epoch: 3 | loss: 0.1051524
	speed: 0.0410s/iter; left time: 8175.9485s
	iters: 6100, epoch: 3 | loss: 0.8204324
	speed: 0.0401s/iter; left time: 7996.2953s
	iters: 6200, epoch: 3 | loss: 0.2050983
	speed: 0.0396s/iter; left time: 7884.7629s
	iters: 6300, epoch: 3 | loss: 0.1883920
	speed: 0.0436s/iter; left time: 8675.2776s
	iters: 6400, epoch: 3 | loss: 0.3741225
	speed: 0.0510s/iter; left time: 10143.0425s
	iters: 6500, epoch: 3 | loss: 0.7347809
	speed: 0.0428s/iter; left time: 8505.8928s
	iters: 6600, epoch: 3 | loss: 0.8515956
	speed: 0.0477s/iter; left time: 9474.3009s
	iters: 6700, epoch: 3 | loss: 0.2265215
	speed: 0.0409s/iter; left time: 8135.6730s
	iters: 6800, epoch: 3 | loss: 0.2989058
	speed: 0.0409s/iter; left time: 8115.9800s
	iters: 6900, epoch: 3 | loss: 0.3382876
	speed: 0.0367s/iter; left time: 7285.2203s
	iters: 7000, epoch: 3 | loss: 0.3228716
	speed: 0.0408s/iter; left time: 8090.5837s
	iters: 7100, epoch: 3 | loss: 0.3043011
	speed: 0.0354s/iter; left time: 7024.5952s
	iters: 7200, epoch: 3 | loss: 0.3021906
	speed: 0.0388s/iter; left time: 7695.1420s
	iters: 7300, epoch: 3 | loss: 0.5777335
	speed: 0.0368s/iter; left time: 7298.9619s
Epoch: 3 cost time: 346.5839431285858
Epoch: 3, Steps: 7336 | Train Loss: 0.390 Vali Loss: 1.845 Vali Acc: 0.613 Test Loss: 1.845 Test Acc: 0.613
Validation loss decreased (-0.610743 --> -0.612780).  Saving model ...
	iters: 100, epoch: 4 | loss: 0.0853890
	speed: 0.1913s/iter; left time: 37882.0995s
	iters: 200, epoch: 4 | loss: 0.1246710
	speed: 0.0587s/iter; left time: 11624.0947s
	iters: 300, epoch: 4 | loss: 0.2485434
	speed: 0.0578s/iter; left time: 11421.8351s
	iters: 400, epoch: 4 | loss: 0.2693730
	speed: 0.0575s/iter; left time: 11363.8637s
	iters: 500, epoch: 4 | loss: 0.4785802
	speed: 0.0397s/iter; left time: 7839.3484s
	iters: 600, epoch: 4 | loss: 0.1879528
	speed: 0.0592s/iter; left time: 11697.2601s
	iters: 700, epoch: 4 | loss: 0.1603300
	speed: 0.0492s/iter; left time: 9701.9647s
	iters: 800, epoch: 4 | loss: 0.2510596
	speed: 0.0538s/iter; left time: 10617.1891s
	iters: 900, epoch: 4 | loss: 0.4068475
	speed: 0.0542s/iter; left time: 10686.6174s
	iters: 1000, epoch: 4 | loss: 0.4128335
	speed: 0.0605s/iter; left time: 11926.0682s
	iters: 1100, epoch: 4 | loss: 0.1632012
	speed: 0.0629s/iter; left time: 12397.9454s
	iters: 1200, epoch: 4 | loss: 0.2496489
	speed: 0.0502s/iter; left time: 9883.5695s
	iters: 1300, epoch: 4 | loss: 0.6861926
	speed: 0.0615s/iter; left time: 12103.2309s
	iters: 1400, epoch: 4 | loss: 0.3014790
	speed: 0.0618s/iter; left time: 12147.4189s
	iters: 1500, epoch: 4 | loss: 0.3662294
	speed: 0.0565s/iter; left time: 11099.9315s
	iters: 1600, epoch: 4 | loss: 0.2541319
	speed: 0.0589s/iter; left time: 11570.1946s
	iters: 1700, epoch: 4 | loss: 0.8690868
	speed: 0.0551s/iter; left time: 10817.4527s
	iters: 1800, epoch: 4 | loss: 0.2547667
	speed: 0.0499s/iter; left time: 9799.9919s
	iters: 1900, epoch: 4 | loss: 0.2246968
	speed: 0.0489s/iter; left time: 9598.9603s
	iters: 2000, epoch: 4 | loss: 0.5991431
	speed: 0.0557s/iter; left time: 10926.3895s
	iters: 2100, epoch: 4 | loss: 0.4991839
	speed: 0.0521s/iter; left time: 10215.5016s
	iters: 2200, epoch: 4 | loss: 0.1259462
	speed: 0.0574s/iter; left time: 11235.5173s
	iters: 2300, epoch: 4 | loss: 0.2454271
	speed: 0.0535s/iter; left time: 10471.5841s
	iters: 2400, epoch: 4 | loss: 0.4671768
	speed: 0.0594s/iter; left time: 11615.5558s
	iters: 2500, epoch: 4 | loss: 0.5331392
	speed: 0.0553s/iter; left time: 10806.4259s
	iters: 2600, epoch: 4 | loss: 0.5391732
	speed: 0.0580s/iter; left time: 11335.7589s
	iters: 2700, epoch: 4 | loss: 0.4310325
	speed: 0.0594s/iter; left time: 11614.7277s
	iters: 2800, epoch: 4 | loss: 0.1919837
	speed: 0.0615s/iter; left time: 12007.1206s
	iters: 2900, epoch: 4 | loss: 0.2537512
	speed: 0.0614s/iter; left time: 11980.6420s
	iters: 3000, epoch: 4 | loss: 0.5117497
	speed: 0.0431s/iter; left time: 8416.8508s
	iters: 3100, epoch: 4 | loss: 0.4018788
	speed: 0.0542s/iter; left time: 10563.2913s
	iters: 3200, epoch: 4 | loss: 0.0964356
	speed: 0.0570s/iter; left time: 11109.0341s
	iters: 3300, epoch: 4 | loss: 0.1066665
	speed: 0.0546s/iter; left time: 10641.4275s
	iters: 3400, epoch: 4 | loss: 0.0591956
	speed: 0.0598s/iter; left time: 11647.0313s
	iters: 3500, epoch: 4 | loss: 0.0568288
	speed: 0.0502s/iter; left time: 9758.7060s
	iters: 3600, epoch: 4 | loss: 0.4471740
	speed: 0.0584s/iter; left time: 11353.3932s
	iters: 3700, epoch: 4 | loss: 0.1894754
	speed: 0.0591s/iter; left time: 11484.9304s
	iters: 3800, epoch: 4 | loss: 0.3381056
	speed: 0.0580s/iter; left time: 11268.8145s
	iters: 3900, epoch: 4 | loss: 0.5742783
	speed: 0.0487s/iter; left time: 9452.1672s
	iters: 4000, epoch: 4 | loss: 0.3392422
	speed: 0.0446s/iter; left time: 8661.4397s
	iters: 4100, epoch: 4 | loss: 0.2518281
	speed: 0.0491s/iter; left time: 9531.4901s
	iters: 4200, epoch: 4 | loss: 1.0579131
	speed: 0.0552s/iter; left time: 10697.7145s
	iters: 4300, epoch: 4 | loss: 0.2863059
	speed: 0.0594s/iter; left time: 11519.6957s
	iters: 4400, epoch: 4 | loss: 0.2605800
	speed: 0.0469s/iter; left time: 9085.1810s
	iters: 4500, epoch: 4 | loss: 0.2590597
	speed: 0.0571s/iter; left time: 11059.6379s
	iters: 4600, epoch: 4 | loss: 0.6545829
	speed: 0.0519s/iter; left time: 10049.7607s
	iters: 4700, epoch: 4 | loss: 0.6166095
	speed: 0.0411s/iter; left time: 7942.4416s
	iters: 4800, epoch: 4 | loss: 0.3840508
	speed: 0.0518s/iter; left time: 10005.0655s
	iters: 4900, epoch: 4 | loss: 0.3693453
	speed: 0.0496s/iter; left time: 9581.7691s
	iters: 5000, epoch: 4 | loss: 0.3081058
	speed: 0.0421s/iter; left time: 8128.4825s
	iters: 5100, epoch: 4 | loss: 0.3479377
	speed: 0.0417s/iter; left time: 8047.4297s
	iters: 5200, epoch: 4 | loss: 0.1985320
	speed: 0.0425s/iter; left time: 8197.3186s
	iters: 5300, epoch: 4 | loss: 0.4133196
	speed: 0.0473s/iter; left time: 9123.7251s
	iters: 5400, epoch: 4 | loss: 0.5827631
	speed: 0.0511s/iter; left time: 9842.4526s
	iters: 5500, epoch: 4 | loss: 0.1730735
	speed: 0.0494s/iter; left time: 9512.3634s
	iters: 5600, epoch: 4 | loss: 0.3073146
	speed: 0.0560s/iter; left time: 10781.6354s
	iters: 5700, epoch: 4 | loss: 0.1935398
	speed: 0.0552s/iter; left time: 10627.4480s
	iters: 5800, epoch: 4 | loss: 0.3372196
	speed: 0.0537s/iter; left time: 10325.8786s
	iters: 5900, epoch: 4 | loss: 0.1467056
	speed: 0.0539s/iter; left time: 10364.1082s
	iters: 6000, epoch: 4 | loss: 0.5096020
	speed: 0.0439s/iter; left time: 8435.7215s
	iters: 6100, epoch: 4 | loss: 0.2209016
	speed: 0.0425s/iter; left time: 8166.5460s
	iters: 6200, epoch: 4 | loss: 0.1147937
	speed: 0.0385s/iter; left time: 7391.2124s
	iters: 6300, epoch: 4 | loss: 0.3845989
	speed: 0.0545s/iter; left time: 10448.8725s
	iters: 6400, epoch: 4 | loss: 0.7605957
	speed: 0.0679s/iter; left time: 13012.4360s
	iters: 6500, epoch: 4 | loss: 0.2361097
	speed: 0.0679s/iter; left time: 13010.7746s
	iters: 6600, epoch: 4 | loss: 0.2964928
	speed: 0.0690s/iter; left time: 13211.0693s
	iters: 6700, epoch: 4 | loss: 0.5124331
	speed: 0.0662s/iter; left time: 12673.3821s
	iters: 6800, epoch: 4 | loss: 0.1239658
	speed: 0.0488s/iter; left time: 9325.3231s
	iters: 6900, epoch: 4 | loss: 0.7337013
	speed: 0.0590s/iter; left time: 11286.8731s
	iters: 7000, epoch: 4 | loss: 0.1632578
	speed: 0.0540s/iter; left time: 10311.4109s
	iters: 7100, epoch: 4 | loss: 0.3589436
	speed: 0.0594s/iter; left time: 11349.1007s
	iters: 7200, epoch: 4 | loss: 0.1691616
	speed: 0.0561s/iter; left time: 10701.9954s
	iters: 7300, epoch: 4 | loss: 0.2123604
	speed: 0.0539s/iter; left time: 10283.8848s
Epoch: 4 cost time: 396.7791819572449
Epoch: 4, Steps: 7336 | Train Loss: 0.349 Vali Loss: 1.893 Vali Acc: 0.602 Test Loss: 1.893 Test Acc: 0.602
EarlyStopping counter: 1 out of 10
	iters: 100, epoch: 5 | loss: 0.5501976
	speed: 0.1889s/iter; left time: 36009.1956s
	iters: 200, epoch: 5 | loss: 0.0894629
	speed: 0.0614s/iter; left time: 11690.8296s
	iters: 300, epoch: 5 | loss: 0.1166038
	speed: 0.0568s/iter; left time: 10819.8697s
	iters: 400, epoch: 5 | loss: 0.2517540
	speed: 0.0566s/iter; left time: 10772.7508s
	iters: 500, epoch: 5 | loss: 0.2419840
	speed: 0.0613s/iter; left time: 11655.4688s
	iters: 600, epoch: 5 | loss: 0.1427659
	speed: 0.0614s/iter; left time: 11667.1720s
	iters: 700, epoch: 5 | loss: 0.4487159
	speed: 0.0597s/iter; left time: 11337.6823s
	iters: 800, epoch: 5 | loss: 0.1427641
	speed: 0.0607s/iter; left time: 11531.5351s
	iters: 900, epoch: 5 | loss: 0.2188735
	speed: 0.0581s/iter; left time: 11024.5396s
	iters: 1000, epoch: 5 | loss: 0.5794510
	speed: 0.0532s/iter; left time: 10084.6234s
	iters: 1100, epoch: 5 | loss: 0.1266772
	speed: 0.0453s/iter; left time: 8594.1735s
	iters: 1200, epoch: 5 | loss: 0.1907514
	speed: 0.0538s/iter; left time: 10200.8935s
	iters: 1300, epoch: 5 | loss: 0.2232775
	speed: 0.0553s/iter; left time: 10471.2483s
	iters: 1400, epoch: 5 | loss: 0.1648290
	speed: 0.0525s/iter; left time: 9948.7396s
	iters: 1500, epoch: 5 | loss: 0.1380284
	speed: 0.0506s/iter; left time: 9568.3655s
	iters: 1600, epoch: 5 | loss: 0.3552713
	speed: 0.0543s/iter; left time: 10269.2662s
	iters: 1700, epoch: 5 | loss: 0.3093186
	speed: 0.0527s/iter; left time: 9965.3290s
	iters: 1800, epoch: 5 | loss: 0.1492646
	speed: 0.0444s/iter; left time: 8379.8081s
	iters: 1900, epoch: 5 | loss: 0.8296703
	speed: 0.0492s/iter; left time: 9286.1365s
	iters: 2000, epoch: 5 | loss: 0.2573693
	speed: 0.0529s/iter; left time: 9982.2676s
	iters: 2100, epoch: 5 | loss: 0.5298852
	speed: 0.0454s/iter; left time: 8560.0504s
	iters: 2200, epoch: 5 | loss: 0.5938872
	speed: 0.0615s/iter; left time: 11602.4956s
	iters: 2300, epoch: 5 | loss: 0.0180329
	speed: 0.0551s/iter; left time: 10373.5186s
	iters: 2400, epoch: 5 | loss: 0.3123538
	speed: 0.0433s/iter; left time: 8154.9286s
	iters: 2500, epoch: 5 | loss: 0.1336048
	speed: 0.0589s/iter; left time: 11093.0140s
	iters: 2600, epoch: 5 | loss: 0.1729354
	speed: 0.0474s/iter; left time: 8910.8067s
	iters: 2700, epoch: 5 | loss: 0.4341202
	speed: 0.0353s/iter; left time: 6645.5686s
	iters: 2800, epoch: 5 | loss: 0.1098665
	speed: 0.0390s/iter; left time: 7337.7985s
	iters: 2900, epoch: 5 | loss: 0.4751681
	speed: 0.0429s/iter; left time: 8053.2470s
	iters: 3000, epoch: 5 | loss: 0.4357189
	speed: 0.0465s/iter; left time: 8737.9237s
	iters: 3100, epoch: 5 | loss: 0.4954018
	speed: 0.0687s/iter; left time: 12888.3524s
	iters: 3200, epoch: 5 | loss: 0.1256125
	speed: 0.0546s/iter; left time: 10236.5947s
	iters: 3300, epoch: 5 | loss: 0.2455864
	speed: 0.0444s/iter; left time: 8315.1658s
	iters: 3400, epoch: 5 | loss: 0.1757778
	speed: 0.0443s/iter; left time: 8306.3091s
	iters: 3500, epoch: 5 | loss: 0.1870321
	speed: 0.0677s/iter; left time: 12685.0685s
	iters: 3600, epoch: 5 | loss: 0.1319627
	speed: 0.0693s/iter; left time: 12970.7590s
	iters: 3700, epoch: 5 | loss: 0.2827213
	speed: 0.0688s/iter; left time: 12868.0580s
	iters: 3800, epoch: 5 | loss: 0.5863840
	speed: 0.0588s/iter; left time: 10996.9000s
	iters: 3900, epoch: 5 | loss: 0.0764124
	speed: 0.0538s/iter; left time: 10045.6519s
	iters: 4000, epoch: 5 | loss: 0.4319323
	speed: 0.0455s/iter; left time: 8488.0805s
	iters: 4100, epoch: 5 | loss: 0.1343528
	speed: 0.0482s/iter; left time: 9004.5572s
	iters: 4200, epoch: 5 | loss: 0.3925562
	speed: 0.0483s/iter; left time: 9002.9974s
	iters: 4300, epoch: 5 | loss: 0.2465717
	speed: 0.0589s/iter; left time: 10987.2923s
	iters: 4400, epoch: 5 | loss: 0.5232679
	speed: 0.0562s/iter; left time: 10480.4975s
	iters: 4500, epoch: 5 | loss: 0.4979143
	speed: 0.0537s/iter; left time: 10004.6005s
	iters: 4600, epoch: 5 | loss: 0.2112629
	speed: 0.0427s/iter; left time: 7952.2547s
	iters: 4700, epoch: 5 | loss: 0.2587586
	speed: 0.0430s/iter; left time: 8005.8831s
	iters: 4800, epoch: 5 | loss: 0.1994545
	speed: 0.0397s/iter; left time: 7377.8142s
	iters: 4900, epoch: 5 | loss: 0.3405172
	speed: 0.0417s/iter; left time: 7748.5178s
	iters: 5000, epoch: 5 | loss: 0.2227169
	speed: 0.0354s/iter; left time: 6581.2522s
	iters: 5100, epoch: 5 | loss: 0.2145004
	speed: 0.0503s/iter; left time: 9333.1647s
	iters: 5200, epoch: 5 | loss: 0.1735494
	speed: 0.0467s/iter; left time: 8673.3433s
	iters: 5300, epoch: 5 | loss: 0.4210463
	speed: 0.0446s/iter; left time: 8267.3017s
	iters: 5400, epoch: 5 | loss: 0.3563300
	speed: 0.0461s/iter; left time: 8550.4595s
	iters: 5500, epoch: 5 | loss: 0.2053544
	speed: 0.0448s/iter; left time: 8296.5927s
	iters: 5600, epoch: 5 | loss: 0.4149439
	speed: 0.0396s/iter; left time: 7330.5844s
	iters: 5700, epoch: 5 | loss: 0.1558289
	speed: 0.0458s/iter; left time: 8473.0335s
	iters: 5800, epoch: 5 | loss: 0.1669293
	speed: 0.0564s/iter; left time: 10431.9902s
	iters: 5900, epoch: 5 | loss: 0.2215990
	speed: 0.0531s/iter; left time: 9818.1506s
	iters: 6000, epoch: 5 | loss: 0.1269052
	speed: 0.0496s/iter; left time: 9169.3321s
	iters: 6100, epoch: 5 | loss: 0.1218820
	speed: 0.0431s/iter; left time: 7966.2357s
	iters: 6200, epoch: 5 | loss: 0.0913158
	speed: 0.0352s/iter; left time: 6496.1701s
	iters: 6300, epoch: 5 | loss: 0.3871747
	speed: 0.0503s/iter; left time: 9283.5945s
	iters: 6400, epoch: 5 | loss: 0.0395319
	speed: 0.0546s/iter; left time: 10066.2967s
	iters: 6500, epoch: 5 | loss: 0.3471322
	speed: 0.0386s/iter; left time: 7108.9652s
	iters: 6600, epoch: 5 | loss: 0.2942125
	speed: 0.0455s/iter; left time: 8386.4694s
	iters: 6700, epoch: 5 | loss: 0.0681721
	speed: 0.0365s/iter; left time: 6719.6863s
	iters: 6800, epoch: 5 | loss: 0.2325906
	speed: 0.0482s/iter; left time: 8873.6877s
	iters: 6900, epoch: 5 | loss: 0.1599397
	speed: 0.0401s/iter; left time: 7380.1853s
	iters: 7000, epoch: 5 | loss: 0.0955752
	speed: 0.0560s/iter; left time: 10283.1806s
	iters: 7100, epoch: 5 | loss: 0.1620412
	speed: 0.0465s/iter; left time: 8537.3571s
	iters: 7200, epoch: 5 | loss: 0.6924903
	speed: 0.0523s/iter; left time: 9606.6105s
	iters: 7300, epoch: 5 | loss: 0.1022499
	speed: 0.0451s/iter; left time: 8275.2326s
Epoch: 5 cost time: 370.2509467601776
Epoch: 5, Steps: 7336 | Train Loss: 0.321 Vali Loss: 2.073 Vali Acc: 0.596 Test Loss: 2.073 Test Acc: 0.596
EarlyStopping counter: 2 out of 10
Updating learning rate to 6.25e-05
	iters: 100, epoch: 6 | loss: 0.4400678
	speed: 0.1789s/iter; left time: 32799.9086s
	iters: 200, epoch: 6 | loss: 0.3138170
	speed: 0.0452s/iter; left time: 8271.8551s
	iters: 300, epoch: 6 | loss: 0.2977812
	speed: 0.0446s/iter; left time: 8162.1086s
	iters: 400, epoch: 6 | loss: 0.2715207
	speed: 0.0388s/iter; left time: 7106.5046s
	iters: 500, epoch: 6 | loss: 0.1761770
	speed: 0.0480s/iter; left time: 8770.9700s
	iters: 600, epoch: 6 | loss: 0.5945889
	speed: 0.0406s/iter; left time: 7419.7893s
	iters: 700, epoch: 6 | loss: 0.1204983
	speed: 0.0503s/iter; left time: 9198.1997s
	iters: 800, epoch: 6 | loss: 0.1506913
	speed: 0.0430s/iter; left time: 7849.4080s
	iters: 900, epoch: 6 | loss: 0.2001467
	speed: 0.0404s/iter; left time: 7372.6070s
	iters: 1000, epoch: 6 | loss: 0.2047414
	speed: 0.0467s/iter; left time: 8526.9344s
	iters: 1100, epoch: 6 | loss: 0.3641925
	speed: 0.0516s/iter; left time: 9406.7465s
	iters: 1200, epoch: 6 | loss: 0.0728144
	speed: 0.0446s/iter; left time: 8122.7803s
	iters: 1300, epoch: 6 | loss: 0.1688343
	speed: 0.0445s/iter; left time: 8111.3937s
	iters: 1400, epoch: 6 | loss: 0.2940265
	speed: 0.0425s/iter; left time: 7726.8773s
	iters: 1500, epoch: 6 | loss: 0.2341973
	speed: 0.0525s/iter; left time: 9552.5005s
	iters: 1600, epoch: 6 | loss: 0.2000396
	speed: 0.0430s/iter; left time: 7819.5421s
	iters: 1700, epoch: 6 | loss: 0.3455037
	speed: 0.0367s/iter; left time: 6664.1194s
	iters: 1800, epoch: 6 | loss: 0.2665698
	speed: 0.0342s/iter; left time: 6204.4836s
	iters: 1900, epoch: 6 | loss: 0.1865581
	speed: 0.0370s/iter; left time: 6706.7855s
	iters: 2000, epoch: 6 | loss: 0.3132854
	speed: 0.0422s/iter; left time: 7663.7302s
	iters: 2100, epoch: 6 | loss: 0.2163895
	speed: 0.0374s/iter; left time: 6778.5389s
	iters: 2200, epoch: 6 | loss: 0.3077577
	speed: 0.0469s/iter; left time: 8491.8545s
	iters: 2300, epoch: 6 | loss: 0.0392496
	speed: 0.0387s/iter; left time: 7002.0468s
	iters: 2400, epoch: 6 | loss: 0.5561903
	speed: 0.0412s/iter; left time: 7456.4314s
	iters: 2500, epoch: 6 | loss: 0.2274700
	speed: 0.0416s/iter; left time: 7525.9950s
	iters: 2600, epoch: 6 | loss: 0.2987987
	speed: 0.0411s/iter; left time: 7432.7159s
	iters: 2700, epoch: 6 | loss: 0.2830432
	speed: 0.0505s/iter; left time: 9116.8412s
	iters: 2800, epoch: 6 | loss: 0.1110518
	speed: 0.0483s/iter; left time: 8720.0730s
	iters: 2900, epoch: 6 | loss: 0.1916459
	speed: 0.0388s/iter; left time: 6998.7319s
	iters: 3000, epoch: 6 | loss: 0.1326035
	speed: 0.0504s/iter; left time: 9089.6581s
	iters: 3100, epoch: 6 | loss: 0.2030482
	speed: 0.0595s/iter; left time: 10732.1589s
	iters: 3200, epoch: 6 | loss: 0.3269254
	speed: 0.0605s/iter; left time: 10909.9406s
	iters: 3300, epoch: 6 | loss: 0.0905610
	speed: 0.0564s/iter; left time: 10157.1530s
	iters: 3400, epoch: 6 | loss: 0.2316531
	speed: 0.0454s/iter; left time: 8170.2364s
	iters: 3500, epoch: 6 | loss: 0.2437696
	speed: 0.0423s/iter; left time: 7617.2390s
	iters: 3600, epoch: 6 | loss: 0.2266979
	speed: 0.0378s/iter; left time: 6798.4883s
	iters: 3700, epoch: 6 | loss: 0.2389600
	speed: 0.0365s/iter; left time: 6562.8921s
	iters: 3800, epoch: 6 | loss: 0.2477148
	speed: 0.0404s/iter; left time: 7247.3929s
	iters: 3900, epoch: 6 | loss: 0.0634995
	speed: 0.0395s/iter; left time: 7087.8682s
	iters: 4000, epoch: 6 | loss: 0.1850139
	speed: 0.0508s/iter; left time: 9105.6740s
	iters: 4100, epoch: 6 | loss: 0.2097991
	speed: 0.0422s/iter; left time: 7561.7306s
	iters: 4200, epoch: 6 | loss: 0.2253271
	speed: 0.0471s/iter; left time: 8439.6520s
	iters: 4300, epoch: 6 | loss: 0.1880416
	speed: 0.0488s/iter; left time: 8740.7699s
	iters: 4400, epoch: 6 | loss: 0.4160146
	speed: 0.0454s/iter; left time: 8128.5871s
	iters: 4500, epoch: 6 | loss: 0.1344946
	speed: 0.0433s/iter; left time: 7749.1195s
	iters: 4600, epoch: 6 | loss: 0.2072725
	speed: 0.0448s/iter; left time: 8018.7758s
	iters: 4700, epoch: 6 | loss: 0.0321586
	speed: 0.0550s/iter; left time: 9821.7202s
	iters: 4800, epoch: 6 | loss: 0.0980737
	speed: 0.0424s/iter; left time: 7567.6884s
	iters: 4900, epoch: 6 | loss: 0.1937476
	speed: 0.0499s/iter; left time: 8906.5501s
	iters: 5000, epoch: 6 | loss: 0.1113616
	speed: 0.0575s/iter; left time: 10257.5960s
	iters: 5100, epoch: 6 | loss: 0.0316269
	speed: 0.0503s/iter; left time: 8962.0583s
	iters: 5200, epoch: 6 | loss: 0.1389822
	speed: 0.0450s/iter; left time: 8012.5990s
	iters: 5300, epoch: 6 | loss: 0.2979953
	speed: 0.0487s/iter; left time: 8668.2824s
	iters: 5400, epoch: 6 | loss: 0.1726094
	speed: 0.0546s/iter; left time: 9718.7380s
	iters: 5500, epoch: 6 | loss: 0.1512763
	speed: 0.0528s/iter; left time: 9390.4056s
	iters: 5600, epoch: 6 | loss: 0.0793042
	speed: 0.0488s/iter; left time: 8679.9561s
	iters: 5700, epoch: 6 | loss: 0.0386817
	speed: 0.0430s/iter; left time: 7646.3037s
	iters: 5800, epoch: 6 | loss: 0.4339049
	speed: 0.0422s/iter; left time: 7495.9153s
	iters: 5900, epoch: 6 | loss: 0.3136278
	speed: 0.0459s/iter; left time: 8151.6229s
	iters: 6000, epoch: 6 | loss: 0.0946514
	speed: 0.0560s/iter; left time: 9941.8373s
	iters: 6100, epoch: 6 | loss: 0.2454946
	speed: 0.0508s/iter; left time: 8999.6791s
	iters: 6200, epoch: 6 | loss: 0.0958527
	speed: 0.0592s/iter; left time: 10488.2013s
	iters: 6300, epoch: 6 | loss: 0.1913014
	speed: 0.0605s/iter; left time: 10707.1384s
	iters: 6400, epoch: 6 | loss: 0.1582792
	speed: 0.0610s/iter; left time: 10800.1212s
	iters: 6500, epoch: 6 | loss: 0.3028492
	speed: 0.0583s/iter; left time: 10311.0890s
	iters: 6600, epoch: 6 | loss: 0.2362976
	speed: 0.0488s/iter; left time: 8636.0797s
	iters: 6700, epoch: 6 | loss: 0.2054561
	speed: 0.0546s/iter; left time: 9653.8140s
	iters: 6800, epoch: 6 | loss: 0.4598130
	speed: 0.0603s/iter; left time: 10655.8141s
	iters: 6900, epoch: 6 | loss: 0.3636931
	speed: 0.0549s/iter; left time: 9697.3726s
	iters: 7000, epoch: 6 | loss: 0.0342285
	speed: 0.0437s/iter; left time: 7704.3697s
	iters: 7100, epoch: 6 | loss: 0.3450405
	speed: 0.0597s/iter; left time: 10520.9832s
	iters: 7200, epoch: 6 | loss: 0.0924128
	speed: 0.0596s/iter; left time: 10496.3007s
	iters: 7300, epoch: 6 | loss: 0.0745561
	speed: 0.0595s/iter; left time: 10469.2589s
Epoch: 6 cost time: 349.14670038223267
Epoch: 6, Steps: 7336 | Train Loss: 0.207 Vali Loss: 2.006 Vali Acc: 0.606 Test Loss: 2.006 Test Acc: 0.606
EarlyStopping counter: 3 out of 10
	iters: 100, epoch: 7 | loss: 0.0544760
	speed: 0.1923s/iter; left time: 33841.8306s
	iters: 200, epoch: 7 | loss: 0.3195938
	speed: 0.0473s/iter; left time: 8323.4297s
	iters: 300, epoch: 7 | loss: 0.1506056
	speed: 0.0572s/iter; left time: 10061.6070s
	iters: 400, epoch: 7 | loss: 0.1533939
	speed: 0.0412s/iter; left time: 7230.5740s
	iters: 500, epoch: 7 | loss: 0.1742786
	speed: 0.0397s/iter; left time: 6973.6333s
	iters: 600, epoch: 7 | loss: 0.4413103
	speed: 0.0598s/iter; left time: 10492.0557s
	iters: 700, epoch: 7 | loss: 0.1292463
	speed: 0.0539s/iter; left time: 9445.2955s
	iters: 800, epoch: 7 | loss: 0.0666784
	speed: 0.0499s/iter; left time: 8750.7801s
	iters: 900, epoch: 7 | loss: 0.1699089
	speed: 0.0645s/iter; left time: 11300.6868s
	iters: 1000, epoch: 7 | loss: 0.0544456
	speed: 0.0501s/iter; left time: 8772.5579s
	iters: 1100, epoch: 7 | loss: 0.1685466
	speed: 0.0617s/iter; left time: 10799.6156s
	iters: 1200, epoch: 7 | loss: 0.1317943
	speed: 0.0605s/iter; left time: 10581.1547s
	iters: 1300, epoch: 7 | loss: 0.3626232
	speed: 0.0574s/iter; left time: 10027.9535s
	iters: 1400, epoch: 7 | loss: 0.0327728
	speed: 0.0589s/iter; left time: 10281.4397s
	iters: 1500, epoch: 7 | loss: 0.0826959
	speed: 0.0582s/iter; left time: 10152.0940s
	iters: 1600, epoch: 7 | loss: 0.0716349
	speed: 0.0529s/iter; left time: 9226.1532s
	iters: 1700, epoch: 7 | loss: 0.2736744
	speed: 0.0600s/iter; left time: 10459.1708s
	iters: 1800, epoch: 7 | loss: 0.2818147
	speed: 0.0605s/iter; left time: 10535.1840s
	iters: 1900, epoch: 7 | loss: 0.2531604
	speed: 0.0612s/iter; left time: 10666.6151s
	iters: 2000, epoch: 7 | loss: 0.1668846
	speed: 0.0559s/iter; left time: 9731.9764s
	iters: 2100, epoch: 7 | loss: 0.0161854
	speed: 0.0603s/iter; left time: 10487.3391s
	iters: 2200, epoch: 7 | loss: 0.3675292
	speed: 0.0611s/iter; left time: 10627.7609s
	iters: 2300, epoch: 7 | loss: 0.2284742
	speed: 0.0576s/iter; left time: 10007.8792s
	iters: 2400, epoch: 7 | loss: 0.1110494
	speed: 0.0535s/iter; left time: 9299.3989s
	iters: 2500, epoch: 7 | loss: 0.2169324
	speed: 0.0531s/iter; left time: 9220.5570s
	iters: 2600, epoch: 7 | loss: 0.1710862
	speed: 0.0525s/iter; left time: 9111.8994s
	iters: 2700, epoch: 7 | loss: 0.3644784
	speed: 0.0589s/iter; left time: 10203.4478s
	iters: 2800, epoch: 7 | loss: 0.3367344
	speed: 0.0606s/iter; left time: 10492.8173s
	iters: 2900, epoch: 7 | loss: 0.5982085
	speed: 0.0502s/iter; left time: 8685.6984s
	iters: 3000, epoch: 7 | loss: 0.2732975
	speed: 0.0557s/iter; left time: 9636.0588s
	iters: 3100, epoch: 7 | loss: 0.0846807
	speed: 0.0575s/iter; left time: 9954.0964s
	iters: 3200, epoch: 7 | loss: 0.3245016
	speed: 0.0505s/iter; left time: 8723.1009s
	iters: 3300, epoch: 7 | loss: 0.2273464
	speed: 0.0598s/iter; left time: 10334.7934s
	iters: 3400, epoch: 7 | loss: 0.0654560
	speed: 0.0592s/iter; left time: 10230.1192s
	iters: 3500, epoch: 7 | loss: 0.1561209
	speed: 0.0591s/iter; left time: 10193.4031s
	iters: 3600, epoch: 7 | loss: 0.0586670
	speed: 0.0575s/iter; left time: 9924.1701s
	iters: 3700, epoch: 7 | loss: 0.5111117
	speed: 0.0487s/iter; left time: 8388.1047s
	iters: 3800, epoch: 7 | loss: 0.1196562
	speed: 0.0606s/iter; left time: 10442.9475s
	iters: 3900, epoch: 7 | loss: 0.2868286
	speed: 0.0602s/iter; left time: 10362.3479s
	iters: 4000, epoch: 7 | loss: 0.0327377
	speed: 0.0527s/iter; left time: 9064.8410s
	iters: 4100, epoch: 7 | loss: 0.6367090
	speed: 0.0580s/iter; left time: 9974.4898s
	iters: 4200, epoch: 7 | loss: 0.0626954
	speed: 0.0575s/iter; left time: 9879.7093s
	iters: 4300, epoch: 7 | loss: 0.0943679
	speed: 0.0605s/iter; left time: 10385.6691s
	iters: 4400, epoch: 7 | loss: 0.1523472
	speed: 0.0573s/iter; left time: 9836.8998s
	iters: 4500, epoch: 7 | loss: 0.1169350
	speed: 0.0613s/iter; left time: 10515.0903s
	iters: 4600, epoch: 7 | loss: 0.0251916
	speed: 0.0583s/iter; left time: 9987.9034s
	iters: 4700, epoch: 7 | loss: 0.3063320
	speed: 0.0605s/iter; left time: 10375.2524s
	iters: 4800, epoch: 7 | loss: 0.4010401
	speed: 0.0615s/iter; left time: 10538.8707s
	iters: 4900, epoch: 7 | loss: 0.2487983
	speed: 0.0585s/iter; left time: 10009.2914s
	iters: 5000, epoch: 7 | loss: 0.1918945
	speed: 0.0572s/iter; left time: 9780.0605s
	iters: 5100, epoch: 7 | loss: 0.3141276
	speed: 0.0606s/iter; left time: 10362.2129s
	iters: 5200, epoch: 7 | loss: 0.1390131
	speed: 0.0584s/iter; left time: 9979.3005s
	iters: 5300, epoch: 7 | loss: 0.2875337
	speed: 0.0548s/iter; left time: 9358.8279s
	iters: 5400, epoch: 7 | loss: 0.3082976
	speed: 0.0424s/iter; left time: 7230.3448s
	iters: 5500, epoch: 7 | loss: 0.2188628
	speed: 0.0539s/iter; left time: 9191.5103s
	iters: 5600, epoch: 7 | loss: 0.1589012
	speed: 0.0594s/iter; left time: 10127.0610s
	iters: 5700, epoch: 7 | loss: 0.1864074
	speed: 0.0585s/iter; left time: 9971.0965s
	iters: 5800, epoch: 7 | loss: 0.0147125
	speed: 0.0528s/iter; left time: 8994.6230s
	iters: 5900, epoch: 7 | loss: 0.0679412
	speed: 0.0616s/iter; left time: 10485.0735s
	iters: 6000, epoch: 7 | loss: 0.4214506
	speed: 0.0532s/iter; left time: 9054.2211s
	iters: 6100, epoch: 7 | loss: 0.0853132
	speed: 0.0580s/iter; left time: 9858.2702s
	iters: 6200, epoch: 7 | loss: 0.0434676
	speed: 0.0489s/iter; left time: 8314.4458s
	iters: 6300, epoch: 7 | loss: 0.1776526
	speed: 0.0576s/iter; left time: 9784.7550s
	iters: 6400, epoch: 7 | loss: 0.1580801
	speed: 0.0510s/iter; left time: 8656.4183s
	iters: 6500, epoch: 7 | loss: 0.0728197
	speed: 0.0598s/iter; left time: 10147.9525s
	iters: 6600, epoch: 7 | loss: 0.2650156
	speed: 0.0590s/iter; left time: 9996.6513s
	iters: 6700, epoch: 7 | loss: 0.1633842
	speed: 0.0575s/iter; left time: 9735.2103s
	iters: 6800, epoch: 7 | loss: 0.0505583
	speed: 0.0560s/iter; left time: 9483.0905s
	iters: 6900, epoch: 7 | loss: 0.4002603
	speed: 0.0504s/iter; left time: 8521.0208s
	iters: 7000, epoch: 7 | loss: 0.0186929
	speed: 0.0466s/iter; left time: 7884.3782s
	iters: 7100, epoch: 7 | loss: 0.3962238
	speed: 0.0337s/iter; left time: 5692.3418s
	iters: 7200, epoch: 7 | loss: 0.3249142
	speed: 0.0364s/iter; left time: 6154.2962s
	iters: 7300, epoch: 7 | loss: 0.5294723
	speed: 0.0436s/iter; left time: 7357.6851s
Epoch: 7 cost time: 406.02284932136536
Epoch: 7, Steps: 7336 | Train Loss: 0.188 Vali Loss: 2.105 Vali Acc: 0.592 Test Loss: 2.105 Test Acc: 0.592
EarlyStopping counter: 4 out of 10
	iters: 100, epoch: 8 | loss: 0.0451673
	speed: 0.1961s/iter; left time: 33062.5716s
	iters: 200, epoch: 8 | loss: 0.1471402
	speed: 0.0476s/iter; left time: 8022.8816s
	iters: 300, epoch: 8 | loss: 0.2301401
	speed: 0.0618s/iter; left time: 10409.5291s
	iters: 400, epoch: 8 | loss: 0.0421148
	speed: 0.0617s/iter; left time: 10388.8749s
	iters: 500, epoch: 8 | loss: 0.1373599
	speed: 0.0573s/iter; left time: 9644.1070s
	iters: 600, epoch: 8 | loss: 0.1464024
	speed: 0.0407s/iter; left time: 6836.5685s
	iters: 700, epoch: 8 | loss: 0.0315199
	speed: 0.0415s/iter; left time: 6971.8316s
	iters: 800, epoch: 8 | loss: 0.0744939
	speed: 0.0383s/iter; left time: 6428.3070s
	iters: 900, epoch: 8 | loss: 0.0649859
	speed: 0.0405s/iter; left time: 6789.0081s
	iters: 1000, epoch: 8 | loss: 0.2208717
	speed: 0.0500s/iter; left time: 8388.6438s
	iters: 1100, epoch: 8 | loss: 0.5784442
	speed: 0.0594s/iter; left time: 9949.1252s
	iters: 1200, epoch: 8 | loss: 0.3480864
	speed: 0.0559s/iter; left time: 9358.9607s
	iters: 1300, epoch: 8 | loss: 0.3888593
	speed: 0.0599s/iter; left time: 10034.4923s
	iters: 1400, epoch: 8 | loss: 0.3476161
	speed: 0.0465s/iter; left time: 7786.5203s
	iters: 1500, epoch: 8 | loss: 0.2323500
	speed: 0.0421s/iter; left time: 7034.2723s
	iters: 1600, epoch: 8 | loss: 0.3134313
	speed: 0.0418s/iter; left time: 6988.0819s
	iters: 1700, epoch: 8 | loss: 0.2585848
	speed: 0.0510s/iter; left time: 8518.0563s
	iters: 1800, epoch: 8 | loss: 0.0815728
	speed: 0.0395s/iter; left time: 6589.5915s
	iters: 1900, epoch: 8 | loss: 0.5321137
	speed: 0.0455s/iter; left time: 7583.8164s
	iters: 2000, epoch: 8 | loss: 0.1426892
	speed: 0.0390s/iter; left time: 6501.3766s
	iters: 2100, epoch: 8 | loss: 0.1353915
	speed: 0.0559s/iter; left time: 9321.6924s
	iters: 2200, epoch: 8 | loss: 0.0324335
	speed: 0.0399s/iter; left time: 6651.3576s
	iters: 2300, epoch: 8 | loss: 0.1036814
	speed: 0.0336s/iter; left time: 5584.6949s
	iters: 2400, epoch: 8 | loss: 0.1721962
	speed: 0.0381s/iter; left time: 6333.2751s
	iters: 2500, epoch: 8 | loss: 0.0899094
	speed: 0.0363s/iter; left time: 6040.5321s
	iters: 2600, epoch: 8 | loss: 0.2248809
	speed: 0.0433s/iter; left time: 7192.6671s
	iters: 2700, epoch: 8 | loss: 0.1487057
	speed: 0.0435s/iter; left time: 7225.4356s
	iters: 2800, epoch: 8 | loss: 0.2315498
	speed: 0.0441s/iter; left time: 7324.3625s
	iters: 2900, epoch: 8 | loss: 0.0787628
	speed: 0.0468s/iter; left time: 7759.0300s
	iters: 3000, epoch: 8 | loss: 0.2918724
	speed: 0.0447s/iter; left time: 7411.6243s
	iters: 3100, epoch: 8 | loss: 0.0331734
	speed: 0.0425s/iter; left time: 7045.3099s
	iters: 3200, epoch: 8 | loss: 0.2008233
	speed: 0.0395s/iter; left time: 6545.8292s
	iters: 3300, epoch: 8 | loss: 0.3551565
	speed: 0.0406s/iter; left time: 6717.5122s
	iters: 3400, epoch: 8 | loss: 0.7210293
	speed: 0.0396s/iter; left time: 6547.8007s
	iters: 3500, epoch: 8 | loss: 0.1444193
	speed: 0.0378s/iter; left time: 6242.5768s
	iters: 3600, epoch: 8 | loss: 0.2439831
	speed: 0.0381s/iter; left time: 6290.9180s
	iters: 3700, epoch: 8 | loss: 0.4604894
	speed: 0.0379s/iter; left time: 6259.0727s
	iters: 3800, epoch: 8 | loss: 0.0907824
	speed: 0.0409s/iter; left time: 6753.5799s
	iters: 3900, epoch: 8 | loss: 0.0746067
	speed: 0.0398s/iter; left time: 6563.9700s
	iters: 4000, epoch: 8 | loss: 1.0273309
	speed: 0.0409s/iter; left time: 6741.9141s
	iters: 4100, epoch: 8 | loss: 0.0404692
	speed: 0.0446s/iter; left time: 7348.6672s
	iters: 4200, epoch: 8 | loss: 0.3865055
	speed: 0.0458s/iter; left time: 7538.6557s
	iters: 4300, epoch: 8 | loss: 0.3041559
	speed: 0.0423s/iter; left time: 6947.8558s
	iters: 4400, epoch: 8 | loss: 0.0853801
	speed: 0.0352s/iter; left time: 5788.9252s
	iters: 4500, epoch: 8 | loss: 0.0580207
	speed: 0.0339s/iter; left time: 5570.4080s
	iters: 4600, epoch: 8 | loss: 0.0717294
	speed: 0.0335s/iter; left time: 5500.0204s
	iters: 4700, epoch: 8 | loss: 0.0603949
	speed: 0.0352s/iter; left time: 5765.9770s
	iters: 4800, epoch: 8 | loss: 0.0080172
	speed: 0.0340s/iter; left time: 5581.4127s
	iters: 4900, epoch: 8 | loss: 0.0563932
	speed: 0.0358s/iter; left time: 5870.5195s
	iters: 5000, epoch: 8 | loss: 0.1970157
	speed: 0.0366s/iter; left time: 5999.9011s
	iters: 5100, epoch: 8 | loss: 0.1983660
	speed: 0.0369s/iter; left time: 6030.3598s
	iters: 5200, epoch: 8 | loss: 0.1390049
	speed: 0.0358s/iter; left time: 5860.1278s
	iters: 5300, epoch: 8 | loss: 0.0499943
	speed: 0.0340s/iter; left time: 5560.5134s
	iters: 5400, epoch: 8 | loss: 0.2190477
	speed: 0.0353s/iter; left time: 5772.9657s
	iters: 5500, epoch: 8 | loss: 0.0518128
	speed: 0.0352s/iter; left time: 5751.6193s
	iters: 5600, epoch: 8 | loss: 0.0378345
	speed: 0.0335s/iter; left time: 5457.9268s
	iters: 5700, epoch: 8 | loss: 0.0597710
	speed: 0.0329s/iter; left time: 5360.1826s
	iters: 5800, epoch: 8 | loss: 0.1309641
	speed: 0.0339s/iter; left time: 5517.1872s
	iters: 5900, epoch: 8 | loss: 0.0759157
	speed: 0.0339s/iter; left time: 5524.9438s
	iters: 6000, epoch: 8 | loss: 0.0833804
	speed: 0.0374s/iter; left time: 6083.9761s
	iters: 6100, epoch: 8 | loss: 0.1074692
	speed: 0.0412s/iter; left time: 6693.0034s
	iters: 6200, epoch: 8 | loss: 0.0890557
	speed: 0.0436s/iter; left time: 7080.0832s
	iters: 6300, epoch: 8 | loss: 0.1880153
	speed: 0.0455s/iter; left time: 7393.9424s
	iters: 6400, epoch: 8 | loss: 0.0230501
	speed: 0.0421s/iter; left time: 6838.7157s
	iters: 6500, epoch: 8 | loss: 0.1066506
	speed: 0.0488s/iter; left time: 7915.0260s
	iters: 6600, epoch: 8 | loss: 0.2949723
	speed: 0.0536s/iter; left time: 8690.1540s
	iters: 6700, epoch: 8 | loss: 0.0879410
	speed: 0.0580s/iter; left time: 9403.6747s
	iters: 6800, epoch: 8 | loss: 0.0207349
	speed: 0.0552s/iter; left time: 8939.4386s
	iters: 6900, epoch: 8 | loss: 0.1734453
	speed: 0.0550s/iter; left time: 8893.7754s
	iters: 7000, epoch: 8 | loss: 0.2923119
	speed: 0.0523s/iter; left time: 8464.4917s
	iters: 7100, epoch: 8 | loss: 0.0945887
	speed: 0.0520s/iter; left time: 8397.9898s
	iters: 7200, epoch: 8 | loss: 0.1220658
	speed: 0.0528s/iter; left time: 8530.0787s
	iters: 7300, epoch: 8 | loss: 0.0267303
	speed: 0.0523s/iter; left time: 8437.6329s
Epoch: 8 cost time: 320.6817002296448
Epoch: 8, Steps: 7336 | Train Loss: 0.181 Vali Loss: 2.118 Vali Acc: 0.597 Test Loss: 2.118 Test Acc: 0.597
EarlyStopping counter: 5 out of 10
	iters: 100, epoch: 9 | loss: 0.2897467
	speed: 0.1834s/iter; left time: 29580.9876s
	iters: 200, epoch: 9 | loss: 0.5390643
	speed: 0.0412s/iter; left time: 6633.7468s
	iters: 300, epoch: 9 | loss: 0.1187716
	speed: 0.0527s/iter; left time: 8493.9488s
	iters: 400, epoch: 9 | loss: 0.2383410
	speed: 0.0459s/iter; left time: 7396.4324s
	iters: 500, epoch: 9 | loss: 0.0474137
	speed: 0.0569s/iter; left time: 9162.7266s
	iters: 600, epoch: 9 | loss: 0.1350313
	speed: 0.0439s/iter; left time: 7066.4567s
	iters: 700, epoch: 9 | loss: 0.4317461
	speed: 0.0465s/iter; left time: 7472.9468s
	iters: 800, epoch: 9 | loss: 0.1965882
	speed: 0.0471s/iter; left time: 7562.9590s
	iters: 900, epoch: 9 | loss: 0.2221328
	speed: 0.0456s/iter; left time: 7316.4573s
	iters: 1000, epoch: 9 | loss: 0.3069445
	speed: 0.0512s/iter; left time: 8215.2220s
	iters: 1100, epoch: 9 | loss: 0.2214677
	speed: 0.0467s/iter; left time: 7489.4331s
	iters: 1200, epoch: 9 | loss: 0.0388537
	speed: 0.0478s/iter; left time: 7663.9672s
	iters: 1300, epoch: 9 | loss: 0.3209967
	speed: 0.0437s/iter; left time: 6991.7321s
	iters: 1400, epoch: 9 | loss: 0.2692880
	speed: 0.0514s/iter; left time: 8231.0810s
	iters: 1500, epoch: 9 | loss: 0.2176055
	speed: 0.0506s/iter; left time: 8089.5221s
	iters: 1600, epoch: 9 | loss: 0.3461077
	speed: 0.0578s/iter; left time: 9239.9937s
	iters: 1700, epoch: 9 | loss: 0.4030162
	speed: 0.0536s/iter; left time: 8562.5212s
	iters: 1800, epoch: 9 | loss: 0.2164297
	speed: 0.0431s/iter; left time: 6876.0504s
	iters: 1900, epoch: 9 | loss: 0.7076624
	speed: 0.0584s/iter; left time: 9316.4996s
	iters: 2000, epoch: 9 | loss: 0.0163176
	speed: 0.0496s/iter; left time: 7907.9663s
	iters: 2100, epoch: 9 | loss: 0.2834025
	speed: 0.0584s/iter; left time: 9306.4994s
	iters: 2200, epoch: 9 | loss: 0.0493986
	speed: 0.0470s/iter; left time: 7485.6232s
	iters: 2300, epoch: 9 | loss: 0.5483167
	speed: 0.0431s/iter; left time: 6857.3141s
	iters: 2400, epoch: 9 | loss: 0.2214975
	speed: 0.0499s/iter; left time: 7939.6888s
	iters: 2500, epoch: 9 | loss: 0.1103451
	speed: 0.0602s/iter; left time: 9562.3760s
	iters: 2600, epoch: 9 | loss: 0.2486170
	speed: 0.0556s/iter; left time: 8830.7753s
	iters: 2700, epoch: 9 | loss: 0.1471103
	speed: 0.0600s/iter; left time: 9528.3926s
	iters: 2800, epoch: 9 | loss: 0.1757300
	speed: 0.0608s/iter; left time: 9644.6243s
	iters: 2900, epoch: 9 | loss: 0.0333163
	speed: 0.0476s/iter; left time: 7547.1897s
	iters: 3000, epoch: 9 | loss: 0.0368280
	speed: 0.0587s/iter; left time: 9304.2489s
	iters: 3100, epoch: 9 | loss: 0.2335187
	speed: 0.0578s/iter; left time: 9156.6245s
	iters: 3200, epoch: 9 | loss: 0.1555292
	speed: 0.0569s/iter; left time: 8997.8952s
	iters: 3300, epoch: 9 | loss: 0.0566286
	speed: 0.0470s/iter; left time: 7431.7107s
	iters: 3400, epoch: 9 | loss: 0.2900490
	speed: 0.0494s/iter; left time: 7800.0493s
	iters: 3500, epoch: 9 | loss: 0.1675604
	speed: 0.0398s/iter; left time: 6283.8166s
	iters: 3600, epoch: 9 | loss: 0.2204801
	speed: 0.0419s/iter; left time: 6609.1574s
	iters: 3700, epoch: 9 | loss: 0.0125148
	speed: 0.0481s/iter; left time: 7591.8071s
	iters: 3800, epoch: 9 | loss: 0.1147695
	speed: 0.0718s/iter; left time: 11318.3040s
	iters: 3900, epoch: 9 | loss: 0.0838141
	speed: 0.0565s/iter; left time: 8893.5866s
	iters: 4000, epoch: 9 | loss: 0.3825704
	speed: 0.0574s/iter; left time: 9027.6044s
	iters: 4100, epoch: 9 | loss: 0.0380195
	speed: 0.0598s/iter; left time: 9405.9920s
	iters: 4200, epoch: 9 | loss: 0.1228023
	speed: 0.0601s/iter; left time: 9446.3241s
	iters: 4300, epoch: 9 | loss: 0.3047580
	speed: 0.0621s/iter; left time: 9750.5783s
	iters: 4400, epoch: 9 | loss: 0.0769161
	speed: 0.0614s/iter; left time: 9645.6624s
	iters: 4500, epoch: 9 | loss: 0.0781858
	speed: 0.0577s/iter; left time: 9057.4961s
	iters: 4600, epoch: 9 | loss: 0.1278037
	speed: 0.0597s/iter; left time: 9358.8626s
	iters: 4700, epoch: 9 | loss: 0.0774883
	speed: 0.0611s/iter; left time: 9576.3716s
	iters: 4800, epoch: 9 | loss: 0.3996977
	speed: 0.0605s/iter; left time: 9478.7273s
	iters: 4900, epoch: 9 | loss: 0.1133076
	speed: 0.0582s/iter; left time: 9113.0108s
	iters: 5000, epoch: 9 | loss: 0.1518161
	speed: 0.0535s/iter; left time: 8367.6480s
	iters: 5100, epoch: 9 | loss: 0.7686802
	speed: 0.0585s/iter; left time: 9142.3500s
	iters: 5200, epoch: 9 | loss: 0.3480881
	speed: 0.0593s/iter; left time: 9260.6325s
	iters: 5300, epoch: 9 | loss: 0.1886312
	speed: 0.0557s/iter; left time: 8689.1922s
	iters: 5400, epoch: 9 | loss: 0.0382802
	speed: 0.0493s/iter; left time: 7694.6298s
	iters: 5500, epoch: 9 | loss: 0.0953389
	speed: 0.0590s/iter; left time: 9200.6777s
	iters: 5600, epoch: 9 | loss: 0.1256509
	speed: 0.0565s/iter; left time: 8797.8225s
	iters: 5700, epoch: 9 | loss: 0.2105423
	speed: 0.0565s/iter; left time: 8793.6475s
	iters: 5800, epoch: 9 | loss: 0.3189315
	speed: 0.0575s/iter; left time: 8939.4086s
	iters: 5900, epoch: 9 | loss: 0.2631632
	speed: 0.0555s/iter; left time: 8631.1604s
	iters: 6000, epoch: 9 | loss: 0.1781448
	speed: 0.0557s/iter; left time: 8653.4750s
	iters: 6100, epoch: 9 | loss: 0.1246681
	speed: 0.0590s/iter; left time: 9167.6954s
	iters: 6200, epoch: 9 | loss: 0.1340715
	speed: 0.0570s/iter; left time: 8841.0100s
	iters: 6300, epoch: 9 | loss: 0.1365067
	speed: 0.0597s/iter; left time: 9257.0018s
	iters: 6400, epoch: 9 | loss: 0.0435420
	speed: 0.0461s/iter; left time: 7142.7434s
	iters: 6500, epoch: 9 | loss: 0.3003465
	speed: 0.0589s/iter; left time: 9128.2347s
	iters: 6600, epoch: 9 | loss: 0.3436992
	speed: 0.0567s/iter; left time: 8781.7683s
	iters: 6700, epoch: 9 | loss: 0.0582427
	speed: 0.0696s/iter; left time: 10763.8169s
	iters: 6800, epoch: 9 | loss: 0.0174821
	speed: 0.0693s/iter; left time: 10708.9937s
	iters: 6900, epoch: 9 | loss: 0.0199944
	speed: 0.0695s/iter; left time: 10734.9021s
	iters: 7000, epoch: 9 | loss: 0.0338967
	speed: 0.0697s/iter; left time: 10758.9872s
	iters: 7100, epoch: 9 | loss: 0.0968413
	speed: 0.0691s/iter; left time: 10660.7466s
	iters: 7200, epoch: 9 | loss: 0.4676575
	speed: 0.0687s/iter; left time: 10587.3379s
	iters: 7300, epoch: 9 | loss: 0.0471564
	speed: 0.0453s/iter; left time: 6986.5126s
Epoch: 9 cost time: 402.4536876678467
Epoch: 9, Steps: 7336 | Train Loss: 0.176 Vali Loss: 2.178 Vali Acc: 0.594 Test Loss: 2.178 Test Acc: 0.594
EarlyStopping counter: 6 out of 10
	iters: 100, epoch: 10 | loss: 0.0801213
	speed: 0.1960s/iter; left time: 30174.4420s
	iters: 200, epoch: 10 | loss: 0.1293805
	speed: 0.0578s/iter; left time: 8892.6220s
	iters: 300, epoch: 10 | loss: 0.0161927
	speed: 0.0623s/iter; left time: 9580.4003s
	iters: 400, epoch: 10 | loss: 0.0958107
	speed: 0.0583s/iter; left time: 8963.9711s
	iters: 500, epoch: 10 | loss: 0.2706685
	speed: 0.0621s/iter; left time: 9531.6070s
	iters: 600, epoch: 10 | loss: 0.3018457
	speed: 0.0588s/iter; left time: 9018.9055s
	iters: 700, epoch: 10 | loss: 0.2616119
	speed: 0.0609s/iter; left time: 9344.0185s
	iters: 800, epoch: 10 | loss: 0.1213057
	speed: 0.0559s/iter; left time: 8572.4692s
	iters: 900, epoch: 10 | loss: 0.1977786
	speed: 0.0563s/iter; left time: 8619.4211s
	iters: 1000, epoch: 10 | loss: 0.3322449
	speed: 0.0545s/iter; left time: 8347.5496s
	iters: 1100, epoch: 10 | loss: 0.2639476
	speed: 0.0536s/iter; left time: 8205.8550s
	iters: 1200, epoch: 10 | loss: 0.1377289
	speed: 0.0574s/iter; left time: 8769.6666s
	iters: 1300, epoch: 10 | loss: 0.2118640
	speed: 0.0519s/iter; left time: 7932.4490s
	iters: 1400, epoch: 10 | loss: 0.2280534
	speed: 0.0601s/iter; left time: 9178.2478s
	iters: 1500, epoch: 10 | loss: 0.1000709
	speed: 0.0593s/iter; left time: 9042.9726s
	iters: 1600, epoch: 10 | loss: 0.3361641
	speed: 0.0599s/iter; left time: 9134.9982s
	iters: 1700, epoch: 10 | loss: 0.0809032
	speed: 0.0510s/iter; left time: 7777.1837s
	iters: 1800, epoch: 10 | loss: 0.0231052
	speed: 0.0564s/iter; left time: 8585.2385s
	iters: 1900, epoch: 10 | loss: 0.1253270
	speed: 0.0553s/iter; left time: 8408.5829s
	iters: 2000, epoch: 10 | loss: 0.4442965
	speed: 0.0587s/iter; left time: 8918.6749s
	iters: 2100, epoch: 10 | loss: 0.2828038
	speed: 0.0539s/iter; left time: 8186.9762s
	iters: 2200, epoch: 10 | loss: 0.2514113
	speed: 0.0513s/iter; left time: 7792.8016s
	iters: 2300, epoch: 10 | loss: 0.0691592
	speed: 0.0532s/iter; left time: 8075.7275s
	iters: 2400, epoch: 10 | loss: 0.0474644
	speed: 0.0587s/iter; left time: 8908.8873s
	iters: 2500, epoch: 10 | loss: 0.0253051
	speed: 0.0510s/iter; left time: 7730.0851s
	iters: 2600, epoch: 10 | loss: 0.3528236
	speed: 0.0570s/iter; left time: 8632.7577s
	iters: 2700, epoch: 10 | loss: 0.0119914
	speed: 0.0591s/iter; left time: 8948.7169s
	iters: 2800, epoch: 10 | loss: 0.2761934
	speed: 0.0585s/iter; left time: 8855.0256s
	iters: 2900, epoch: 10 | loss: 0.1052258
	speed: 0.0598s/iter; left time: 9040.9718s
	iters: 3000, epoch: 10 | loss: 0.1215107
	speed: 0.0441s/iter; left time: 6655.3102s
	iters: 3100, epoch: 10 | loss: 0.1674366
	speed: 0.0615s/iter; left time: 9286.0856s
	iters: 3200, epoch: 10 | loss: 0.0208928
	speed: 0.0604s/iter; left time: 9109.7367s
	iters: 3300, epoch: 10 | loss: 0.8728805
	speed: 0.0507s/iter; left time: 7649.6634s
	iters: 3400, epoch: 10 | loss: 0.2881835
	speed: 0.0434s/iter; left time: 6534.5880s
	iters: 3500, epoch: 10 | loss: 0.1815297
	speed: 0.0614s/iter; left time: 9247.9381s
	iters: 3600, epoch: 10 | loss: 0.1426561
	speed: 0.0470s/iter; left time: 7068.0035s
	iters: 3700, epoch: 10 | loss: 0.0811027
	speed: 0.0391s/iter; left time: 5881.1319s
	iters: 3800, epoch: 10 | loss: 0.3546506
	speed: 0.0499s/iter; left time: 7496.8821s
	iters: 3900, epoch: 10 | loss: 0.0330428
	speed: 0.0533s/iter; left time: 8001.6063s
	iters: 4000, epoch: 10 | loss: 0.0725552
	speed: 0.0496s/iter; left time: 7440.7114s
	iters: 4100, epoch: 10 | loss: 0.2147845
	speed: 0.0512s/iter; left time: 7671.8665s
	iters: 4200, epoch: 10 | loss: 0.1578618
	speed: 0.0445s/iter; left time: 6665.4924s
	iters: 4300, epoch: 10 | loss: 0.2156465
	speed: 0.0525s/iter; left time: 7865.8637s
	iters: 4400, epoch: 10 | loss: 0.0196081
	speed: 0.0586s/iter; left time: 8767.1176s
	iters: 4500, epoch: 10 | loss: 0.5096597
	speed: 0.0527s/iter; left time: 7878.8091s
	iters: 4600, epoch: 10 | loss: 0.0728160
	speed: 0.0461s/iter; left time: 6893.3228s
	iters: 4700, epoch: 10 | loss: 0.3823955
	speed: 0.0441s/iter; left time: 6581.6054s
	iters: 4800, epoch: 10 | loss: 0.0708434
	speed: 0.0482s/iter; left time: 7200.5304s
	iters: 4900, epoch: 10 | loss: 0.2778514
	speed: 0.0518s/iter; left time: 7720.3316s
	iters: 5000, epoch: 10 | loss: 0.1780130
	speed: 0.0443s/iter; left time: 6596.0533s
	iters: 5100, epoch: 10 | loss: 0.1251899
	speed: 0.0454s/iter; left time: 6766.3753s
	iters: 5200, epoch: 10 | loss: 0.0473240
	speed: 0.0426s/iter; left time: 6340.2339s
	iters: 5300, epoch: 10 | loss: 0.1213880
	speed: 0.0401s/iter; left time: 5969.3560s
	iters: 5400, epoch: 10 | loss: 0.2201662
	speed: 0.0342s/iter; left time: 5080.3438s
	iters: 5500, epoch: 10 | loss: 0.0938601
	speed: 0.0314s/iter; left time: 4664.1243s
	iters: 5600, epoch: 10 | loss: 0.1364253
	speed: 0.0314s/iter; left time: 4654.2685s
	iters: 5700, epoch: 10 | loss: 0.0641087
	speed: 0.0376s/iter; left time: 5573.5340s
	iters: 5800, epoch: 10 | loss: 0.0935950
	speed: 0.0426s/iter; left time: 6318.4254s
	iters: 5900, epoch: 10 | loss: 0.0118877
	speed: 0.0445s/iter; left time: 6599.8435s
	iters: 6000, epoch: 10 | loss: 0.1456878
	speed: 0.0435s/iter; left time: 6439.9594s
	iters: 6100, epoch: 10 | loss: 0.0760591
	speed: 0.0350s/iter; left time: 5185.5720s
	iters: 6200, epoch: 10 | loss: 0.0674844
	speed: 0.0373s/iter; left time: 5510.5440s
	iters: 6300, epoch: 10 | loss: 0.2006042
	speed: 0.0392s/iter; left time: 5787.3592s
	iters: 6400, epoch: 10 | loss: 0.7234140
	speed: 0.0459s/iter; left time: 6783.6694s
	iters: 6500, epoch: 10 | loss: 0.1386151
	speed: 0.0340s/iter; left time: 5015.9158s
	iters: 6600, epoch: 10 | loss: 0.1358389
	speed: 0.0348s/iter; left time: 5127.0141s
	iters: 6700, epoch: 10 | loss: 0.1421522
	speed: 0.0366s/iter; left time: 5400.5212s
	iters: 6800, epoch: 10 | loss: 0.1122106
	speed: 0.0372s/iter; left time: 5475.7381s
	iters: 6900, epoch: 10 | loss: 0.1660455
	speed: 0.0335s/iter; left time: 4925.3001s
	iters: 7000, epoch: 10 | loss: 0.0725884
	speed: 0.0384s/iter; left time: 5651.4432s
	iters: 7100, epoch: 10 | loss: 0.0280383
	speed: 0.0354s/iter; left time: 5197.0067s
	iters: 7200, epoch: 10 | loss: 0.1637049
	speed: 0.0338s/iter; left time: 4958.4563s
	iters: 7300, epoch: 10 | loss: 0.0277378
	speed: 0.0357s/iter; left time: 5244.8763s
Epoch: 10 cost time: 360.0802700519562
Epoch: 10, Steps: 7336 | Train Loss: 0.172 Vali Loss: 2.280 Vali Acc: 0.601 Test Loss: 2.280 Test Acc: 0.601
EarlyStopping counter: 7 out of 10
Updating learning rate to 1.953125e-06
	iters: 100, epoch: 11 | loss: 0.2664785
	speed: 0.1861s/iter; left time: 27283.6143s
	iters: 200, epoch: 11 | loss: 0.1667686
	speed: 0.0491s/iter; left time: 7195.7529s
	iters: 300, epoch: 11 | loss: 0.0228230
	speed: 0.0540s/iter; left time: 7910.2247s
	iters: 400, epoch: 11 | loss: 0.0087988
	speed: 0.0503s/iter; left time: 7364.6457s
	iters: 500, epoch: 11 | loss: 0.2029258
	speed: 0.0414s/iter; left time: 6057.0291s
	iters: 600, epoch: 11 | loss: 0.0404826
	speed: 0.0404s/iter; left time: 5906.6021s
	iters: 700, epoch: 11 | loss: 0.1605680
	speed: 0.0430s/iter; left time: 6280.9302s
	iters: 800, epoch: 11 | loss: 0.2756050
	speed: 0.0682s/iter; left time: 9949.3448s
	iters: 900, epoch: 11 | loss: 0.0682998
	speed: 0.0676s/iter; left time: 9864.4129s
	iters: 1000, epoch: 11 | loss: 0.0825167
	speed: 0.0593s/iter; left time: 8634.7884s
	iters: 1100, epoch: 11 | loss: 0.0238252
	speed: 0.0389s/iter; left time: 5664.4234s
	iters: 1200, epoch: 11 | loss: 0.1694382
	speed: 0.0450s/iter; left time: 6550.5257s
	iters: 1300, epoch: 11 | loss: 0.0693393
	speed: 0.0455s/iter; left time: 6621.1745s
	iters: 1400, epoch: 11 | loss: 0.1201204
	speed: 0.0435s/iter; left time: 6315.7237s
	iters: 1500, epoch: 11 | loss: 0.0151797
	speed: 0.0535s/iter; left time: 7775.2014s
	iters: 1600, epoch: 11 | loss: 0.1719195
	speed: 0.0505s/iter; left time: 7334.7214s
	iters: 1700, epoch: 11 | loss: 0.0796598
	speed: 0.0607s/iter; left time: 8803.3928s
	iters: 1800, epoch: 11 | loss: 0.0792448
	speed: 0.0618s/iter; left time: 8959.3043s
	iters: 1900, epoch: 11 | loss: 0.5427514
	speed: 0.0618s/iter; left time: 8945.3995s
	iters: 2000, epoch: 11 | loss: 0.1199163
	speed: 0.0589s/iter; left time: 8530.1149s
	iters: 2100, epoch: 11 | loss: 0.2238229
	speed: 0.0618s/iter; left time: 8943.0168s
	iters: 2200, epoch: 11 | loss: 0.1135815
	speed: 0.0562s/iter; left time: 8118.0538s
	iters: 2300, epoch: 11 | loss: 0.1493812
	speed: 0.0606s/iter; left time: 8750.6881s
	iters: 2400, epoch: 11 | loss: 0.2011097
	speed: 0.0610s/iter; left time: 8808.9627s
	iters: 2500, epoch: 11 | loss: 0.0659078
	speed: 0.0613s/iter; left time: 8842.7645s
	iters: 2600, epoch: 11 | loss: 0.3606433
	speed: 0.0603s/iter; left time: 8697.3004s
	iters: 2700, epoch: 11 | loss: 0.1259999
	speed: 0.0602s/iter; left time: 8663.9072s
	iters: 2800, epoch: 11 | loss: 0.0153454
	speed: 0.0579s/iter; left time: 8330.4427s
	iters: 2900, epoch: 11 | loss: 0.1746433
	speed: 0.0577s/iter; left time: 8296.3299s
	iters: 3000, epoch: 11 | loss: 0.0247302
	speed: 0.0599s/iter; left time: 8604.2041s
	iters: 3100, epoch: 11 | loss: 0.0935792
	speed: 0.0472s/iter; left time: 6773.1357s
	iters: 3200, epoch: 11 | loss: 0.3086894
	speed: 0.0623s/iter; left time: 8943.0271s
	iters: 3300, epoch: 11 | loss: 0.1814268
	speed: 0.0525s/iter; left time: 7534.6328s
	iters: 3400, epoch: 11 | loss: 0.0674158
	speed: 0.0576s/iter; left time: 8260.8542s
	iters: 3500, epoch: 11 | loss: 0.1421115
	speed: 0.0614s/iter; left time: 8798.3288s
	iters: 3600, epoch: 11 | loss: 0.1436711
	speed: 0.0590s/iter; left time: 8437.6855s
	iters: 3700, epoch: 11 | loss: 0.1737323
	speed: 0.0519s/iter; left time: 7423.8007s
	iters: 3800, epoch: 11 | loss: 0.3746068
	speed: 0.0550s/iter; left time: 7867.4199s
	iters: 3900, epoch: 11 | loss: 0.0577433
	speed: 0.0595s/iter; left time: 8502.7121s
	iters: 4000, epoch: 11 | loss: 0.0844113
	speed: 0.0532s/iter; left time: 7596.6342s
	iters: 4100, epoch: 11 | loss: 0.0666684
	speed: 0.0499s/iter; left time: 7110.4418s
	iters: 4200, epoch: 11 | loss: 0.2766518
	speed: 0.0589s/iter; left time: 8401.4274s
	iters: 4300, epoch: 11 | loss: 0.3059288
	speed: 0.0587s/iter; left time: 8365.2344s
	iters: 4400, epoch: 11 | loss: 0.0723786
	speed: 0.0577s/iter; left time: 8212.9043s
	iters: 4500, epoch: 11 | loss: 0.2301791
	speed: 0.0444s/iter; left time: 6314.0194s
	iters: 4600, epoch: 11 | loss: 0.1153051
	speed: 0.0586s/iter; left time: 8323.4697s
	iters: 4700, epoch: 11 | loss: 0.6184199
	speed: 0.0551s/iter; left time: 7826.4823s
	iters: 4800, epoch: 11 | loss: 0.0934993
	speed: 0.0567s/iter; left time: 8051.4468s
	iters: 4900, epoch: 11 | loss: 0.0692455
	speed: 0.0573s/iter; left time: 8123.2735s
	iters: 5000, epoch: 11 | loss: 0.0467893
	speed: 0.0598s/iter; left time: 8477.9257s
	iters: 5100, epoch: 11 | loss: 0.0293324
	speed: 0.0619s/iter; left time: 8766.5091s
	iters: 5200, epoch: 11 | loss: 0.0500820
	speed: 0.0618s/iter; left time: 8750.6501s
	iters: 5300, epoch: 11 | loss: 0.5313271
	speed: 0.0561s/iter; left time: 7928.1333s
	iters: 5400, epoch: 11 | loss: 0.0982627
	speed: 0.0559s/iter; left time: 7893.5131s
	iters: 5500, epoch: 11 | loss: 0.2944655
	speed: 0.0602s/iter; left time: 8507.8758s
	iters: 5600, epoch: 11 | loss: 0.0542738
	speed: 0.0542s/iter; left time: 7653.2012s
	iters: 5700, epoch: 11 | loss: 0.0988684
	speed: 0.0575s/iter; left time: 8107.3582s
	iters: 5800, epoch: 11 | loss: 0.1109512
	speed: 0.0600s/iter; left time: 8455.8409s
	iters: 5900, epoch: 11 | loss: 0.1719630
	speed: 0.0586s/iter; left time: 8252.9780s
	iters: 6000, epoch: 11 | loss: 0.1982337
	speed: 0.0569s/iter; left time: 8012.9477s
	iters: 6100, epoch: 11 | loss: 0.2145878
	speed: 0.0622s/iter; left time: 8741.5064s
	iters: 6200, epoch: 11 | loss: 0.2439781
	speed: 0.0620s/iter; left time: 8712.1851s
	iters: 6300, epoch: 11 | loss: 0.5017971
	speed: 0.0576s/iter; left time: 8084.0647s
	iters: 6400, epoch: 11 | loss: 0.0894964
	speed: 0.0545s/iter; left time: 7644.4970s
	iters: 6500, epoch: 11 | loss: 0.2754409
	speed: 0.0558s/iter; left time: 7824.9589s
	iters: 6600, epoch: 11 | loss: 0.1570643
	speed: 0.0583s/iter; left time: 8171.9677s
	iters: 6700, epoch: 11 | loss: 0.0441197
	speed: 0.0606s/iter; left time: 8490.6052s
	iters: 6800, epoch: 11 | loss: 0.2744599
	speed: 0.0494s/iter; left time: 6918.6440s
	iters: 6900, epoch: 11 | loss: 0.0305000
	speed: 0.0441s/iter; left time: 6170.6909s
	iters: 7000, epoch: 11 | loss: 0.2624341
	speed: 0.0356s/iter; left time: 4971.0987s
	iters: 7100, epoch: 11 | loss: 0.0886536
	speed: 0.0387s/iter; left time: 5406.8917s
	iters: 7200, epoch: 11 | loss: 0.2377638
	speed: 0.0424s/iter; left time: 5917.3786s
	iters: 7300, epoch: 11 | loss: 0.0798282
	speed: 0.0376s/iter; left time: 5242.9715s
Epoch: 11 cost time: 401.92471981048584
Epoch: 11, Steps: 7336 | Train Loss: 0.165 Vali Loss: 2.254 Vali Acc: 0.598 Test Loss: 2.254 Test Acc: 0.598
EarlyStopping counter: 8 out of 10
	iters: 100, epoch: 12 | loss: 0.1317966
	speed: 0.1945s/iter; left time: 27096.8526s
	iters: 200, epoch: 12 | loss: 0.3608287
	speed: 0.0617s/iter; left time: 8589.5540s
	iters: 300, epoch: 12 | loss: 0.0363998
	speed: 0.0579s/iter; left time: 8053.1614s
	iters: 400, epoch: 12 | loss: 0.0661986
	speed: 0.0505s/iter; left time: 7015.7273s
	iters: 500, epoch: 12 | loss: 0.4287225
	speed: 0.0499s/iter; left time: 6931.7695s
	iters: 600, epoch: 12 | loss: 0.4037407
	speed: 0.0393s/iter; left time: 5449.1794s
	iters: 700, epoch: 12 | loss: 0.0103223
	speed: 0.0530s/iter; left time: 7346.3037s
	iters: 800, epoch: 12 | loss: 0.3360149
	speed: 0.0543s/iter; left time: 7527.3060s
	iters: 900, epoch: 12 | loss: 0.0297184
	speed: 0.0527s/iter; left time: 7296.2682s
	iters: 1000, epoch: 12 | loss: 0.2224283
	speed: 0.0531s/iter; left time: 7349.7337s
	iters: 1100, epoch: 12 | loss: 0.0652309
	speed: 0.0597s/iter; left time: 8254.6004s
	iters: 1200, epoch: 12 | loss: 0.0981195
	speed: 0.0526s/iter; left time: 7271.7913s
	iters: 1300, epoch: 12 | loss: 0.1948996
	speed: 0.0347s/iter; left time: 4797.6447s
	iters: 1400, epoch: 12 | loss: 0.1658840
	speed: 0.0552s/iter; left time: 7615.8689s
	iters: 1500, epoch: 12 | loss: 0.1372932
	speed: 0.0534s/iter; left time: 7367.0419s
	iters: 1600, epoch: 12 | loss: 0.5170673
	speed: 0.0435s/iter; left time: 5991.7236s
	iters: 1700, epoch: 12 | loss: 0.1227872
	speed: 0.0410s/iter; left time: 5647.4175s
	iters: 1800, epoch: 12 | loss: 0.2566575
	speed: 0.0540s/iter; left time: 7425.5843s
	iters: 1900, epoch: 12 | loss: 0.0410543
	speed: 0.0491s/iter; left time: 6749.0779s
	iters: 2000, epoch: 12 | loss: 0.2721923
	speed: 0.0468s/iter; left time: 6424.5093s
	iters: 2100, epoch: 12 | loss: 0.1671565
	speed: 0.0363s/iter; left time: 4984.1677s
	iters: 2200, epoch: 12 | loss: 0.0705817
	speed: 0.0383s/iter; left time: 5257.0529s
	iters: 2300, epoch: 12 | loss: 0.0257294
	speed: 0.0376s/iter; left time: 5150.4197s
	iters: 2400, epoch: 12 | loss: 0.0424298
	speed: 0.0344s/iter; left time: 4716.4377s
	iters: 2500, epoch: 12 | loss: 0.1784360
	speed: 0.0366s/iter; left time: 5010.5368s
	iters: 2600, epoch: 12 | loss: 0.0877507
	speed: 0.0393s/iter; left time: 5372.5808s
	iters: 2700, epoch: 12 | loss: 0.0380096
	speed: 0.0466s/iter; left time: 6367.3648s
	iters: 2800, epoch: 12 | loss: 0.1510760
	speed: 0.0378s/iter; left time: 5162.5183s
	iters: 2900, epoch: 12 | loss: 0.3390470
	speed: 0.0348s/iter; left time: 4751.1313s
	iters: 3000, epoch: 12 | loss: 0.2231733
	speed: 0.0340s/iter; left time: 4636.0685s
	iters: 3100, epoch: 12 | loss: 0.0589451
	speed: 0.0368s/iter; left time: 5011.7493s
	iters: 3200, epoch: 12 | loss: 0.1025544
	speed: 0.0367s/iter; left time: 5000.3225s
	iters: 3300, epoch: 12 | loss: 0.0939738
	speed: 0.0347s/iter; left time: 4717.9193s
	iters: 3400, epoch: 12 | loss: 0.0341693
	speed: 0.0334s/iter; left time: 4546.4810s
	iters: 3500, epoch: 12 | loss: 0.2486190
	speed: 0.0362s/iter; left time: 4922.2154s
	iters: 3600, epoch: 12 | loss: 0.0728735
	speed: 0.0406s/iter; left time: 5519.6597s
	iters: 3700, epoch: 12 | loss: 0.1271050
	speed: 0.0484s/iter; left time: 6570.1262s
	iters: 3800, epoch: 12 | loss: 0.0619236
	speed: 0.0498s/iter; left time: 6753.5822s
	iters: 3900, epoch: 12 | loss: 0.0785987
	speed: 0.0561s/iter; left time: 7602.2631s
	iters: 4000, epoch: 12 | loss: 0.1073342
	speed: 0.0518s/iter; left time: 7018.3090s
	iters: 4100, epoch: 12 | loss: 0.2594440
	speed: 0.0458s/iter; left time: 6201.4397s
	iters: 4200, epoch: 12 | loss: 0.3415347
	speed: 0.0448s/iter; left time: 6061.0379s
	iters: 4300, epoch: 12 | loss: 0.0382296
	speed: 0.0519s/iter; left time: 7013.9963s
	iters: 4400, epoch: 12 | loss: 0.3887542
	speed: 0.0381s/iter; left time: 5137.7972s
	iters: 4500, epoch: 12 | loss: 0.0901006
	speed: 0.0610s/iter; left time: 8228.5329s
	iters: 4600, epoch: 12 | loss: 0.2135189
	speed: 0.0479s/iter; left time: 6454.5770s
	iters: 4700, epoch: 12 | loss: 0.0254237
	speed: 0.0352s/iter; left time: 4735.4280s
	iters: 4800, epoch: 12 | loss: 0.3106349
	speed: 0.0531s/iter; left time: 7146.5199s
	iters: 4900, epoch: 12 | loss: 0.0534035
	speed: 0.0502s/iter; left time: 6755.3710s
	iters: 5000, epoch: 12 | loss: 0.4530264
	speed: 0.0536s/iter; left time: 7206.0149s
	iters: 5100, epoch: 12 | loss: 0.1338665
	speed: 0.0550s/iter; left time: 7384.6892s
	iters: 5200, epoch: 12 | loss: 0.0414405
	speed: 0.0450s/iter; left time: 6033.8579s
	iters: 5300, epoch: 12 | loss: 0.4623773
	speed: 0.0482s/iter; left time: 6463.2626s
	iters: 5400, epoch: 12 | loss: 0.0518809
	speed: 0.0513s/iter; left time: 6872.5512s
	iters: 5500, epoch: 12 | loss: 0.0630233
	speed: 0.0431s/iter; left time: 5775.8999s
	iters: 5600, epoch: 12 | loss: 0.1466748
	speed: 0.0452s/iter; left time: 6051.8646s
	iters: 5700, epoch: 12 | loss: 0.0832933
	speed: 0.0524s/iter; left time: 7005.5935s
	iters: 5800, epoch: 12 | loss: 0.0630743
	speed: 0.0513s/iter; left time: 6853.8416s
	iters: 5900, epoch: 12 | loss: 0.1899179
	speed: 0.0538s/iter; left time: 7179.7841s
	iters: 6000, epoch: 12 | loss: 0.1781058
	speed: 0.0523s/iter; left time: 6974.4550s
	iters: 6100, epoch: 12 | loss: 0.0334498
	speed: 0.0392s/iter; left time: 5220.5285s
	iters: 6200, epoch: 12 | loss: 0.1119366
	speed: 0.0517s/iter; left time: 6890.2368s
	iters: 6300, epoch: 12 | loss: 0.1353566
	speed: 0.0535s/iter; left time: 7116.5850s
	iters: 6400, epoch: 12 | loss: 0.2355845
	speed: 0.0464s/iter; left time: 6167.3424s
	iters: 6500, epoch: 12 | loss: 0.1132992
	speed: 0.0477s/iter; left time: 6339.9385s
	iters: 6600, epoch: 12 | loss: 0.0735179
	speed: 0.0427s/iter; left time: 5668.8092s
	iters: 6700, epoch: 12 | loss: 0.1394966
	speed: 0.0395s/iter; left time: 5240.3989s
	iters: 6800, epoch: 12 | loss: 0.0329912
	speed: 0.0437s/iter; left time: 5793.4722s
	iters: 6900, epoch: 12 | loss: 0.0955408
	speed: 0.0485s/iter; left time: 6425.7394s
	iters: 7000, epoch: 12 | loss: 0.1175998
	speed: 0.0518s/iter; left time: 6859.7058s
	iters: 7100, epoch: 12 | loss: 0.1185276
	speed: 0.0466s/iter; left time: 6169.2416s
	iters: 7200, epoch: 12 | loss: 0.1338918
	speed: 0.0358s/iter; left time: 4729.5441s
	iters: 7300, epoch: 12 | loss: 0.0130328
	speed: 0.0345s/iter; left time: 4558.9291s
Epoch: 12 cost time: 339.827201128006
Epoch: 12, Steps: 7336 | Train Loss: 0.164 Vali Loss: 2.241 Vali Acc: 0.600 Test Loss: 2.241 Test Acc: 0.600
EarlyStopping counter: 9 out of 10
	iters: 100, epoch: 13 | loss: 0.0732845
	speed: 0.1860s/iter; left time: 24547.6206s
	iters: 200, epoch: 13 | loss: 0.0590589
	speed: 0.0590s/iter; left time: 7775.9746s
	iters: 300, epoch: 13 | loss: 0.3081124
	speed: 0.0586s/iter; left time: 7721.9264s
	iters: 400, epoch: 13 | loss: 0.1421860
	speed: 0.0352s/iter; left time: 4629.5965s
	iters: 500, epoch: 13 | loss: 0.0391136
	speed: 0.0431s/iter; left time: 5671.1434s
	iters: 600, epoch: 13 | loss: 0.1951565
	speed: 0.0409s/iter; left time: 5371.7548s
	iters: 700, epoch: 13 | loss: 0.0887115
	speed: 0.0493s/iter; left time: 6478.3358s
	iters: 800, epoch: 13 | loss: 0.1045773
	speed: 0.0559s/iter; left time: 7341.8896s
	iters: 900, epoch: 13 | loss: 0.0252350
	speed: 0.0562s/iter; left time: 7366.4766s
	iters: 1000, epoch: 13 | loss: 0.3275819
	speed: 0.0494s/iter; left time: 6470.1810s
	iters: 1100, epoch: 13 | loss: 0.2281476
	speed: 0.0477s/iter; left time: 6242.5420s
	iters: 1200, epoch: 13 | loss: 0.2971412
	speed: 0.0614s/iter; left time: 8036.6407s
	iters: 1300, epoch: 13 | loss: 0.1223605
	speed: 0.0562s/iter; left time: 7345.1989s
	iters: 1400, epoch: 13 | loss: 0.2157734
	speed: 0.0590s/iter; left time: 7702.3719s
	iters: 1500, epoch: 13 | loss: 0.1995351
	speed: 0.0436s/iter; left time: 5690.6215s
	iters: 1600, epoch: 13 | loss: 0.0821134
	speed: 0.0542s/iter; left time: 7075.1383s
	iters: 1700, epoch: 13 | loss: 0.1109352
	speed: 0.0600s/iter; left time: 7817.0475s
	iters: 1800, epoch: 13 | loss: 0.0796254
	speed: 0.0613s/iter; left time: 7983.5974s
	iters: 1900, epoch: 13 | loss: 0.0287433
	speed: 0.0624s/iter; left time: 8124.7696s
	iters: 2000, epoch: 13 | loss: 0.0868037
	speed: 0.0606s/iter; left time: 7878.0848s
	iters: 2100, epoch: 13 | loss: 0.1587908
	speed: 0.0511s/iter; left time: 6636.7592s
	iters: 2200, epoch: 13 | loss: 0.1166822
	speed: 0.0611s/iter; left time: 7934.3242s
	iters: 2300, epoch: 13 | loss: 0.2073713
	speed: 0.0594s/iter; left time: 7710.4205s
	iters: 2400, epoch: 13 | loss: 0.1206326
	speed: 0.0629s/iter; left time: 8158.9584s
	iters: 2500, epoch: 13 | loss: 0.1500526
	speed: 0.0579s/iter; left time: 7501.7964s
	iters: 2600, epoch: 13 | loss: 0.1199073
	speed: 0.0543s/iter; left time: 7029.4505s
	iters: 2700, epoch: 13 | loss: 0.1980411
	speed: 0.0556s/iter; left time: 7189.0831s
	iters: 2800, epoch: 13 | loss: 0.2187538
	speed: 0.0594s/iter; left time: 7677.6936s
	iters: 2900, epoch: 13 | loss: 0.2583214
	speed: 0.0603s/iter; left time: 7786.2307s
	iters: 3000, epoch: 13 | loss: 0.0402553
	speed: 0.0594s/iter; left time: 7668.3905s
	iters: 3100, epoch: 13 | loss: 0.2227135
	speed: 0.0624s/iter; left time: 8044.1958s
	iters: 3200, epoch: 13 | loss: 0.0779312
	speed: 0.0566s/iter; left time: 7287.7208s
	iters: 3300, epoch: 13 | loss: 0.0590083
	speed: 0.0601s/iter; left time: 7735.5348s
	iters: 3400, epoch: 13 | loss: 0.1574422
	speed: 0.0473s/iter; left time: 6084.1340s
	iters: 3500, epoch: 13 | loss: 0.0523305
	speed: 0.0517s/iter; left time: 6646.8930s
	iters: 3600, epoch: 13 | loss: 0.0953050
	speed: 0.0549s/iter; left time: 7053.0938s
	iters: 3700, epoch: 13 | loss: 0.3895874
	speed: 0.0601s/iter; left time: 7712.7862s
	iters: 3800, epoch: 13 | loss: 0.2643427
	speed: 0.0432s/iter; left time: 5546.1076s
	iters: 3900, epoch: 13 | loss: 0.0371746
	speed: 0.0590s/iter; left time: 7555.0053s
	iters: 4000, epoch: 13 | loss: 0.1496509
	speed: 0.0554s/iter; left time: 7093.0762s
	iters: 4100, epoch: 13 | loss: 0.2193378
	speed: 0.0612s/iter; left time: 7824.9157s
	iters: 4200, epoch: 13 | loss: 0.0248499
	speed: 0.0615s/iter; left time: 7864.1959s
	iters: 4300, epoch: 13 | loss: 0.2810859
	speed: 0.0605s/iter; left time: 7733.4568s
	iters: 4400, epoch: 13 | loss: 0.0060568
	speed: 0.0614s/iter; left time: 7838.1244s
	iters: 4500, epoch: 13 | loss: 0.2741821
	speed: 0.0570s/iter; left time: 7265.4734s
	iters: 4600, epoch: 13 | loss: 0.0476832
	speed: 0.0545s/iter; left time: 6947.0800s
	iters: 4700, epoch: 13 | loss: 0.0432320
	speed: 0.0613s/iter; left time: 7810.2743s
	iters: 4800, epoch: 13 | loss: 0.2833748
	speed: 0.0561s/iter; left time: 7141.5549s
	iters: 4900, epoch: 13 | loss: 0.1192487
	speed: 0.0615s/iter; left time: 7818.3743s
	iters: 5000, epoch: 13 | loss: 0.1117604
	speed: 0.0546s/iter; left time: 6938.1419s
	iters: 5100, epoch: 13 | loss: 0.1459403
	speed: 0.0530s/iter; left time: 6726.0133s
	iters: 5200, epoch: 13 | loss: 0.3198466
	speed: 0.0594s/iter; left time: 7538.9383s
	iters: 5300, epoch: 13 | loss: 0.0630930
	speed: 0.0609s/iter; left time: 7720.9934s
	iters: 5400, epoch: 13 | loss: 0.1636011
	speed: 0.0550s/iter; left time: 6971.0444s
	iters: 5500, epoch: 13 | loss: 0.0282769
	speed: 0.0577s/iter; left time: 7304.9684s
	iters: 5600, epoch: 13 | loss: 0.0782093
	speed: 0.0599s/iter; left time: 7574.4181s
	iters: 5700, epoch: 13 | loss: 0.0563915
	speed: 0.0579s/iter; left time: 7311.1352s
	iters: 5800, epoch: 13 | loss: 0.0403205
	speed: 0.0490s/iter; left time: 6183.6056s
	iters: 5900, epoch: 13 | loss: 0.2756658
	speed: 0.0508s/iter; left time: 6408.9225s
	iters: 6000, epoch: 13 | loss: 0.1934491
	speed: 0.0603s/iter; left time: 7599.8534s
	iters: 6100, epoch: 13 | loss: 0.5416110
	speed: 0.0524s/iter; left time: 6599.9555s
	iters: 6200, epoch: 13 | loss: 0.0246671
	speed: 0.0415s/iter; left time: 5225.8241s
	iters: 6300, epoch: 13 | loss: 0.0585016
	speed: 0.0597s/iter; left time: 7506.5683s
	iters: 6400, epoch: 13 | loss: 0.1435407
	speed: 0.0609s/iter; left time: 7651.5111s
	iters: 6500, epoch: 13 | loss: 0.1676831
	speed: 0.0570s/iter; left time: 7161.9606s
	iters: 6600, epoch: 13 | loss: 0.1905917
	speed: 0.0577s/iter; left time: 7244.5202s
	iters: 6700, epoch: 13 | loss: 0.2835029
	speed: 0.0559s/iter; left time: 7004.6035s
	iters: 6800, epoch: 13 | loss: 0.0349759
	speed: 0.0590s/iter; left time: 7385.6598s
	iters: 6900, epoch: 13 | loss: 0.1092056
	speed: 0.0612s/iter; left time: 7653.7138s
	iters: 7000, epoch: 13 | loss: 0.1073745
	speed: 0.0613s/iter; left time: 7667.5064s
	iters: 7100, epoch: 13 | loss: 0.0254663
	speed: 0.0490s/iter; left time: 6116.3700s
	iters: 7200, epoch: 13 | loss: 0.1184842
	speed: 0.0431s/iter; left time: 5381.7699s
	iters: 7300, epoch: 13 | loss: 0.0655801
	speed: 0.0407s/iter; left time: 5082.2539s
Epoch: 13 cost time: 406.99960064888
Epoch: 13, Steps: 7336 | Train Loss: 0.163 Vali Loss: 2.250 Vali Acc: 0.598 Test Loss: 2.250 Test Acc: 0.598
EarlyStopping counter: 10 out of 10
Early stopping
>>>>>>>testing : classification_UserIdentify1_TimesNet_UEA_ftM_sl10_ll48_pl0_dm32_nh8_el2_dl1_df32_fc1_ebtimeF_dtTrue_Exp_0<<<<<<<<<<<<<<<<<<<<<<<<<<<<<<<<<
7856
test shape: torch.Size([7856, 48]) torch.Size([7856, 1])
accuracy:0.6127800407331976
