Args in experiment:
[1mBasic Config[0m
  Task Name:          classification      Is Training:        1                   
  Model ID:           UserIdentify3       Model:              TimesNet            

[1mData Loader[0m
  Data:               UEA                 Root Path:          ./dataset/UserBehaviorsInSphericalVideoStreaming/transfer_10_10
  Data Path:          ETTh1.csv           Features:           M                   
  Target:             OT                  Freq:               h                   
  Checkpoints:        ./checkpoints/      

[1mModel Parameters[0m
  Top k:              2                   Num Kernels:        6                   
  Enc In:             7                   Dec In:             7                   
  C Out:              7                   d model:            32                  
  n heads:            8                   e layers:           2                   
  d layers:           1                   d FF:               32                  
  Moving Avg:         25                  Factor:             1                   
  Distil:             1                   Dropout:            0.1                 
  Embed:              timeF               Activation:         gelu                
  Output Attention:   0                   

[1mRun Parameters[0m
  Num Workers:        10                  Itr:                1                   
  Train Epochs:       30                  Batch Size:         16                  
  Patience:           10                  Learning Rate:      0.001               
  Des:                Exp                 Loss:               MSE                 
  Lradj:              type1               Use Amp:            0                   

[1mGPU[0m
  Use GPU:            1                   GPU:                0                   
  Use Multi GPU:      0                   Devices:            0,1,2,3             

[1mDe-stationary Projector Params[0m
  P Hidden Dims:      128, 128            P Hidden Layers:    2                   

Use GPU: cuda:0
117371
7856
>>>>>>>start training : classification_UserIdentify3_TimesNet_UEA_ftM_sl10_ll48_pl0_dm32_nh8_el2_dl1_df32_fc1_ebtimeF_dtTrue_Exp_0>>>>>>>>>>>>>>>>>>>>>>>>>>
117371
7856
7856
	iters: 100, epoch: 1 | loss: 2.1158774
	speed: 0.0549s/iter; left time: 12085.7833s
	iters: 200, epoch: 1 | loss: 1.1814337
	speed: 0.0446s/iter; left time: 9815.1130s
	iters: 300, epoch: 1 | loss: 0.9915051
	speed: 0.0460s/iter; left time: 10108.8013s
	iters: 400, epoch: 1 | loss: 0.7334764
	speed: 0.0478s/iter; left time: 10510.1611s
	iters: 500, epoch: 1 | loss: 1.2036791
	speed: 0.0455s/iter; left time: 9981.2932s
	iters: 600, epoch: 1 | loss: 1.2311479
	speed: 0.0482s/iter; left time: 10580.1452s
	iters: 700, epoch: 1 | loss: 1.3422379
	speed: 0.0400s/iter; left time: 8781.8916s
	iters: 800, epoch: 1 | loss: 1.0923808
	speed: 0.0437s/iter; left time: 9587.0510s
	iters: 900, epoch: 1 | loss: 0.8628356
	speed: 0.0402s/iter; left time: 8821.4460s
	iters: 1000, epoch: 1 | loss: 0.6953664
	speed: 0.0408s/iter; left time: 8939.5091s
	iters: 1100, epoch: 1 | loss: 0.9017409
	speed: 0.0421s/iter; left time: 9210.1166s
	iters: 1200, epoch: 1 | loss: 0.8118359
	speed: 0.0388s/iter; left time: 8484.0403s
	iters: 1300, epoch: 1 | loss: 0.8527303
	speed: 0.0393s/iter; left time: 8604.4571s
	iters: 1400, epoch: 1 | loss: 0.5751877
	speed: 0.0385s/iter; left time: 8423.7428s
	iters: 1500, epoch: 1 | loss: 1.1517162
	speed: 0.0331s/iter; left time: 7227.6303s
	iters: 1600, epoch: 1 | loss: 0.4658531
	speed: 0.0320s/iter; left time: 6996.3422s
	iters: 1700, epoch: 1 | loss: 0.9226005
	speed: 0.0356s/iter; left time: 7777.9503s
	iters: 1800, epoch: 1 | loss: 0.7629521
	speed: 0.0382s/iter; left time: 8348.1674s
	iters: 1900, epoch: 1 | loss: 1.5952481
	speed: 0.0343s/iter; left time: 7477.0536s
	iters: 2000, epoch: 1 | loss: 0.7328964
	speed: 0.0322s/iter; left time: 7033.0263s
	iters: 2100, epoch: 1 | loss: 0.6071440
	speed: 0.0337s/iter; left time: 7347.4385s
	iters: 2200, epoch: 1 | loss: 1.1061584
	speed: 0.0346s/iter; left time: 7529.6112s
	iters: 2300, epoch: 1 | loss: 1.0076120
	speed: 0.0333s/iter; left time: 7250.2893s
	iters: 2400, epoch: 1 | loss: 0.4962216
	speed: 0.0343s/iter; left time: 7455.8544s
	iters: 2500, epoch: 1 | loss: 0.4801424
	speed: 0.0354s/iter; left time: 7706.5635s
	iters: 2600, epoch: 1 | loss: 1.0522839
	speed: 0.0322s/iter; left time: 7013.0045s
	iters: 2700, epoch: 1 | loss: 0.3642267
	speed: 0.0315s/iter; left time: 6847.4794s
	iters: 2800, epoch: 1 | loss: 1.4035031
	speed: 0.0357s/iter; left time: 7759.4140s
	iters: 2900, epoch: 1 | loss: 0.8131741
	speed: 0.0362s/iter; left time: 7872.3183s
	iters: 3000, epoch: 1 | loss: 0.4450996
	speed: 0.0326s/iter; left time: 7082.6895s
	iters: 3100, epoch: 1 | loss: 0.5300766
	speed: 0.0352s/iter; left time: 7639.7751s
	iters: 3200, epoch: 1 | loss: 0.6490395
	speed: 0.0434s/iter; left time: 9422.1248s
	iters: 3300, epoch: 1 | loss: 0.6753663
	speed: 0.0461s/iter; left time: 9987.5030s
	iters: 3400, epoch: 1 | loss: 0.6378679
	speed: 0.0493s/iter; left time: 10682.3895s
	iters: 3500, epoch: 1 | loss: 0.6544250
	speed: 0.0445s/iter; left time: 9642.4240s
	iters: 3600, epoch: 1 | loss: 0.4462905
	speed: 0.0451s/iter; left time: 9753.5387s
	iters: 3700, epoch: 1 | loss: 1.0578983
	speed: 0.0449s/iter; left time: 9714.8249s
	iters: 3800, epoch: 1 | loss: 0.5328611
	speed: 0.0468s/iter; left time: 10128.8133s
	iters: 3900, epoch: 1 | loss: 0.3665903
	speed: 0.0572s/iter; left time: 12370.6456s
	iters: 4000, epoch: 1 | loss: 0.3856747
	speed: 0.0672s/iter; left time: 14511.6678s
	iters: 4100, epoch: 1 | loss: 0.4559979
	speed: 0.0660s/iter; left time: 14256.8200s
	iters: 4200, epoch: 1 | loss: 0.5279248
	speed: 0.0647s/iter; left time: 13973.8028s
	iters: 4300, epoch: 1 | loss: 0.6350048
	speed: 0.0649s/iter; left time: 14004.7652s
	iters: 4400, epoch: 1 | loss: 0.3533437
	speed: 0.0584s/iter; left time: 12603.9541s
	iters: 4500, epoch: 1 | loss: 0.9420477
	speed: 0.0658s/iter; left time: 14191.3394s
	iters: 4600, epoch: 1 | loss: 0.5054861
	speed: 0.0636s/iter; left time: 13701.2530s
	iters: 4700, epoch: 1 | loss: 0.3145768
	speed: 0.0628s/iter; left time: 13531.2138s
	iters: 4800, epoch: 1 | loss: 0.4953542
	speed: 0.0615s/iter; left time: 13243.1005s
	iters: 4900, epoch: 1 | loss: 0.5936437
	speed: 0.0626s/iter; left time: 13472.8937s
	iters: 5000, epoch: 1 | loss: 0.5470881
	speed: 0.0567s/iter; left time: 12193.2340s
	iters: 5100, epoch: 1 | loss: 0.4768522
	speed: 0.0585s/iter; left time: 12576.0592s
	iters: 5200, epoch: 1 | loss: 0.3613021
	speed: 0.0588s/iter; left time: 12628.5386s
	iters: 5300, epoch: 1 | loss: 0.4318867
	speed: 0.0643s/iter; left time: 13806.5871s
	iters: 5400, epoch: 1 | loss: 0.2261642
	speed: 0.0672s/iter; left time: 14417.1004s
	iters: 5500, epoch: 1 | loss: 0.2665305
	speed: 0.0678s/iter; left time: 14552.9649s
	iters: 5600, epoch: 1 | loss: 0.4052218
	speed: 0.0671s/iter; left time: 14400.2134s
	iters: 5700, epoch: 1 | loss: 0.4547767
	speed: 0.0681s/iter; left time: 14601.8045s
	iters: 5800, epoch: 1 | loss: 0.4520385
	speed: 0.0652s/iter; left time: 13972.7494s
	iters: 5900, epoch: 1 | loss: 0.5813487
	speed: 0.0662s/iter; left time: 14181.4761s
	iters: 6000, epoch: 1 | loss: 0.8109090
	speed: 0.0669s/iter; left time: 14320.9523s
	iters: 6100, epoch: 1 | loss: 0.2021668
	speed: 0.0648s/iter; left time: 13867.6315s
	iters: 6200, epoch: 1 | loss: 0.2579797
	speed: 0.0677s/iter; left time: 14483.4636s
	iters: 6300, epoch: 1 | loss: 0.4284893
	speed: 0.0681s/iter; left time: 14548.3410s
	iters: 6400, epoch: 1 | loss: 0.2802873
	speed: 0.0668s/iter; left time: 14277.8861s
	iters: 6500, epoch: 1 | loss: 0.8303767
	speed: 0.0684s/iter; left time: 14604.1974s
	iters: 6600, epoch: 1 | loss: 0.8861187
	speed: 0.0691s/iter; left time: 14761.0547s
	iters: 6700, epoch: 1 | loss: 0.2784941
	speed: 0.0690s/iter; left time: 14723.6061s
	iters: 6800, epoch: 1 | loss: 0.5219725
	speed: 0.0688s/iter; left time: 14670.7939s
	iters: 6900, epoch: 1 | loss: 0.6485455
	speed: 0.0687s/iter; left time: 14646.3899s
	iters: 7000, epoch: 1 | loss: 0.1443219
	speed: 0.0675s/iter; left time: 14380.3969s
	iters: 7100, epoch: 1 | loss: 0.5872892
	speed: 0.0679s/iter; left time: 14456.2294s
	iters: 7200, epoch: 1 | loss: 0.5548810
	speed: 0.0693s/iter; left time: 14744.7164s
	iters: 7300, epoch: 1 | loss: 0.4025781
	speed: 0.0692s/iter; left time: 14733.6870s
Epoch: 1 cost time: 382.32790350914
Epoch: 1, Steps: 7336 | Train Loss: 0.717 Vali Loss: 1.845 Vali Acc: 0.533 Test Loss: 1.845 Test Acc: 0.533
Validation loss decreased (inf --> -0.532714).  Saving model ...
	iters: 100, epoch: 2 | loss: 0.8402073
	speed: 0.3034s/iter; left time: 64523.9151s
	iters: 200, epoch: 2 | loss: 0.4697864
	speed: 0.0667s/iter; left time: 14166.5432s
	iters: 300, epoch: 2 | loss: 0.4614322
	speed: 0.0633s/iter; left time: 13455.7509s
	iters: 400, epoch: 2 | loss: 0.3477926
	speed: 0.0670s/iter; left time: 14234.2965s
	iters: 500, epoch: 2 | loss: 1.4125655
	speed: 0.0680s/iter; left time: 14422.4532s
	iters: 600, epoch: 2 | loss: 0.4862925
	speed: 0.0660s/iter; left time: 13998.5730s
	iters: 700, epoch: 2 | loss: 0.2808103
	speed: 0.0670s/iter; left time: 14215.2880s
	iters: 800, epoch: 2 | loss: 0.1160113
	speed: 0.0660s/iter; left time: 13988.6851s
	iters: 900, epoch: 2 | loss: 0.4626017
	speed: 0.0687s/iter; left time: 14547.3999s
	iters: 1000, epoch: 2 | loss: 0.0729077
	speed: 0.0685s/iter; left time: 14513.9763s
	iters: 1100, epoch: 2 | loss: 0.5078465
	speed: 0.0728s/iter; left time: 15403.6263s
	iters: 1200, epoch: 2 | loss: 0.8468367
	speed: 0.0694s/iter; left time: 14675.1047s
	iters: 1300, epoch: 2 | loss: 0.3886277
	speed: 0.0673s/iter; left time: 14223.1767s
	iters: 1400, epoch: 2 | loss: 0.2861929
	speed: 0.0693s/iter; left time: 14652.6745s
	iters: 1500, epoch: 2 | loss: 0.7634796
	speed: 0.0701s/iter; left time: 14799.7296s
	iters: 1600, epoch: 2 | loss: 0.8782610
	speed: 0.0710s/iter; left time: 14990.1108s
	iters: 1700, epoch: 2 | loss: 0.6407541
	speed: 0.0650s/iter; left time: 13724.9120s
	iters: 1800, epoch: 2 | loss: 0.5855188
	speed: 0.0745s/iter; left time: 15721.2095s
	iters: 1900, epoch: 2 | loss: 0.2758605
	speed: 0.0748s/iter; left time: 15778.8545s
	iters: 2000, epoch: 2 | loss: 0.4391665
	speed: 0.0681s/iter; left time: 14361.0494s
	iters: 2100, epoch: 2 | loss: 0.1862519
	speed: 0.0555s/iter; left time: 11699.2834s
	iters: 2200, epoch: 2 | loss: 0.2828314
	speed: 0.0626s/iter; left time: 13184.8301s
	iters: 2300, epoch: 2 | loss: 0.7194507
	speed: 0.0660s/iter; left time: 13898.8130s
	iters: 2400, epoch: 2 | loss: 0.3156408
	speed: 0.0771s/iter; left time: 16221.1051s
	iters: 2500, epoch: 2 | loss: 0.6750646
	speed: 0.0777s/iter; left time: 16325.9706s
	iters: 2600, epoch: 2 | loss: 0.7623517
	speed: 0.0769s/iter; left time: 16169.6485s
	iters: 2700, epoch: 2 | loss: 0.6071085
	speed: 0.0783s/iter; left time: 16451.8041s
	iters: 2800, epoch: 2 | loss: 0.5657226
	speed: 0.0782s/iter; left time: 16423.6263s
	iters: 2900, epoch: 2 | loss: 0.2694478
	speed: 0.0785s/iter; left time: 16469.0179s
	iters: 3000, epoch: 2 | loss: 0.3025741
	speed: 0.0774s/iter; left time: 16231.0546s
	iters: 3100, epoch: 2 | loss: 0.4293184
	speed: 0.0786s/iter; left time: 16484.5181s
	iters: 3200, epoch: 2 | loss: 0.5288106
	speed: 0.0773s/iter; left time: 16197.6242s
	iters: 3300, epoch: 2 | loss: 0.1192644
	speed: 0.0792s/iter; left time: 16595.9315s
	iters: 3400, epoch: 2 | loss: 0.5569183
	speed: 0.0793s/iter; left time: 16597.7071s
	iters: 3500, epoch: 2 | loss: 0.4990792
	speed: 0.0790s/iter; left time: 16532.7403s
	iters: 3600, epoch: 2 | loss: 0.5321550
	speed: 0.0789s/iter; left time: 16506.0045s
	iters: 3700, epoch: 2 | loss: 0.4610434
	speed: 0.0792s/iter; left time: 16557.6236s
	iters: 3800, epoch: 2 | loss: 0.2296685
	speed: 0.0783s/iter; left time: 16354.2316s
	iters: 3900, epoch: 2 | loss: 0.2589963
	speed: 0.0788s/iter; left time: 16459.5187s
	iters: 4000, epoch: 2 | loss: 1.0602955
	speed: 0.0774s/iter; left time: 16148.3526s
	iters: 4100, epoch: 2 | loss: 0.1433100
	speed: 0.0788s/iter; left time: 16447.6926s
	iters: 4200, epoch: 2 | loss: 0.1513347
	speed: 0.0755s/iter; left time: 15751.1512s
	iters: 4300, epoch: 2 | loss: 0.4979970
	speed: 0.0768s/iter; left time: 16014.2481s
	iters: 4400, epoch: 2 | loss: 0.2103931
	speed: 0.0767s/iter; left time: 15977.0559s
	iters: 4500, epoch: 2 | loss: 0.3258145
	speed: 0.0775s/iter; left time: 16130.9334s
	iters: 4600, epoch: 2 | loss: 0.6122813
	speed: 0.0761s/iter; left time: 15841.5702s
	iters: 4700, epoch: 2 | loss: 1.1095076
	speed: 0.0769s/iter; left time: 16005.4640s
	iters: 4800, epoch: 2 | loss: 0.8680688
	speed: 0.0769s/iter; left time: 15987.2329s
	iters: 4900, epoch: 2 | loss: 0.3773186
	speed: 0.0766s/iter; left time: 15916.6933s
	iters: 5000, epoch: 2 | loss: 0.4320969
	speed: 0.0744s/iter; left time: 15457.6803s
	iters: 5100, epoch: 2 | loss: 0.3290038
	speed: 0.0756s/iter; left time: 15691.6914s
	iters: 5200, epoch: 2 | loss: 0.8706936
	speed: 0.0756s/iter; left time: 15697.8381s
	iters: 5300, epoch: 2 | loss: 0.6442606
	speed: 0.0764s/iter; left time: 15848.0455s
	iters: 5400, epoch: 2 | loss: 0.2359403
	speed: 0.0754s/iter; left time: 15624.4628s
	iters: 5500, epoch: 2 | loss: 0.0748654
	speed: 0.0757s/iter; left time: 15684.9747s
	iters: 5600, epoch: 2 | loss: 0.4296061
	speed: 0.0743s/iter; left time: 15392.5360s
	iters: 5700, epoch: 2 | loss: 0.2916473
	speed: 0.0759s/iter; left time: 15717.3780s
	iters: 5800, epoch: 2 | loss: 0.1889818
	speed: 0.0760s/iter; left time: 15731.5134s
	iters: 5900, epoch: 2 | loss: 0.0643829
	speed: 0.0779s/iter; left time: 16111.8544s
	iters: 6000, epoch: 2 | loss: 0.2171907
	speed: 0.0775s/iter; left time: 16022.7493s
	iters: 6100, epoch: 2 | loss: 0.3616427
	speed: 0.0756s/iter; left time: 15625.3904s
	iters: 6200, epoch: 2 | loss: 0.5972344
	speed: 0.0782s/iter; left time: 16158.1561s
	iters: 6300, epoch: 2 | loss: 0.6372784
	speed: 0.0782s/iter; left time: 16135.9971s
	iters: 6400, epoch: 2 | loss: 0.3187903
	speed: 0.0754s/iter; left time: 15552.7189s
	iters: 6500, epoch: 2 | loss: 0.6685711
	speed: 0.0762s/iter; left time: 15726.1070s
	iters: 6600, epoch: 2 | loss: 0.1414110
	speed: 0.0766s/iter; left time: 15789.0656s
	iters: 6700, epoch: 2 | loss: 0.3343531
	speed: 0.0734s/iter; left time: 15114.3209s
	iters: 6800, epoch: 2 | loss: 0.2461116
	speed: 0.0748s/iter; left time: 15398.8518s
	iters: 6900, epoch: 2 | loss: 0.6597744
	speed: 0.0741s/iter; left time: 15259.9158s
	iters: 7000, epoch: 2 | loss: 0.0922185
	speed: 0.0741s/iter; left time: 15236.5224s
	iters: 7100, epoch: 2 | loss: 0.2166148
	speed: 0.0747s/iter; left time: 15368.9041s
	iters: 7200, epoch: 2 | loss: 0.1309142
	speed: 0.0795s/iter; left time: 16349.9128s
	iters: 7300, epoch: 2 | loss: 0.2044343
	speed: 0.0827s/iter; left time: 16989.5613s
Epoch: 2 cost time: 543.6742737293243
Epoch: 2, Steps: 7336 | Train Loss: 0.456 Vali Loss: 1.663 Vali Acc: 0.611 Test Loss: 1.663 Test Acc: 0.611
Validation loss decreased (-0.532714 --> -0.611253).  Saving model ...
	iters: 100, epoch: 3 | loss: 0.5981567
	speed: 0.3247s/iter; left time: 66654.1560s
	iters: 200, epoch: 3 | loss: 0.6901530
	speed: 0.0804s/iter; left time: 16489.5957s
	iters: 300, epoch: 3 | loss: 1.1704726
	speed: 0.0762s/iter; left time: 15636.2990s
	iters: 400, epoch: 3 | loss: 0.8844761
	speed: 0.0756s/iter; left time: 15496.6000s
	iters: 500, epoch: 3 | loss: 0.2998745
	speed: 0.0758s/iter; left time: 15539.7169s
	iters: 600, epoch: 3 | loss: 0.2125587
	speed: 0.0774s/iter; left time: 15857.2505s
	iters: 700, epoch: 3 | loss: 0.1989631
	speed: 0.0767s/iter; left time: 15704.4793s
	iters: 800, epoch: 3 | loss: 0.2845429
	speed: 0.0731s/iter; left time: 14947.2369s
	iters: 900, epoch: 3 | loss: 0.7056857
	speed: 0.0744s/iter; left time: 15220.3846s
	iters: 1000, epoch: 3 | loss: 0.5434892
	speed: 0.0769s/iter; left time: 15720.9860s
	iters: 1100, epoch: 3 | loss: 0.4786593
	speed: 0.0655s/iter; left time: 13391.9217s
	iters: 1200, epoch: 3 | loss: 0.7285152
	speed: 0.0409s/iter; left time: 8354.9104s
	iters: 1300, epoch: 3 | loss: 0.6068075
	speed: 0.0490s/iter; left time: 10004.6566s
	iters: 1400, epoch: 3 | loss: 0.5943255
	speed: 0.0527s/iter; left time: 10744.4297s
	iters: 1500, epoch: 3 | loss: 0.5615128
	speed: 0.0503s/iter; left time: 10249.0712s
	iters: 1600, epoch: 3 | loss: 0.6389511
	speed: 0.0478s/iter; left time: 9738.4087s
	iters: 1700, epoch: 3 | loss: 0.2673432
	speed: 0.0513s/iter; left time: 10454.5027s
	iters: 1800, epoch: 3 | loss: 0.4234062
	speed: 0.0517s/iter; left time: 10529.3821s
	iters: 1900, epoch: 3 | loss: 0.2853573
	speed: 0.0559s/iter; left time: 11373.5639s
	iters: 2000, epoch: 3 | loss: 0.1455989
	speed: 0.0510s/iter; left time: 10364.3777s
	iters: 2100, epoch: 3 | loss: 0.6584095
	speed: 0.0394s/iter; left time: 8019.7973s
	iters: 2200, epoch: 3 | loss: 0.2725889
	speed: 0.0406s/iter; left time: 8247.2587s
	iters: 2300, epoch: 3 | loss: 0.8826398
	speed: 0.0433s/iter; left time: 8794.5164s
	iters: 2400, epoch: 3 | loss: 0.2306610
	speed: 0.0398s/iter; left time: 8085.5843s
	iters: 2500, epoch: 3 | loss: 0.4743235
	speed: 0.0494s/iter; left time: 10027.6092s
	iters: 2600, epoch: 3 | loss: 0.5091842
	speed: 0.0537s/iter; left time: 10893.2781s
	iters: 2700, epoch: 3 | loss: 0.2703785
	speed: 0.0379s/iter; left time: 7685.2344s
	iters: 2800, epoch: 3 | loss: 0.2838529
	speed: 0.0388s/iter; left time: 7862.4376s
	iters: 2900, epoch: 3 | loss: 0.5076215
	speed: 0.0392s/iter; left time: 7946.8004s
	iters: 3000, epoch: 3 | loss: 0.4056957
	speed: 0.0461s/iter; left time: 9321.6183s
	iters: 3100, epoch: 3 | loss: 0.7801949
	speed: 0.0474s/iter; left time: 9584.1857s
	iters: 3200, epoch: 3 | loss: 0.6372418
	speed: 0.0629s/iter; left time: 12716.8537s
	iters: 3300, epoch: 3 | loss: 0.2741751
	speed: 0.0630s/iter; left time: 12739.0984s
	iters: 3400, epoch: 3 | loss: 0.1582393
	speed: 0.0646s/iter; left time: 13057.7346s
	iters: 3500, epoch: 3 | loss: 0.1491340
	speed: 0.0631s/iter; left time: 12733.8079s
	iters: 3600, epoch: 3 | loss: 0.5928736
	speed: 0.0568s/iter; left time: 11467.4647s
	iters: 3700, epoch: 3 | loss: 0.3435176
	speed: 0.0396s/iter; left time: 7978.5122s
	iters: 3800, epoch: 3 | loss: 0.3398469
	speed: 0.0495s/iter; left time: 9975.5056s
	iters: 3900, epoch: 3 | loss: 0.3435130
	speed: 0.0388s/iter; left time: 7816.3591s
	iters: 4000, epoch: 3 | loss: 0.7107729
	speed: 0.0569s/iter; left time: 11456.7479s
	iters: 4100, epoch: 3 | loss: 0.5848392
	speed: 0.0610s/iter; left time: 12289.4480s
	iters: 4200, epoch: 3 | loss: 0.4538210
	speed: 0.0577s/iter; left time: 11599.7490s
	iters: 4300, epoch: 3 | loss: 0.2058073
	speed: 0.0610s/iter; left time: 12259.0191s
	iters: 4400, epoch: 3 | loss: 0.1610315
	speed: 0.0544s/iter; left time: 10925.6547s
	iters: 4500, epoch: 3 | loss: 0.8187475
	speed: 0.0578s/iter; left time: 11613.8325s
	iters: 4600, epoch: 3 | loss: 0.6307076
	speed: 0.0536s/iter; left time: 10757.2445s
	iters: 4700, epoch: 3 | loss: 0.8088198
	speed: 0.0543s/iter; left time: 10890.8003s
	iters: 4800, epoch: 3 | loss: 0.5365953
	speed: 0.0538s/iter; left time: 10789.2925s
	iters: 4900, epoch: 3 | loss: 0.2964007
	speed: 0.0516s/iter; left time: 10354.7949s
	iters: 5000, epoch: 3 | loss: 0.0769259
	speed: 0.0551s/iter; left time: 11040.5769s
	iters: 5100, epoch: 3 | loss: 0.9644677
	speed: 0.0524s/iter; left time: 10497.9066s
	iters: 5200, epoch: 3 | loss: 0.4777641
	speed: 0.0502s/iter; left time: 10057.3291s
	iters: 5300, epoch: 3 | loss: 0.1916155
	speed: 0.0498s/iter; left time: 9958.4450s
	iters: 5400, epoch: 3 | loss: 0.5968114
	speed: 0.0532s/iter; left time: 10647.1857s
	iters: 5500, epoch: 3 | loss: 0.2272591
	speed: 0.0512s/iter; left time: 10232.6029s
	iters: 5600, epoch: 3 | loss: 0.1313157
	speed: 0.0506s/iter; left time: 10111.1142s
	iters: 5700, epoch: 3 | loss: 0.4960547
	speed: 0.0529s/iter; left time: 10569.9212s
	iters: 5800, epoch: 3 | loss: 0.2153524
	speed: 0.0507s/iter; left time: 10114.8584s
	iters: 5900, epoch: 3 | loss: 0.2109145
	speed: 0.0490s/iter; left time: 9774.4852s
	iters: 6000, epoch: 3 | loss: 0.1015563
	speed: 0.0477s/iter; left time: 9516.0520s
	iters: 6100, epoch: 3 | loss: 0.8120745
	speed: 0.0494s/iter; left time: 9844.4073s
	iters: 6200, epoch: 3 | loss: 0.2537987
	speed: 0.0453s/iter; left time: 9031.1528s
	iters: 6300, epoch: 3 | loss: 0.1897194
	speed: 0.0460s/iter; left time: 9159.3015s
	iters: 6400, epoch: 3 | loss: 0.3376368
	speed: 0.0496s/iter; left time: 9878.4812s
	iters: 6500, epoch: 3 | loss: 0.7272376
	speed: 0.0551s/iter; left time: 10967.1834s
	iters: 6600, epoch: 3 | loss: 0.8836322
	speed: 0.0568s/iter; left time: 11284.5124s
	iters: 6700, epoch: 3 | loss: 0.2348287
	speed: 0.0575s/iter; left time: 11428.1088s
	iters: 6800, epoch: 3 | loss: 0.2881532
	speed: 0.0570s/iter; left time: 11325.0747s
	iters: 6900, epoch: 3 | loss: 0.3600057
	speed: 0.0528s/iter; left time: 10478.0900s
	iters: 7000, epoch: 3 | loss: 0.3088389
	speed: 0.0533s/iter; left time: 10579.8032s
	iters: 7100, epoch: 3 | loss: 0.3072180
	speed: 0.0546s/iter; left time: 10820.4253s
	iters: 7200, epoch: 3 | loss: 0.2817964
	speed: 0.0531s/iter; left time: 10526.4322s
	iters: 7300, epoch: 3 | loss: 0.5929311
	speed: 0.0586s/iter; left time: 11611.1681s
Epoch: 3 cost time: 402.92670154571533
Epoch: 3, Steps: 7336 | Train Loss: 0.390 Vali Loss: 1.836 Vali Acc: 0.615 Test Loss: 1.836 Test Acc: 0.615
Validation loss decreased (-0.611253 --> -0.615326).  Saving model ...
	iters: 100, epoch: 4 | loss: 0.0843871
	speed: 0.2919s/iter; left time: 57780.8739s
	iters: 200, epoch: 4 | loss: 0.1172622
	speed: 0.0714s/iter; left time: 14121.3701s
	iters: 300, epoch: 4 | loss: 0.2742271
	speed: 0.0657s/iter; left time: 13003.5324s
	iters: 400, epoch: 4 | loss: 0.2571678
	speed: 0.0601s/iter; left time: 11882.8591s
	iters: 500, epoch: 4 | loss: 0.4745162
	speed: 0.0680s/iter; left time: 13431.6901s
	iters: 600, epoch: 4 | loss: 0.1999924
	speed: 0.0605s/iter; left time: 11950.3834s
	iters: 700, epoch: 4 | loss: 0.1581736
	speed: 0.0638s/iter; left time: 12588.3634s
	iters: 800, epoch: 4 | loss: 0.2510090
	speed: 0.0600s/iter; left time: 11837.1772s
	iters: 900, epoch: 4 | loss: 0.4088454
	speed: 0.0620s/iter; left time: 12215.8568s
	iters: 1000, epoch: 4 | loss: 0.3957283
	speed: 0.0600s/iter; left time: 11818.6496s
	iters: 1100, epoch: 4 | loss: 0.1370690
	speed: 0.0616s/iter; left time: 12133.6032s
	iters: 1200, epoch: 4 | loss: 0.2532084
	speed: 0.0584s/iter; left time: 11493.6125s
	iters: 1300, epoch: 4 | loss: 0.6840503
	speed: 0.0615s/iter; left time: 12105.3843s
	iters: 1400, epoch: 4 | loss: 0.3032981
	speed: 0.0558s/iter; left time: 10983.4463s
	iters: 1500, epoch: 4 | loss: 0.3459110
	speed: 0.0585s/iter; left time: 11508.8524s
	iters: 1600, epoch: 4 | loss: 0.2408680
	speed: 0.0621s/iter; left time: 12203.4659s
	iters: 1700, epoch: 4 | loss: 0.8912275
	speed: 0.0700s/iter; left time: 13738.1442s
	iters: 1800, epoch: 4 | loss: 0.2629494
	speed: 0.0608s/iter; left time: 11936.6318s
	iters: 1900, epoch: 4 | loss: 0.2013578
	speed: 0.0557s/iter; left time: 10932.6258s
	iters: 2000, epoch: 4 | loss: 0.5952659
	speed: 0.0514s/iter; left time: 10080.8567s
	iters: 2100, epoch: 4 | loss: 0.4639252
	speed: 0.0544s/iter; left time: 10653.1532s
	iters: 2200, epoch: 4 | loss: 0.1384706
	speed: 0.0492s/iter; left time: 9631.5547s
	iters: 2300, epoch: 4 | loss: 0.2423964
	speed: 0.0470s/iter; left time: 9200.7420s
	iters: 2400, epoch: 4 | loss: 0.4402345
	speed: 0.0500s/iter; left time: 9789.4171s
	iters: 2500, epoch: 4 | loss: 0.5429204
	speed: 0.0488s/iter; left time: 9549.4102s
	iters: 2600, epoch: 4 | loss: 0.4656082
	speed: 0.0460s/iter; left time: 8983.1453s
	iters: 2700, epoch: 4 | loss: 0.4333604
	speed: 0.0478s/iter; left time: 9333.2979s
	iters: 2800, epoch: 4 | loss: 0.2065662
	speed: 0.0477s/iter; left time: 9317.6646s
	iters: 2900, epoch: 4 | loss: 0.2517895
	speed: 0.0544s/iter; left time: 10625.1106s
	iters: 3000, epoch: 4 | loss: 0.5276073
	speed: 0.0567s/iter; left time: 11065.5492s
	iters: 3100, epoch: 4 | loss: 0.3811338
	speed: 0.0632s/iter; left time: 12320.7260s
	iters: 3200, epoch: 4 | loss: 0.0782244
	speed: 0.0584s/iter; left time: 11370.8754s
	iters: 3300, epoch: 4 | loss: 0.0959814
	speed: 0.0635s/iter; left time: 12364.0522s
	iters: 3400, epoch: 4 | loss: 0.0578541
	speed: 0.0590s/iter; left time: 11476.5730s
	iters: 3500, epoch: 4 | loss: 0.0503269
	speed: 0.0537s/iter; left time: 10451.2327s
	iters: 3600, epoch: 4 | loss: 0.4995268
	speed: 0.0495s/iter; left time: 9635.4545s
	iters: 3700, epoch: 4 | loss: 0.1567363
	speed: 0.0581s/iter; left time: 11284.2171s
	iters: 3800, epoch: 4 | loss: 0.3051524
	speed: 0.0557s/iter; left time: 10812.8104s
	iters: 3900, epoch: 4 | loss: 0.5624740
	speed: 0.0624s/iter; left time: 12122.4552s
	iters: 4000, epoch: 4 | loss: 0.3490021
	speed: 0.0443s/iter; left time: 8597.6529s
	iters: 4100, epoch: 4 | loss: 0.2467050
	speed: 0.0482s/iter; left time: 9354.4080s
	iters: 4200, epoch: 4 | loss: 0.9930858
	speed: 0.0581s/iter; left time: 11273.4465s
	iters: 4300, epoch: 4 | loss: 0.3087759
	speed: 0.0584s/iter; left time: 11312.4064s
	iters: 4400, epoch: 4 | loss: 0.2477031
	speed: 0.0629s/iter; left time: 12187.0795s
	iters: 4500, epoch: 4 | loss: 0.2401167
	speed: 0.0629s/iter; left time: 12183.0460s
	iters: 4600, epoch: 4 | loss: 0.6253173
	speed: 0.0555s/iter; left time: 10741.4066s
	iters: 4700, epoch: 4 | loss: 0.6179410
	speed: 0.0591s/iter; left time: 11430.7681s
	iters: 4800, epoch: 4 | loss: 0.3854136
	speed: 0.0718s/iter; left time: 13872.3912s
	iters: 4900, epoch: 4 | loss: 0.4051397
	speed: 0.0661s/iter; left time: 12764.5279s
	iters: 5000, epoch: 4 | loss: 0.3055409
	speed: 0.0703s/iter; left time: 13570.9567s
	iters: 5100, epoch: 4 | loss: 0.3638321
	speed: 0.0563s/iter; left time: 10866.2945s
	iters: 5200, epoch: 4 | loss: 0.1836515
	speed: 0.0561s/iter; left time: 10822.1625s
	iters: 5300, epoch: 4 | loss: 0.4114344
	speed: 0.0527s/iter; left time: 10154.4675s
	iters: 5400, epoch: 4 | loss: 0.5513474
	speed: 0.0572s/iter; left time: 11018.1004s
	iters: 5500, epoch: 4 | loss: 0.1692149
	speed: 0.0579s/iter; left time: 11148.7884s
	iters: 5600, epoch: 4 | loss: 0.3423616
	speed: 0.0484s/iter; left time: 9310.7678s
	iters: 5700, epoch: 4 | loss: 0.2220669
	speed: 0.0529s/iter; left time: 10170.3705s
	iters: 5800, epoch: 4 | loss: 0.3064773
	speed: 0.0492s/iter; left time: 9467.4020s
	iters: 5900, epoch: 4 | loss: 0.1333839
	speed: 0.0516s/iter; left time: 9911.7844s
	iters: 6000, epoch: 4 | loss: 0.5364122
	speed: 0.0499s/iter; left time: 9584.2701s
	iters: 6100, epoch: 4 | loss: 0.2400811
	speed: 0.0533s/iter; left time: 10228.6067s
	iters: 6200, epoch: 4 | loss: 0.1491182
	speed: 0.0506s/iter; left time: 9703.2434s
	iters: 6300, epoch: 4 | loss: 0.3374365
	speed: 0.0473s/iter; left time: 9063.4175s
	iters: 6400, epoch: 4 | loss: 0.6283883
	speed: 0.0483s/iter; left time: 9260.1688s
	iters: 6500, epoch: 4 | loss: 0.2492189
	speed: 0.0536s/iter; left time: 10276.4879s
	iters: 6600, epoch: 4 | loss: 0.2541800
	speed: 0.0597s/iter; left time: 11434.4779s
	iters: 6700, epoch: 4 | loss: 0.4494923
	speed: 0.0525s/iter; left time: 10055.9948s
	iters: 6800, epoch: 4 | loss: 0.1016017
	speed: 0.0503s/iter; left time: 9613.2342s
	iters: 6900, epoch: 4 | loss: 0.7185117
	speed: 0.0465s/iter; left time: 8882.9922s
	iters: 7000, epoch: 4 | loss: 0.1418407
	speed: 0.0479s/iter; left time: 9158.3671s
	iters: 7100, epoch: 4 | loss: 0.4510170
	speed: 0.0490s/iter; left time: 9358.3438s
	iters: 7200, epoch: 4 | loss: 0.1851367
	speed: 0.0459s/iter; left time: 8754.3404s
	iters: 7300, epoch: 4 | loss: 0.2300402
	speed: 0.0489s/iter; left time: 9319.2665s
Epoch: 4 cost time: 412.8939697742462
Epoch: 4, Steps: 7336 | Train Loss: 0.349 Vali Loss: 1.880 Vali Acc: 0.612 Test Loss: 1.880 Test Acc: 0.612
EarlyStopping counter: 1 out of 10
	iters: 100, epoch: 5 | loss: 0.5355821
	speed: 0.2887s/iter; left time: 55040.4683s
	iters: 200, epoch: 5 | loss: 0.0885884
	speed: 0.0586s/iter; left time: 11156.3193s
	iters: 300, epoch: 5 | loss: 0.1369600
	speed: 0.0611s/iter; left time: 11639.3759s
	iters: 400, epoch: 5 | loss: 0.2482837
	speed: 0.0581s/iter; left time: 11066.9531s
	iters: 500, epoch: 5 | loss: 0.2232076
	speed: 0.0588s/iter; left time: 11185.3085s
	iters: 600, epoch: 5 | loss: 0.1212532
	speed: 0.0602s/iter; left time: 11453.3047s
	iters: 700, epoch: 5 | loss: 0.4049536
	speed: 0.0652s/iter; left time: 12384.7429s
	iters: 800, epoch: 5 | loss: 0.1308898
	speed: 0.0577s/iter; left time: 10958.3138s
	iters: 900, epoch: 5 | loss: 0.2249575
	speed: 0.0594s/iter; left time: 11280.7860s
	iters: 1000, epoch: 5 | loss: 0.5693341
	speed: 0.0757s/iter; left time: 14364.0213s
	iters: 1100, epoch: 5 | loss: 0.0859494
	speed: 0.0759s/iter; left time: 14387.0704s
	iters: 1200, epoch: 5 | loss: 0.2153423
	speed: 0.0665s/iter; left time: 12598.1187s
	iters: 1300, epoch: 5 | loss: 0.2191606
	speed: 0.0395s/iter; left time: 7481.9739s
	iters: 1400, epoch: 5 | loss: 0.1242119
	speed: 0.0401s/iter; left time: 7589.1472s
	iters: 1500, epoch: 5 | loss: 0.1275046
	speed: 0.0484s/iter; left time: 9155.4775s
	iters: 1600, epoch: 5 | loss: 0.2753528
	speed: 0.0390s/iter; left time: 7374.2562s
	iters: 1700, epoch: 5 | loss: 0.3287171
	speed: 0.0451s/iter; left time: 8530.6566s
	iters: 1800, epoch: 5 | loss: 0.1808297
	speed: 0.0464s/iter; left time: 8759.2304s
	iters: 1900, epoch: 5 | loss: 0.8463528
	speed: 0.0543s/iter; left time: 10248.2440s
	iters: 2000, epoch: 5 | loss: 0.2736564
	speed: 0.0474s/iter; left time: 8939.9789s
	iters: 2100, epoch: 5 | loss: 0.5694650
	speed: 0.0564s/iter; left time: 10645.7063s
	iters: 2200, epoch: 5 | loss: 0.5438817
	speed: 0.0618s/iter; left time: 11643.4493s
	iters: 2300, epoch: 5 | loss: 0.0161731
	speed: 0.0503s/iter; left time: 9481.3534s
	iters: 2400, epoch: 5 | loss: 0.2638036
	speed: 0.0490s/iter; left time: 9226.4611s
	iters: 2500, epoch: 5 | loss: 0.1474726
	speed: 0.0536s/iter; left time: 10087.3524s
	iters: 2600, epoch: 5 | loss: 0.2491603
	speed: 0.0572s/iter; left time: 10758.7200s
	iters: 2700, epoch: 5 | loss: 0.4619180
	speed: 0.0619s/iter; left time: 11631.1208s
	iters: 2800, epoch: 5 | loss: 0.1228148
	speed: 0.0643s/iter; left time: 12092.2690s
	iters: 2900, epoch: 5 | loss: 0.4106170
	speed: 0.0638s/iter; left time: 11983.9135s
	iters: 3000, epoch: 5 | loss: 0.4572136
	speed: 0.0601s/iter; left time: 11281.2207s
	iters: 3100, epoch: 5 | loss: 0.4532823
	speed: 0.0648s/iter; left time: 12152.5408s
	iters: 3200, epoch: 5 | loss: 0.2845388
	speed: 0.0630s/iter; left time: 11808.7330s
	iters: 3300, epoch: 5 | loss: 0.2526022
	speed: 0.0672s/iter; left time: 12601.1934s
	iters: 3400, epoch: 5 | loss: 0.2051069
	speed: 0.0593s/iter; left time: 11106.6893s
	iters: 3500, epoch: 5 | loss: 0.2377285
	speed: 0.0662s/iter; left time: 12394.9914s
	iters: 3600, epoch: 5 | loss: 0.1193371
	speed: 0.0643s/iter; left time: 12037.3789s
	iters: 3700, epoch: 5 | loss: 0.3013731
	speed: 0.0450s/iter; left time: 8409.5627s
	iters: 3800, epoch: 5 | loss: 0.5334280
	speed: 0.0392s/iter; left time: 7334.8098s
	iters: 3900, epoch: 5 | loss: 0.1022148
	speed: 0.0568s/iter; left time: 10604.6073s
	iters: 4000, epoch: 5 | loss: 0.4119560
	speed: 0.0656s/iter; left time: 12248.2482s
	iters: 4100, epoch: 5 | loss: 0.1290689
	speed: 0.0582s/iter; left time: 10856.3221s
	iters: 4200, epoch: 5 | loss: 0.3160919
	speed: 0.0564s/iter; left time: 10523.4084s
	iters: 4300, epoch: 5 | loss: 0.2227109
	speed: 0.0600s/iter; left time: 11181.1829s
	iters: 4400, epoch: 5 | loss: 0.5219715
	speed: 0.0512s/iter; left time: 9547.3078s
	iters: 4500, epoch: 5 | loss: 0.4549014
	speed: 0.0607s/iter; left time: 11308.5673s
	iters: 4600, epoch: 5 | loss: 0.2295271
	speed: 0.0544s/iter; left time: 10121.4408s
	iters: 4700, epoch: 5 | loss: 0.3302931
	speed: 0.0561s/iter; left time: 10440.6976s
	iters: 4800, epoch: 5 | loss: 0.1803896
	speed: 0.0584s/iter; left time: 10858.6107s
	iters: 4900, epoch: 5 | loss: 0.3344680
	speed: 0.0579s/iter; left time: 10768.0567s
	iters: 5000, epoch: 5 | loss: 0.2764334
	speed: 0.0573s/iter; left time: 10638.1048s
	iters: 5100, epoch: 5 | loss: 0.1931737
	speed: 0.0525s/iter; left time: 9750.5331s
	iters: 5200, epoch: 5 | loss: 0.2001714
	speed: 0.0529s/iter; left time: 9810.0851s
	iters: 5300, epoch: 5 | loss: 0.3994544
	speed: 0.0540s/iter; left time: 10012.8965s
	iters: 5400, epoch: 5 | loss: 0.4036324
	speed: 0.0474s/iter; left time: 8782.7061s
	iters: 5500, epoch: 5 | loss: 0.1619761
	speed: 0.0516s/iter; left time: 9559.2173s
	iters: 5600, epoch: 5 | loss: 0.3240613
	speed: 0.0519s/iter; left time: 9617.3643s
	iters: 5700, epoch: 5 | loss: 0.1480007
	speed: 0.0513s/iter; left time: 9484.9343s
	iters: 5800, epoch: 5 | loss: 0.1691953
	speed: 0.0486s/iter; left time: 8992.5748s
	iters: 5900, epoch: 5 | loss: 0.1923917
	speed: 0.0497s/iter; left time: 9180.2439s
	iters: 6000, epoch: 5 | loss: 0.1580175
	speed: 0.0391s/iter; left time: 7216.0547s
	iters: 6100, epoch: 5 | loss: 0.1139998
	speed: 0.0377s/iter; left time: 6953.5990s
	iters: 6200, epoch: 5 | loss: 0.0871439
	speed: 0.0373s/iter; left time: 6879.4288s
	iters: 6300, epoch: 5 | loss: 0.3892595
	speed: 0.0509s/iter; left time: 9391.0607s
	iters: 6400, epoch: 5 | loss: 0.0329884
	speed: 0.0534s/iter; left time: 9848.4942s
	iters: 6500, epoch: 5 | loss: 0.3822508
	speed: 0.0523s/iter; left time: 9641.7122s
	iters: 6600, epoch: 5 | loss: 0.3623621
	speed: 0.0524s/iter; left time: 9650.5516s
	iters: 6700, epoch: 5 | loss: 0.0859757
	speed: 0.0509s/iter; left time: 9367.5832s
	iters: 6800, epoch: 5 | loss: 0.2620288
	speed: 0.0506s/iter; left time: 9304.8449s
	iters: 6900, epoch: 5 | loss: 0.1667638
	speed: 0.0509s/iter; left time: 9353.9703s
	iters: 7000, epoch: 5 | loss: 0.0968721
	speed: 0.0491s/iter; left time: 9013.3209s
	iters: 7100, epoch: 5 | loss: 0.1323328
	speed: 0.0489s/iter; left time: 8976.2059s
	iters: 7200, epoch: 5 | loss: 0.6553416
	speed: 0.0483s/iter; left time: 8872.2252s
	iters: 7300, epoch: 5 | loss: 0.1094218
	speed: 0.0529s/iter; left time: 9697.4543s
Epoch: 5 cost time: 402.1886134147644
Epoch: 5, Steps: 7336 | Train Loss: 0.321 Vali Loss: 2.048 Vali Acc: 0.597 Test Loss: 2.048 Test Acc: 0.597
EarlyStopping counter: 2 out of 10
Updating learning rate to 6.25e-05
	iters: 100, epoch: 6 | loss: 0.4073757
	speed: 0.2869s/iter; left time: 52587.6074s
	iters: 200, epoch: 6 | loss: 0.3100343
	speed: 0.0393s/iter; left time: 7206.2647s
	iters: 300, epoch: 6 | loss: 0.2649466
	speed: 0.0514s/iter; left time: 9418.5815s
	iters: 400, epoch: 6 | loss: 0.2883152
	speed: 0.0729s/iter; left time: 13335.3561s
	iters: 500, epoch: 6 | loss: 0.1884470
	speed: 0.0727s/iter; left time: 13299.3499s
	iters: 600, epoch: 6 | loss: 0.6114885
	speed: 0.0715s/iter; left time: 13079.1282s
	iters: 700, epoch: 6 | loss: 0.1053552
	speed: 0.0549s/iter; left time: 10033.5371s
	iters: 800, epoch: 6 | loss: 0.1498127
	speed: 0.0378s/iter; left time: 6895.6037s
	iters: 900, epoch: 6 | loss: 0.2026196
	speed: 0.0526s/iter; left time: 9595.7040s
	iters: 1000, epoch: 6 | loss: 0.1172258
	speed: 0.0461s/iter; left time: 8409.5400s
	iters: 1100, epoch: 6 | loss: 0.3560138
	speed: 0.0579s/iter; left time: 10549.5710s
	iters: 1200, epoch: 6 | loss: 0.0675424
	speed: 0.0445s/iter; left time: 8116.5796s
	iters: 1300, epoch: 6 | loss: 0.1673570
	speed: 0.0442s/iter; left time: 8040.3977s
	iters: 1400, epoch: 6 | loss: 0.3010408
	speed: 0.0580s/iter; left time: 10547.2497s
	iters: 1500, epoch: 6 | loss: 0.2503938
	speed: 0.0659s/iter; left time: 11987.6856s
	iters: 1600, epoch: 6 | loss: 0.1678540
	speed: 0.0573s/iter; left time: 10413.5559s
	iters: 1700, epoch: 6 | loss: 0.3168788
	speed: 0.0563s/iter; left time: 10235.2704s
	iters: 1800, epoch: 6 | loss: 0.2921534
	speed: 0.0497s/iter; left time: 9034.4591s
	iters: 1900, epoch: 6 | loss: 0.1844852
	speed: 0.0533s/iter; left time: 9673.3381s
	iters: 2000, epoch: 6 | loss: 0.3252237
	speed: 0.0748s/iter; left time: 13577.8383s
	iters: 2100, epoch: 6 | loss: 0.2000350
	speed: 0.0580s/iter; left time: 10512.9184s
	iters: 2200, epoch: 6 | loss: 0.3118202
	speed: 0.0599s/iter; left time: 10862.3137s
	iters: 2300, epoch: 6 | loss: 0.0330549
	speed: 0.0615s/iter; left time: 11135.9781s
	iters: 2400, epoch: 6 | loss: 0.5148032
	speed: 0.0551s/iter; left time: 9981.5011s
	iters: 2500, epoch: 6 | loss: 0.2149431
	speed: 0.0603s/iter; left time: 10902.4650s
	iters: 2600, epoch: 6 | loss: 0.3011473
	speed: 0.0643s/iter; left time: 11620.5489s
	iters: 2700, epoch: 6 | loss: 0.2948498
	speed: 0.0482s/iter; left time: 8711.8293s
	iters: 2800, epoch: 6 | loss: 0.1100849
	speed: 0.0381s/iter; left time: 6879.5416s
	iters: 2900, epoch: 6 | loss: 0.1879356
	speed: 0.0425s/iter; left time: 7665.8856s
	iters: 3000, epoch: 6 | loss: 0.1531078
	speed: 0.0536s/iter; left time: 9672.4229s
	iters: 3100, epoch: 6 | loss: 0.2056948
	speed: 0.0581s/iter; left time: 10482.0440s
	iters: 3200, epoch: 6 | loss: 0.3005146
	speed: 0.0645s/iter; left time: 11623.3358s
	iters: 3300, epoch: 6 | loss: 0.0743476
	speed: 0.0619s/iter; left time: 11149.5732s
	iters: 3400, epoch: 6 | loss: 0.2288297
	speed: 0.0628s/iter; left time: 11298.9034s
	iters: 3500, epoch: 6 | loss: 0.2634655
	speed: 0.0513s/iter; left time: 9229.6974s
	iters: 3600, epoch: 6 | loss: 0.2394452
	speed: 0.0561s/iter; left time: 10085.5640s
	iters: 3700, epoch: 6 | loss: 0.2150813
	speed: 0.0592s/iter; left time: 10645.2259s
	iters: 3800, epoch: 6 | loss: 0.2569609
	speed: 0.0574s/iter; left time: 10300.3672s
	iters: 3900, epoch: 6 | loss: 0.1040966
	speed: 0.0537s/iter; left time: 9642.0691s
	iters: 4000, epoch: 6 | loss: 0.1740099
	speed: 0.0561s/iter; left time: 10065.4870s
	iters: 4100, epoch: 6 | loss: 0.2268490
	speed: 0.0591s/iter; left time: 10602.6942s
	iters: 4200, epoch: 6 | loss: 0.2275948
	speed: 0.0689s/iter; left time: 12342.1259s
	iters: 4300, epoch: 6 | loss: 0.2174336
	speed: 0.0680s/iter; left time: 12182.4206s
	iters: 4400, epoch: 6 | loss: 0.3932084
	speed: 0.0670s/iter; left time: 11984.1301s
	iters: 4500, epoch: 6 | loss: 0.1493603
	speed: 0.0664s/iter; left time: 11879.0876s
	iters: 4600, epoch: 6 | loss: 0.2106975
	speed: 0.0665s/iter; left time: 11893.0849s
	iters: 4700, epoch: 6 | loss: 0.0374946
	speed: 0.0674s/iter; left time: 12037.4588s
	iters: 4800, epoch: 6 | loss: 0.0971194
	speed: 0.0690s/iter; left time: 12318.1541s
	iters: 4900, epoch: 6 | loss: 0.1569360
	speed: 0.0651s/iter; left time: 11617.3364s
	iters: 5000, epoch: 6 | loss: 0.0941090
	speed: 0.0620s/iter; left time: 11062.4163s
	iters: 5100, epoch: 6 | loss: 0.0328347
	speed: 0.0608s/iter; left time: 10844.4905s
	iters: 5200, epoch: 6 | loss: 0.1373762
	speed: 0.0580s/iter; left time: 10326.7812s
	iters: 5300, epoch: 6 | loss: 0.2821654
	speed: 0.0610s/iter; left time: 10863.2619s
	iters: 5400, epoch: 6 | loss: 0.1813836
	speed: 0.0607s/iter; left time: 10802.4126s
	iters: 5500, epoch: 6 | loss: 0.1143424
	speed: 0.0607s/iter; left time: 10802.3634s
	iters: 5600, epoch: 6 | loss: 0.0645766
	speed: 0.0675s/iter; left time: 11998.1834s
	iters: 5700, epoch: 6 | loss: 0.0309655
	speed: 0.0609s/iter; left time: 10813.8363s
	iters: 5800, epoch: 6 | loss: 0.4299668
	speed: 0.0635s/iter; left time: 11268.9237s
	iters: 5900, epoch: 6 | loss: 0.2762501
	speed: 0.0630s/iter; left time: 11177.9564s
	iters: 6000, epoch: 6 | loss: 0.0844033
	speed: 0.0584s/iter; left time: 10352.6351s
	iters: 6100, epoch: 6 | loss: 0.2426042
	speed: 0.0598s/iter; left time: 10594.3758s
	iters: 6200, epoch: 6 | loss: 0.0949634
	speed: 0.0648s/iter; left time: 11490.1496s
	iters: 6300, epoch: 6 | loss: 0.2175954
	speed: 0.0595s/iter; left time: 10542.7154s
	iters: 6400, epoch: 6 | loss: 0.1590573
	speed: 0.0597s/iter; left time: 10570.0686s
	iters: 6500, epoch: 6 | loss: 0.3112761
	speed: 0.0621s/iter; left time: 10984.7571s
	iters: 6600, epoch: 6 | loss: 0.2263329
	speed: 0.0694s/iter; left time: 12275.9967s
	iters: 6700, epoch: 6 | loss: 0.1844390
	speed: 0.0703s/iter; left time: 12414.9327s
	iters: 6800, epoch: 6 | loss: 0.4636000
	speed: 0.0615s/iter; left time: 10858.6181s
	iters: 6900, epoch: 6 | loss: 0.3673255
	speed: 0.0601s/iter; left time: 10608.9763s
	iters: 7000, epoch: 6 | loss: 0.0327996
	speed: 0.0656s/iter; left time: 11565.7727s
	iters: 7100, epoch: 6 | loss: 0.3724538
	speed: 0.0605s/iter; left time: 10660.5620s
	iters: 7200, epoch: 6 | loss: 0.1057804
	speed: 0.0531s/iter; left time: 9361.0335s
	iters: 7300, epoch: 6 | loss: 0.0709300
	speed: 0.0512s/iter; left time: 9024.8475s
Epoch: 6 cost time: 433.3531777858734
Epoch: 6, Steps: 7336 | Train Loss: 0.206 Vali Loss: 1.988 Vali Acc: 0.604 Test Loss: 1.988 Test Acc: 0.604
EarlyStopping counter: 3 out of 10
	iters: 100, epoch: 7 | loss: 0.0537694
	speed: 0.3025s/iter; left time: 53235.6967s
	iters: 200, epoch: 7 | loss: 0.3321028
	speed: 0.0659s/iter; left time: 11581.8307s
	iters: 300, epoch: 7 | loss: 0.1447556
	speed: 0.0620s/iter; left time: 10904.2934s
	iters: 400, epoch: 7 | loss: 0.1702524
	speed: 0.0667s/iter; left time: 11711.4051s
	iters: 500, epoch: 7 | loss: 0.1805485
	speed: 0.0640s/iter; left time: 11241.5837s
	iters: 600, epoch: 7 | loss: 0.4711600
	speed: 0.0634s/iter; left time: 11129.9779s
	iters: 700, epoch: 7 | loss: 0.1352509
	speed: 0.0751s/iter; left time: 13177.1016s
	iters: 800, epoch: 7 | loss: 0.0790139
	speed: 0.0719s/iter; left time: 12599.1363s
	iters: 900, epoch: 7 | loss: 0.1925424
	speed: 0.0619s/iter; left time: 10837.8888s
	iters: 1000, epoch: 7 | loss: 0.0512464
	speed: 0.0532s/iter; left time: 9305.9700s
	iters: 1100, epoch: 7 | loss: 0.1842559
	speed: 0.0561s/iter; left time: 9815.5455s
	iters: 1200, epoch: 7 | loss: 0.1174760
	speed: 0.0534s/iter; left time: 9329.2880s
	iters: 1300, epoch: 7 | loss: 0.3390545
	speed: 0.0530s/iter; left time: 9263.1070s
	iters: 1400, epoch: 7 | loss: 0.0314079
	speed: 0.0548s/iter; left time: 9565.6758s
	iters: 1500, epoch: 7 | loss: 0.0911242
	speed: 0.0568s/iter; left time: 9915.7882s
	iters: 1600, epoch: 7 | loss: 0.0709066
	speed: 0.0656s/iter; left time: 11448.6766s
	iters: 1700, epoch: 7 | loss: 0.2253637
	speed: 0.0500s/iter; left time: 8721.4411s
	iters: 1800, epoch: 7 | loss: 0.2772448
	speed: 0.0501s/iter; left time: 8739.3521s
	iters: 1900, epoch: 7 | loss: 0.2450057
	speed: 0.0540s/iter; left time: 9397.8614s
	iters: 2000, epoch: 7 | loss: 0.1537939
	speed: 0.0538s/iter; left time: 9361.6365s
	iters: 2100, epoch: 7 | loss: 0.0132684
	speed: 0.0688s/iter; left time: 11961.0299s
	iters: 2200, epoch: 7 | loss: 0.3715667
	speed: 0.0742s/iter; left time: 12904.4571s
	iters: 2300, epoch: 7 | loss: 0.2605068
	speed: 0.0678s/iter; left time: 11781.1058s
	iters: 2400, epoch: 7 | loss: 0.1200860
	speed: 0.0581s/iter; left time: 10098.1549s
	iters: 2500, epoch: 7 | loss: 0.2298138
	speed: 0.0563s/iter; left time: 9774.1338s
	iters: 2600, epoch: 7 | loss: 0.1438169
	speed: 0.0563s/iter; left time: 9772.1369s
	iters: 2700, epoch: 7 | loss: 0.3425487
	speed: 0.0539s/iter; left time: 9342.8158s
	iters: 2800, epoch: 7 | loss: 0.3478656
	speed: 0.0529s/iter; left time: 9169.6883s
	iters: 2900, epoch: 7 | loss: 0.5879766
	speed: 0.0576s/iter; left time: 9967.4510s
	iters: 3000, epoch: 7 | loss: 0.2838255
	speed: 0.0547s/iter; left time: 9472.2218s
	iters: 3100, epoch: 7 | loss: 0.0856892
	speed: 0.0462s/iter; left time: 7985.5155s
	iters: 3200, epoch: 7 | loss: 0.3358009
	speed: 0.0596s/iter; left time: 10297.5112s
	iters: 3300, epoch: 7 | loss: 0.2351303
	speed: 0.0558s/iter; left time: 9646.4284s
	iters: 3400, epoch: 7 | loss: 0.0584883
	speed: 0.0574s/iter; left time: 9918.7898s
	iters: 3500, epoch: 7 | loss: 0.1666002
	speed: 0.0600s/iter; left time: 10359.6476s
	iters: 3600, epoch: 7 | loss: 0.0593556
	speed: 0.0534s/iter; left time: 9215.9533s
	iters: 3700, epoch: 7 | loss: 0.5582898
	speed: 0.0544s/iter; left time: 9369.3856s
	iters: 3800, epoch: 7 | loss: 0.1301980
	speed: 0.0557s/iter; left time: 9597.5396s
	iters: 3900, epoch: 7 | loss: 0.2737414
	speed: 0.0602s/iter; left time: 10370.9042s
	iters: 4000, epoch: 7 | loss: 0.0353259
	speed: 0.0557s/iter; left time: 9580.9239s
	iters: 4100, epoch: 7 | loss: 0.6460769
	speed: 0.0599s/iter; left time: 10298.0422s
	iters: 4200, epoch: 7 | loss: 0.0611807
	speed: 0.0481s/iter; left time: 8258.3604s
	iters: 4300, epoch: 7 | loss: 0.0993274
	speed: 0.0540s/iter; left time: 9270.9516s
	iters: 4400, epoch: 7 | loss: 0.1667833
	speed: 0.0514s/iter; left time: 8822.7741s
	iters: 4500, epoch: 7 | loss: 0.1127361
	speed: 0.0434s/iter; left time: 7450.9783s
	iters: 4600, epoch: 7 | loss: 0.0240475
	speed: 0.0378s/iter; left time: 6479.7802s
	iters: 4700, epoch: 7 | loss: 0.3011836
	speed: 0.0531s/iter; left time: 9104.3013s
	iters: 4800, epoch: 7 | loss: 0.3748884
	speed: 0.0619s/iter; left time: 10604.2632s
	iters: 4900, epoch: 7 | loss: 0.2266134
	speed: 0.0589s/iter; left time: 10077.4325s
	iters: 5000, epoch: 7 | loss: 0.1860435
	speed: 0.0427s/iter; left time: 7305.9148s
	iters: 5100, epoch: 7 | loss: 0.2732098
	speed: 0.0504s/iter; left time: 8615.6401s
	iters: 5200, epoch: 7 | loss: 0.1321281
	speed: 0.0439s/iter; left time: 7505.2014s
	iters: 5300, epoch: 7 | loss: 0.3127403
	speed: 0.0481s/iter; left time: 8208.6970s
	iters: 5400, epoch: 7 | loss: 0.3053725
	speed: 0.0628s/iter; left time: 10726.0622s
	iters: 5500, epoch: 7 | loss: 0.2354591
	speed: 0.0642s/iter; left time: 10957.8955s
	iters: 5600, epoch: 7 | loss: 0.1472017
	speed: 0.0601s/iter; left time: 10252.4157s
	iters: 5700, epoch: 7 | loss: 0.1861385
	speed: 0.0609s/iter; left time: 10380.1086s
	iters: 5800, epoch: 7 | loss: 0.0152207
	speed: 0.0588s/iter; left time: 10013.3521s
	iters: 5900, epoch: 7 | loss: 0.0672235
	speed: 0.0566s/iter; left time: 9631.8418s
	iters: 6000, epoch: 7 | loss: 0.4226200
	speed: 0.0576s/iter; left time: 9798.8600s
	iters: 6100, epoch: 7 | loss: 0.0886689
	speed: 0.0544s/iter; left time: 9252.2292s
	iters: 6200, epoch: 7 | loss: 0.0376921
	speed: 0.0605s/iter; left time: 10284.4308s
	iters: 6300, epoch: 7 | loss: 0.1743815
	speed: 0.0578s/iter; left time: 9819.3665s
	iters: 6400, epoch: 7 | loss: 0.1562406
	speed: 0.0563s/iter; left time: 9547.5238s
	iters: 6500, epoch: 7 | loss: 0.0747669
	speed: 0.0577s/iter; left time: 9776.2148s
	iters: 6600, epoch: 7 | loss: 0.2723080
	speed: 0.0583s/iter; left time: 9874.0886s
	iters: 6700, epoch: 7 | loss: 0.1496028
	speed: 0.0586s/iter; left time: 9928.0535s
	iters: 6800, epoch: 7 | loss: 0.0477916
	speed: 0.0613s/iter; left time: 10381.3665s
	iters: 6900, epoch: 7 | loss: 0.3828312
	speed: 0.0632s/iter; left time: 10693.6930s
	iters: 7000, epoch: 7 | loss: 0.0193109
	speed: 0.0604s/iter; left time: 10209.7024s
	iters: 7100, epoch: 7 | loss: 0.3647631
	speed: 0.0585s/iter; left time: 9876.2315s
	iters: 7200, epoch: 7 | loss: 0.3280779
	speed: 0.0578s/iter; left time: 9757.4326s
	iters: 7300, epoch: 7 | loss: 0.5276996
	speed: 0.0646s/iter; left time: 10907.8989s
Epoch: 7 cost time: 422.68963599205017
Epoch: 7, Steps: 7336 | Train Loss: 0.187 Vali Loss: 2.068 Vali Acc: 0.593 Test Loss: 2.068 Test Acc: 0.593
EarlyStopping counter: 4 out of 10
	iters: 100, epoch: 8 | loss: 0.0379991
	speed: 0.2948s/iter; left time: 49711.8526s
	iters: 200, epoch: 8 | loss: 0.1490883
	speed: 0.0659s/iter; left time: 11110.6451s
	iters: 300, epoch: 8 | loss: 0.2054916
	speed: 0.0663s/iter; left time: 11159.3569s
	iters: 400, epoch: 8 | loss: 0.0353832
	speed: 0.0591s/iter; left time: 9953.8265s
	iters: 500, epoch: 8 | loss: 0.1279227
	speed: 0.0660s/iter; left time: 11096.1505s
	iters: 600, epoch: 8 | loss: 0.1490781
	speed: 0.0594s/iter; left time: 9985.8237s
	iters: 700, epoch: 8 | loss: 0.0294375
	speed: 0.0624s/iter; left time: 10488.3896s
	iters: 800, epoch: 8 | loss: 0.0784246
	speed: 0.0566s/iter; left time: 9502.6043s
	iters: 900, epoch: 8 | loss: 0.0635252
	speed: 0.0629s/iter; left time: 10548.0612s
	iters: 1000, epoch: 8 | loss: 0.2912175
	speed: 0.0774s/iter; left time: 12987.2537s
	iters: 1100, epoch: 8 | loss: 0.6447126
	speed: 0.0763s/iter; left time: 12785.2426s
	iters: 1200, epoch: 8 | loss: 0.3318334
	speed: 0.0667s/iter; left time: 11166.9342s
	iters: 1300, epoch: 8 | loss: 0.3709893
	speed: 0.0603s/iter; left time: 10090.5011s
	iters: 1400, epoch: 8 | loss: 0.3197112
	speed: 0.0382s/iter; left time: 6391.0066s
	iters: 1500, epoch: 8 | loss: 0.2390397
	speed: 0.0458s/iter; left time: 7662.3060s
	iters: 1600, epoch: 8 | loss: 0.2807566
	speed: 0.0632s/iter; left time: 10561.1672s
	iters: 1700, epoch: 8 | loss: 0.2641768
	speed: 0.0630s/iter; left time: 10530.2284s
	iters: 1800, epoch: 8 | loss: 0.0846373
	speed: 0.0605s/iter; left time: 10096.6863s
	iters: 1900, epoch: 8 | loss: 0.5384048
	speed: 0.0618s/iter; left time: 10306.5389s
	iters: 2000, epoch: 8 | loss: 0.1440629
	speed: 0.0611s/iter; left time: 10181.8341s
	iters: 2100, epoch: 8 | loss: 0.1388234
	speed: 0.0607s/iter; left time: 10113.8729s
	iters: 2200, epoch: 8 | loss: 0.0269226
	speed: 0.0594s/iter; left time: 9897.5940s
	iters: 2300, epoch: 8 | loss: 0.1163873
	speed: 0.0634s/iter; left time: 10556.8937s
	iters: 2400, epoch: 8 | loss: 0.1669234
	speed: 0.0628s/iter; left time: 10446.6366s
	iters: 2500, epoch: 8 | loss: 0.0804424
	speed: 0.0605s/iter; left time: 10064.2553s
	iters: 2600, epoch: 8 | loss: 0.2121424
	speed: 0.0637s/iter; left time: 10584.9524s
	iters: 2700, epoch: 8 | loss: 0.1448461
	speed: 0.0694s/iter; left time: 11527.1418s
	iters: 2800, epoch: 8 | loss: 0.2407107
	speed: 0.0648s/iter; left time: 10754.0724s
	iters: 2900, epoch: 8 | loss: 0.0817068
	speed: 0.0634s/iter; left time: 10508.5859s
	iters: 3000, epoch: 8 | loss: 0.3221289
	speed: 0.0621s/iter; left time: 10285.0909s
	iters: 3100, epoch: 8 | loss: 0.0317988
	speed: 0.0585s/iter; left time: 9689.8962s
	iters: 3200, epoch: 8 | loss: 0.1880037
	speed: 0.0646s/iter; left time: 10698.1406s
	iters: 3300, epoch: 8 | loss: 0.3119080
	speed: 0.0648s/iter; left time: 10727.0079s
	iters: 3400, epoch: 8 | loss: 0.7079517
	speed: 0.0602s/iter; left time: 9950.6185s
	iters: 3500, epoch: 8 | loss: 0.1509384
	speed: 0.0596s/iter; left time: 9845.1879s
	iters: 3600, epoch: 8 | loss: 0.2685085
	speed: 0.0579s/iter; left time: 9560.1836s
	iters: 3700, epoch: 8 | loss: 0.4685232
	speed: 0.0606s/iter; left time: 10004.1859s
	iters: 3800, epoch: 8 | loss: 0.0888082
	speed: 0.0557s/iter; left time: 9179.1798s
	iters: 3900, epoch: 8 | loss: 0.0713642
	speed: 0.0604s/iter; left time: 9956.0814s
	iters: 4000, epoch: 8 | loss: 1.0409735
	speed: 0.0591s/iter; left time: 9735.5355s
	iters: 4100, epoch: 8 | loss: 0.0455642
	speed: 0.0602s/iter; left time: 9911.0547s
	iters: 4200, epoch: 8 | loss: 0.3582299
	speed: 0.0517s/iter; left time: 8502.1452s
	iters: 4300, epoch: 8 | loss: 0.3030245
	speed: 0.0405s/iter; left time: 6652.0980s
	iters: 4400, epoch: 8 | loss: 0.1028728
	speed: 0.0519s/iter; left time: 8527.2953s
	iters: 4500, epoch: 8 | loss: 0.0473606
	speed: 0.0431s/iter; left time: 7082.0361s
	iters: 4600, epoch: 8 | loss: 0.0684850
	speed: 0.0383s/iter; left time: 6283.2429s
	iters: 4700, epoch: 8 | loss: 0.0667307
	speed: 0.0404s/iter; left time: 6629.3366s
	iters: 4800, epoch: 8 | loss: 0.0085142
	speed: 0.0432s/iter; left time: 7083.8006s
	iters: 4900, epoch: 8 | loss: 0.0620321
	speed: 0.0566s/iter; left time: 9279.6195s
	iters: 5000, epoch: 8 | loss: 0.2083326
	speed: 0.0525s/iter; left time: 8592.8745s
	iters: 5100, epoch: 8 | loss: 0.1916934
	speed: 0.0540s/iter; left time: 8842.2889s
	iters: 5200, epoch: 8 | loss: 0.1096728
	speed: 0.0549s/iter; left time: 8976.5487s
	iters: 5300, epoch: 8 | loss: 0.0474123
	speed: 0.0517s/iter; left time: 8455.8796s
	iters: 5400, epoch: 8 | loss: 0.1668111
	speed: 0.0546s/iter; left time: 8920.6867s
	iters: 5500, epoch: 8 | loss: 0.0502604
	speed: 0.0445s/iter; left time: 7261.0516s
	iters: 5600, epoch: 8 | loss: 0.0399440
	speed: 0.0570s/iter; left time: 9300.6781s
	iters: 5700, epoch: 8 | loss: 0.0618560
	speed: 0.0387s/iter; left time: 6311.0700s
	iters: 5800, epoch: 8 | loss: 0.1307154
	speed: 0.0389s/iter; left time: 6337.4356s
	iters: 5900, epoch: 8 | loss: 0.0811557
	speed: 0.0390s/iter; left time: 6345.6703s
	iters: 6000, epoch: 8 | loss: 0.0903092
	speed: 0.0414s/iter; left time: 6735.6888s
	iters: 6100, epoch: 8 | loss: 0.1025650
	speed: 0.0376s/iter; left time: 6107.6311s
	iters: 6200, epoch: 8 | loss: 0.0761329
	speed: 0.0442s/iter; left time: 7182.9248s
	iters: 6300, epoch: 8 | loss: 0.1970067
	speed: 0.0383s/iter; left time: 6220.4071s
	iters: 6400, epoch: 8 | loss: 0.0250261
	speed: 0.0383s/iter; left time: 6214.2267s
	iters: 6500, epoch: 8 | loss: 0.0965630
	speed: 0.0565s/iter; left time: 9158.4033s
	iters: 6600, epoch: 8 | loss: 0.2944649
	speed: 0.0656s/iter; left time: 10637.2781s
	iters: 6700, epoch: 8 | loss: 0.0914757
	speed: 0.0644s/iter; left time: 10432.5283s
	iters: 6800, epoch: 8 | loss: 0.0170060
	speed: 0.0666s/iter; left time: 10779.5885s
	iters: 6900, epoch: 8 | loss: 0.1742284
	speed: 0.0629s/iter; left time: 10181.5049s
	iters: 7000, epoch: 8 | loss: 0.2656821
	speed: 0.0630s/iter; left time: 10183.3058s
	iters: 7100, epoch: 8 | loss: 0.1073400
	speed: 0.0657s/iter; left time: 10620.8849s
	iters: 7200, epoch: 8 | loss: 0.1391789
	speed: 0.0717s/iter; left time: 11578.7033s
	iters: 7300, epoch: 8 | loss: 0.0282582
	speed: 0.0683s/iter; left time: 11030.7217s
Epoch: 8 cost time: 419.05949544906616
Epoch: 8, Steps: 7336 | Train Loss: 0.180 Vali Loss: 2.090 Vali Acc: 0.597 Test Loss: 2.090 Test Acc: 0.597
EarlyStopping counter: 5 out of 10
	iters: 100, epoch: 9 | loss: 0.2691611
	speed: 0.2953s/iter; left time: 47632.2663s
	iters: 200, epoch: 9 | loss: 0.5289270
	speed: 0.0496s/iter; left time: 7993.8927s
	iters: 300, epoch: 9 | loss: 0.1100029
	speed: 0.0386s/iter; left time: 6212.9693s
	iters: 400, epoch: 9 | loss: 0.2408626
	speed: 0.0480s/iter; left time: 7734.7215s
	iters: 500, epoch: 9 | loss: 0.0488500
	speed: 0.0535s/iter; left time: 8600.8924s
	iters: 600, epoch: 9 | loss: 0.1372757
	speed: 0.0595s/iter; left time: 9570.1044s
	iters: 700, epoch: 9 | loss: 0.4470880
	speed: 0.0683s/iter; left time: 10971.5910s
	iters: 800, epoch: 9 | loss: 0.1838255
	speed: 0.0696s/iter; left time: 11183.8435s
	iters: 900, epoch: 9 | loss: 0.2204122
	speed: 0.0699s/iter; left time: 11222.1892s
	iters: 1000, epoch: 9 | loss: 0.3345363
	speed: 0.0674s/iter; left time: 10807.8225s
	iters: 1100, epoch: 9 | loss: 0.2449900
	speed: 0.0601s/iter; left time: 9634.0041s
	iters: 1200, epoch: 9 | loss: 0.0431860
	speed: 0.0657s/iter; left time: 10521.4920s
	iters: 1300, epoch: 9 | loss: 0.3024186
	speed: 0.0668s/iter; left time: 10690.9273s
	iters: 1400, epoch: 9 | loss: 0.2940301
	speed: 0.0752s/iter; left time: 12027.0895s
	iters: 1500, epoch: 9 | loss: 0.2330950
	speed: 0.0571s/iter; left time: 9129.7924s
	iters: 1600, epoch: 9 | loss: 0.3371030
	speed: 0.0459s/iter; left time: 7336.9292s
	iters: 1700, epoch: 9 | loss: 0.3989443
	speed: 0.0478s/iter; left time: 7626.1915s
	iters: 1800, epoch: 9 | loss: 0.2223645
	speed: 0.0489s/iter; left time: 7810.5976s
	iters: 1900, epoch: 9 | loss: 0.7027516
	speed: 0.0508s/iter; left time: 8103.0455s
	iters: 2000, epoch: 9 | loss: 0.0162948
	speed: 0.0401s/iter; left time: 6384.1500s
	iters: 2100, epoch: 9 | loss: 0.2895020
	speed: 0.0442s/iter; left time: 7036.5222s
	iters: 2200, epoch: 9 | loss: 0.0468331
	speed: 0.0528s/iter; left time: 8411.3940s
	iters: 2300, epoch: 9 | loss: 0.6530995
	speed: 0.0523s/iter; left time: 8316.3335s
	iters: 2400, epoch: 9 | loss: 0.2125033
	speed: 0.0491s/iter; left time: 7812.2546s
	iters: 2500, epoch: 9 | loss: 0.1157481
	speed: 0.0505s/iter; left time: 8025.3867s
	iters: 2600, epoch: 9 | loss: 0.2032280
	speed: 0.0549s/iter; left time: 8714.0005s
	iters: 2700, epoch: 9 | loss: 0.1486532
	speed: 0.0566s/iter; left time: 8983.2354s
	iters: 2800, epoch: 9 | loss: 0.1687049
	speed: 0.0466s/iter; left time: 7383.1609s
	iters: 2900, epoch: 9 | loss: 0.0340729
	speed: 0.0453s/iter; left time: 7176.8478s
	iters: 3000, epoch: 9 | loss: 0.0327257
	speed: 0.0456s/iter; left time: 7216.8526s
	iters: 3100, epoch: 9 | loss: 0.2257887
	speed: 0.0457s/iter; left time: 7236.3638s
	iters: 3200, epoch: 9 | loss: 0.1667334
	speed: 0.0439s/iter; left time: 6946.3761s
	iters: 3300, epoch: 9 | loss: 0.0483362
	speed: 0.0435s/iter; left time: 6875.5098s
	iters: 3400, epoch: 9 | loss: 0.2990099
	speed: 0.0476s/iter; left time: 7515.9910s
	iters: 3500, epoch: 9 | loss: 0.1528166
	speed: 0.0487s/iter; left time: 7687.3723s
	iters: 3600, epoch: 9 | loss: 0.2243136
	speed: 0.0488s/iter; left time: 7693.7499s
	iters: 3700, epoch: 9 | loss: 0.0118709
	speed: 0.0422s/iter; left time: 6655.6500s
	iters: 3800, epoch: 9 | loss: 0.1303112
	speed: 0.0437s/iter; left time: 6884.5937s
	iters: 3900, epoch: 9 | loss: 0.0868614
	speed: 0.0537s/iter; left time: 8461.5088s
	iters: 4000, epoch: 9 | loss: 0.4133368
	speed: 0.0398s/iter; left time: 6257.1938s
	iters: 4100, epoch: 9 | loss: 0.0351368
	speed: 0.0375s/iter; left time: 5902.8546s
	iters: 4200, epoch: 9 | loss: 0.1251067
	speed: 0.0390s/iter; left time: 6122.9570s
	iters: 4300, epoch: 9 | loss: 0.2953654
	speed: 0.0392s/iter; left time: 6162.1514s
	iters: 4400, epoch: 9 | loss: 0.0668555
	speed: 0.0384s/iter; left time: 6030.8001s
	iters: 4500, epoch: 9 | loss: 0.0813847
	speed: 0.0399s/iter; left time: 6267.5785s
	iters: 4600, epoch: 9 | loss: 0.1097849
	speed: 0.0459s/iter; left time: 7189.8484s
	iters: 4700, epoch: 9 | loss: 0.0739886
	speed: 0.0460s/iter; left time: 7207.8924s
	iters: 4800, epoch: 9 | loss: 0.3919991
	speed: 0.0474s/iter; left time: 7424.3301s
	iters: 4900, epoch: 9 | loss: 0.1190246
	speed: 0.0497s/iter; left time: 7779.5102s
	iters: 5000, epoch: 9 | loss: 0.1495908
	speed: 0.0503s/iter; left time: 7865.3340s
	iters: 5100, epoch: 9 | loss: 0.8173490
	speed: 0.0472s/iter; left time: 7372.0028s
	iters: 5200, epoch: 9 | loss: 0.3408551
	speed: 0.0498s/iter; left time: 7775.7250s
	iters: 5300, epoch: 9 | loss: 0.1892886
	speed: 0.0532s/iter; left time: 8301.8290s
	iters: 5400, epoch: 9 | loss: 0.0355254
	speed: 0.0542s/iter; left time: 8452.2076s
	iters: 5500, epoch: 9 | loss: 0.0861918
	speed: 0.0451s/iter; left time: 7026.6186s
	iters: 5600, epoch: 9 | loss: 0.1316825
	speed: 0.0501s/iter; left time: 7810.5836s
	iters: 5700, epoch: 9 | loss: 0.2264721
	speed: 0.0481s/iter; left time: 7486.0718s
	iters: 5800, epoch: 9 | loss: 0.3002904
	speed: 0.0606s/iter; left time: 9422.1553s
	iters: 5900, epoch: 9 | loss: 0.2718127
	speed: 0.0563s/iter; left time: 8751.4727s
	iters: 6000, epoch: 9 | loss: 0.1645044
	speed: 0.0638s/iter; left time: 9915.8552s
	iters: 6100, epoch: 9 | loss: 0.1355189
	speed: 0.0535s/iter; left time: 8302.4695s
	iters: 6200, epoch: 9 | loss: 0.1358586
	speed: 0.0559s/iter; left time: 8675.3807s
	iters: 6300, epoch: 9 | loss: 0.1358968
	speed: 0.0568s/iter; left time: 8807.1105s
	iters: 6400, epoch: 9 | loss: 0.0344543
	speed: 0.0570s/iter; left time: 8838.3215s
	iters: 6500, epoch: 9 | loss: 0.2822552
	speed: 0.0567s/iter; left time: 8780.8929s
	iters: 6600, epoch: 9 | loss: 0.3411941
	speed: 0.0618s/iter; left time: 9572.0548s
	iters: 6700, epoch: 9 | loss: 0.0498683
	speed: 0.0607s/iter; left time: 9394.3616s
	iters: 6800, epoch: 9 | loss: 0.0149026
	speed: 0.0592s/iter; left time: 9148.0898s
	iters: 6900, epoch: 9 | loss: 0.0180032
	speed: 0.0587s/iter; left time: 9062.0554s
	iters: 7000, epoch: 9 | loss: 0.0304879
	speed: 0.0620s/iter; left time: 9577.4665s
	iters: 7100, epoch: 9 | loss: 0.0833200
	speed: 0.0704s/iter; left time: 10860.0748s
	iters: 7200, epoch: 9 | loss: 0.4444737
	speed: 0.0639s/iter; left time: 9849.9683s
	iters: 7300, epoch: 9 | loss: 0.0415897
	speed: 0.0667s/iter; left time: 10280.3685s
Epoch: 9 cost time: 387.18704771995544
Epoch: 9, Steps: 7336 | Train Loss: 0.175 Vali Loss: 2.161 Vali Acc: 0.593 Test Loss: 2.161 Test Acc: 0.593
EarlyStopping counter: 6 out of 10
	iters: 100, epoch: 10 | loss: 0.0793598
	speed: 0.3154s/iter; left time: 48552.1009s
	iters: 200, epoch: 10 | loss: 0.1288971
	speed: 0.0658s/iter; left time: 10130.3361s
	iters: 300, epoch: 10 | loss: 0.0170384
	speed: 0.0652s/iter; left time: 10025.2874s
	iters: 400, epoch: 10 | loss: 0.0943004
	speed: 0.0658s/iter; left time: 10116.7983s
	iters: 500, epoch: 10 | loss: 0.2944333
	speed: 0.0617s/iter; left time: 9469.5297s
	iters: 600, epoch: 10 | loss: 0.3007736
	speed: 0.0624s/iter; left time: 9576.7610s
	iters: 700, epoch: 10 | loss: 0.2705182
	speed: 0.0529s/iter; left time: 8106.7307s
	iters: 800, epoch: 10 | loss: 0.1300717
	speed: 0.0381s/iter; left time: 5846.7448s
	iters: 900, epoch: 10 | loss: 0.2110224
	speed: 0.0615s/iter; left time: 9412.5310s
	iters: 1000, epoch: 10 | loss: 0.3347424
	speed: 0.0522s/iter; left time: 7986.3324s
	iters: 1100, epoch: 10 | loss: 0.2727403
	speed: 0.0527s/iter; left time: 8061.2886s
	iters: 1200, epoch: 10 | loss: 0.1415860
	speed: 0.0610s/iter; left time: 9318.4119s
	iters: 1300, epoch: 10 | loss: 0.2495703
	speed: 0.0654s/iter; left time: 9991.9539s
	iters: 1400, epoch: 10 | loss: 0.2126678
	speed: 0.0659s/iter; left time: 10053.0135s
	iters: 1500, epoch: 10 | loss: 0.1012603
	speed: 0.0633s/iter; left time: 9652.6151s
	iters: 1600, epoch: 10 | loss: 0.3474404
	speed: 0.0677s/iter; left time: 10315.8077s
	iters: 1700, epoch: 10 | loss: 0.0839387
	speed: 0.0595s/iter; left time: 9070.5562s
	iters: 1800, epoch: 10 | loss: 0.0236722
	speed: 0.0612s/iter; left time: 9325.4436s
	iters: 1900, epoch: 10 | loss: 0.1279067
	speed: 0.0566s/iter; left time: 8616.6554s
	iters: 2000, epoch: 10 | loss: 0.4404605
	speed: 0.0564s/iter; left time: 8568.7335s
	iters: 2100, epoch: 10 | loss: 0.2887047
	speed: 0.0621s/iter; left time: 9439.6270s
	iters: 2200, epoch: 10 | loss: 0.2525030
	speed: 0.0534s/iter; left time: 8113.8574s
	iters: 2300, epoch: 10 | loss: 0.0970484
	speed: 0.0759s/iter; left time: 11517.8073s
	iters: 2400, epoch: 10 | loss: 0.0476051
	speed: 0.0709s/iter; left time: 10750.2582s
	iters: 2500, epoch: 10 | loss: 0.0275400
	speed: 0.0669s/iter; left time: 10145.0474s
	iters: 2600, epoch: 10 | loss: 0.3509928
	speed: 0.0566s/iter; left time: 8569.4540s
	iters: 2700, epoch: 10 | loss: 0.0138261
	speed: 0.0561s/iter; left time: 8492.7247s
	iters: 2800, epoch: 10 | loss: 0.2760890
	speed: 0.0561s/iter; left time: 8491.2024s
	iters: 2900, epoch: 10 | loss: 0.1118587
	speed: 0.0543s/iter; left time: 8201.1422s
	iters: 3000, epoch: 10 | loss: 0.1342547
	speed: 0.0533s/iter; left time: 8055.1502s
	iters: 3100, epoch: 10 | loss: 0.1810310
	speed: 0.0578s/iter; left time: 8721.7104s
	iters: 3200, epoch: 10 | loss: 0.0208775
	speed: 0.0564s/iter; left time: 8503.6193s
	iters: 3300, epoch: 10 | loss: 1.3047220
	speed: 0.0546s/iter; left time: 8231.6220s
	iters: 3400, epoch: 10 | loss: 0.2953906
	speed: 0.0556s/iter; left time: 8370.3115s
	iters: 3500, epoch: 10 | loss: 0.1708706
	speed: 0.0559s/iter; left time: 8413.8518s
	iters: 3600, epoch: 10 | loss: 0.1388469
	speed: 0.0536s/iter; left time: 8059.7399s
	iters: 3700, epoch: 10 | loss: 0.0889840
	speed: 0.0549s/iter; left time: 8259.4574s
	iters: 3800, epoch: 10 | loss: 0.3689670
	speed: 0.0542s/iter; left time: 8144.9788s
	iters: 3900, epoch: 10 | loss: 0.0389636
	speed: 0.0541s/iter; left time: 8126.0242s
	iters: 4000, epoch: 10 | loss: 0.0797623
	speed: 0.0538s/iter; left time: 8070.9674s
	iters: 4100, epoch: 10 | loss: 0.2042150
	speed: 0.0596s/iter; left time: 8932.5839s
	iters: 4200, epoch: 10 | loss: 0.1379362
	speed: 0.0679s/iter; left time: 10182.5839s
	iters: 4300, epoch: 10 | loss: 0.2245882
	speed: 0.0573s/iter; left time: 8578.0498s
	iters: 4400, epoch: 10 | loss: 0.0187881
	speed: 0.0538s/iter; left time: 8045.4810s
	iters: 4500, epoch: 10 | loss: 0.5044327
	speed: 0.0597s/iter; left time: 8934.3790s
	iters: 4600, epoch: 10 | loss: 0.0695210
	speed: 0.0585s/iter; left time: 8744.1676s
	iters: 4700, epoch: 10 | loss: 0.4107909
	speed: 0.0594s/iter; left time: 8877.4468s
	iters: 4800, epoch: 10 | loss: 0.0716441
	speed: 0.0590s/iter; left time: 8808.2406s
	iters: 4900, epoch: 10 | loss: 0.2519156
	speed: 0.0613s/iter; left time: 9146.8179s
	iters: 5000, epoch: 10 | loss: 0.1749367
	speed: 0.0598s/iter; left time: 8914.8731s
	iters: 5100, epoch: 10 | loss: 0.1232023
	speed: 0.0629s/iter; left time: 9370.5658s
	iters: 5200, epoch: 10 | loss: 0.0548502
	speed: 0.0600s/iter; left time: 8930.7400s
	iters: 5300, epoch: 10 | loss: 0.1200890
	speed: 0.0624s/iter; left time: 9285.2021s
	iters: 5400, epoch: 10 | loss: 0.1916744
	speed: 0.0617s/iter; left time: 9165.7439s
	iters: 5500, epoch: 10 | loss: 0.0962294
	speed: 0.0606s/iter; left time: 8996.1175s
	iters: 5600, epoch: 10 | loss: 0.1339369
	speed: 0.0483s/iter; left time: 7166.7834s
	iters: 5700, epoch: 10 | loss: 0.0594571
	speed: 0.0475s/iter; left time: 7043.8448s
	iters: 5800, epoch: 10 | loss: 0.0864072
	speed: 0.0508s/iter; left time: 7529.6761s
	iters: 5900, epoch: 10 | loss: 0.0104792
	speed: 0.0489s/iter; left time: 7245.5677s
	iters: 6000, epoch: 10 | loss: 0.1557137
	speed: 0.0500s/iter; left time: 7403.2009s
	iters: 6100, epoch: 10 | loss: 0.0710981
	speed: 0.0494s/iter; left time: 7308.4219s
	iters: 6200, epoch: 10 | loss: 0.0657882
	speed: 0.0607s/iter; left time: 8973.5319s
	iters: 6300, epoch: 10 | loss: 0.1993352
	speed: 0.0618s/iter; left time: 9124.5048s
	iters: 6400, epoch: 10 | loss: 0.6906423
	speed: 0.0615s/iter; left time: 9086.7221s
	iters: 6500, epoch: 10 | loss: 0.1261664
	speed: 0.0529s/iter; left time: 7810.8759s
	iters: 6600, epoch: 10 | loss: 0.1461396
	speed: 0.0470s/iter; left time: 6923.8753s
	iters: 6700, epoch: 10 | loss: 0.1353664
	speed: 0.0643s/iter; left time: 9474.7808s
	iters: 6800, epoch: 10 | loss: 0.1175713
	speed: 0.0619s/iter; left time: 9111.0290s
	iters: 6900, epoch: 10 | loss: 0.1668559
	speed: 0.0561s/iter; left time: 8257.8095s
	iters: 7000, epoch: 10 | loss: 0.0629267
	speed: 0.0583s/iter; left time: 8576.8670s
	iters: 7100, epoch: 10 | loss: 0.0289787
	speed: 0.0581s/iter; left time: 8536.4270s
	iters: 7200, epoch: 10 | loss: 0.1284035
	speed: 0.0616s/iter; left time: 9042.8242s
	iters: 7300, epoch: 10 | loss: 0.0262294
	speed: 0.0615s/iter; left time: 9019.2393s
Epoch: 10 cost time: 428.6929314136505
Epoch: 10, Steps: 7336 | Train Loss: 0.172 Vali Loss: 2.240 Vali Acc: 0.603 Test Loss: 2.240 Test Acc: 0.603
EarlyStopping counter: 7 out of 10
Updating learning rate to 1.953125e-06
	iters: 100, epoch: 11 | loss: 0.2664561
	speed: 0.2915s/iter; left time: 42738.7254s
	iters: 200, epoch: 11 | loss: 0.1691465
	speed: 0.0651s/iter; left time: 9545.2194s
	iters: 300, epoch: 11 | loss: 0.0196623
	speed: 0.0588s/iter; left time: 8610.4116s
	iters: 400, epoch: 11 | loss: 0.0090040
	speed: 0.0507s/iter; left time: 7423.3471s
	iters: 500, epoch: 11 | loss: 0.2222996
	speed: 0.0648s/iter; left time: 9473.1435s
	iters: 600, epoch: 11 | loss: 0.0336283
	speed: 0.0634s/iter; left time: 9264.7008s
	iters: 700, epoch: 11 | loss: 0.1572852
	speed: 0.0651s/iter; left time: 9506.8841s
	iters: 800, epoch: 11 | loss: 0.2826183
	speed: 0.0604s/iter; left time: 8816.2334s
	iters: 900, epoch: 11 | loss: 0.0721096
	speed: 0.0643s/iter; left time: 9370.7243s
	iters: 1000, epoch: 11 | loss: 0.0848984
	speed: 0.0638s/iter; left time: 9303.0153s
	iters: 1100, epoch: 11 | loss: 0.0235904
	speed: 0.0613s/iter; left time: 8933.6484s
	iters: 1200, epoch: 11 | loss: 0.1469060
	speed: 0.0647s/iter; left time: 9408.5779s
	iters: 1300, epoch: 11 | loss: 0.0713773
	speed: 0.0617s/iter; left time: 8966.5710s
	iters: 1400, epoch: 11 | loss: 0.1176962
	speed: 0.0492s/iter; left time: 7143.7609s
	iters: 1500, epoch: 11 | loss: 0.0154697
	speed: 0.0383s/iter; left time: 5556.7458s
	iters: 1600, epoch: 11 | loss: 0.1856323
	speed: 0.0435s/iter; left time: 6308.8630s
	iters: 1700, epoch: 11 | loss: 0.0866194
	speed: 0.0422s/iter; left time: 6113.4825s
	iters: 1800, epoch: 11 | loss: 0.0770707
	speed: 0.0448s/iter; left time: 6489.4811s
	iters: 1900, epoch: 11 | loss: 0.5057565
	speed: 0.0409s/iter; left time: 5928.7979s
	iters: 2000, epoch: 11 | loss: 0.1008831
	speed: 0.0438s/iter; left time: 6336.9785s
	iters: 2100, epoch: 11 | loss: 0.2342270
	speed: 0.0594s/iter; left time: 8584.7975s
	iters: 2200, epoch: 11 | loss: 0.1028907
	speed: 0.0558s/iter; left time: 8061.9552s
	iters: 2300, epoch: 11 | loss: 0.1443738
	speed: 0.0627s/iter; left time: 9056.6807s
	iters: 2400, epoch: 11 | loss: 0.2195381
	speed: 0.0563s/iter; left time: 8130.1585s
	iters: 2500, epoch: 11 | loss: 0.0751308
	speed: 0.0606s/iter; left time: 8746.8641s
	iters: 2600, epoch: 11 | loss: 0.3573260
	speed: 0.0587s/iter; left time: 8463.8458s
	iters: 2700, epoch: 11 | loss: 0.1129430
	speed: 0.0575s/iter; left time: 8275.8787s
	iters: 2800, epoch: 11 | loss: 0.0144470
	speed: 0.0683s/iter; left time: 9827.8130s
	iters: 2900, epoch: 11 | loss: 0.1713864
	speed: 0.0689s/iter; left time: 9908.4228s
	iters: 3000, epoch: 11 | loss: 0.0259614
	speed: 0.0729s/iter; left time: 10471.6581s
	iters: 3100, epoch: 11 | loss: 0.0795960
	speed: 0.0603s/iter; left time: 8664.4693s
	iters: 3200, epoch: 11 | loss: 0.2997723
	speed: 0.0580s/iter; left time: 8330.4275s
	iters: 3300, epoch: 11 | loss: 0.1957825
	speed: 0.0610s/iter; left time: 8741.9200s
	iters: 3400, epoch: 11 | loss: 0.0658167
	speed: 0.0622s/iter; left time: 8908.7439s
	iters: 3500, epoch: 11 | loss: 0.1275106
	speed: 0.0613s/iter; left time: 8774.3009s
	iters: 3600, epoch: 11 | loss: 0.1677506
	speed: 0.0571s/iter; left time: 8174.3961s
	iters: 3700, epoch: 11 | loss: 0.1879383
	speed: 0.0589s/iter; left time: 8426.0352s
	iters: 3800, epoch: 11 | loss: 0.3835639
	speed: 0.0535s/iter; left time: 7647.7750s
	iters: 3900, epoch: 11 | loss: 0.0587015
	speed: 0.0607s/iter; left time: 8672.5733s
	iters: 4000, epoch: 11 | loss: 0.0793310
	speed: 0.0559s/iter; left time: 7979.6439s
	iters: 4100, epoch: 11 | loss: 0.0637327
	speed: 0.0594s/iter; left time: 8476.1579s
	iters: 4200, epoch: 11 | loss: 0.2919592
	speed: 0.0627s/iter; left time: 8938.7810s
	iters: 4300, epoch: 11 | loss: 0.2959037
	speed: 0.0608s/iter; left time: 8655.0571s
	iters: 4400, epoch: 11 | loss: 0.0696063
	speed: 0.0624s/iter; left time: 8874.0250s
	iters: 4500, epoch: 11 | loss: 0.2138126
	speed: 0.0584s/iter; left time: 8304.3371s
	iters: 4600, epoch: 11 | loss: 0.1060532
	speed: 0.0601s/iter; left time: 8538.8677s
	iters: 4700, epoch: 11 | loss: 0.6322252
	speed: 0.0613s/iter; left time: 8710.5826s
	iters: 4800, epoch: 11 | loss: 0.0818488
	speed: 0.0629s/iter; left time: 8932.8311s
	iters: 4900, epoch: 11 | loss: 0.0668999
	speed: 0.0592s/iter; left time: 8393.1635s
	iters: 5000, epoch: 11 | loss: 0.0504391
	speed: 0.0581s/iter; left time: 8227.6597s
	iters: 5100, epoch: 11 | loss: 0.0304175
	speed: 0.0628s/iter; left time: 8899.3869s
	iters: 5200, epoch: 11 | loss: 0.0445698
	speed: 0.0535s/iter; left time: 7573.8193s
	iters: 5300, epoch: 11 | loss: 0.5209834
	speed: 0.0585s/iter; left time: 8268.9720s
	iters: 5400, epoch: 11 | loss: 0.0981516
	speed: 0.0540s/iter; left time: 7633.3807s
	iters: 5500, epoch: 11 | loss: 0.2844447
	speed: 0.0593s/iter; left time: 8372.1650s
	iters: 5600, epoch: 11 | loss: 0.0601167
	speed: 0.0601s/iter; left time: 8486.7551s
	iters: 5700, epoch: 11 | loss: 0.1087434
	speed: 0.0600s/iter; left time: 8460.1081s
	iters: 5800, epoch: 11 | loss: 0.1108692
	speed: 0.0595s/iter; left time: 8384.2906s
	iters: 5900, epoch: 11 | loss: 0.1725428
	speed: 0.0563s/iter; left time: 7921.2061s
	iters: 6000, epoch: 11 | loss: 0.2117549
	speed: 0.0607s/iter; left time: 8545.4713s
	iters: 6100, epoch: 11 | loss: 0.2074935
	speed: 0.0632s/iter; left time: 8892.2402s
	iters: 6200, epoch: 11 | loss: 0.2559178
	speed: 0.0615s/iter; left time: 8643.9041s
	iters: 6300, epoch: 11 | loss: 0.5118365
	speed: 0.0592s/iter; left time: 8315.2267s
	iters: 6400, epoch: 11 | loss: 0.0890505
	speed: 0.0558s/iter; left time: 7823.6954s
	iters: 6500, epoch: 11 | loss: 0.2759979
	speed: 0.0616s/iter; left time: 8631.8024s
	iters: 6600, epoch: 11 | loss: 0.1526808
	speed: 0.0653s/iter; left time: 9146.8816s
	iters: 6700, epoch: 11 | loss: 0.0437284
	speed: 0.0649s/iter; left time: 9090.9857s
	iters: 6800, epoch: 11 | loss: 0.2799601
	speed: 0.0602s/iter; left time: 8428.4286s
	iters: 6900, epoch: 11 | loss: 0.0352370
	speed: 0.0640s/iter; left time: 8944.2045s
	iters: 7000, epoch: 11 | loss: 0.2601710
	speed: 0.0607s/iter; left time: 8487.7290s
	iters: 7100, epoch: 11 | loss: 0.0779596
	speed: 0.0654s/iter; left time: 9131.7679s
	iters: 7200, epoch: 11 | loss: 0.2427269
	speed: 0.0640s/iter; left time: 8922.4484s
	iters: 7300, epoch: 11 | loss: 0.0799653
	speed: 0.0651s/iter; left time: 9080.4944s
Epoch: 11 cost time: 434.8080790042877
Epoch: 11, Steps: 7336 | Train Loss: 0.164 Vali Loss: 2.220 Vali Acc: 0.600 Test Loss: 2.220 Test Acc: 0.600
EarlyStopping counter: 8 out of 10
	iters: 100, epoch: 12 | loss: 0.1375140
	speed: 0.2974s/iter; left time: 41418.4555s
	iters: 200, epoch: 12 | loss: 0.3834378
	speed: 0.0636s/iter; left time: 8852.7771s
	iters: 300, epoch: 12 | loss: 0.0328334
	speed: 0.0637s/iter; left time: 8857.9568s
	iters: 400, epoch: 12 | loss: 0.0686068
	speed: 0.0608s/iter; left time: 8454.5171s
	iters: 500, epoch: 12 | loss: 0.4322409
	speed: 0.0648s/iter; left time: 9001.7010s
	iters: 600, epoch: 12 | loss: 0.4150038
	speed: 0.0625s/iter; left time: 8671.4809s
	iters: 700, epoch: 12 | loss: 0.0106977
	speed: 0.0652s/iter; left time: 9044.1778s
	iters: 800, epoch: 12 | loss: 0.3428605
	speed: 0.0632s/iter; left time: 8762.8914s
	iters: 900, epoch: 12 | loss: 0.0282040
	speed: 0.0628s/iter; left time: 8694.8700s
	iters: 1000, epoch: 12 | loss: 0.2256285
	speed: 0.0636s/iter; left time: 8794.8185s
	iters: 1100, epoch: 12 | loss: 0.0638255
	speed: 0.0623s/iter; left time: 8610.1237s
	iters: 1200, epoch: 12 | loss: 0.1051318
	speed: 0.0608s/iter; left time: 8402.3230s
	iters: 1300, epoch: 12 | loss: 0.2013703
	speed: 0.0617s/iter; left time: 8513.7056s
	iters: 1400, epoch: 12 | loss: 0.1638795
	speed: 0.0654s/iter; left time: 9029.8159s
	iters: 1500, epoch: 12 | loss: 0.1350959
	speed: 0.0630s/iter; left time: 8684.5823s
	iters: 1600, epoch: 12 | loss: 0.5371437
	speed: 0.0621s/iter; left time: 8561.2878s
	iters: 1700, epoch: 12 | loss: 0.1251636
	speed: 0.0608s/iter; left time: 8373.4381s
	iters: 1800, epoch: 12 | loss: 0.2786998
	speed: 0.0467s/iter; left time: 6431.4413s
	iters: 1900, epoch: 12 | loss: 0.0422777
	speed: 0.0622s/iter; left time: 8549.8461s
	iters: 2000, epoch: 12 | loss: 0.2999436
	speed: 0.0457s/iter; left time: 6274.7469s
	iters: 2100, epoch: 12 | loss: 0.1860037
	speed: 0.0551s/iter; left time: 7565.1393s
	iters: 2200, epoch: 12 | loss: 0.0561084
	speed: 0.0594s/iter; left time: 8143.2501s
	iters: 2300, epoch: 12 | loss: 0.0280524
	speed: 0.0534s/iter; left time: 7317.0140s
	iters: 2400, epoch: 12 | loss: 0.0454631
	speed: 0.0639s/iter; left time: 8747.6311s
	iters: 2500, epoch: 12 | loss: 0.2056417
	speed: 0.0715s/iter; left time: 9784.1753s
	iters: 2600, epoch: 12 | loss: 0.0906489
	speed: 0.0717s/iter; left time: 9811.3690s
	iters: 2700, epoch: 12 | loss: 0.0401653
	speed: 0.0583s/iter; left time: 7961.9502s
	iters: 2800, epoch: 12 | loss: 0.1510642
	speed: 0.0527s/iter; left time: 7197.2916s
	iters: 2900, epoch: 12 | loss: 0.3584998
	speed: 0.0521s/iter; left time: 7111.9671s
	iters: 3000, epoch: 12 | loss: 0.2701831
	speed: 0.0607s/iter; left time: 8274.0437s
	iters: 3100, epoch: 12 | loss: 0.0583492
	speed: 0.0659s/iter; left time: 8982.5162s
	iters: 3200, epoch: 12 | loss: 0.1068439
	speed: 0.0664s/iter; left time: 9039.0252s
	iters: 3300, epoch: 12 | loss: 0.1070343
	speed: 0.0547s/iter; left time: 7450.1497s
	iters: 3400, epoch: 12 | loss: 0.0358575
	speed: 0.0579s/iter; left time: 7868.4011s
	iters: 3500, epoch: 12 | loss: 0.2294420
	speed: 0.0592s/iter; left time: 8039.4793s
	iters: 3600, epoch: 12 | loss: 0.0669446
	speed: 0.0534s/iter; left time: 7249.2892s
	iters: 3700, epoch: 12 | loss: 0.1358065
	speed: 0.0535s/iter; left time: 7264.1344s
	iters: 3800, epoch: 12 | loss: 0.0565454
	speed: 0.0492s/iter; left time: 6664.5238s
	iters: 3900, epoch: 12 | loss: 0.0744503
	speed: 0.0688s/iter; left time: 9324.1322s
	iters: 4000, epoch: 12 | loss: 0.1043402
	speed: 0.0609s/iter; left time: 8242.0620s
	iters: 4100, epoch: 12 | loss: 0.2692891
	speed: 0.0547s/iter; left time: 7405.8415s
	iters: 4200, epoch: 12 | loss: 0.3494364
	speed: 0.0603s/iter; left time: 8147.5274s
	iters: 4300, epoch: 12 | loss: 0.0425455
	speed: 0.0476s/iter; left time: 6436.7208s
	iters: 4400, epoch: 12 | loss: 0.3700297
	speed: 0.0526s/iter; left time: 7095.3713s
	iters: 4500, epoch: 12 | loss: 0.0807518
	speed: 0.0465s/iter; left time: 6274.2401s
	iters: 4600, epoch: 12 | loss: 0.2277982
	speed: 0.0506s/iter; left time: 6822.2602s
	iters: 4700, epoch: 12 | loss: 0.0279188
	speed: 0.0515s/iter; left time: 6935.2587s
	iters: 4800, epoch: 12 | loss: 0.3068454
	speed: 0.0524s/iter; left time: 7050.1279s
	iters: 4900, epoch: 12 | loss: 0.0576882
	speed: 0.0497s/iter; left time: 6679.5051s
	iters: 5000, epoch: 12 | loss: 0.4513838
	speed: 0.0552s/iter; left time: 7421.2710s
	iters: 5100, epoch: 12 | loss: 0.1287653
	speed: 0.0622s/iter; left time: 8349.4404s
	iters: 5200, epoch: 12 | loss: 0.0407428
	speed: 0.0661s/iter; left time: 8869.1827s
	iters: 5300, epoch: 12 | loss: 0.4674226
	speed: 0.0635s/iter; left time: 8508.0791s
	iters: 5400, epoch: 12 | loss: 0.0487810
	speed: 0.0674s/iter; left time: 9035.9263s
	iters: 5500, epoch: 12 | loss: 0.0590923
	speed: 0.0646s/iter; left time: 8655.0650s
	iters: 5600, epoch: 12 | loss: 0.1384738
	speed: 0.0678s/iter; left time: 9067.7194s
	iters: 5700, epoch: 12 | loss: 0.0800782
	speed: 0.0657s/iter; left time: 8785.2396s
	iters: 5800, epoch: 12 | loss: 0.0622355
	speed: 0.0671s/iter; left time: 8957.1770s
	iters: 5900, epoch: 12 | loss: 0.1662871
	speed: 0.0674s/iter; left time: 8991.7098s
	iters: 6000, epoch: 12 | loss: 0.1806850
	speed: 0.0674s/iter; left time: 8988.4623s
	iters: 6100, epoch: 12 | loss: 0.0388168
	speed: 0.0652s/iter; left time: 8692.0543s
	iters: 6200, epoch: 12 | loss: 0.1003671
	speed: 0.0672s/iter; left time: 8945.8926s
	iters: 6300, epoch: 12 | loss: 0.1271689
	speed: 0.0668s/iter; left time: 8891.3260s
	iters: 6400, epoch: 12 | loss: 0.2536472
	speed: 0.0625s/iter; left time: 8312.3139s
	iters: 6500, epoch: 12 | loss: 0.1134002
	speed: 0.0519s/iter; left time: 6894.0959s
	iters: 6600, epoch: 12 | loss: 0.0844458
	speed: 0.0566s/iter; left time: 7519.2513s
	iters: 6700, epoch: 12 | loss: 0.1444474
	speed: 0.0538s/iter; left time: 7138.1795s
	iters: 6800, epoch: 12 | loss: 0.0322206
	speed: 0.0562s/iter; left time: 7446.4448s
	iters: 6900, epoch: 12 | loss: 0.0989446
	speed: 0.0567s/iter; left time: 7511.2976s
	iters: 7000, epoch: 12 | loss: 0.1137707
	speed: 0.0610s/iter; left time: 8074.8858s
	iters: 7100, epoch: 12 | loss: 0.1303106
	speed: 0.0596s/iter; left time: 7887.8906s
	iters: 7200, epoch: 12 | loss: 0.1323790
	speed: 0.0581s/iter; left time: 7673.8600s
	iters: 7300, epoch: 12 | loss: 0.0135394
	speed: 0.0573s/iter; left time: 7574.5122s
Epoch: 12 cost time: 439.30943775177
Epoch: 12, Steps: 7336 | Train Loss: 0.163 Vali Loss: 2.210 Vali Acc: 0.600 Test Loss: 2.210 Test Acc: 0.600
EarlyStopping counter: 9 out of 10
	iters: 100, epoch: 13 | loss: 0.0787736
	speed: 0.3028s/iter; left time: 39951.6187s
	iters: 200, epoch: 13 | loss: 0.0590919
	speed: 0.0677s/iter; left time: 8927.5422s
	iters: 300, epoch: 13 | loss: 0.2822800
	speed: 0.0662s/iter; left time: 8720.9478s
	iters: 400, epoch: 13 | loss: 0.1384401
	speed: 0.0671s/iter; left time: 8838.7704s
	iters: 500, epoch: 13 | loss: 0.0445445
	speed: 0.0677s/iter; left time: 8903.2556s
	iters: 600, epoch: 13 | loss: 0.2016522
	speed: 0.0687s/iter; left time: 9035.7332s
	iters: 700, epoch: 13 | loss: 0.0785108
	speed: 0.0675s/iter; left time: 8860.4234s
	iters: 800, epoch: 13 | loss: 0.0905384
	speed: 0.0689s/iter; left time: 9043.0672s
	iters: 900, epoch: 13 | loss: 0.0265665
	speed: 0.0691s/iter; left time: 9066.0438s
	iters: 1000, epoch: 13 | loss: 0.3297553
	speed: 0.0705s/iter; left time: 9236.5046s
	iters: 1100, epoch: 13 | loss: 0.2346880
	speed: 0.0699s/iter; left time: 9153.2589s
	iters: 1200, epoch: 13 | loss: 0.3040985
	speed: 0.0693s/iter; left time: 9068.0476s
	iters: 1300, epoch: 13 | loss: 0.1169792
	speed: 0.0699s/iter; left time: 9140.5004s
	iters: 1400, epoch: 13 | loss: 0.1885302
	speed: 0.0675s/iter; left time: 8820.4687s
	iters: 1500, epoch: 13 | loss: 0.2551016
	speed: 0.0693s/iter; left time: 9047.5525s
	iters: 1600, epoch: 13 | loss: 0.0705975
	speed: 0.0749s/iter; left time: 9772.7332s
	iters: 1700, epoch: 13 | loss: 0.1196084
	speed: 0.0736s/iter; left time: 9588.5749s
	iters: 1800, epoch: 13 | loss: 0.0766628
	speed: 0.0589s/iter; left time: 7671.7712s
	iters: 1900, epoch: 13 | loss: 0.0290590
	speed: 0.0541s/iter; left time: 7040.5878s
	iters: 2000, epoch: 13 | loss: 0.0746693
	speed: 0.0531s/iter; left time: 6907.5940s
	iters: 2100, epoch: 13 | loss: 0.1430885
	speed: 0.0507s/iter; left time: 6587.7267s
	iters: 2200, epoch: 13 | loss: 0.1335198
	speed: 0.0528s/iter; left time: 6851.6821s
	iters: 2300, epoch: 13 | loss: 0.2148078
	speed: 0.0452s/iter; left time: 5863.1220s
	iters: 2400, epoch: 13 | loss: 0.1151425
	speed: 0.0378s/iter; left time: 4903.1324s
	iters: 2500, epoch: 13 | loss: 0.1521848
	speed: 0.0382s/iter; left time: 4947.0578s
	iters: 2600, epoch: 13 | loss: 0.1292859
	speed: 0.0378s/iter; left time: 4894.7718s
	iters: 2700, epoch: 13 | loss: 0.1975394
	speed: 0.0463s/iter; left time: 5986.6067s
	iters: 2800, epoch: 13 | loss: 0.2293311
	speed: 0.0466s/iter; left time: 6020.6372s
	iters: 2900, epoch: 13 | loss: 0.2375661
	speed: 0.0384s/iter; left time: 4960.0066s
	iters: 3000, epoch: 13 | loss: 0.0419107
	speed: 0.0407s/iter; left time: 5253.8532s
	iters: 3100, epoch: 13 | loss: 0.2241170
	speed: 0.0515s/iter; left time: 6642.1612s
	iters: 3200, epoch: 13 | loss: 0.0629136
	speed: 0.0530s/iter; left time: 6828.0680s
	iters: 3300, epoch: 13 | loss: 0.0535745
	speed: 0.0589s/iter; left time: 7583.6075s
	iters: 3400, epoch: 13 | loss: 0.1564177
	speed: 0.0526s/iter; left time: 6770.8049s
	iters: 3500, epoch: 13 | loss: 0.0489429
	speed: 0.0510s/iter; left time: 6551.2934s
	iters: 3600, epoch: 13 | loss: 0.0954732
	speed: 0.0681s/iter; left time: 8746.0820s
	iters: 3700, epoch: 13 | loss: 0.3835351
	speed: 0.0642s/iter; left time: 8246.3540s
	iters: 3800, epoch: 13 | loss: 0.2508872
	speed: 0.0585s/iter; left time: 7500.6565s
	iters: 3900, epoch: 13 | loss: 0.0334170
	speed: 0.0607s/iter; left time: 7777.3772s
	iters: 4000, epoch: 13 | loss: 0.1612429
	speed: 0.0573s/iter; left time: 7336.0931s
	iters: 4100, epoch: 13 | loss: 0.2305534
	speed: 0.0450s/iter; left time: 5761.5228s
	iters: 4200, epoch: 13 | loss: 0.0202958
	speed: 0.0380s/iter; left time: 4854.7206s
	iters: 4300, epoch: 13 | loss: 0.2688607
	speed: 0.0383s/iter; left time: 4897.2115s
	iters: 4400, epoch: 13 | loss: 0.0056409
	speed: 0.0390s/iter; left time: 4981.7352s
	iters: 4500, epoch: 13 | loss: 0.2899773
	speed: 0.0389s/iter; left time: 4959.5382s
	iters: 4600, epoch: 13 | loss: 0.0508356
	speed: 0.0450s/iter; left time: 5734.2649s
	iters: 4700, epoch: 13 | loss: 0.0396904
	speed: 0.0608s/iter; left time: 7744.6074s
	iters: 4800, epoch: 13 | loss: 0.2807291
	speed: 0.0503s/iter; left time: 6397.5617s
	iters: 4900, epoch: 13 | loss: 0.1115560
	speed: 0.0426s/iter; left time: 5417.0306s
	iters: 5000, epoch: 13 | loss: 0.1056370
	speed: 0.0670s/iter; left time: 8511.0502s
	iters: 5100, epoch: 13 | loss: 0.1470837
	speed: 0.0609s/iter; left time: 7728.0341s
	iters: 5200, epoch: 13 | loss: 0.3097189
	speed: 0.0626s/iter; left time: 7938.2674s
	iters: 5300, epoch: 13 | loss: 0.0661096
	speed: 0.0638s/iter; left time: 8087.3518s
	iters: 5400, epoch: 13 | loss: 0.1650122
	speed: 0.0566s/iter; left time: 7172.0095s
	iters: 5500, epoch: 13 | loss: 0.0287120
	speed: 0.0617s/iter; left time: 7806.1732s
	iters: 5600, epoch: 13 | loss: 0.0835494
	speed: 0.0565s/iter; left time: 7149.0913s
	iters: 5700, epoch: 13 | loss: 0.0524280
	speed: 0.0625s/iter; left time: 7898.4865s
	iters: 5800, epoch: 13 | loss: 0.0365775
	speed: 0.0662s/iter; left time: 8353.1695s
	iters: 5900, epoch: 13 | loss: 0.2840669
	speed: 0.0654s/iter; left time: 8254.2617s
	iters: 6000, epoch: 13 | loss: 0.2027525
	speed: 0.0655s/iter; left time: 8250.4565s
	iters: 6100, epoch: 13 | loss: 0.5282949
	speed: 0.0593s/iter; left time: 7464.8643s
	iters: 6200, epoch: 13 | loss: 0.0256146
	speed: 0.0546s/iter; left time: 6874.0118s
	iters: 6300, epoch: 13 | loss: 0.0625897
	speed: 0.0557s/iter; left time: 7009.6772s
	iters: 6400, epoch: 13 | loss: 0.1426133
	speed: 0.0584s/iter; left time: 7337.0474s
	iters: 6500, epoch: 13 | loss: 0.1522894
	speed: 0.0588s/iter; left time: 7377.0170s
	iters: 6600, epoch: 13 | loss: 0.2256220
	speed: 0.0580s/iter; left time: 7269.8411s
	iters: 6700, epoch: 13 | loss: 0.2520878
	speed: 0.0597s/iter; left time: 7483.9859s
	iters: 6800, epoch: 13 | loss: 0.0385630
	speed: 0.0608s/iter; left time: 7615.2606s
	iters: 6900, epoch: 13 | loss: 0.1109416
	speed: 0.0558s/iter; left time: 6982.8958s
	iters: 7000, epoch: 13 | loss: 0.1116434
	speed: 0.0615s/iter; left time: 7687.5251s
	iters: 7100, epoch: 13 | loss: 0.0255863
	speed: 0.0561s/iter; left time: 7011.0741s
	iters: 7200, epoch: 13 | loss: 0.1316948
	speed: 0.0512s/iter; left time: 6390.5074s
	iters: 7300, epoch: 13 | loss: 0.0715510
	speed: 0.0539s/iter; left time: 6725.3751s
Epoch: 13 cost time: 420.8910071849823
Epoch: 13, Steps: 7336 | Train Loss: 0.162 Vali Loss: 2.218 Vali Acc: 0.599 Test Loss: 2.218 Test Acc: 0.599
EarlyStopping counter: 10 out of 10
Early stopping
>>>>>>>testing : classification_UserIdentify3_TimesNet_UEA_ftM_sl10_ll48_pl0_dm32_nh8_el2_dl1_df32_fc1_ebtimeF_dtTrue_Exp_0<<<<<<<<<<<<<<<<<<<<<<<<<<<<<<<<<
7856
test shape: torch.Size([7856, 48]) torch.Size([7856, 1])
accuracy:0.6153258655804481
