Args in experiment:
[1mBasic Config[0m
  Task Name:          classification      Is Training:        1                   
  Model ID:           UserIdentify5       Model:              TimesNet            

[1mData Loader[0m
  Data:               UEA                 Root Path:          ./dataset/UserBehaviorsInSphericalVideoStreaming/transfer_10_10
  Data Path:          ETTh1.csv           Features:           M                   
  Target:             OT                  Freq:               h                   
  Checkpoints:        ./checkpoints/      

[1mModel Parameters[0m
  Top k:              2                   Num Kernels:        6                   
  Enc In:             7                   Dec In:             7                   
  C Out:              7                   d model:            32                  
  n heads:            8                   e layers:           2                   
  d layers:           1                   d FF:               32                  
  Moving Avg:         25                  Factor:             1                   
  Distil:             1                   Dropout:            0.1                 
  Embed:              timeF               Activation:         gelu                
  Output Attention:   0                   

[1mRun Parameters[0m
  Num Workers:        10                  Itr:                1                   
  Train Epochs:       30                  Batch Size:         16                  
  Patience:           10                  Learning Rate:      0.001               
  Des:                Exp                 Loss:               MSE                 
  Lradj:              type1               Use Amp:            0                   

[1mGPU[0m
  Use GPU:            1                   GPU:                0                   
  Use Multi GPU:      0                   Devices:            0,1,2,3             

[1mDe-stationary Projector Params[0m
  P Hidden Dims:      128, 128            P Hidden Layers:    2                   

Use GPU: cuda:0
117371
7856
>>>>>>>start training : classification_UserIdentify5_TimesNet_UEA_ftM_sl10_ll48_pl0_dm32_nh8_el2_dl1_df32_fc1_ebtimeF_dtTrue_Exp_0>>>>>>>>>>>>>>>>>>>>>>>>>>
117371
7856
7856
	iters: 100, epoch: 1 | loss: 2.1158762
	speed: 0.0618s/iter; left time: 13593.4382s
	iters: 200, epoch: 1 | loss: 1.1814313
	speed: 0.0552s/iter; left time: 12128.6974s
	iters: 300, epoch: 1 | loss: 0.9915045
	speed: 0.0568s/iter; left time: 12474.9155s
	iters: 400, epoch: 1 | loss: 0.7334805
	speed: 0.0554s/iter; left time: 12167.3267s
	iters: 500, epoch: 1 | loss: 1.2036837
	speed: 0.0555s/iter; left time: 12177.4586s
	iters: 600, epoch: 1 | loss: 1.2311590
	speed: 0.0585s/iter; left time: 12840.6472s
	iters: 700, epoch: 1 | loss: 1.3422194
	speed: 0.0593s/iter; left time: 13004.6776s
	iters: 800, epoch: 1 | loss: 1.0923815
	speed: 0.0582s/iter; left time: 12752.8627s
	iters: 900, epoch: 1 | loss: 0.8628563
	speed: 0.0584s/iter; left time: 12804.8300s
	iters: 1000, epoch: 1 | loss: 0.6953408
	speed: 0.0592s/iter; left time: 12967.5045s
	iters: 1100, epoch: 1 | loss: 0.9017460
	speed: 0.0591s/iter; left time: 12941.4985s
	iters: 1200, epoch: 1 | loss: 0.8118463
	speed: 0.0598s/iter; left time: 13088.0219s
	iters: 1300, epoch: 1 | loss: 0.8527158
	speed: 0.0581s/iter; left time: 12706.8544s
	iters: 1400, epoch: 1 | loss: 0.5751806
	speed: 0.0584s/iter; left time: 12769.4999s
	iters: 1500, epoch: 1 | loss: 1.1517164
	speed: 0.0563s/iter; left time: 12313.2449s
	iters: 1600, epoch: 1 | loss: 0.4658211
	speed: 0.0535s/iter; left time: 11691.8358s
	iters: 1700, epoch: 1 | loss: 0.9225571
	speed: 0.0528s/iter; left time: 11529.0073s
	iters: 1800, epoch: 1 | loss: 0.7629467
	speed: 0.0535s/iter; left time: 11676.3617s
	iters: 1900, epoch: 1 | loss: 1.5953221
	speed: 0.0508s/iter; left time: 11092.1985s
	iters: 2000, epoch: 1 | loss: 0.7329400
	speed: 0.0438s/iter; left time: 9562.0329s
	iters: 2100, epoch: 1 | loss: 0.6071667
	speed: 0.0482s/iter; left time: 10499.9845s
	iters: 2200, epoch: 1 | loss: 1.1061686
	speed: 0.0473s/iter; left time: 10300.8644s
	iters: 2300, epoch: 1 | loss: 1.0075980
	speed: 0.0564s/iter; left time: 12286.7880s
	iters: 2400, epoch: 1 | loss: 0.4962211
	speed: 0.0567s/iter; left time: 12352.2377s
	iters: 2500, epoch: 1 | loss: 0.4801530
	speed: 0.0580s/iter; left time: 12621.6603s
	iters: 2600, epoch: 1 | loss: 1.0523252
	speed: 0.0571s/iter; left time: 12411.1129s
	iters: 2700, epoch: 1 | loss: 0.3642299
	speed: 0.0577s/iter; left time: 12543.3796s
	iters: 2800, epoch: 1 | loss: 1.4035773
	speed: 0.0577s/iter; left time: 12539.7676s
	iters: 2900, epoch: 1 | loss: 0.8132340
	speed: 0.0586s/iter; left time: 12717.5564s
	iters: 3000, epoch: 1 | loss: 0.4451440
	speed: 0.0577s/iter; left time: 12518.6606s
	iters: 3100, epoch: 1 | loss: 0.5301044
	speed: 0.0582s/iter; left time: 12626.7017s
	iters: 3200, epoch: 1 | loss: 0.6490691
	speed: 0.0581s/iter; left time: 12596.0412s
	iters: 3300, epoch: 1 | loss: 0.6753711
	speed: 0.0581s/iter; left time: 12604.3929s
	iters: 3400, epoch: 1 | loss: 0.6378385
	speed: 0.0570s/iter; left time: 12352.4966s
	iters: 3500, epoch: 1 | loss: 0.6544684
	speed: 0.0565s/iter; left time: 12228.6185s
	iters: 3600, epoch: 1 | loss: 0.4462245
	speed: 0.0525s/iter; left time: 11372.6807s
	iters: 3700, epoch: 1 | loss: 1.0578016
	speed: 0.0545s/iter; left time: 11797.2482s
	iters: 3800, epoch: 1 | loss: 0.5328918
	speed: 0.0549s/iter; left time: 11869.0396s
	iters: 3900, epoch: 1 | loss: 0.3665053
	speed: 0.0575s/iter; left time: 12423.6602s
	iters: 4000, epoch: 1 | loss: 0.3855874
	speed: 0.0597s/iter; left time: 12889.4190s
	iters: 4100, epoch: 1 | loss: 0.4559073
	speed: 0.0595s/iter; left time: 12848.9638s
	iters: 4200, epoch: 1 | loss: 0.5279450
	speed: 0.0594s/iter; left time: 12819.6344s
	iters: 4300, epoch: 1 | loss: 0.6350820
	speed: 0.0581s/iter; left time: 12539.1674s
	iters: 4400, epoch: 1 | loss: 0.3533000
	speed: 0.0583s/iter; left time: 12565.9869s
	iters: 4500, epoch: 1 | loss: 0.9422182
	speed: 0.0554s/iter; left time: 11951.3844s
	iters: 4600, epoch: 1 | loss: 0.5053862
	speed: 0.0545s/iter; left time: 11745.2404s
	iters: 4700, epoch: 1 | loss: 0.3145408
	speed: 0.0529s/iter; left time: 11384.6787s
	iters: 4800, epoch: 1 | loss: 0.4953864
	speed: 0.0544s/iter; left time: 11707.0043s
	iters: 4900, epoch: 1 | loss: 0.5936725
	speed: 0.0569s/iter; left time: 12246.7023s
	iters: 5000, epoch: 1 | loss: 0.5470764
	speed: 0.0548s/iter; left time: 11778.5644s
	iters: 5100, epoch: 1 | loss: 0.4768683
	speed: 0.0502s/iter; left time: 10789.0739s
	iters: 5200, epoch: 1 | loss: 0.3614018
	speed: 0.0535s/iter; left time: 11499.7349s
	iters: 5300, epoch: 1 | loss: 0.4319627
	speed: 0.0535s/iter; left time: 11487.6519s
	iters: 5400, epoch: 1 | loss: 0.2261013
	speed: 0.0508s/iter; left time: 10900.3364s
	iters: 5500, epoch: 1 | loss: 0.2665568
	speed: 0.0541s/iter; left time: 11604.9242s
	iters: 5600, epoch: 1 | loss: 0.4052818
	speed: 0.0561s/iter; left time: 12036.5939s
	iters: 5700, epoch: 1 | loss: 0.4545880
	speed: 0.0566s/iter; left time: 12137.1343s
	iters: 5800, epoch: 1 | loss: 0.4521272
	speed: 0.0563s/iter; left time: 12059.0256s
	iters: 5900, epoch: 1 | loss: 0.5813154
	speed: 0.0567s/iter; left time: 12151.8176s
	iters: 6000, epoch: 1 | loss: 0.8110865
	speed: 0.0568s/iter; left time: 12164.2032s
	iters: 6100, epoch: 1 | loss: 0.2020540
	speed: 0.0565s/iter; left time: 12090.1599s
	iters: 6200, epoch: 1 | loss: 0.2580503
	speed: 0.0572s/iter; left time: 12223.5131s
	iters: 6300, epoch: 1 | loss: 0.4285072
	speed: 0.0526s/iter; left time: 11249.5621s
	iters: 6400, epoch: 1 | loss: 0.2802598
	speed: 0.0540s/iter; left time: 11543.0373s
	iters: 6500, epoch: 1 | loss: 0.8305698
	speed: 0.0471s/iter; left time: 10061.3115s
	iters: 6600, epoch: 1 | loss: 0.8863947
	speed: 0.0487s/iter; left time: 10387.3084s
	iters: 6700, epoch: 1 | loss: 0.2783425
	speed: 0.0512s/iter; left time: 10931.2780s
	iters: 6800, epoch: 1 | loss: 0.5220209
	speed: 0.0545s/iter; left time: 11619.5996s
	iters: 6900, epoch: 1 | loss: 0.6487065
	speed: 0.0516s/iter; left time: 10991.4266s
	iters: 7000, epoch: 1 | loss: 0.1443901
	speed: 0.0473s/iter; left time: 10073.9112s
	iters: 7100, epoch: 1 | loss: 0.5874002
	speed: 0.0348s/iter; left time: 7406.2852s
	iters: 7200, epoch: 1 | loss: 0.5549288
	speed: 0.0415s/iter; left time: 8840.4112s
	iters: 7300, epoch: 1 | loss: 0.4025175
	speed: 0.0463s/iter; left time: 9846.0523s
Epoch: 1 cost time: 401.5577783584595
Epoch: 1, Steps: 7336 | Train Loss: 0.717 Vali Loss: 1.845 Vali Acc: 0.533 Test Loss: 1.845 Test Acc: 0.533
Validation loss decreased (inf --> -0.532841).  Saving model ...
	iters: 100, epoch: 2 | loss: 0.8406795
	speed: 0.1789s/iter; left time: 38044.1147s
	iters: 200, epoch: 2 | loss: 0.4699798
	speed: 0.0394s/iter; left time: 8368.0148s
	iters: 300, epoch: 2 | loss: 0.4616276
	speed: 0.0363s/iter; left time: 7706.8335s
	iters: 400, epoch: 2 | loss: 0.3479069
	speed: 0.0371s/iter; left time: 7879.9918s
	iters: 500, epoch: 2 | loss: 1.4122233
	speed: 0.0349s/iter; left time: 7406.8445s
	iters: 600, epoch: 2 | loss: 0.4866071
	speed: 0.0364s/iter; left time: 7721.5947s
	iters: 700, epoch: 2 | loss: 0.2808747
	speed: 0.0395s/iter; left time: 8374.4915s
	iters: 800, epoch: 2 | loss: 0.1162144
	speed: 0.0396s/iter; left time: 8396.3304s
	iters: 900, epoch: 2 | loss: 0.4626316
	speed: 0.0394s/iter; left time: 8352.5581s
	iters: 1000, epoch: 2 | loss: 0.0728564
	speed: 0.0398s/iter; left time: 8421.0684s
	iters: 1100, epoch: 2 | loss: 0.5075030
	speed: 0.0408s/iter; left time: 8643.1445s
	iters: 1200, epoch: 2 | loss: 0.8477212
	speed: 0.0430s/iter; left time: 9096.2019s
	iters: 1300, epoch: 2 | loss: 0.3886092
	speed: 0.0477s/iter; left time: 10091.6533s
	iters: 1400, epoch: 2 | loss: 0.2860270
	speed: 0.0455s/iter; left time: 9607.4867s
	iters: 1500, epoch: 2 | loss: 0.7640303
	speed: 0.0492s/iter; left time: 10387.1948s
	iters: 1600, epoch: 2 | loss: 0.8779390
	speed: 0.0453s/iter; left time: 9556.0246s
	iters: 1700, epoch: 2 | loss: 0.6400676
	speed: 0.0458s/iter; left time: 9661.3117s
	iters: 1800, epoch: 2 | loss: 0.5855659
	speed: 0.0453s/iter; left time: 9547.7545s
	iters: 1900, epoch: 2 | loss: 0.2762362
	speed: 0.0414s/iter; left time: 8739.1517s
	iters: 2000, epoch: 2 | loss: 0.4392798
	speed: 0.0490s/iter; left time: 10333.9858s
	iters: 2100, epoch: 2 | loss: 0.1863416
	speed: 0.0423s/iter; left time: 8900.2809s
	iters: 2200, epoch: 2 | loss: 0.2831626
	speed: 0.0409s/iter; left time: 8614.1692s
	iters: 2300, epoch: 2 | loss: 0.7197654
	speed: 0.0488s/iter; left time: 10270.9681s
	iters: 2400, epoch: 2 | loss: 0.3152169
	speed: 0.0468s/iter; left time: 9845.9751s
	iters: 2500, epoch: 2 | loss: 0.6757726
	speed: 0.0397s/iter; left time: 8348.2143s
	iters: 2600, epoch: 2 | loss: 0.7619401
	speed: 0.0390s/iter; left time: 8205.5554s
	iters: 2700, epoch: 2 | loss: 0.6063264
	speed: 0.0402s/iter; left time: 8443.4459s
	iters: 2800, epoch: 2 | loss: 0.5674307
	speed: 0.0382s/iter; left time: 8016.9256s
	iters: 2900, epoch: 2 | loss: 0.2696312
	speed: 0.0443s/iter; left time: 9300.1681s
	iters: 3000, epoch: 2 | loss: 0.3022341
	speed: 0.0519s/iter; left time: 10875.7827s
	iters: 3100, epoch: 2 | loss: 0.4302022
	speed: 0.0427s/iter; left time: 8961.2053s
	iters: 3200, epoch: 2 | loss: 0.5284434
	speed: 0.0368s/iter; left time: 7717.3687s
	iters: 3300, epoch: 2 | loss: 0.1190317
	speed: 0.0367s/iter; left time: 7689.7931s
	iters: 3400, epoch: 2 | loss: 0.5560749
	speed: 0.0399s/iter; left time: 8349.1321s
	iters: 3500, epoch: 2 | loss: 0.4995082
	speed: 0.0389s/iter; left time: 8129.4631s
	iters: 3600, epoch: 2 | loss: 0.5330291
	speed: 0.0405s/iter; left time: 8476.2703s
	iters: 3700, epoch: 2 | loss: 0.4608513
	speed: 0.0492s/iter; left time: 10276.7796s
	iters: 3800, epoch: 2 | loss: 0.2294654
	speed: 0.0523s/iter; left time: 10935.2133s
	iters: 3900, epoch: 2 | loss: 0.2582158
	speed: 0.0451s/iter; left time: 9412.2771s
	iters: 4000, epoch: 2 | loss: 1.0586709
	speed: 0.0419s/iter; left time: 8754.1452s
	iters: 4100, epoch: 2 | loss: 0.1435342
	speed: 0.0429s/iter; left time: 8959.2912s
	iters: 4200, epoch: 2 | loss: 0.1502728
	speed: 0.0437s/iter; left time: 9115.8998s
	iters: 4300, epoch: 2 | loss: 0.4989352
	speed: 0.0391s/iter; left time: 8141.9380s
	iters: 4400, epoch: 2 | loss: 0.2099981
	speed: 0.0417s/iter; left time: 8677.6273s
	iters: 4500, epoch: 2 | loss: 0.3262548
	speed: 0.0376s/iter; left time: 7825.5266s
	iters: 4600, epoch: 2 | loss: 0.6129012
	speed: 0.0393s/iter; left time: 8182.6554s
	iters: 4700, epoch: 2 | loss: 1.1100489
	speed: 0.0378s/iter; left time: 7863.7691s
	iters: 4800, epoch: 2 | loss: 0.8670881
	speed: 0.0442s/iter; left time: 9185.0711s
	iters: 4900, epoch: 2 | loss: 0.3764965
	speed: 0.0360s/iter; left time: 7489.1988s
	iters: 5000, epoch: 2 | loss: 0.4321077
	speed: 0.0413s/iter; left time: 8583.3264s
	iters: 5100, epoch: 2 | loss: 0.3336447
	speed: 0.0436s/iter; left time: 9055.3614s
	iters: 5200, epoch: 2 | loss: 0.8699854
	speed: 0.0438s/iter; left time: 9097.4864s
	iters: 5300, epoch: 2 | loss: 0.6443463
	speed: 0.0438s/iter; left time: 9092.1504s
	iters: 5400, epoch: 2 | loss: 0.2355479
	speed: 0.0476s/iter; left time: 9874.1299s
	iters: 5500, epoch: 2 | loss: 0.0751449
	speed: 0.0458s/iter; left time: 9485.8347s
	iters: 5600, epoch: 2 | loss: 0.4297452
	speed: 0.0355s/iter; left time: 7355.4974s
	iters: 5700, epoch: 2 | loss: 0.2913318
	speed: 0.0387s/iter; left time: 8011.6199s
	iters: 5800, epoch: 2 | loss: 0.1888492
	speed: 0.0446s/iter; left time: 9237.7470s
	iters: 5900, epoch: 2 | loss: 0.0638396
	speed: 0.0425s/iter; left time: 8793.5021s
	iters: 6000, epoch: 2 | loss: 0.2170624
	speed: 0.0377s/iter; left time: 7790.3712s
	iters: 6100, epoch: 2 | loss: 0.3607888
	speed: 0.0383s/iter; left time: 7912.4932s
	iters: 6200, epoch: 2 | loss: 0.5966026
	speed: 0.0386s/iter; left time: 7982.9441s
	iters: 6300, epoch: 2 | loss: 0.6442635
	speed: 0.0432s/iter; left time: 8912.1424s
	iters: 6400, epoch: 2 | loss: 0.3184041
	speed: 0.0455s/iter; left time: 9393.1841s
	iters: 6500, epoch: 2 | loss: 0.6702867
	speed: 0.0424s/iter; left time: 8737.9525s
	iters: 6600, epoch: 2 | loss: 0.1422774
	speed: 0.0491s/iter; left time: 10126.5549s
	iters: 6700, epoch: 2 | loss: 0.3352460
	speed: 0.0477s/iter; left time: 9835.8532s
	iters: 6800, epoch: 2 | loss: 0.2451809
	speed: 0.0412s/iter; left time: 8484.7560s
	iters: 6900, epoch: 2 | loss: 0.6600267
	speed: 0.0388s/iter; left time: 7982.8085s
	iters: 7000, epoch: 2 | loss: 0.0919353
	speed: 0.0410s/iter; left time: 8438.5714s
	iters: 7100, epoch: 2 | loss: 0.2184696
	speed: 0.0409s/iter; left time: 8404.1976s
	iters: 7200, epoch: 2 | loss: 0.1308155
	speed: 0.0458s/iter; left time: 9407.5185s
	iters: 7300, epoch: 2 | loss: 0.2040930
	speed: 0.0437s/iter; left time: 8971.0364s
Epoch: 2 cost time: 309.4539716243744
Epoch: 2, Steps: 7336 | Train Loss: 0.456 Vali Loss: 1.662 Vali Acc: 0.611 Test Loss: 1.662 Test Acc: 0.611
Validation loss decreased (-0.532841 --> -0.610616).  Saving model ...
	iters: 100, epoch: 3 | loss: 0.5950652
	speed: 0.1802s/iter; left time: 36988.4984s
	iters: 200, epoch: 3 | loss: 0.6960762
	speed: 0.0418s/iter; left time: 8569.3099s
	iters: 300, epoch: 3 | loss: 1.1690320
	speed: 0.0401s/iter; left time: 8222.0194s
	iters: 400, epoch: 3 | loss: 0.8848419
	speed: 0.0484s/iter; left time: 9917.1537s
	iters: 500, epoch: 3 | loss: 0.3011000
	speed: 0.0445s/iter; left time: 9127.0504s
	iters: 600, epoch: 3 | loss: 0.2109800
	speed: 0.0431s/iter; left time: 8826.0260s
	iters: 700, epoch: 3 | loss: 0.1990049
	speed: 0.0482s/iter; left time: 9863.2165s
	iters: 800, epoch: 3 | loss: 0.2891971
	speed: 0.0619s/iter; left time: 12668.1505s
	iters: 900, epoch: 3 | loss: 0.7094184
	speed: 0.0648s/iter; left time: 13257.4926s
	iters: 1000, epoch: 3 | loss: 0.5476273
	speed: 0.0643s/iter; left time: 13135.9342s
	iters: 1100, epoch: 3 | loss: 0.4706176
	speed: 0.0632s/iter; left time: 12915.0336s
	iters: 1200, epoch: 3 | loss: 0.7539827
	speed: 0.0466s/iter; left time: 9511.2465s
	iters: 1300, epoch: 3 | loss: 0.6035052
	speed: 0.0462s/iter; left time: 9434.0313s
	iters: 1400, epoch: 3 | loss: 0.5940294
	speed: 0.0373s/iter; left time: 7601.7476s
	iters: 1500, epoch: 3 | loss: 0.5574819
	speed: 0.0423s/iter; left time: 8625.1023s
	iters: 1600, epoch: 3 | loss: 0.6022211
	speed: 0.0460s/iter; left time: 9371.6661s
	iters: 1700, epoch: 3 | loss: 0.2731678
	speed: 0.0438s/iter; left time: 8924.1572s
	iters: 1800, epoch: 3 | loss: 0.4387801
	speed: 0.0405s/iter; left time: 8247.8756s
	iters: 1900, epoch: 3 | loss: 0.2762076
	speed: 0.0401s/iter; left time: 8161.8118s
	iters: 2000, epoch: 3 | loss: 0.1495614
	speed: 0.0388s/iter; left time: 7887.2350s
	iters: 2100, epoch: 3 | loss: 0.6810933
	speed: 0.0392s/iter; left time: 7977.8244s
	iters: 2200, epoch: 3 | loss: 0.2677270
	speed: 0.0394s/iter; left time: 8007.4962s
	iters: 2300, epoch: 3 | loss: 0.8965170
	speed: 0.0406s/iter; left time: 8249.2552s
	iters: 2400, epoch: 3 | loss: 0.2316815
	speed: 0.0408s/iter; left time: 8283.2544s
	iters: 2500, epoch: 3 | loss: 0.4613662
	speed: 0.0381s/iter; left time: 7740.5474s
	iters: 2600, epoch: 3 | loss: 0.5125728
	speed: 0.0374s/iter; left time: 7582.0036s
	iters: 2700, epoch: 3 | loss: 0.2814184
	speed: 0.0372s/iter; left time: 7547.9417s
	iters: 2800, epoch: 3 | loss: 0.2791558
	speed: 0.0406s/iter; left time: 8219.5716s
	iters: 2900, epoch: 3 | loss: 0.5090064
	speed: 0.0402s/iter; left time: 8141.6792s
	iters: 3000, epoch: 3 | loss: 0.4034525
	speed: 0.0434s/iter; left time: 8785.7834s
	iters: 3100, epoch: 3 | loss: 0.7794816
	speed: 0.0467s/iter; left time: 9447.2753s
	iters: 3200, epoch: 3 | loss: 0.6340521
	speed: 0.0397s/iter; left time: 8031.3295s
	iters: 3300, epoch: 3 | loss: 0.2601272
	speed: 0.0423s/iter; left time: 8548.3525s
	iters: 3400, epoch: 3 | loss: 0.1590093
	speed: 0.0375s/iter; left time: 7571.8915s
	iters: 3500, epoch: 3 | loss: 0.1451307
	speed: 0.0389s/iter; left time: 7847.8039s
	iters: 3600, epoch: 3 | loss: 0.5804790
	speed: 0.0387s/iter; left time: 7818.8834s
	iters: 3700, epoch: 3 | loss: 0.3480236
	speed: 0.0392s/iter; left time: 7908.5958s
	iters: 3800, epoch: 3 | loss: 0.3446274
	speed: 0.0409s/iter; left time: 8236.1728s
	iters: 3900, epoch: 3 | loss: 0.3427046
	speed: 0.0370s/iter; left time: 7464.0341s
	iters: 4000, epoch: 3 | loss: 0.7210069
	speed: 0.0394s/iter; left time: 7934.7690s
	iters: 4100, epoch: 3 | loss: 0.5815437
	speed: 0.0416s/iter; left time: 8373.9285s
	iters: 4200, epoch: 3 | loss: 0.4000733
	speed: 0.0425s/iter; left time: 8547.0401s
	iters: 4300, epoch: 3 | loss: 0.2034673
	speed: 0.0413s/iter; left time: 8314.3938s
	iters: 4400, epoch: 3 | loss: 0.1487975
	speed: 0.0401s/iter; left time: 8065.2135s
	iters: 4500, epoch: 3 | loss: 0.8103671
	speed: 0.0451s/iter; left time: 9055.0577s
	iters: 4600, epoch: 3 | loss: 0.6489685
	speed: 0.0430s/iter; left time: 8632.0397s
	iters: 4700, epoch: 3 | loss: 0.8102699
	speed: 0.0373s/iter; left time: 7479.9205s
	iters: 4800, epoch: 3 | loss: 0.5275633
	speed: 0.0408s/iter; left time: 8184.5878s
	iters: 4900, epoch: 3 | loss: 0.2878499
	speed: 0.0406s/iter; left time: 8133.8440s
	iters: 5000, epoch: 3 | loss: 0.0817422
	speed: 0.0432s/iter; left time: 8656.5104s
	iters: 5100, epoch: 3 | loss: 0.9657853
	speed: 0.0394s/iter; left time: 7883.4724s
	iters: 5200, epoch: 3 | loss: 0.4603432
	speed: 0.0414s/iter; left time: 8288.7917s
	iters: 5300, epoch: 3 | loss: 0.1834176
	speed: 0.0368s/iter; left time: 7363.3119s
	iters: 5400, epoch: 3 | loss: 0.5828966
	speed: 0.0442s/iter; left time: 8833.4854s
	iters: 5500, epoch: 3 | loss: 0.2137400
	speed: 0.0454s/iter; left time: 9075.7336s
	iters: 5600, epoch: 3 | loss: 0.1261753
	speed: 0.0421s/iter; left time: 8414.8792s
	iters: 5700, epoch: 3 | loss: 0.4832476
	speed: 0.0439s/iter; left time: 8770.6502s
	iters: 5800, epoch: 3 | loss: 0.2237578
	speed: 0.0413s/iter; left time: 8243.5916s
	iters: 5900, epoch: 3 | loss: 0.2131362
	speed: 0.0450s/iter; left time: 8969.3287s
	iters: 6000, epoch: 3 | loss: 0.1055177
	speed: 0.0462s/iter; left time: 9209.5867s
	iters: 6100, epoch: 3 | loss: 0.8227274
	speed: 0.0374s/iter; left time: 7458.5545s
	iters: 6200, epoch: 3 | loss: 0.1990440
	speed: 0.0399s/iter; left time: 7947.2361s
	iters: 6300, epoch: 3 | loss: 0.1872530
	speed: 0.0462s/iter; left time: 9203.5552s
	iters: 6400, epoch: 3 | loss: 0.3677644
	speed: 0.0412s/iter; left time: 8207.4691s
	iters: 6500, epoch: 3 | loss: 0.7312963
	speed: 0.0407s/iter; left time: 8096.6101s
	iters: 6600, epoch: 3 | loss: 0.8482831
	speed: 0.0385s/iter; left time: 7649.5921s
	iters: 6700, epoch: 3 | loss: 0.2281548
	speed: 0.0363s/iter; left time: 7221.7191s
	iters: 6800, epoch: 3 | loss: 0.2980210
	speed: 0.0428s/iter; left time: 8501.6456s
	iters: 6900, epoch: 3 | loss: 0.3402197
	speed: 0.0492s/iter; left time: 9759.3875s
	iters: 7000, epoch: 3 | loss: 0.3262040
	speed: 0.0357s/iter; left time: 7075.1414s
	iters: 7100, epoch: 3 | loss: 0.3030302
	speed: 0.0348s/iter; left time: 6907.4874s
	iters: 7200, epoch: 3 | loss: 0.3022574
	speed: 0.0428s/iter; left time: 8477.0832s
	iters: 7300, epoch: 3 | loss: 0.5799553
	speed: 0.0392s/iter; left time: 7771.9957s
Epoch: 3 cost time: 312.60143518447876
Epoch: 3, Steps: 7336 | Train Loss: 0.390 Vali Loss: 1.842 Vali Acc: 0.613 Test Loss: 1.842 Test Acc: 0.613
Validation loss decreased (-0.610616 --> -0.613416).  Saving model ...
	iters: 100, epoch: 4 | loss: 0.0852894
	speed: 0.1741s/iter; left time: 34470.8113s
	iters: 200, epoch: 4 | loss: 0.1221113
	speed: 0.0409s/iter; left time: 8095.1275s
	iters: 300, epoch: 4 | loss: 0.2464920
	speed: 0.0390s/iter; left time: 7714.5877s
	iters: 400, epoch: 4 | loss: 0.2693182
	speed: 0.0399s/iter; left time: 7895.9060s
	iters: 500, epoch: 4 | loss: 0.4822620
	speed: 0.0399s/iter; left time: 7885.1369s
	iters: 600, epoch: 4 | loss: 0.1835385
	speed: 0.0408s/iter; left time: 8062.0546s
	iters: 700, epoch: 4 | loss: 0.1600256
	speed: 0.0425s/iter; left time: 8395.5895s
	iters: 800, epoch: 4 | loss: 0.2579421
	speed: 0.0407s/iter; left time: 8027.8229s
	iters: 900, epoch: 4 | loss: 0.4093314
	speed: 0.0428s/iter; left time: 8439.5403s
	iters: 1000, epoch: 4 | loss: 0.4295490
	speed: 0.0448s/iter; left time: 8825.4832s
	iters: 1100, epoch: 4 | loss: 0.1586466
	speed: 0.0408s/iter; left time: 8038.2513s
	iters: 1200, epoch: 4 | loss: 0.2498994
	speed: 0.0461s/iter; left time: 9083.3646s
	iters: 1300, epoch: 4 | loss: 0.6700289
	speed: 0.0450s/iter; left time: 8860.5390s
	iters: 1400, epoch: 4 | loss: 0.3011623
	speed: 0.0479s/iter; left time: 9427.5759s
	iters: 1500, epoch: 4 | loss: 0.3672688
	speed: 0.0375s/iter; left time: 7373.6659s
	iters: 1600, epoch: 4 | loss: 0.2645452
	speed: 0.0411s/iter; left time: 8080.0218s
	iters: 1700, epoch: 4 | loss: 0.8625725
	speed: 0.0448s/iter; left time: 8788.2763s
	iters: 1800, epoch: 4 | loss: 0.2523253
	speed: 0.0380s/iter; left time: 7464.7741s
	iters: 1900, epoch: 4 | loss: 0.2243451
	speed: 0.0420s/iter; left time: 8236.0796s
	iters: 2000, epoch: 4 | loss: 0.6061241
	speed: 0.0387s/iter; left time: 7585.6931s
	iters: 2100, epoch: 4 | loss: 0.5028383
	speed: 0.0423s/iter; left time: 8285.3981s
	iters: 2200, epoch: 4 | loss: 0.1271542
	speed: 0.0458s/iter; left time: 8971.3676s
	iters: 2300, epoch: 4 | loss: 0.2469572
	speed: 0.0501s/iter; left time: 9799.8485s
	iters: 2400, epoch: 4 | loss: 0.4575363
	speed: 0.0415s/iter; left time: 8123.7667s
	iters: 2500, epoch: 4 | loss: 0.5393885
	speed: 0.0387s/iter; left time: 7568.8679s
	iters: 2600, epoch: 4 | loss: 0.5287935
	speed: 0.0390s/iter; left time: 7631.8537s
	iters: 2700, epoch: 4 | loss: 0.4328640
	speed: 0.0420s/iter; left time: 8203.0888s
	iters: 2800, epoch: 4 | loss: 0.2022893
	speed: 0.0476s/iter; left time: 9285.8292s
	iters: 2900, epoch: 4 | loss: 0.2621130
	speed: 0.0407s/iter; left time: 7949.5158s
	iters: 3000, epoch: 4 | loss: 0.5116524
	speed: 0.0390s/iter; left time: 7605.4143s
	iters: 3100, epoch: 4 | loss: 0.4129839
	speed: 0.0385s/iter; left time: 7509.0449s
	iters: 3200, epoch: 4 | loss: 0.0964246
	speed: 0.0449s/iter; left time: 8757.5828s
	iters: 3300, epoch: 4 | loss: 0.1092747
	speed: 0.0397s/iter; left time: 7739.1617s
	iters: 3400, epoch: 4 | loss: 0.0597175
	speed: 0.0405s/iter; left time: 7888.9252s
	iters: 3500, epoch: 4 | loss: 0.0561705
	speed: 0.0411s/iter; left time: 8000.1315s
	iters: 3600, epoch: 4 | loss: 0.4587867
	speed: 0.0368s/iter; left time: 7161.6141s
	iters: 3700, epoch: 4 | loss: 0.1969897
	speed: 0.0372s/iter; left time: 7229.8239s
	iters: 3800, epoch: 4 | loss: 0.3331055
	speed: 0.0402s/iter; left time: 7803.0237s
	iters: 3900, epoch: 4 | loss: 0.5773129
	speed: 0.0414s/iter; left time: 8044.4525s
	iters: 4000, epoch: 4 | loss: 0.3507607
	speed: 0.0377s/iter; left time: 7324.5134s
	iters: 4100, epoch: 4 | loss: 0.2530265
	speed: 0.0423s/iter; left time: 8213.1076s
	iters: 4200, epoch: 4 | loss: 1.0447773
	speed: 0.0447s/iter; left time: 8664.7522s
	iters: 4300, epoch: 4 | loss: 0.2831097
	speed: 0.0404s/iter; left time: 7837.9725s
	iters: 4400, epoch: 4 | loss: 0.2674278
	speed: 0.0431s/iter; left time: 8351.2186s
	iters: 4500, epoch: 4 | loss: 0.2613520
	speed: 0.0451s/iter; left time: 8737.1001s
	iters: 4600, epoch: 4 | loss: 0.6646302
	speed: 0.0412s/iter; left time: 7965.5189s
	iters: 4700, epoch: 4 | loss: 0.6085436
	speed: 0.0431s/iter; left time: 8332.3859s
	iters: 4800, epoch: 4 | loss: 0.3830316
	speed: 0.0390s/iter; left time: 7537.6200s
	iters: 4900, epoch: 4 | loss: 0.3871019
	speed: 0.0404s/iter; left time: 7811.9661s
	iters: 5000, epoch: 4 | loss: 0.3105398
	speed: 0.0384s/iter; left time: 7420.4057s
	iters: 5100, epoch: 4 | loss: 0.3530405
	speed: 0.0400s/iter; left time: 7723.5089s
	iters: 5200, epoch: 4 | loss: 0.2119839
	speed: 0.0428s/iter; left time: 8252.3961s
	iters: 5300, epoch: 4 | loss: 0.4193507
	speed: 0.0404s/iter; left time: 7783.6950s
	iters: 5400, epoch: 4 | loss: 0.5818087
	speed: 0.0460s/iter; left time: 8865.2418s
	iters: 5500, epoch: 4 | loss: 0.1708933
	speed: 0.0394s/iter; left time: 7589.8997s
	iters: 5600, epoch: 4 | loss: 0.3066802
	speed: 0.0395s/iter; left time: 7602.7465s
	iters: 5700, epoch: 4 | loss: 0.1956460
	speed: 0.0417s/iter; left time: 8016.7132s
	iters: 5800, epoch: 4 | loss: 0.3202514
	speed: 0.0439s/iter; left time: 8442.6456s
	iters: 5900, epoch: 4 | loss: 0.1441566
	speed: 0.0433s/iter; left time: 8317.5802s
	iters: 6000, epoch: 4 | loss: 0.4971459
	speed: 0.0446s/iter; left time: 8569.8515s
	iters: 6100, epoch: 4 | loss: 0.2194021
	speed: 0.0460s/iter; left time: 8822.5179s
	iters: 6200, epoch: 4 | loss: 0.1146522
	speed: 0.0492s/iter; left time: 9446.7653s
	iters: 6300, epoch: 4 | loss: 0.3625584
	speed: 0.0434s/iter; left time: 8325.4760s
	iters: 6400, epoch: 4 | loss: 0.7864690
	speed: 0.0481s/iter; left time: 9225.6446s
	iters: 6500, epoch: 4 | loss: 0.2330551
	speed: 0.0475s/iter; left time: 9094.0210s
	iters: 6600, epoch: 4 | loss: 0.3135463
	speed: 0.0465s/iter; left time: 8900.8031s
	iters: 6700, epoch: 4 | loss: 0.5448991
	speed: 0.0420s/iter; left time: 8038.2602s
	iters: 6800, epoch: 4 | loss: 0.1089440
	speed: 0.0433s/iter; left time: 8282.5034s
	iters: 6900, epoch: 4 | loss: 0.7334244
	speed: 0.0448s/iter; left time: 8573.2255s
	iters: 7000, epoch: 4 | loss: 0.1583204
	speed: 0.0400s/iter; left time: 7643.5710s
	iters: 7100, epoch: 4 | loss: 0.3089468
	speed: 0.0400s/iter; left time: 7635.0653s
	iters: 7200, epoch: 4 | loss: 0.1657111
	speed: 0.0465s/iter; left time: 8879.6963s
	iters: 7300, epoch: 4 | loss: 0.2250161
	speed: 0.0463s/iter; left time: 8833.3268s
Epoch: 4 cost time: 310.13332509994507
Epoch: 4, Steps: 7336 | Train Loss: 0.349 Vali Loss: 1.883 Vali Acc: 0.605 Test Loss: 1.883 Test Acc: 0.605
EarlyStopping counter: 1 out of 10
	iters: 100, epoch: 5 | loss: 0.5587935
	speed: 0.1817s/iter; left time: 34643.0073s
	iters: 200, epoch: 5 | loss: 0.0932080
	speed: 0.0381s/iter; left time: 7257.8192s
	iters: 300, epoch: 5 | loss: 0.1264164
	speed: 0.0405s/iter; left time: 7711.8811s
	iters: 400, epoch: 5 | loss: 0.2517706
	speed: 0.0410s/iter; left time: 7797.8103s
	iters: 500, epoch: 5 | loss: 0.2416783
	speed: 0.0503s/iter; left time: 9562.1408s
	iters: 600, epoch: 5 | loss: 0.1313810
	speed: 0.0476s/iter; left time: 9058.0903s
	iters: 700, epoch: 5 | loss: 0.4385734
	speed: 0.0421s/iter; left time: 8005.1747s
	iters: 800, epoch: 5 | loss: 0.1334044
	speed: 0.0416s/iter; left time: 7906.3616s
	iters: 900, epoch: 5 | loss: 0.2115507
	speed: 0.0384s/iter; left time: 7294.0399s
	iters: 1000, epoch: 5 | loss: 0.5902269
	speed: 0.0366s/iter; left time: 6942.0257s
	iters: 1100, epoch: 5 | loss: 0.1150738
	speed: 0.0369s/iter; left time: 7002.9740s
	iters: 1200, epoch: 5 | loss: 0.1957655
	speed: 0.0397s/iter; left time: 7520.5492s
	iters: 1300, epoch: 5 | loss: 0.2257359
	speed: 0.0397s/iter; left time: 7529.8098s
	iters: 1400, epoch: 5 | loss: 0.1658430
	speed: 0.0365s/iter; left time: 6914.7379s
	iters: 1500, epoch: 5 | loss: 0.1283365
	speed: 0.0419s/iter; left time: 7920.1120s
	iters: 1600, epoch: 5 | loss: 0.3179520
	speed: 0.0401s/iter; left time: 7590.4556s
	iters: 1700, epoch: 5 | loss: 0.3461000
	speed: 0.0384s/iter; left time: 7254.0783s
	iters: 1800, epoch: 5 | loss: 0.1473484
	speed: 0.0366s/iter; left time: 6923.9045s
	iters: 1900, epoch: 5 | loss: 0.8304276
	speed: 0.0429s/iter; left time: 8104.3160s
	iters: 2000, epoch: 5 | loss: 0.2621632
	speed: 0.0419s/iter; left time: 7915.9844s
	iters: 2100, epoch: 5 | loss: 0.5415930
	speed: 0.0425s/iter; left time: 8017.7516s
	iters: 2200, epoch: 5 | loss: 0.5863569
	speed: 0.0419s/iter; left time: 7898.7137s
	iters: 2300, epoch: 5 | loss: 0.0188521
	speed: 0.0411s/iter; left time: 7752.2678s
	iters: 2400, epoch: 5 | loss: 0.3231937
	speed: 0.0471s/iter; left time: 8864.1726s
	iters: 2500, epoch: 5 | loss: 0.1512647
	speed: 0.0359s/iter; left time: 6764.6994s
	iters: 2600, epoch: 5 | loss: 0.2160701
	speed: 0.0374s/iter; left time: 7036.3036s
	iters: 2700, epoch: 5 | loss: 0.4548234
	speed: 0.0406s/iter; left time: 7627.4720s
	iters: 2800, epoch: 5 | loss: 0.1140039
	speed: 0.0370s/iter; left time: 6951.8391s
	iters: 2900, epoch: 5 | loss: 0.4982702
	speed: 0.0435s/iter; left time: 8169.6563s
	iters: 3000, epoch: 5 | loss: 0.4210105
	speed: 0.0449s/iter; left time: 8431.2882s
	iters: 3100, epoch: 5 | loss: 0.4706694
	speed: 0.0429s/iter; left time: 8049.8098s
	iters: 3200, epoch: 5 | loss: 0.1546973
	speed: 0.0393s/iter; left time: 7373.7490s
	iters: 3300, epoch: 5 | loss: 0.2483705
	speed: 0.0451s/iter; left time: 8459.9935s
	iters: 3400, epoch: 5 | loss: 0.1757667
	speed: 0.0436s/iter; left time: 8161.2237s
	iters: 3500, epoch: 5 | loss: 0.1727129
	speed: 0.0417s/iter; left time: 7816.9237s
	iters: 3600, epoch: 5 | loss: 0.1288055
	speed: 0.0457s/iter; left time: 8558.6142s
	iters: 3700, epoch: 5 | loss: 0.2523377
	speed: 0.0422s/iter; left time: 7889.2843s
	iters: 3800, epoch: 5 | loss: 0.5521663
	speed: 0.0404s/iter; left time: 7546.7143s
	iters: 3900, epoch: 5 | loss: 0.0825025
	speed: 0.0395s/iter; left time: 7371.3458s
	iters: 4000, epoch: 5 | loss: 0.4688955
	speed: 0.0396s/iter; left time: 7397.4490s
	iters: 4100, epoch: 5 | loss: 0.1335811
	speed: 0.0382s/iter; left time: 7127.2893s
	iters: 4200, epoch: 5 | loss: 0.3639472
	speed: 0.0395s/iter; left time: 7361.8109s
	iters: 4300, epoch: 5 | loss: 0.2424689
	speed: 0.0405s/iter; left time: 7543.2286s
	iters: 4400, epoch: 5 | loss: 0.5248066
	speed: 0.0401s/iter; left time: 7474.7584s
	iters: 4500, epoch: 5 | loss: 0.4876787
	speed: 0.0420s/iter; left time: 7817.1537s
	iters: 4600, epoch: 5 | loss: 0.2201673
	speed: 0.0428s/iter; left time: 7966.8118s
	iters: 4700, epoch: 5 | loss: 0.2516114
	speed: 0.0408s/iter; left time: 7595.3566s
	iters: 4800, epoch: 5 | loss: 0.2025015
	speed: 0.0388s/iter; left time: 7216.1650s
	iters: 4900, epoch: 5 | loss: 0.3432448
	speed: 0.0437s/iter; left time: 8124.5916s
	iters: 5000, epoch: 5 | loss: 0.2137339
	speed: 0.0393s/iter; left time: 7302.1730s
	iters: 5100, epoch: 5 | loss: 0.1794813
	speed: 0.0439s/iter; left time: 8141.3783s
	iters: 5200, epoch: 5 | loss: 0.1812828
	speed: 0.0504s/iter; left time: 9355.0388s
	iters: 5300, epoch: 5 | loss: 0.4198092
	speed: 0.0438s/iter; left time: 8120.7853s
	iters: 5400, epoch: 5 | loss: 0.4109558
	speed: 0.0379s/iter; left time: 7027.9009s
	iters: 5500, epoch: 5 | loss: 0.1870144
	speed: 0.0418s/iter; left time: 7750.3285s
	iters: 5600, epoch: 5 | loss: 0.3849473
	speed: 0.0476s/iter; left time: 8820.4095s
	iters: 5700, epoch: 5 | loss: 0.1576648
	speed: 0.0455s/iter; left time: 8425.3112s
	iters: 5800, epoch: 5 | loss: 0.1733426
	speed: 0.0498s/iter; left time: 9209.7193s
	iters: 5900, epoch: 5 | loss: 0.2106338
	speed: 0.0461s/iter; left time: 8522.7742s
	iters: 6000, epoch: 5 | loss: 0.1396158
	speed: 0.0386s/iter; left time: 7124.2087s
	iters: 6100, epoch: 5 | loss: 0.1170303
	speed: 0.0376s/iter; left time: 6934.7505s
	iters: 6200, epoch: 5 | loss: 0.0817211
	speed: 0.0379s/iter; left time: 6999.5104s
	iters: 6300, epoch: 5 | loss: 0.3905179
	speed: 0.0476s/iter; left time: 8786.1964s
	iters: 6400, epoch: 5 | loss: 0.0384889
	speed: 0.0474s/iter; left time: 8731.9026s
	iters: 6500, epoch: 5 | loss: 0.3480052
	speed: 0.0424s/iter; left time: 7805.2550s
	iters: 6600, epoch: 5 | loss: 0.3115773
	speed: 0.0384s/iter; left time: 7061.6962s
	iters: 6700, epoch: 5 | loss: 0.0693579
	speed: 0.0411s/iter; left time: 7570.7554s
	iters: 6800, epoch: 5 | loss: 0.2259579
	speed: 0.0385s/iter; left time: 7072.5593s
	iters: 6900, epoch: 5 | loss: 0.1681814
	speed: 0.0434s/iter; left time: 7970.2387s
	iters: 7000, epoch: 5 | loss: 0.0941348
	speed: 0.0474s/iter; left time: 8716.9852s
	iters: 7100, epoch: 5 | loss: 0.1643566
	speed: 0.0428s/iter; left time: 7857.8812s
	iters: 7200, epoch: 5 | loss: 0.6532975
	speed: 0.0426s/iter; left time: 7811.3904s
	iters: 7300, epoch: 5 | loss: 0.1139046
	speed: 0.0464s/iter; left time: 8505.5361s
Epoch: 5 cost time: 307.37045216560364
Epoch: 5, Steps: 7336 | Train Loss: 0.321 Vali Loss: 2.033 Vali Acc: 0.603 Test Loss: 2.033 Test Acc: 0.603
EarlyStopping counter: 2 out of 10
Updating learning rate to 6.25e-05
	iters: 100, epoch: 6 | loss: 0.4042840
	speed: 0.1798s/iter; left time: 32952.8922s
	iters: 200, epoch: 6 | loss: 0.3130108
	speed: 0.0402s/iter; left time: 7372.9000s
	iters: 300, epoch: 6 | loss: 0.3074400
	speed: 0.0394s/iter; left time: 7220.5439s
	iters: 400, epoch: 6 | loss: 0.2662596
	speed: 0.0377s/iter; left time: 6895.2153s
	iters: 500, epoch: 6 | loss: 0.1764547
	speed: 0.0472s/iter; left time: 8626.3177s
	iters: 600, epoch: 6 | loss: 0.5570448
	speed: 0.0437s/iter; left time: 7986.7730s
	iters: 700, epoch: 6 | loss: 0.1126556
	speed: 0.0363s/iter; left time: 6640.7261s
	iters: 800, epoch: 6 | loss: 0.1605294
	speed: 0.0363s/iter; left time: 6628.7900s
	iters: 900, epoch: 6 | loss: 0.1944671
	speed: 0.0366s/iter; left time: 6677.7854s
	iters: 1000, epoch: 6 | loss: 0.2003086
	speed: 0.0392s/iter; left time: 7151.5296s
	iters: 1100, epoch: 6 | loss: 0.3595510
	speed: 0.0378s/iter; left time: 6890.8826s
	iters: 1200, epoch: 6 | loss: 0.0668232
	speed: 0.0368s/iter; left time: 6702.6911s
	iters: 1300, epoch: 6 | loss: 0.1759514
	speed: 0.0359s/iter; left time: 6546.0456s
	iters: 1400, epoch: 6 | loss: 0.3536840
	speed: 0.0427s/iter; left time: 7771.7304s
	iters: 1500, epoch: 6 | loss: 0.2275897
	speed: 0.0422s/iter; left time: 7677.3351s
	iters: 1600, epoch: 6 | loss: 0.1755159
	speed: 0.0411s/iter; left time: 7478.4065s
	iters: 1700, epoch: 6 | loss: 0.3544571
	speed: 0.0451s/iter; left time: 8194.1744s
	iters: 1800, epoch: 6 | loss: 0.2648572
	speed: 0.0412s/iter; left time: 7476.5060s
	iters: 1900, epoch: 6 | loss: 0.2078185
	speed: 0.0358s/iter; left time: 6502.4948s
	iters: 2000, epoch: 6 | loss: 0.3169115
	speed: 0.0396s/iter; left time: 7178.2422s
	iters: 2100, epoch: 6 | loss: 0.2368348
	speed: 0.0382s/iter; left time: 6933.7726s
	iters: 2200, epoch: 6 | loss: 0.3096630
	speed: 0.0353s/iter; left time: 6391.0339s
	iters: 2300, epoch: 6 | loss: 0.0372743
	speed: 0.0349s/iter; left time: 6320.0929s
	iters: 2400, epoch: 6 | loss: 0.5246698
	speed: 0.0387s/iter; left time: 7009.6309s
	iters: 2500, epoch: 6 | loss: 0.2289359
	speed: 0.0370s/iter; left time: 6695.7942s
	iters: 2600, epoch: 6 | loss: 0.3000755
	speed: 0.0385s/iter; left time: 6960.8982s
	iters: 2700, epoch: 6 | loss: 0.2986050
	speed: 0.0396s/iter; left time: 7148.7881s
	iters: 2800, epoch: 6 | loss: 0.1087942
	speed: 0.0387s/iter; left time: 6983.2686s
	iters: 2900, epoch: 6 | loss: 0.1815024
	speed: 0.0407s/iter; left time: 7342.5114s
	iters: 3000, epoch: 6 | loss: 0.1408417
	speed: 0.0396s/iter; left time: 7142.8418s
	iters: 3100, epoch: 6 | loss: 0.2152607
	speed: 0.0356s/iter; left time: 6410.4710s
	iters: 3200, epoch: 6 | loss: 0.3019836
	speed: 0.0357s/iter; left time: 6429.0210s
	iters: 3300, epoch: 6 | loss: 0.0858090
	speed: 0.0372s/iter; left time: 6695.7295s
	iters: 3400, epoch: 6 | loss: 0.2420069
	speed: 0.0449s/iter; left time: 8075.8655s
	iters: 3500, epoch: 6 | loss: 0.2393544
	speed: 0.0366s/iter; left time: 6579.1877s
	iters: 3600, epoch: 6 | loss: 0.2329024
	speed: 0.0386s/iter; left time: 6948.1512s
	iters: 3700, epoch: 6 | loss: 0.2325740
	speed: 0.0385s/iter; left time: 6919.8165s
	iters: 3800, epoch: 6 | loss: 0.2448180
	speed: 0.0404s/iter; left time: 7260.3902s
	iters: 3900, epoch: 6 | loss: 0.0642656
	speed: 0.0457s/iter; left time: 8204.1016s
	iters: 4000, epoch: 6 | loss: 0.1901961
	speed: 0.0384s/iter; left time: 6890.8353s
	iters: 4100, epoch: 6 | loss: 0.2219141
	speed: 0.0422s/iter; left time: 7559.4526s
	iters: 4200, epoch: 6 | loss: 0.2324204
	speed: 0.0398s/iter; left time: 7139.5536s
	iters: 4300, epoch: 6 | loss: 0.2093711
	speed: 0.0415s/iter; left time: 7424.1314s
	iters: 4400, epoch: 6 | loss: 0.4014686
	speed: 0.0387s/iter; left time: 6926.0215s
	iters: 4500, epoch: 6 | loss: 0.1312027
	speed: 0.0412s/iter; left time: 7373.4700s
	iters: 4600, epoch: 6 | loss: 0.2036732
	speed: 0.0427s/iter; left time: 7628.6623s
	iters: 4700, epoch: 6 | loss: 0.0331120
	speed: 0.0475s/iter; left time: 8484.4702s
	iters: 4800, epoch: 6 | loss: 0.1000647
	speed: 0.0388s/iter; left time: 6925.7287s
	iters: 4900, epoch: 6 | loss: 0.1984480
	speed: 0.0436s/iter; left time: 7775.1498s
	iters: 5000, epoch: 6 | loss: 0.1064116
	speed: 0.0507s/iter; left time: 9039.3293s
	iters: 5100, epoch: 6 | loss: 0.0322580
	speed: 0.0480s/iter; left time: 8565.4107s
	iters: 5200, epoch: 6 | loss: 0.1396831
	speed: 0.0432s/iter; left time: 7705.8083s
	iters: 5300, epoch: 6 | loss: 0.2938567
	speed: 0.0369s/iter; left time: 6563.6544s
	iters: 5400, epoch: 6 | loss: 0.1780877
	speed: 0.0397s/iter; left time: 7060.4072s
	iters: 5500, epoch: 6 | loss: 0.1402439
	speed: 0.0371s/iter; left time: 6593.8871s
	iters: 5600, epoch: 6 | loss: 0.0766542
	speed: 0.0404s/iter; left time: 7190.8636s
	iters: 5700, epoch: 6 | loss: 0.0364068
	speed: 0.0397s/iter; left time: 7050.6210s
	iters: 5800, epoch: 6 | loss: 0.4338741
	speed: 0.0350s/iter; left time: 6217.7253s
	iters: 5900, epoch: 6 | loss: 0.3156895
	speed: 0.0419s/iter; left time: 7436.5400s
	iters: 6000, epoch: 6 | loss: 0.0942972
	speed: 0.0479s/iter; left time: 8490.3882s
	iters: 6100, epoch: 6 | loss: 0.2398019
	speed: 0.0453s/iter; left time: 8031.3835s
	iters: 6200, epoch: 6 | loss: 0.0943640
	speed: 0.0442s/iter; left time: 7827.3033s
	iters: 6300, epoch: 6 | loss: 0.1904445
	speed: 0.0383s/iter; left time: 6784.5849s
	iters: 6400, epoch: 6 | loss: 0.1677465
	speed: 0.0418s/iter; left time: 7397.2215s
	iters: 6500, epoch: 6 | loss: 0.2985335
	speed: 0.0485s/iter; left time: 8580.5984s
	iters: 6600, epoch: 6 | loss: 0.2271982
	speed: 0.0409s/iter; left time: 7227.7953s
	iters: 6700, epoch: 6 | loss: 0.2016111
	speed: 0.0415s/iter; left time: 7325.6163s
	iters: 6800, epoch: 6 | loss: 0.4625525
	speed: 0.0414s/iter; left time: 7310.6298s
	iters: 6900, epoch: 6 | loss: 0.3731789
	speed: 0.0392s/iter; left time: 6922.5745s
	iters: 7000, epoch: 6 | loss: 0.0340530
	speed: 0.0391s/iter; left time: 6902.4254s
	iters: 7100, epoch: 6 | loss: 0.3504810
	speed: 0.0417s/iter; left time: 7353.2243s
	iters: 7200, epoch: 6 | loss: 0.1075839
	speed: 0.0436s/iter; left time: 7687.4142s
	iters: 7300, epoch: 6 | loss: 0.0787450
	speed: 0.0376s/iter; left time: 6623.6669s
Epoch: 6 cost time: 296.36314582824707
Epoch: 6, Steps: 7336 | Train Loss: 0.207 Vali Loss: 1.993 Vali Acc: 0.609 Test Loss: 1.993 Test Acc: 0.609
EarlyStopping counter: 3 out of 10
	iters: 100, epoch: 7 | loss: 0.0492953
	speed: 0.1725s/iter; left time: 30355.3029s
	iters: 200, epoch: 7 | loss: 0.3207021
	speed: 0.0383s/iter; left time: 6741.9687s
	iters: 300, epoch: 7 | loss: 0.1430882
	speed: 0.0426s/iter; left time: 7494.5420s
	iters: 400, epoch: 7 | loss: 0.1606822
	speed: 0.0417s/iter; left time: 7317.3992s
	iters: 500, epoch: 7 | loss: 0.1738272
	speed: 0.0398s/iter; left time: 6985.0542s
	iters: 600, epoch: 7 | loss: 0.4539208
	speed: 0.0386s/iter; left time: 6780.2280s
	iters: 700, epoch: 7 | loss: 0.1322279
	speed: 0.0432s/iter; left time: 7576.1032s
	iters: 800, epoch: 7 | loss: 0.0661508
	speed: 0.0397s/iter; left time: 6966.0812s
	iters: 900, epoch: 7 | loss: 0.1745261
	speed: 0.0410s/iter; left time: 7186.5325s
	iters: 1000, epoch: 7 | loss: 0.0519809
	speed: 0.0381s/iter; left time: 6677.2406s
	iters: 1100, epoch: 7 | loss: 0.1725084
	speed: 0.0441s/iter; left time: 7715.3293s
	iters: 1200, epoch: 7 | loss: 0.1350762
	speed: 0.0480s/iter; left time: 8386.2615s
	iters: 1300, epoch: 7 | loss: 0.3647816
	speed: 0.0466s/iter; left time: 8151.6955s
	iters: 1400, epoch: 7 | loss: 0.0335948
	speed: 0.0457s/iter; left time: 7986.3739s
	iters: 1500, epoch: 7 | loss: 0.0807816
	speed: 0.0445s/iter; left time: 7773.3017s
	iters: 1600, epoch: 7 | loss: 0.0714089
	speed: 0.0411s/iter; left time: 7173.7525s
	iters: 1700, epoch: 7 | loss: 0.2598522
	speed: 0.0401s/iter; left time: 6986.7099s
	iters: 1800, epoch: 7 | loss: 0.2884992
	speed: 0.0415s/iter; left time: 7234.4897s
	iters: 1900, epoch: 7 | loss: 0.2604550
	speed: 0.0418s/iter; left time: 7272.5945s
	iters: 2000, epoch: 7 | loss: 0.1516342
	speed: 0.0407s/iter; left time: 7077.7755s
	iters: 2100, epoch: 7 | loss: 0.0163123
	speed: 0.0386s/iter; left time: 6719.2462s
	iters: 2200, epoch: 7 | loss: 0.3657379
	speed: 0.0400s/iter; left time: 6949.1962s
	iters: 2300, epoch: 7 | loss: 0.2369602
	speed: 0.0456s/iter; left time: 7921.6692s
	iters: 2400, epoch: 7 | loss: 0.1139916
	speed: 0.0491s/iter; left time: 8524.2620s
	iters: 2500, epoch: 7 | loss: 0.2111509
	speed: 0.0451s/iter; left time: 7821.0384s
	iters: 2600, epoch: 7 | loss: 0.1611942
	speed: 0.0446s/iter; left time: 7745.1674s
	iters: 2700, epoch: 7 | loss: 0.3261106
	speed: 0.0412s/iter; left time: 7137.3322s
	iters: 2800, epoch: 7 | loss: 0.3232490
	speed: 0.0434s/iter; left time: 7522.3500s
	iters: 2900, epoch: 7 | loss: 0.6011571
	speed: 0.0384s/iter; left time: 6652.0217s
	iters: 3000, epoch: 7 | loss: 0.2824606
	speed: 0.0424s/iter; left time: 7335.0904s
	iters: 3100, epoch: 7 | loss: 0.0900309
	speed: 0.0395s/iter; left time: 6825.6968s
	iters: 3200, epoch: 7 | loss: 0.3408256
	speed: 0.0393s/iter; left time: 6801.8700s
	iters: 3300, epoch: 7 | loss: 0.2412002
	speed: 0.0444s/iter; left time: 7667.4532s
	iters: 3400, epoch: 7 | loss: 0.0602985
	speed: 0.0451s/iter; left time: 7782.6146s
	iters: 3500, epoch: 7 | loss: 0.1537381
	speed: 0.0389s/iter; left time: 6719.4343s
	iters: 3600, epoch: 7 | loss: 0.0584323
	speed: 0.0389s/iter; left time: 6704.8578s
	iters: 3700, epoch: 7 | loss: 0.4990268
	speed: 0.0401s/iter; left time: 6914.1378s
	iters: 3800, epoch: 7 | loss: 0.1234503
	speed: 0.0367s/iter; left time: 6330.0565s
	iters: 3900, epoch: 7 | loss: 0.2974563
	speed: 0.0476s/iter; left time: 8191.6819s
	iters: 4000, epoch: 7 | loss: 0.0336532
	speed: 0.0431s/iter; left time: 7414.9758s
	iters: 4100, epoch: 7 | loss: 0.6407714
	speed: 0.0380s/iter; left time: 6535.0410s
	iters: 4200, epoch: 7 | loss: 0.0666460
	speed: 0.0407s/iter; left time: 6997.1341s
	iters: 4300, epoch: 7 | loss: 0.0962342
	speed: 0.0347s/iter; left time: 5957.2364s
	iters: 4400, epoch: 7 | loss: 0.1464560
	speed: 0.0404s/iter; left time: 6942.8352s
	iters: 4500, epoch: 7 | loss: 0.1201540
	speed: 0.0361s/iter; left time: 6194.8871s
	iters: 4600, epoch: 7 | loss: 0.0241675
	speed: 0.0391s/iter; left time: 6701.3771s
	iters: 4700, epoch: 7 | loss: 0.3100027
	speed: 0.0370s/iter; left time: 6343.5579s
	iters: 4800, epoch: 7 | loss: 0.3979930
	speed: 0.0420s/iter; left time: 7185.5164s
	iters: 4900, epoch: 7 | loss: 0.2448250
	speed: 0.0379s/iter; left time: 6486.5033s
	iters: 5000, epoch: 7 | loss: 0.1931778
	speed: 0.0392s/iter; left time: 6713.2281s
	iters: 5100, epoch: 7 | loss: 0.3077086
	speed: 0.0402s/iter; left time: 6879.0221s
	iters: 5200, epoch: 7 | loss: 0.1320623
	speed: 0.0372s/iter; left time: 6360.5337s
	iters: 5300, epoch: 7 | loss: 0.2978514
	speed: 0.0353s/iter; left time: 6026.1447s
	iters: 5400, epoch: 7 | loss: 0.3048260
	speed: 0.0420s/iter; left time: 7170.7039s
	iters: 5500, epoch: 7 | loss: 0.2149773
	speed: 0.0464s/iter; left time: 7921.0602s
	iters: 5600, epoch: 7 | loss: 0.1461023
	speed: 0.0372s/iter; left time: 6334.8108s
	iters: 5700, epoch: 7 | loss: 0.1887130
	speed: 0.0407s/iter; left time: 6930.9886s
	iters: 5800, epoch: 7 | loss: 0.0157887
	speed: 0.0410s/iter; left time: 6984.6389s
	iters: 5900, epoch: 7 | loss: 0.0721826
	speed: 0.0398s/iter; left time: 6777.1454s
	iters: 6000, epoch: 7 | loss: 0.4262446
	speed: 0.0389s/iter; left time: 6618.1387s
	iters: 6100, epoch: 7 | loss: 0.0847098
	speed: 0.0406s/iter; left time: 6893.1665s
	iters: 6200, epoch: 7 | loss: 0.0423332
	speed: 0.0411s/iter; left time: 6975.7754s
	iters: 6300, epoch: 7 | loss: 0.1809583
	speed: 0.0371s/iter; left time: 6304.5516s
	iters: 6400, epoch: 7 | loss: 0.1578910
	speed: 0.0399s/iter; left time: 6762.6480s
	iters: 6500, epoch: 7 | loss: 0.0670038
	speed: 0.0427s/iter; left time: 7235.1206s
	iters: 6600, epoch: 7 | loss: 0.2697462
	speed: 0.0432s/iter; left time: 7317.8342s
	iters: 6700, epoch: 7 | loss: 0.1609602
	speed: 0.0425s/iter; left time: 7192.3900s
	iters: 6800, epoch: 7 | loss: 0.0475933
	speed: 0.0477s/iter; left time: 8069.3112s
	iters: 6900, epoch: 7 | loss: 0.3897352
	speed: 0.0393s/iter; left time: 6641.3084s
	iters: 7000, epoch: 7 | loss: 0.0176524
	speed: 0.0447s/iter; left time: 7550.1673s
	iters: 7100, epoch: 7 | loss: 0.4045297
	speed: 0.0394s/iter; left time: 6660.2900s
	iters: 7200, epoch: 7 | loss: 0.3267872
	speed: 0.0428s/iter; left time: 7229.8569s
	iters: 7300, epoch: 7 | loss: 0.5273128
	speed: 0.0380s/iter; left time: 6404.7860s
Epoch: 7 cost time: 302.07478523254395
Epoch: 7, Steps: 7336 | Train Loss: 0.187 Vali Loss: 2.091 Vali Acc: 0.594 Test Loss: 2.091 Test Acc: 0.594
EarlyStopping counter: 4 out of 10
	iters: 100, epoch: 8 | loss: 0.0443047
	speed: 0.1761s/iter; left time: 29700.5416s
	iters: 200, epoch: 8 | loss: 0.1483421
	speed: 0.0408s/iter; left time: 6873.4139s
	iters: 300, epoch: 8 | loss: 0.2298909
	speed: 0.0385s/iter; left time: 6489.6656s
	iters: 400, epoch: 8 | loss: 0.0382852
	speed: 0.0434s/iter; left time: 7299.9213s
	iters: 500, epoch: 8 | loss: 0.1346150
	speed: 0.0449s/iter; left time: 7551.2765s
	iters: 600, epoch: 8 | loss: 0.1397497
	speed: 0.0409s/iter; left time: 6869.2202s
	iters: 700, epoch: 8 | loss: 0.0318758
	speed: 0.0411s/iter; left time: 6913.5493s
	iters: 800, epoch: 8 | loss: 0.0752406
	speed: 0.0380s/iter; left time: 6375.5181s
	iters: 900, epoch: 8 | loss: 0.0690854
	speed: 0.0395s/iter; left time: 6628.1500s
	iters: 1000, epoch: 8 | loss: 0.2251952
	speed: 0.0403s/iter; left time: 6756.4374s
	iters: 1100, epoch: 8 | loss: 0.5887924
	speed: 0.0398s/iter; left time: 6666.2197s
	iters: 1200, epoch: 8 | loss: 0.3578281
	speed: 0.0476s/iter; left time: 7973.4773s
	iters: 1300, epoch: 8 | loss: 0.3711641
	speed: 0.0381s/iter; left time: 6373.2044s
	iters: 1400, epoch: 8 | loss: 0.3381656
	speed: 0.0444s/iter; left time: 7421.3068s
	iters: 1500, epoch: 8 | loss: 0.2408960
	speed: 0.0455s/iter; left time: 7610.4154s
	iters: 1600, epoch: 8 | loss: 0.3111636
	speed: 0.0478s/iter; left time: 7984.3113s
	iters: 1700, epoch: 8 | loss: 0.2634289
	speed: 0.0474s/iter; left time: 7925.1655s
	iters: 1800, epoch: 8 | loss: 0.0833746
	speed: 0.0468s/iter; left time: 7815.5579s
	iters: 1900, epoch: 8 | loss: 0.5246055
	speed: 0.0399s/iter; left time: 6661.2004s
	iters: 2000, epoch: 8 | loss: 0.1539304
	speed: 0.0412s/iter; left time: 6867.0618s
	iters: 2100, epoch: 8 | loss: 0.1380616
	speed: 0.0370s/iter; left time: 6158.7117s
	iters: 2200, epoch: 8 | loss: 0.0326179
	speed: 0.0410s/iter; left time: 6821.7694s
	iters: 2300, epoch: 8 | loss: 0.1042171
	speed: 0.0402s/iter; left time: 6691.9687s
	iters: 2400, epoch: 8 | loss: 0.1673822
	speed: 0.0430s/iter; left time: 7160.1392s
	iters: 2500, epoch: 8 | loss: 0.0881526
	speed: 0.0511s/iter; left time: 8494.6683s
	iters: 2600, epoch: 8 | loss: 0.2118243
	speed: 0.0479s/iter; left time: 7962.2069s
	iters: 2700, epoch: 8 | loss: 0.1557898
	speed: 0.0422s/iter; left time: 7001.3068s
	iters: 2800, epoch: 8 | loss: 0.2318510
	speed: 0.0415s/iter; left time: 6878.7132s
	iters: 2900, epoch: 8 | loss: 0.0770635
	speed: 0.0415s/iter; left time: 6877.4166s
	iters: 3000, epoch: 8 | loss: 0.2961735
	speed: 0.0406s/iter; left time: 6723.3962s
	iters: 3100, epoch: 8 | loss: 0.0334334
	speed: 0.0376s/iter; left time: 6230.4975s
	iters: 3200, epoch: 8 | loss: 0.1957887
	speed: 0.0413s/iter; left time: 6831.2194s
	iters: 3300, epoch: 8 | loss: 0.3409753
	speed: 0.0473s/iter; left time: 7818.2989s
	iters: 3400, epoch: 8 | loss: 0.7075907
	speed: 0.0512s/iter; left time: 8460.2418s
	iters: 3500, epoch: 8 | loss: 0.1484026
	speed: 0.0420s/iter; left time: 6944.5722s
	iters: 3600, epoch: 8 | loss: 0.2463524
	speed: 0.0436s/iter; left time: 7206.0356s
	iters: 3700, epoch: 8 | loss: 0.4588780
	speed: 0.0487s/iter; left time: 8037.9178s
	iters: 3800, epoch: 8 | loss: 0.0932292
	speed: 0.0449s/iter; left time: 7410.1303s
	iters: 3900, epoch: 8 | loss: 0.0762267
	speed: 0.0392s/iter; left time: 6456.1060s
	iters: 4000, epoch: 8 | loss: 1.0281035
	speed: 0.0440s/iter; left time: 7241.4847s
	iters: 4100, epoch: 8 | loss: 0.0428951
	speed: 0.0431s/iter; left time: 7101.9371s
	iters: 4200, epoch: 8 | loss: 0.3757944
	speed: 0.0383s/iter; left time: 6300.9942s
	iters: 4300, epoch: 8 | loss: 0.2958302
	speed: 0.0412s/iter; left time: 6773.0186s
	iters: 4400, epoch: 8 | loss: 0.0952223
	speed: 0.0417s/iter; left time: 6858.0762s
	iters: 4500, epoch: 8 | loss: 0.0548625
	speed: 0.0439s/iter; left time: 7207.4978s
	iters: 4600, epoch: 8 | loss: 0.0749658
	speed: 0.0411s/iter; left time: 6741.4536s
	iters: 4700, epoch: 8 | loss: 0.0623547
	speed: 0.0409s/iter; left time: 6710.2752s
	iters: 4800, epoch: 8 | loss: 0.0082560
	speed: 0.0396s/iter; left time: 6491.5701s
	iters: 4900, epoch: 8 | loss: 0.0592431
	speed: 0.0444s/iter; left time: 7268.0335s
	iters: 5000, epoch: 8 | loss: 0.1989038
	speed: 0.0420s/iter; left time: 6876.7699s
	iters: 5100, epoch: 8 | loss: 0.2055747
	speed: 0.0449s/iter; left time: 7346.9768s
	iters: 5200, epoch: 8 | loss: 0.1442353
	speed: 0.0414s/iter; left time: 6773.0019s
	iters: 5300, epoch: 8 | loss: 0.0511871
	speed: 0.0425s/iter; left time: 6947.3215s
	iters: 5400, epoch: 8 | loss: 0.2427705
	speed: 0.0432s/iter; left time: 7056.1795s
	iters: 5500, epoch: 8 | loss: 0.0505407
	speed: 0.0430s/iter; left time: 7019.4704s
	iters: 5600, epoch: 8 | loss: 0.0387423
	speed: 0.0457s/iter; left time: 7453.9883s
	iters: 5700, epoch: 8 | loss: 0.0610876
	speed: 0.0437s/iter; left time: 7130.1516s
	iters: 5800, epoch: 8 | loss: 0.1318969
	speed: 0.0395s/iter; left time: 6441.3507s
	iters: 5900, epoch: 8 | loss: 0.0740086
	speed: 0.0409s/iter; left time: 6656.5606s
	iters: 6000, epoch: 8 | loss: 0.0826641
	speed: 0.0418s/iter; left time: 6796.3140s
	iters: 6100, epoch: 8 | loss: 0.1068200
	speed: 0.0380s/iter; left time: 6175.3158s
	iters: 6200, epoch: 8 | loss: 0.0843555
	speed: 0.0375s/iter; left time: 6086.8279s
	iters: 6300, epoch: 8 | loss: 0.1820792
	speed: 0.0382s/iter; left time: 6196.9228s
	iters: 6400, epoch: 8 | loss: 0.0232534
	speed: 0.0385s/iter; left time: 6247.3643s
	iters: 6500, epoch: 8 | loss: 0.1056524
	speed: 0.0406s/iter; left time: 6582.0752s
	iters: 6600, epoch: 8 | loss: 0.2942081
	speed: 0.0378s/iter; left time: 6126.3281s
	iters: 6700, epoch: 8 | loss: 0.0808425
	speed: 0.0415s/iter; left time: 6726.9997s
	iters: 6800, epoch: 8 | loss: 0.0201778
	speed: 0.0379s/iter; left time: 6140.3667s
	iters: 6900, epoch: 8 | loss: 0.1683002
	speed: 0.0373s/iter; left time: 6037.0165s
	iters: 7000, epoch: 8 | loss: 0.2859019
	speed: 0.0418s/iter; left time: 6761.4322s
	iters: 7100, epoch: 8 | loss: 0.0925289
	speed: 0.0391s/iter; left time: 6322.1387s
	iters: 7200, epoch: 8 | loss: 0.1228654
	speed: 0.0357s/iter; left time: 5770.0216s
	iters: 7300, epoch: 8 | loss: 0.0247860
	speed: 0.0422s/iter; left time: 6809.0547s
Epoch: 8 cost time: 307.85531520843506
Epoch: 8, Steps: 7336 | Train Loss: 0.180 Vali Loss: 2.107 Vali Acc: 0.599 Test Loss: 2.107 Test Acc: 0.599
EarlyStopping counter: 5 out of 10
	iters: 100, epoch: 9 | loss: 0.2782967
	speed: 0.1684s/iter; left time: 27156.5211s
	iters: 200, epoch: 9 | loss: 0.5325588
	speed: 0.0360s/iter; left time: 5798.7062s
	iters: 300, epoch: 9 | loss: 0.1113710
	speed: 0.0395s/iter; left time: 6363.6256s
	iters: 400, epoch: 9 | loss: 0.2288530
	speed: 0.0388s/iter; left time: 6243.5535s
	iters: 500, epoch: 9 | loss: 0.0450511
	speed: 0.0378s/iter; left time: 6084.2660s
	iters: 600, epoch: 9 | loss: 0.1434964
	speed: 0.0394s/iter; left time: 6332.1172s
	iters: 700, epoch: 9 | loss: 0.4439720
	speed: 0.0383s/iter; left time: 6151.6933s
	iters: 800, epoch: 9 | loss: 0.1869058
	speed: 0.0397s/iter; left time: 6369.7334s
	iters: 900, epoch: 9 | loss: 0.2289123
	speed: 0.0384s/iter; left time: 6161.3718s
	iters: 1000, epoch: 9 | loss: 0.3016171
	speed: 0.0393s/iter; left time: 6311.3975s
	iters: 1100, epoch: 9 | loss: 0.2317370
	speed: 0.0378s/iter; left time: 6066.3255s
	iters: 1200, epoch: 9 | loss: 0.0418833
	speed: 0.0414s/iter; left time: 6631.0890s
	iters: 1300, epoch: 9 | loss: 0.3169878
	speed: 0.0389s/iter; left time: 6230.0744s
	iters: 1400, epoch: 9 | loss: 0.2646668
	speed: 0.0402s/iter; left time: 6435.0647s
	iters: 1500, epoch: 9 | loss: 0.2180586
	speed: 0.0403s/iter; left time: 6437.2331s
	iters: 1600, epoch: 9 | loss: 0.3482989
	speed: 0.0409s/iter; left time: 6527.6832s
	iters: 1700, epoch: 9 | loss: 0.4005123
	speed: 0.0406s/iter; left time: 6478.0337s
	iters: 1800, epoch: 9 | loss: 0.2246595
	speed: 0.0482s/iter; left time: 7691.1405s
	iters: 1900, epoch: 9 | loss: 0.6959727
	speed: 0.0376s/iter; left time: 6000.0142s
	iters: 2000, epoch: 9 | loss: 0.0163990
	speed: 0.0414s/iter; left time: 6601.9379s
	iters: 2100, epoch: 9 | loss: 0.2775340
	speed: 0.0395s/iter; left time: 6294.0815s
	iters: 2200, epoch: 9 | loss: 0.0434557
	speed: 0.0380s/iter; left time: 6049.6607s
	iters: 2300, epoch: 9 | loss: 0.5550443
	speed: 0.0412s/iter; left time: 6557.2885s
	iters: 2400, epoch: 9 | loss: 0.2222209
	speed: 0.0441s/iter; left time: 7010.4156s
	iters: 2500, epoch: 9 | loss: 0.1144107
	speed: 0.0393s/iter; left time: 6241.0420s
	iters: 2600, epoch: 9 | loss: 0.2442755
	speed: 0.0414s/iter; left time: 6568.2220s
	iters: 2700, epoch: 9 | loss: 0.1444125
	speed: 0.0388s/iter; left time: 6158.3676s
	iters: 2800, epoch: 9 | loss: 0.1721195
	speed: 0.0369s/iter; left time: 5851.7661s
	iters: 2900, epoch: 9 | loss: 0.0346872
	speed: 0.0372s/iter; left time: 5901.9097s
	iters: 3000, epoch: 9 | loss: 0.0390766
	speed: 0.0360s/iter; left time: 5703.2540s
	iters: 3100, epoch: 9 | loss: 0.2395377
	speed: 0.0354s/iter; left time: 5601.8429s
	iters: 3200, epoch: 9 | loss: 0.1639995
	speed: 0.0365s/iter; left time: 5767.7317s
	iters: 3300, epoch: 9 | loss: 0.0495290
	speed: 0.0388s/iter; left time: 6139.0514s
	iters: 3400, epoch: 9 | loss: 0.2932481
	speed: 0.0388s/iter; left time: 6124.2862s
	iters: 3500, epoch: 9 | loss: 0.1592381
	speed: 0.0377s/iter; left time: 5945.3266s
	iters: 3600, epoch: 9 | loss: 0.2267124
	speed: 0.0362s/iter; left time: 5716.7992s
	iters: 3700, epoch: 9 | loss: 0.0125257
	speed: 0.0399s/iter; left time: 6284.3497s
	iters: 3800, epoch: 9 | loss: 0.1120296
	speed: 0.0414s/iter; left time: 6525.5245s
	iters: 3900, epoch: 9 | loss: 0.0850670
	speed: 0.0404s/iter; left time: 6359.8521s
	iters: 4000, epoch: 9 | loss: 0.3817541
	speed: 0.0398s/iter; left time: 6271.1799s
	iters: 4100, epoch: 9 | loss: 0.0364971
	speed: 0.0410s/iter; left time: 6452.3887s
	iters: 4200, epoch: 9 | loss: 0.1261128
	speed: 0.0392s/iter; left time: 6158.6759s
	iters: 4300, epoch: 9 | loss: 0.3073286
	speed: 0.0423s/iter; left time: 6645.6860s
	iters: 4400, epoch: 9 | loss: 0.0750978
	speed: 0.0437s/iter; left time: 6857.6459s
	iters: 4500, epoch: 9 | loss: 0.0791476
	speed: 0.0414s/iter; left time: 6490.2405s
	iters: 4600, epoch: 9 | loss: 0.1260670
	speed: 0.0354s/iter; left time: 5555.9599s
	iters: 4700, epoch: 9 | loss: 0.0855335
	speed: 0.0390s/iter; left time: 6106.8000s
	iters: 4800, epoch: 9 | loss: 0.3988740
	speed: 0.0408s/iter; left time: 6388.1464s
	iters: 4900, epoch: 9 | loss: 0.1155864
	speed: 0.0410s/iter; left time: 6411.9359s
	iters: 5000, epoch: 9 | loss: 0.1479795
	speed: 0.0433s/iter; left time: 6767.8114s
	iters: 5100, epoch: 9 | loss: 0.7345753
	speed: 0.0434s/iter; left time: 6779.7840s
	iters: 5200, epoch: 9 | loss: 0.3389394
	speed: 0.0408s/iter; left time: 6372.4121s
	iters: 5300, epoch: 9 | loss: 0.1758520
	speed: 0.0410s/iter; left time: 6400.1951s
	iters: 5400, epoch: 9 | loss: 0.0360185
	speed: 0.0460s/iter; left time: 7180.4428s
	iters: 5500, epoch: 9 | loss: 0.0882722
	speed: 0.0358s/iter; left time: 5576.3653s
	iters: 5600, epoch: 9 | loss: 0.1285837
	speed: 0.0425s/iter; left time: 6620.5685s
	iters: 5700, epoch: 9 | loss: 0.2152572
	speed: 0.0361s/iter; left time: 5620.4878s
	iters: 5800, epoch: 9 | loss: 0.3160631
	speed: 0.0411s/iter; left time: 6400.1836s
	iters: 5900, epoch: 9 | loss: 0.2764917
	speed: 0.0432s/iter; left time: 6714.7128s
	iters: 6000, epoch: 9 | loss: 0.1766989
	speed: 0.0408s/iter; left time: 6343.0889s
	iters: 6100, epoch: 9 | loss: 0.1325323
	speed: 0.0389s/iter; left time: 6034.4711s
	iters: 6200, epoch: 9 | loss: 0.1360919
	speed: 0.0414s/iter; left time: 6420.9654s
	iters: 6300, epoch: 9 | loss: 0.1368589
	speed: 0.0412s/iter; left time: 6390.1576s
	iters: 6400, epoch: 9 | loss: 0.0475064
	speed: 0.0407s/iter; left time: 6305.3936s
	iters: 6500, epoch: 9 | loss: 0.2933650
	speed: 0.0398s/iter; left time: 6162.3591s
	iters: 6600, epoch: 9 | loss: 0.3434247
	speed: 0.0416s/iter; left time: 6441.1209s
	iters: 6700, epoch: 9 | loss: 0.0550137
	speed: 0.0420s/iter; left time: 6493.1653s
	iters: 6800, epoch: 9 | loss: 0.0169483
	speed: 0.0423s/iter; left time: 6534.4110s
	iters: 6900, epoch: 9 | loss: 0.0194586
	speed: 0.0478s/iter; left time: 7381.0035s
	iters: 7000, epoch: 9 | loss: 0.0318614
	speed: 0.0443s/iter; left time: 6846.7968s
	iters: 7100, epoch: 9 | loss: 0.0963024
	speed: 0.0424s/iter; left time: 6547.3554s
	iters: 7200, epoch: 9 | loss: 0.4702753
	speed: 0.0387s/iter; left time: 5960.8961s
	iters: 7300, epoch: 9 | loss: 0.0478184
	speed: 0.0375s/iter; left time: 5777.7931s
Epoch: 9 cost time: 294.4602828025818
Epoch: 9, Steps: 7336 | Train Loss: 0.176 Vali Loss: 2.172 Vali Acc: 0.596 Test Loss: 2.172 Test Acc: 0.596
EarlyStopping counter: 6 out of 10
	iters: 100, epoch: 10 | loss: 0.0797906
	speed: 0.1820s/iter; left time: 28022.2946s
	iters: 200, epoch: 10 | loss: 0.1334192
	speed: 0.0390s/iter; left time: 5992.8031s
	iters: 300, epoch: 10 | loss: 0.0169776
	speed: 0.0458s/iter; left time: 7040.9627s
	iters: 400, epoch: 10 | loss: 0.0965106
	speed: 0.0441s/iter; left time: 6769.8716s
	iters: 500, epoch: 10 | loss: 0.2775376
	speed: 0.0388s/iter; left time: 5952.3799s
	iters: 600, epoch: 10 | loss: 0.3111056
	speed: 0.0430s/iter; left time: 6591.8831s
	iters: 700, epoch: 10 | loss: 0.2639383
	speed: 0.0404s/iter; left time: 6200.7591s
	iters: 800, epoch: 10 | loss: 0.1257716
	speed: 0.0433s/iter; left time: 6642.7611s
	iters: 900, epoch: 10 | loss: 0.2152680
	speed: 0.0390s/iter; left time: 5972.8566s
	iters: 1000, epoch: 10 | loss: 0.3426863
	speed: 0.0456s/iter; left time: 6979.2188s
	iters: 1100, epoch: 10 | loss: 0.2633105
	speed: 0.0422s/iter; left time: 6461.5914s
	iters: 1200, epoch: 10 | loss: 0.1392291
	speed: 0.0472s/iter; left time: 7217.9128s
	iters: 1300, epoch: 10 | loss: 0.2109028
	speed: 0.0418s/iter; left time: 6385.1345s
	iters: 1400, epoch: 10 | loss: 0.2346036
	speed: 0.0429s/iter; left time: 6544.8528s
	iters: 1500, epoch: 10 | loss: 0.0993229
	speed: 0.0419s/iter; left time: 6388.8496s
	iters: 1600, epoch: 10 | loss: 0.3321267
	speed: 0.0429s/iter; left time: 6539.6234s
	iters: 1700, epoch: 10 | loss: 0.0797425
	speed: 0.0405s/iter; left time: 6165.9869s
	iters: 1800, epoch: 10 | loss: 0.0253017
	speed: 0.0418s/iter; left time: 6362.7052s
	iters: 1900, epoch: 10 | loss: 0.1275335
	speed: 0.0432s/iter; left time: 6567.7574s
	iters: 2000, epoch: 10 | loss: 0.4330783
	speed: 0.0417s/iter; left time: 6333.9636s
	iters: 2100, epoch: 10 | loss: 0.2586576
	speed: 0.0472s/iter; left time: 7169.2652s
	iters: 2200, epoch: 10 | loss: 0.2509085
	speed: 0.0444s/iter; left time: 6736.7739s
	iters: 2300, epoch: 10 | loss: 0.0731161
	speed: 0.0424s/iter; left time: 6435.9477s
	iters: 2400, epoch: 10 | loss: 0.0478031
	speed: 0.0441s/iter; left time: 6687.2169s
	iters: 2500, epoch: 10 | loss: 0.0265856
	speed: 0.0434s/iter; left time: 6573.3232s
	iters: 2600, epoch: 10 | loss: 0.3542520
	speed: 0.0430s/iter; left time: 6517.9970s
	iters: 2700, epoch: 10 | loss: 0.0123020
	speed: 0.0429s/iter; left time: 6499.6696s
	iters: 2800, epoch: 10 | loss: 0.2708549
	speed: 0.0466s/iter; left time: 7043.4843s
	iters: 2900, epoch: 10 | loss: 0.1030335
	speed: 0.0408s/iter; left time: 6161.2083s
	iters: 3000, epoch: 10 | loss: 0.1257727
	speed: 0.0480s/iter; left time: 7254.6515s
	iters: 3100, epoch: 10 | loss: 0.1734435
	speed: 0.0459s/iter; left time: 6935.7544s
	iters: 3200, epoch: 10 | loss: 0.0207090
	speed: 0.0429s/iter; left time: 6475.8572s
	iters: 3300, epoch: 10 | loss: 0.9611323
	speed: 0.0423s/iter; left time: 6373.2464s
	iters: 3400, epoch: 10 | loss: 0.2882009
	speed: 0.0417s/iter; left time: 6281.5684s
	iters: 3500, epoch: 10 | loss: 0.1909326
	speed: 0.0399s/iter; left time: 6005.0684s
	iters: 3600, epoch: 10 | loss: 0.1464765
	speed: 0.0387s/iter; left time: 5828.0019s
	iters: 3700, epoch: 10 | loss: 0.0791084
	speed: 0.0378s/iter; left time: 5683.5770s
	iters: 3800, epoch: 10 | loss: 0.3752291
	speed: 0.0408s/iter; left time: 6132.9545s
	iters: 3900, epoch: 10 | loss: 0.0340547
	speed: 0.0380s/iter; left time: 5711.7548s
	iters: 4000, epoch: 10 | loss: 0.0773822
	speed: 0.0376s/iter; left time: 5646.2349s
	iters: 4100, epoch: 10 | loss: 0.2190481
	speed: 0.0390s/iter; left time: 5846.3632s
	iters: 4200, epoch: 10 | loss: 0.1601313
	speed: 0.0368s/iter; left time: 5511.2967s
	iters: 4300, epoch: 10 | loss: 0.2273441
	speed: 0.0420s/iter; left time: 6294.3257s
	iters: 4400, epoch: 10 | loss: 0.0199031
	speed: 0.0450s/iter; left time: 6727.2679s
	iters: 4500, epoch: 10 | loss: 0.5062301
	speed: 0.0480s/iter; left time: 7171.8505s
	iters: 4600, epoch: 10 | loss: 0.0725475
	speed: 0.0420s/iter; left time: 6271.4322s
	iters: 4700, epoch: 10 | loss: 0.3793489
	speed: 0.0458s/iter; left time: 6838.9712s
	iters: 4800, epoch: 10 | loss: 0.0649215
	speed: 0.0451s/iter; left time: 6727.2738s
	iters: 4900, epoch: 10 | loss: 0.2838805
	speed: 0.0398s/iter; left time: 5942.9045s
	iters: 5000, epoch: 10 | loss: 0.1798755
	speed: 0.0350s/iter; left time: 5219.2342s
	iters: 5100, epoch: 10 | loss: 0.1127523
	speed: 0.0346s/iter; left time: 5160.3155s
	iters: 5200, epoch: 10 | loss: 0.0441651
	speed: 0.0406s/iter; left time: 6049.2733s
	iters: 5300, epoch: 10 | loss: 0.1202395
	speed: 0.0394s/iter; left time: 5861.3249s
	iters: 5400, epoch: 10 | loss: 0.2130444
	speed: 0.0426s/iter; left time: 6334.4391s
	iters: 5500, epoch: 10 | loss: 0.0953838
	speed: 0.0426s/iter; left time: 6322.0483s
	iters: 5600, epoch: 10 | loss: 0.1320056
	speed: 0.0373s/iter; left time: 5542.0078s
	iters: 5700, epoch: 10 | loss: 0.0620378
	speed: 0.0401s/iter; left time: 5955.5423s
	iters: 5800, epoch: 10 | loss: 0.0923982
	speed: 0.0399s/iter; left time: 5917.5246s
	iters: 5900, epoch: 10 | loss: 0.0114770
	speed: 0.0393s/iter; left time: 5821.8062s
	iters: 6000, epoch: 10 | loss: 0.1515472
	speed: 0.0439s/iter; left time: 6503.4290s
	iters: 6100, epoch: 10 | loss: 0.0779934
	speed: 0.0406s/iter; left time: 6002.9632s
	iters: 6200, epoch: 10 | loss: 0.0701181
	speed: 0.0379s/iter; left time: 5600.3622s
	iters: 6300, epoch: 10 | loss: 0.2043361
	speed: 0.0365s/iter; left time: 5393.6724s
	iters: 6400, epoch: 10 | loss: 0.7231321
	speed: 0.0394s/iter; left time: 5812.8235s
	iters: 6500, epoch: 10 | loss: 0.1070761
	speed: 0.0442s/iter; left time: 6526.7217s
	iters: 6600, epoch: 10 | loss: 0.1333987
	speed: 0.0435s/iter; left time: 6421.3530s
	iters: 6700, epoch: 10 | loss: 0.1390971
	speed: 0.0469s/iter; left time: 6904.3938s
	iters: 6800, epoch: 10 | loss: 0.1122308
	speed: 0.0372s/iter; left time: 5484.5497s
	iters: 6900, epoch: 10 | loss: 0.1695337
	speed: 0.0420s/iter; left time: 6174.3128s
	iters: 7000, epoch: 10 | loss: 0.0760139
	speed: 0.0389s/iter; left time: 5719.3278s
	iters: 7100, epoch: 10 | loss: 0.0292820
	speed: 0.0444s/iter; left time: 6524.3317s
	iters: 7200, epoch: 10 | loss: 0.1433686
	speed: 0.0403s/iter; left time: 5917.0097s
	iters: 7300, epoch: 10 | loss: 0.0261453
	speed: 0.0386s/iter; left time: 5666.6801s
Epoch: 10 cost time: 306.83545088768005
Epoch: 10, Steps: 7336 | Train Loss: 0.172 Vali Loss: 2.268 Vali Acc: 0.604 Test Loss: 2.268 Test Acc: 0.604
EarlyStopping counter: 7 out of 10
Updating learning rate to 1.953125e-06
	iters: 100, epoch: 11 | loss: 0.2603133
	speed: 0.1810s/iter; left time: 26536.4932s
	iters: 200, epoch: 11 | loss: 0.1621812
	speed: 0.0369s/iter; left time: 5408.3420s
	iters: 300, epoch: 11 | loss: 0.0223179
	speed: 0.0447s/iter; left time: 6542.8257s
	iters: 400, epoch: 11 | loss: 0.0094944
	speed: 0.0460s/iter; left time: 6729.0900s
	iters: 500, epoch: 11 | loss: 0.1979844
	speed: 0.0469s/iter; left time: 6857.9518s
	iters: 600, epoch: 11 | loss: 0.0427458
	speed: 0.0462s/iter; left time: 6755.5088s
	iters: 700, epoch: 11 | loss: 0.1567428
	speed: 0.0459s/iter; left time: 6698.7323s
	iters: 800, epoch: 11 | loss: 0.2776968
	speed: 0.0428s/iter; left time: 6246.4374s
	iters: 900, epoch: 11 | loss: 0.0726875
	speed: 0.0462s/iter; left time: 6738.8311s
	iters: 1000, epoch: 11 | loss: 0.0874444
	speed: 0.0397s/iter; left time: 5784.4188s
	iters: 1100, epoch: 11 | loss: 0.0242333
	speed: 0.0440s/iter; left time: 6400.4491s
	iters: 1200, epoch: 11 | loss: 0.1777328
	speed: 0.0456s/iter; left time: 6632.9087s
	iters: 1300, epoch: 11 | loss: 0.0681435
	speed: 0.0426s/iter; left time: 6188.4393s
	iters: 1400, epoch: 11 | loss: 0.1220708
	speed: 0.0409s/iter; left time: 5939.0460s
	iters: 1500, epoch: 11 | loss: 0.0151493
	speed: 0.0477s/iter; left time: 6930.2149s
	iters: 1600, epoch: 11 | loss: 0.1785681
	speed: 0.0422s/iter; left time: 6124.1779s
	iters: 1700, epoch: 11 | loss: 0.0763546
	speed: 0.0393s/iter; left time: 5700.9553s
	iters: 1800, epoch: 11 | loss: 0.0809798
	speed: 0.0405s/iter; left time: 5867.6965s
	iters: 1900, epoch: 11 | loss: 0.5615538
	speed: 0.0428s/iter; left time: 6204.4982s
	iters: 2000, epoch: 11 | loss: 0.1113541
	speed: 0.0426s/iter; left time: 6165.1995s
	iters: 2100, epoch: 11 | loss: 0.2314809
	speed: 0.0403s/iter; left time: 5824.7462s
	iters: 2200, epoch: 11 | loss: 0.1086920
	speed: 0.0409s/iter; left time: 5911.8546s
	iters: 2300, epoch: 11 | loss: 0.1404610
	speed: 0.0409s/iter; left time: 5904.9246s
	iters: 2400, epoch: 11 | loss: 0.2043779
	speed: 0.0396s/iter; left time: 5716.2416s
	iters: 2500, epoch: 11 | loss: 0.0668480
	speed: 0.0423s/iter; left time: 6099.8448s
	iters: 2600, epoch: 11 | loss: 0.3571856
	speed: 0.0417s/iter; left time: 6014.9337s
	iters: 2700, epoch: 11 | loss: 0.1165208
	speed: 0.0368s/iter; left time: 5297.2324s
	iters: 2800, epoch: 11 | loss: 0.0153351
	speed: 0.0415s/iter; left time: 5966.5082s
	iters: 2900, epoch: 11 | loss: 0.1640162
	speed: 0.0466s/iter; left time: 6697.1200s
	iters: 3000, epoch: 11 | loss: 0.0257323
	speed: 0.0428s/iter; left time: 6147.8767s
	iters: 3100, epoch: 11 | loss: 0.0907470
	speed: 0.0413s/iter; left time: 5926.5016s
	iters: 3200, epoch: 11 | loss: 0.3138860
	speed: 0.0371s/iter; left time: 5329.7444s
	iters: 3300, epoch: 11 | loss: 0.1885085
	speed: 0.0375s/iter; left time: 5371.8573s
	iters: 3400, epoch: 11 | loss: 0.0680908
	speed: 0.0389s/iter; left time: 5573.4430s
	iters: 3500, epoch: 11 | loss: 0.1324103
	speed: 0.0377s/iter; left time: 5399.6707s
	iters: 3600, epoch: 11 | loss: 0.1342727
	speed: 0.0379s/iter; left time: 5424.8530s
	iters: 3700, epoch: 11 | loss: 0.1800665
	speed: 0.0395s/iter; left time: 5650.3355s
	iters: 3800, epoch: 11 | loss: 0.3799822
	speed: 0.0394s/iter; left time: 5629.6989s
	iters: 3900, epoch: 11 | loss: 0.0553005
	speed: 0.0369s/iter; left time: 5269.3465s
	iters: 4000, epoch: 11 | loss: 0.0839891
	speed: 0.0393s/iter; left time: 5603.6547s
	iters: 4100, epoch: 11 | loss: 0.0685435
	speed: 0.0386s/iter; left time: 5510.2856s
	iters: 4200, epoch: 11 | loss: 0.2889231
	speed: 0.0376s/iter; left time: 5352.6756s
	iters: 4300, epoch: 11 | loss: 0.3078826
	speed: 0.0386s/iter; left time: 5494.3493s
	iters: 4400, epoch: 11 | loss: 0.0708679
	speed: 0.0414s/iter; left time: 5897.1393s
	iters: 4500, epoch: 11 | loss: 0.2324723
	speed: 0.0419s/iter; left time: 5962.4335s
	iters: 4600, epoch: 11 | loss: 0.1127202
	speed: 0.0397s/iter; left time: 5635.1236s
	iters: 4700, epoch: 11 | loss: 0.6304261
	speed: 0.0395s/iter; left time: 5603.6653s
	iters: 4800, epoch: 11 | loss: 0.1008018
	speed: 0.0432s/iter; left time: 6134.5586s
	iters: 4900, epoch: 11 | loss: 0.0676024
	speed: 0.0482s/iter; left time: 6834.7391s
	iters: 5000, epoch: 11 | loss: 0.0458814
	speed: 0.0418s/iter; left time: 5924.4089s
	iters: 5100, epoch: 11 | loss: 0.0281111
	speed: 0.0451s/iter; left time: 6390.0555s
	iters: 5200, epoch: 11 | loss: 0.0481525
	speed: 0.0488s/iter; left time: 6908.1489s
	iters: 5300, epoch: 11 | loss: 0.5388188
	speed: 0.0410s/iter; left time: 5793.5745s
	iters: 5400, epoch: 11 | loss: 0.0999238
	speed: 0.0395s/iter; left time: 5587.9058s
	iters: 5500, epoch: 11 | loss: 0.2951144
	speed: 0.0404s/iter; left time: 5712.1657s
	iters: 5600, epoch: 11 | loss: 0.0543203
	speed: 0.0373s/iter; left time: 5257.5703s
	iters: 5700, epoch: 11 | loss: 0.1012380
	speed: 0.0397s/iter; left time: 5596.9932s
	iters: 5800, epoch: 11 | loss: 0.1157714
	speed: 0.0383s/iter; left time: 5403.0060s
	iters: 5900, epoch: 11 | loss: 0.1687785
	speed: 0.0404s/iter; left time: 5685.6796s
	iters: 6000, epoch: 11 | loss: 0.2016591
	speed: 0.0390s/iter; left time: 5491.8469s
	iters: 6100, epoch: 11 | loss: 0.2166462
	speed: 0.0403s/iter; left time: 5666.9032s
	iters: 6200, epoch: 11 | loss: 0.2391709
	speed: 0.0457s/iter; left time: 6425.6242s
	iters: 6300, epoch: 11 | loss: 0.5116889
	speed: 0.0439s/iter; left time: 6158.2262s
	iters: 6400, epoch: 11 | loss: 0.0892122
	speed: 0.0451s/iter; left time: 6335.0952s
	iters: 6500, epoch: 11 | loss: 0.2754028
	speed: 0.0377s/iter; left time: 5291.5396s
	iters: 6600, epoch: 11 | loss: 0.1586024
	speed: 0.0421s/iter; left time: 5904.4831s
	iters: 6700, epoch: 11 | loss: 0.0438133
	speed: 0.0439s/iter; left time: 6143.7713s
	iters: 6800, epoch: 11 | loss: 0.2683989
	speed: 0.0381s/iter; left time: 5334.4081s
	iters: 6900, epoch: 11 | loss: 0.0330733
	speed: 0.0376s/iter; left time: 5253.3836s
	iters: 7000, epoch: 11 | loss: 0.2465840
	speed: 0.0373s/iter; left time: 5213.2276s
	iters: 7100, epoch: 11 | loss: 0.0848081
	speed: 0.0391s/iter; left time: 5465.2147s
	iters: 7200, epoch: 11 | loss: 0.2390766
	speed: 0.0402s/iter; left time: 5614.3106s
	iters: 7300, epoch: 11 | loss: 0.0753043
	speed: 0.0404s/iter; left time: 5632.1387s
Epoch: 11 cost time: 303.5933175086975
Epoch: 11, Steps: 7336 | Train Loss: 0.165 Vali Loss: 2.243 Vali Acc: 0.602 Test Loss: 2.243 Test Acc: 0.602
EarlyStopping counter: 8 out of 10
	iters: 100, epoch: 12 | loss: 0.1456374
	speed: 0.1716s/iter; left time: 23904.5286s
	iters: 200, epoch: 12 | loss: 0.3650781
	speed: 0.0409s/iter; left time: 5695.6380s
	iters: 300, epoch: 12 | loss: 0.0358800
	speed: 0.0417s/iter; left time: 5793.0281s
	iters: 400, epoch: 12 | loss: 0.0679039
	speed: 0.0383s/iter; left time: 5321.1972s
	iters: 500, epoch: 12 | loss: 0.4368475
	speed: 0.0428s/iter; left time: 5940.9415s
	iters: 600, epoch: 12 | loss: 0.4089560
	speed: 0.0370s/iter; left time: 5136.2614s
	iters: 700, epoch: 12 | loss: 0.0105290
	speed: 0.0393s/iter; left time: 5456.5534s
	iters: 800, epoch: 12 | loss: 0.3420843
	speed: 0.0377s/iter; left time: 5219.8004s
	iters: 900, epoch: 12 | loss: 0.0296372
	speed: 0.0393s/iter; left time: 5447.9643s
	iters: 1000, epoch: 12 | loss: 0.2215449
	speed: 0.0374s/iter; left time: 5173.0697s
	iters: 1100, epoch: 12 | loss: 0.0635962
	speed: 0.0397s/iter; left time: 5485.9018s
	iters: 1200, epoch: 12 | loss: 0.0970758
	speed: 0.0388s/iter; left time: 5361.1568s
	iters: 1300, epoch: 12 | loss: 0.1932567
	speed: 0.0422s/iter; left time: 5820.6886s
	iters: 1400, epoch: 12 | loss: 0.1726546
	speed: 0.0413s/iter; left time: 5697.0558s
	iters: 1500, epoch: 12 | loss: 0.1390588
	speed: 0.0437s/iter; left time: 6029.7839s
	iters: 1600, epoch: 12 | loss: 0.5043964
	speed: 0.0426s/iter; left time: 5869.4528s
	iters: 1700, epoch: 12 | loss: 0.1209607
	speed: 0.0450s/iter; left time: 6190.7687s
	iters: 1800, epoch: 12 | loss: 0.2532766
	speed: 0.0462s/iter; left time: 6359.8872s
	iters: 1900, epoch: 12 | loss: 0.0408969
	speed: 0.0472s/iter; left time: 6493.9988s
	iters: 2000, epoch: 12 | loss: 0.2688933
	speed: 0.0444s/iter; left time: 6096.2802s
	iters: 2100, epoch: 12 | loss: 0.1663623
	speed: 0.0469s/iter; left time: 6435.1535s
	iters: 2200, epoch: 12 | loss: 0.0724902
	speed: 0.0470s/iter; left time: 6448.6191s
	iters: 2300, epoch: 12 | loss: 0.0272385
	speed: 0.0454s/iter; left time: 6217.9240s
	iters: 2400, epoch: 12 | loss: 0.0432893
	speed: 0.0468s/iter; left time: 6414.5593s
	iters: 2500, epoch: 12 | loss: 0.1810644
	speed: 0.0432s/iter; left time: 5919.8106s
	iters: 2600, epoch: 12 | loss: 0.0882363
	speed: 0.0388s/iter; left time: 5311.9680s
	iters: 2700, epoch: 12 | loss: 0.0404405
	speed: 0.0393s/iter; left time: 5375.2564s
	iters: 2800, epoch: 12 | loss: 0.1523005
	speed: 0.0359s/iter; left time: 4907.9265s
	iters: 2900, epoch: 12 | loss: 0.3321578
	speed: 0.0405s/iter; left time: 5522.3152s
	iters: 3000, epoch: 12 | loss: 0.2361245
	speed: 0.0416s/iter; left time: 5669.8767s
	iters: 3100, epoch: 12 | loss: 0.0529744
	speed: 0.0421s/iter; left time: 5731.7521s
	iters: 3200, epoch: 12 | loss: 0.1024722
	speed: 0.0409s/iter; left time: 5563.2203s
	iters: 3300, epoch: 12 | loss: 0.0988271
	speed: 0.0409s/iter; left time: 5571.0968s
	iters: 3400, epoch: 12 | loss: 0.0329845
	speed: 0.0462s/iter; left time: 6282.8820s
	iters: 3500, epoch: 12 | loss: 0.2441576
	speed: 0.0430s/iter; left time: 5841.2915s
	iters: 3600, epoch: 12 | loss: 0.0630386
	speed: 0.0412s/iter; left time: 5593.0097s
	iters: 3700, epoch: 12 | loss: 0.1257728
	speed: 0.0420s/iter; left time: 5698.0396s
	iters: 3800, epoch: 12 | loss: 0.0620329
	speed: 0.0422s/iter; left time: 5720.1254s
	iters: 3900, epoch: 12 | loss: 0.0757080
	speed: 0.0454s/iter; left time: 6150.5687s
	iters: 4000, epoch: 12 | loss: 0.1128239
	speed: 0.0402s/iter; left time: 5438.8347s
	iters: 4100, epoch: 12 | loss: 0.2709999
	speed: 0.0433s/iter; left time: 5858.3187s
	iters: 4200, epoch: 12 | loss: 0.3450389
	speed: 0.0384s/iter; left time: 5194.1677s
	iters: 4300, epoch: 12 | loss: 0.0395548
	speed: 0.0424s/iter; left time: 5726.5454s
	iters: 4400, epoch: 12 | loss: 0.3728788
	speed: 0.0417s/iter; left time: 5628.5817s
	iters: 4500, epoch: 12 | loss: 0.0866880
	speed: 0.0397s/iter; left time: 5361.3326s
	iters: 4600, epoch: 12 | loss: 0.2191474
	speed: 0.0426s/iter; left time: 5746.8772s
	iters: 4700, epoch: 12 | loss: 0.0242591
	speed: 0.0423s/iter; left time: 5692.3553s
	iters: 4800, epoch: 12 | loss: 0.3049357
	speed: 0.0391s/iter; left time: 5255.7239s
	iters: 4900, epoch: 12 | loss: 0.0562884
	speed: 0.0406s/iter; left time: 5465.0518s
	iters: 5000, epoch: 12 | loss: 0.4493509
	speed: 0.0428s/iter; left time: 5751.0372s
	iters: 5100, epoch: 12 | loss: 0.1289563
	speed: 0.0401s/iter; left time: 5390.0743s
	iters: 5200, epoch: 12 | loss: 0.0399669
	speed: 0.0382s/iter; left time: 5130.2444s
	iters: 5300, epoch: 12 | loss: 0.4696513
	speed: 0.0454s/iter; left time: 6081.4566s
	iters: 5400, epoch: 12 | loss: 0.0527781
	speed: 0.0410s/iter; left time: 5489.4052s
	iters: 5500, epoch: 12 | loss: 0.0644955
	speed: 0.0377s/iter; left time: 5053.6408s
	iters: 5600, epoch: 12 | loss: 0.1403504
	speed: 0.0364s/iter; left time: 4869.0108s
	iters: 5700, epoch: 12 | loss: 0.0806952
	speed: 0.0389s/iter; left time: 5204.6097s
	iters: 5800, epoch: 12 | loss: 0.0613454
	speed: 0.0373s/iter; left time: 4982.0323s
	iters: 5900, epoch: 12 | loss: 0.1743149
	speed: 0.0392s/iter; left time: 5229.7577s
	iters: 6000, epoch: 12 | loss: 0.1824099
	speed: 0.0351s/iter; left time: 4682.7243s
	iters: 6100, epoch: 12 | loss: 0.0339856
	speed: 0.0367s/iter; left time: 4886.0697s
	iters: 6200, epoch: 12 | loss: 0.1089863
	speed: 0.0372s/iter; left time: 4958.6827s
	iters: 6300, epoch: 12 | loss: 0.1343498
	speed: 0.0455s/iter; left time: 6054.6960s
	iters: 6400, epoch: 12 | loss: 0.2298649
	speed: 0.0400s/iter; left time: 5323.1711s
	iters: 6500, epoch: 12 | loss: 0.1171488
	speed: 0.0369s/iter; left time: 4902.0939s
	iters: 6600, epoch: 12 | loss: 0.0710842
	speed: 0.0347s/iter; left time: 4610.6806s
	iters: 6700, epoch: 12 | loss: 0.1394553
	speed: 0.0370s/iter; left time: 4907.2664s
	iters: 6800, epoch: 12 | loss: 0.0330874
	speed: 0.0356s/iter; left time: 4722.9973s
	iters: 6900, epoch: 12 | loss: 0.0996925
	speed: 0.0380s/iter; left time: 5028.2124s
	iters: 7000, epoch: 12 | loss: 0.1166755
	speed: 0.0388s/iter; left time: 5133.9399s
	iters: 7100, epoch: 12 | loss: 0.1154338
	speed: 0.0347s/iter; left time: 4590.8998s
	iters: 7200, epoch: 12 | loss: 0.1273252
	speed: 0.0390s/iter; left time: 5156.9220s
	iters: 7300, epoch: 12 | loss: 0.0135693
	speed: 0.0355s/iter; left time: 4692.7605s
Epoch: 12 cost time: 298.2084345817566
Epoch: 12, Steps: 7336 | Train Loss: 0.164 Vali Loss: 2.230 Vali Acc: 0.603 Test Loss: 2.230 Test Acc: 0.603
EarlyStopping counter: 9 out of 10
	iters: 100, epoch: 13 | loss: 0.0739994
	speed: 0.1754s/iter; left time: 23138.5792s
	iters: 200, epoch: 13 | loss: 0.0560516
	speed: 0.0364s/iter; left time: 4803.1885s
	iters: 300, epoch: 13 | loss: 0.3122168
	speed: 0.0409s/iter; left time: 5388.9891s
	iters: 400, epoch: 13 | loss: 0.1445825
	speed: 0.0377s/iter; left time: 4958.5257s
	iters: 500, epoch: 13 | loss: 0.0388381
	speed: 0.0345s/iter; left time: 4544.4712s
	iters: 600, epoch: 13 | loss: 0.1983418
	speed: 0.0400s/iter; left time: 5257.6654s
	iters: 700, epoch: 13 | loss: 0.0876696
	speed: 0.0372s/iter; left time: 4880.0189s
	iters: 800, epoch: 13 | loss: 0.1110045
	speed: 0.0446s/iter; left time: 5855.2119s
	iters: 900, epoch: 13 | loss: 0.0259941
	speed: 0.0417s/iter; left time: 5466.8215s
	iters: 1000, epoch: 13 | loss: 0.3317768
	speed: 0.0378s/iter; left time: 4947.7007s
	iters: 1100, epoch: 13 | loss: 0.2339759
	speed: 0.0401s/iter; left time: 5251.6746s
	iters: 1200, epoch: 13 | loss: 0.2957568
	speed: 0.0429s/iter; left time: 5607.4089s
	iters: 1300, epoch: 13 | loss: 0.1238011
	speed: 0.0410s/iter; left time: 5356.4117s
	iters: 1400, epoch: 13 | loss: 0.2178204
	speed: 0.0413s/iter; left time: 5394.1302s
	iters: 1500, epoch: 13 | loss: 0.2052190
	speed: 0.0381s/iter; left time: 4971.8700s
	iters: 1600, epoch: 13 | loss: 0.0847222
	speed: 0.0372s/iter; left time: 4846.4611s
	iters: 1700, epoch: 13 | loss: 0.1078211
	speed: 0.0408s/iter; left time: 5319.0362s
	iters: 1800, epoch: 13 | loss: 0.0774177
	speed: 0.0388s/iter; left time: 5053.2555s
	iters: 1900, epoch: 13 | loss: 0.0284477
	speed: 0.0375s/iter; left time: 4876.1049s
	iters: 2000, epoch: 13 | loss: 0.0860659
	speed: 0.0370s/iter; left time: 4811.3948s
	iters: 2100, epoch: 13 | loss: 0.1578665
	speed: 0.0375s/iter; left time: 4877.4659s
	iters: 2200, epoch: 13 | loss: 0.1189026
	speed: 0.0362s/iter; left time: 4706.3080s
	iters: 2300, epoch: 13 | loss: 0.2163622
	speed: 0.0373s/iter; left time: 4843.7994s
	iters: 2400, epoch: 13 | loss: 0.1231914
	speed: 0.0347s/iter; left time: 4497.4201s
	iters: 2500, epoch: 13 | loss: 0.1448394
	speed: 0.0362s/iter; left time: 4686.8960s
	iters: 2600, epoch: 13 | loss: 0.1175854
	speed: 0.0387s/iter; left time: 5015.8660s
	iters: 2700, epoch: 13 | loss: 0.2056144
	speed: 0.0386s/iter; left time: 4993.9620s
	iters: 2800, epoch: 13 | loss: 0.2371770
	speed: 0.0369s/iter; left time: 4763.4342s
	iters: 2900, epoch: 13 | loss: 0.2522535
	speed: 0.0389s/iter; left time: 5028.1073s
	iters: 3000, epoch: 13 | loss: 0.0371996
	speed: 0.0380s/iter; left time: 4901.1061s
	iters: 3100, epoch: 13 | loss: 0.2115926
	speed: 0.0365s/iter; left time: 4704.3710s
	iters: 3200, epoch: 13 | loss: 0.0750207
	speed: 0.0402s/iter; left time: 5179.1940s
	iters: 3300, epoch: 13 | loss: 0.0559795
	speed: 0.0401s/iter; left time: 5167.5977s
	iters: 3400, epoch: 13 | loss: 0.1528686
	speed: 0.0365s/iter; left time: 4696.9867s
	iters: 3500, epoch: 13 | loss: 0.0517563
	speed: 0.0438s/iter; left time: 5636.0618s
	iters: 3600, epoch: 13 | loss: 0.0967696
	speed: 0.0391s/iter; left time: 5016.1309s
	iters: 3700, epoch: 13 | loss: 0.3871803
	speed: 0.0357s/iter; left time: 4585.7050s
	iters: 3800, epoch: 13 | loss: 0.2581665
	speed: 0.0369s/iter; left time: 4727.9524s
	iters: 3900, epoch: 13 | loss: 0.0364656
	speed: 0.0415s/iter; left time: 5323.6505s
	iters: 4000, epoch: 13 | loss: 0.1542605
	speed: 0.0393s/iter; left time: 5029.8230s
	iters: 4100, epoch: 13 | loss: 0.2246025
	speed: 0.0335s/iter; left time: 4286.7465s
	iters: 4200, epoch: 13 | loss: 0.0235553
	speed: 0.0398s/iter; left time: 5092.2727s
	iters: 4300, epoch: 13 | loss: 0.2775950
	speed: 0.0405s/iter; left time: 5174.9900s
	iters: 4400, epoch: 13 | loss: 0.0056774
	speed: 0.0395s/iter; left time: 5043.3420s
	iters: 4500, epoch: 13 | loss: 0.2791535
	speed: 0.0394s/iter; left time: 5026.3813s
	iters: 4600, epoch: 13 | loss: 0.0447878
	speed: 0.0389s/iter; left time: 4963.2051s
	iters: 4700, epoch: 13 | loss: 0.0510010
	speed: 0.0404s/iter; left time: 5142.7566s
	iters: 4800, epoch: 13 | loss: 0.2985619
	speed: 0.0401s/iter; left time: 5105.8131s
	iters: 4900, epoch: 13 | loss: 0.1201859
	speed: 0.0436s/iter; left time: 5548.7897s
	iters: 5000, epoch: 13 | loss: 0.1047434
	speed: 0.0408s/iter; left time: 5184.5748s
	iters: 5100, epoch: 13 | loss: 0.1370711
	speed: 0.0404s/iter; left time: 5129.1609s
	iters: 5200, epoch: 13 | loss: 0.3098893
	speed: 0.0385s/iter; left time: 4883.9825s
	iters: 5300, epoch: 13 | loss: 0.0667878
	speed: 0.0417s/iter; left time: 5280.9232s
	iters: 5400, epoch: 13 | loss: 0.1562833
	speed: 0.0416s/iter; left time: 5267.7669s
	iters: 5500, epoch: 13 | loss: 0.0266690
	speed: 0.0379s/iter; left time: 4800.1900s
	iters: 5600, epoch: 13 | loss: 0.0741696
	speed: 0.0349s/iter; left time: 4408.3761s
	iters: 5700, epoch: 13 | loss: 0.0531048
	speed: 0.0379s/iter; left time: 4784.3910s
	iters: 5800, epoch: 13 | loss: 0.0429453
	speed: 0.0387s/iter; left time: 4880.3537s
	iters: 5900, epoch: 13 | loss: 0.2733047
	speed: 0.0390s/iter; left time: 4915.3538s
	iters: 6000, epoch: 13 | loss: 0.2006703
	speed: 0.0399s/iter; left time: 5023.8023s
	iters: 6100, epoch: 13 | loss: 0.5377085
	speed: 0.0381s/iter; left time: 4800.0472s
	iters: 6200, epoch: 13 | loss: 0.0226518
	speed: 0.0388s/iter; left time: 4883.9111s
	iters: 6300, epoch: 13 | loss: 0.0596323
	speed: 0.0407s/iter; left time: 5118.4417s
	iters: 6400, epoch: 13 | loss: 0.1405006
	speed: 0.0385s/iter; left time: 4836.2129s
	iters: 6500, epoch: 13 | loss: 0.1613402
	speed: 0.0384s/iter; left time: 4825.5448s
	iters: 6600, epoch: 13 | loss: 0.1964143
	speed: 0.0452s/iter; left time: 5674.5009s
	iters: 6700, epoch: 13 | loss: 0.2637869
	speed: 0.0410s/iter; left time: 5143.4683s
	iters: 6800, epoch: 13 | loss: 0.0329596
	speed: 0.0391s/iter; left time: 4891.7232s
	iters: 6900, epoch: 13 | loss: 0.1054727
	speed: 0.0412s/iter; left time: 5157.5912s
	iters: 7000, epoch: 13 | loss: 0.1056491
	speed: 0.0400s/iter; left time: 4996.2148s
	iters: 7100, epoch: 13 | loss: 0.0222853
	speed: 0.0386s/iter; left time: 4828.9077s
	iters: 7200, epoch: 13 | loss: 0.1093984
	speed: 0.0395s/iter; left time: 4930.4012s
	iters: 7300, epoch: 13 | loss: 0.0670180
	speed: 0.0358s/iter; left time: 4465.9692s
Epoch: 13 cost time: 287.08095264434814
Epoch: 13, Steps: 7336 | Train Loss: 0.163 Vali Loss: 2.239 Vali Acc: 0.601 Test Loss: 2.239 Test Acc: 0.601
EarlyStopping counter: 10 out of 10
Early stopping
>>>>>>>testing : classification_UserIdentify5_TimesNet_UEA_ftM_sl10_ll48_pl0_dm32_nh8_el2_dl1_df32_fc1_ebtimeF_dtTrue_Exp_0<<<<<<<<<<<<<<<<<<<<<<<<<<<<<<<<<
7856
test shape: torch.Size([7856, 48]) torch.Size([7856, 1])
accuracy:0.6134164969450102
