Args in experiment:
[1mBasic Config[0m
  Task Name:          classification      Is Training:        1                   
  Model ID:           UserIdentify6       Model:              TimesNet            

[1mData Loader[0m
  Data:               UEA                 Root Path:          ./dataset/UserBehaviorsInSphericalVideoStreaming/transfer_10_10
  Data Path:          ETTh1.csv           Features:           M                   
  Target:             OT                  Freq:               h                   
  Checkpoints:        ./checkpoints/      

[1mModel Parameters[0m
  Top k:              2                   Num Kernels:        6                   
  Enc In:             7                   Dec In:             7                   
  C Out:              7                   d model:            32                  
  n heads:            8                   e layers:           2                   
  d layers:           1                   d FF:               32                  
  Moving Avg:         25                  Factor:             1                   
  Distil:             1                   Dropout:            0.1                 
  Embed:              timeF               Activation:         gelu                
  Output Attention:   0                   

[1mRun Parameters[0m
  Num Workers:        10                  Itr:                1                   
  Train Epochs:       30                  Batch Size:         16                  
  Patience:           10                  Learning Rate:      0.001               
  Des:                Exp                 Loss:               MSE                 
  Lradj:              type1               Use Amp:            0                   

[1mGPU[0m
  Use GPU:            1                   GPU:                0                   
  Use Multi GPU:      0                   Devices:            0,1,2,3             

[1mDe-stationary Projector Params[0m
  P Hidden Dims:      128, 128            P Hidden Layers:    2                   

Use GPU: cuda:0
117371
7856
>>>>>>>start training : classification_UserIdentify6_TimesNet_UEA_ftM_sl10_ll48_pl0_dm32_nh8_el2_dl1_df32_fc1_ebtimeF_dtTrue_Exp_0>>>>>>>>>>>>>>>>>>>>>>>>>>
117371
7856
7856
	iters: 100, epoch: 1 | loss: 2.1158762
	speed: 0.0635s/iter; left time: 13967.0452s
	iters: 200, epoch: 1 | loss: 1.1814313
	speed: 0.0554s/iter; left time: 12175.6218s
	iters: 300, epoch: 1 | loss: 0.9915044
	speed: 0.0566s/iter; left time: 12437.2861s
	iters: 400, epoch: 1 | loss: 0.7334805
	speed: 0.0558s/iter; left time: 12266.3331s
	iters: 500, epoch: 1 | loss: 1.2036837
	speed: 0.0562s/iter; left time: 12345.8610s
	iters: 600, epoch: 1 | loss: 1.2311587
	speed: 0.0567s/iter; left time: 12435.1799s
	iters: 700, epoch: 1 | loss: 1.3422191
	speed: 0.0571s/iter; left time: 12533.8408s
	iters: 800, epoch: 1 | loss: 1.0923812
	speed: 0.0575s/iter; left time: 12614.8742s
	iters: 900, epoch: 1 | loss: 0.8628564
	speed: 0.0579s/iter; left time: 12693.4299s
	iters: 1000, epoch: 1 | loss: 0.6953408
	speed: 0.0576s/iter; left time: 12608.7062s
	iters: 1100, epoch: 1 | loss: 0.9017467
	speed: 0.0559s/iter; left time: 12251.6430s
	iters: 1200, epoch: 1 | loss: 0.8118464
	speed: 0.0472s/iter; left time: 10325.2023s
	iters: 1300, epoch: 1 | loss: 0.8527161
	speed: 0.0558s/iter; left time: 12198.6151s
	iters: 1400, epoch: 1 | loss: 0.5751808
	speed: 0.0560s/iter; left time: 12253.0185s
	iters: 1500, epoch: 1 | loss: 1.1517165
	speed: 0.0535s/iter; left time: 11703.7384s
	iters: 1600, epoch: 1 | loss: 0.4658220
	speed: 0.0545s/iter; left time: 11912.1965s
	iters: 1700, epoch: 1 | loss: 0.9225574
	speed: 0.0564s/iter; left time: 12318.8968s
	iters: 1800, epoch: 1 | loss: 0.7629466
	speed: 0.0540s/iter; left time: 11794.3972s
	iters: 1900, epoch: 1 | loss: 1.5953211
	speed: 0.0530s/iter; left time: 11562.3637s
	iters: 2000, epoch: 1 | loss: 0.7329393
	speed: 0.0537s/iter; left time: 11712.5259s
	iters: 2100, epoch: 1 | loss: 0.6071666
	speed: 0.0515s/iter; left time: 11233.7591s
	iters: 2200, epoch: 1 | loss: 1.1061685
	speed: 0.0473s/iter; left time: 10315.1249s
	iters: 2300, epoch: 1 | loss: 1.0075994
	speed: 0.0522s/iter; left time: 11375.6945s
	iters: 2400, epoch: 1 | loss: 0.4962208
	speed: 0.0516s/iter; left time: 11225.3952s
	iters: 2500, epoch: 1 | loss: 0.4801521
	speed: 0.0488s/iter; left time: 10613.7221s
	iters: 2600, epoch: 1 | loss: 1.0523254
	speed: 0.0509s/iter; left time: 11079.7932s
	iters: 2700, epoch: 1 | loss: 0.3642297
	speed: 0.0513s/iter; left time: 11161.4887s
	iters: 2800, epoch: 1 | loss: 1.4035779
	speed: 0.0474s/iter; left time: 10288.7918s
	iters: 2900, epoch: 1 | loss: 0.8132342
	speed: 0.0511s/iter; left time: 11105.9396s
	iters: 3000, epoch: 1 | loss: 0.4451435
	speed: 0.0520s/iter; left time: 11281.6836s
	iters: 3100, epoch: 1 | loss: 0.5301045
	speed: 0.0513s/iter; left time: 11124.6999s
	iters: 3200, epoch: 1 | loss: 0.6490693
	speed: 0.0484s/iter; left time: 10501.5797s
	iters: 3300, epoch: 1 | loss: 0.6753709
	speed: 0.0506s/iter; left time: 10970.1031s
	iters: 3400, epoch: 1 | loss: 0.6378395
	speed: 0.0550s/iter; left time: 11908.5399s
	iters: 3500, epoch: 1 | loss: 0.6544694
	speed: 0.0525s/iter; left time: 11367.1131s
	iters: 3600, epoch: 1 | loss: 0.4462254
	speed: 0.0560s/iter; left time: 12114.2039s
	iters: 3700, epoch: 1 | loss: 1.0578021
	speed: 0.0528s/iter; left time: 11429.1187s
	iters: 3800, epoch: 1 | loss: 0.5328923
	speed: 0.0534s/iter; left time: 11559.7198s
	iters: 3900, epoch: 1 | loss: 0.3665071
	speed: 0.0511s/iter; left time: 11043.5569s
	iters: 4000, epoch: 1 | loss: 0.3855875
	speed: 0.0493s/iter; left time: 10662.5566s
	iters: 4100, epoch: 1 | loss: 0.4559078
	speed: 0.0507s/iter; left time: 10941.6052s
	iters: 4200, epoch: 1 | loss: 0.5279444
	speed: 0.0531s/iter; left time: 11464.0077s
	iters: 4300, epoch: 1 | loss: 0.6350811
	speed: 0.0542s/iter; left time: 11696.1473s
	iters: 4400, epoch: 1 | loss: 0.3533003
	speed: 0.0561s/iter; left time: 12107.2491s
	iters: 4500, epoch: 1 | loss: 0.9422165
	speed: 0.0540s/iter; left time: 11631.1685s
	iters: 4600, epoch: 1 | loss: 0.5053863
	speed: 0.0516s/iter; left time: 11113.5693s
	iters: 4700, epoch: 1 | loss: 0.3145404
	speed: 0.0526s/iter; left time: 11326.8109s
	iters: 4800, epoch: 1 | loss: 0.4953866
	speed: 0.0519s/iter; left time: 11170.5418s
	iters: 4900, epoch: 1 | loss: 0.5936715
	speed: 0.0520s/iter; left time: 11180.8081s
	iters: 5000, epoch: 1 | loss: 0.5470771
	speed: 0.0471s/iter; left time: 10140.6587s
	iters: 5100, epoch: 1 | loss: 0.4768666
	speed: 0.0490s/iter; left time: 10536.1046s
	iters: 5200, epoch: 1 | loss: 0.3614003
	speed: 0.0511s/iter; left time: 10986.0421s
	iters: 5300, epoch: 1 | loss: 0.4319626
	speed: 0.0334s/iter; left time: 7174.6884s
	iters: 5400, epoch: 1 | loss: 0.2261014
	speed: 0.0331s/iter; left time: 7113.7148s
	iters: 5500, epoch: 1 | loss: 0.2665565
	speed: 0.0327s/iter; left time: 7019.3382s
	iters: 5600, epoch: 1 | loss: 0.4052818
	speed: 0.0329s/iter; left time: 7056.7592s
	iters: 5700, epoch: 1 | loss: 0.4545895
	speed: 0.0329s/iter; left time: 7049.2968s
	iters: 5800, epoch: 1 | loss: 0.4521240
	speed: 0.0328s/iter; left time: 7024.8962s
	iters: 5900, epoch: 1 | loss: 0.5813152
	speed: 0.0335s/iter; left time: 7175.1087s
	iters: 6000, epoch: 1 | loss: 0.8110825
	speed: 0.0327s/iter; left time: 7003.8475s
	iters: 6100, epoch: 1 | loss: 0.2020545
	speed: 0.0397s/iter; left time: 8500.3087s
	iters: 6200, epoch: 1 | loss: 0.2580502
	speed: 0.0487s/iter; left time: 10423.0328s
	iters: 6300, epoch: 1 | loss: 0.4285091
	speed: 0.0494s/iter; left time: 10565.3193s
	iters: 6400, epoch: 1 | loss: 0.2802595
	speed: 0.0450s/iter; left time: 9615.1641s
	iters: 6500, epoch: 1 | loss: 0.8305721
	speed: 0.0393s/iter; left time: 8391.7302s
	iters: 6600, epoch: 1 | loss: 0.8863953
	speed: 0.0394s/iter; left time: 8403.3687s
	iters: 6700, epoch: 1 | loss: 0.2783433
	speed: 0.0352s/iter; left time: 7518.4372s
	iters: 6800, epoch: 1 | loss: 0.5220189
	speed: 0.0360s/iter; left time: 7682.5708s
	iters: 6900, epoch: 1 | loss: 0.6487072
	speed: 0.0397s/iter; left time: 8465.3000s
	iters: 7000, epoch: 1 | loss: 0.1443897
	speed: 0.0418s/iter; left time: 8913.9628s
	iters: 7100, epoch: 1 | loss: 0.5874007
	speed: 0.0484s/iter; left time: 10314.0055s
	iters: 7200, epoch: 1 | loss: 0.5549308
	speed: 0.0500s/iter; left time: 10645.6087s
	iters: 7300, epoch: 1 | loss: 0.4025210
	speed: 0.0493s/iter; left time: 10496.4626s
Epoch: 1 cost time: 360.7018229961395
Epoch: 1, Steps: 7336 | Train Loss: 0.717 Vali Loss: 1.845 Vali Acc: 0.533 Test Loss: 1.845 Test Acc: 0.533
Validation loss decreased (inf --> -0.532841).  Saving model ...
	iters: 100, epoch: 2 | loss: 0.8406769
	speed: 0.1844s/iter; left time: 39206.2779s
	iters: 200, epoch: 2 | loss: 0.4699796
	speed: 0.0503s/iter; left time: 10681.0376s
	iters: 300, epoch: 2 | loss: 0.4616313
	speed: 0.0364s/iter; left time: 7726.2085s
	iters: 400, epoch: 2 | loss: 0.3479059
	speed: 0.0387s/iter; left time: 8218.4879s
	iters: 500, epoch: 2 | loss: 1.4122272
	speed: 0.0476s/iter; left time: 10098.4372s
	iters: 600, epoch: 2 | loss: 0.4866033
	speed: 0.0475s/iter; left time: 10084.4916s
	iters: 700, epoch: 2 | loss: 0.2808731
	speed: 0.0391s/iter; left time: 8289.3515s
	iters: 800, epoch: 2 | loss: 0.1162137
	speed: 0.0367s/iter; left time: 7771.2132s
	iters: 900, epoch: 2 | loss: 0.4626302
	speed: 0.0342s/iter; left time: 7252.9092s
	iters: 1000, epoch: 2 | loss: 0.0728567
	speed: 0.0478s/iter; left time: 10112.1557s
	iters: 1100, epoch: 2 | loss: 0.5075037
	speed: 0.0471s/iter; left time: 9959.2550s
	iters: 1200, epoch: 2 | loss: 0.8477208
	speed: 0.0404s/iter; left time: 8551.4873s
	iters: 1300, epoch: 2 | loss: 0.3886066
	speed: 0.0467s/iter; left time: 9869.4641s
	iters: 1400, epoch: 2 | loss: 0.2860292
	speed: 0.0426s/iter; left time: 9012.7222s
	iters: 1500, epoch: 2 | loss: 0.7640239
	speed: 0.0497s/iter; left time: 10497.1339s
	iters: 1600, epoch: 2 | loss: 0.8779365
	speed: 0.0494s/iter; left time: 10423.3563s
	iters: 1700, epoch: 2 | loss: 0.6400634
	speed: 0.0457s/iter; left time: 9639.1958s
	iters: 1800, epoch: 2 | loss: 0.5855691
	speed: 0.0380s/iter; left time: 8024.4919s
	iters: 1900, epoch: 2 | loss: 0.2762318
	speed: 0.0440s/iter; left time: 9273.0938s
	iters: 2000, epoch: 2 | loss: 0.4392793
	speed: 0.0398s/iter; left time: 8380.5981s
	iters: 2100, epoch: 2 | loss: 0.1863403
	speed: 0.0367s/iter; left time: 7721.3706s
	iters: 2200, epoch: 2 | loss: 0.2831618
	speed: 0.0444s/iter; left time: 9341.5414s
	iters: 2300, epoch: 2 | loss: 0.7197573
	speed: 0.0454s/iter; left time: 9544.6929s
	iters: 2400, epoch: 2 | loss: 0.3152162
	speed: 0.0394s/iter; left time: 8280.4447s
	iters: 2500, epoch: 2 | loss: 0.6757598
	speed: 0.0428s/iter; left time: 8990.3023s
	iters: 2600, epoch: 2 | loss: 0.7619420
	speed: 0.0568s/iter; left time: 11937.9687s
	iters: 2700, epoch: 2 | loss: 0.6063288
	speed: 0.0515s/iter; left time: 10807.3215s
	iters: 2800, epoch: 2 | loss: 0.5674164
	speed: 0.0390s/iter; left time: 8180.8390s
	iters: 2900, epoch: 2 | loss: 0.2696302
	speed: 0.0403s/iter; left time: 8455.5882s
	iters: 3000, epoch: 2 | loss: 0.3022377
	speed: 0.0358s/iter; left time: 7507.0041s
	iters: 3100, epoch: 2 | loss: 0.4302012
	speed: 0.0390s/iter; left time: 8178.8113s
	iters: 3200, epoch: 2 | loss: 0.5284450
	speed: 0.0407s/iter; left time: 8534.6513s
	iters: 3300, epoch: 2 | loss: 0.1190330
	speed: 0.0401s/iter; left time: 8394.7327s
	iters: 3400, epoch: 2 | loss: 0.5560693
	speed: 0.0497s/iter; left time: 10411.8600s
	iters: 3500, epoch: 2 | loss: 0.4995130
	speed: 0.0381s/iter; left time: 7965.2501s
	iters: 3600, epoch: 2 | loss: 0.5330342
	speed: 0.0496s/iter; left time: 10373.0471s
	iters: 3700, epoch: 2 | loss: 0.4608537
	speed: 0.0451s/iter; left time: 9438.2030s
	iters: 3800, epoch: 2 | loss: 0.2294545
	speed: 0.0376s/iter; left time: 7853.9787s
	iters: 3900, epoch: 2 | loss: 0.2582173
	speed: 0.0409s/iter; left time: 8547.3216s
	iters: 4000, epoch: 2 | loss: 1.0587180
	speed: 0.0450s/iter; left time: 9390.8096s
	iters: 4100, epoch: 2 | loss: 0.1435359
	speed: 0.0487s/iter; left time: 10162.9513s
	iters: 4200, epoch: 2 | loss: 0.1502710
	speed: 0.0487s/iter; left time: 10159.1544s
	iters: 4300, epoch: 2 | loss: 0.4989415
	speed: 0.0487s/iter; left time: 10155.7182s
	iters: 4400, epoch: 2 | loss: 0.2099972
	speed: 0.0380s/iter; left time: 7915.2978s
	iters: 4500, epoch: 2 | loss: 0.3262672
	speed: 0.0416s/iter; left time: 8665.2696s
	iters: 4600, epoch: 2 | loss: 0.6129106
	speed: 0.0445s/iter; left time: 9272.7048s
	iters: 4700, epoch: 2 | loss: 1.1100540
	speed: 0.0363s/iter; left time: 7556.5544s
	iters: 4800, epoch: 2 | loss: 0.8670609
	speed: 0.0371s/iter; left time: 7707.1930s
	iters: 4900, epoch: 2 | loss: 0.3764992
	speed: 0.0348s/iter; left time: 7225.2563s
	iters: 5000, epoch: 2 | loss: 0.4321121
	speed: 0.0402s/iter; left time: 8356.3624s
	iters: 5100, epoch: 2 | loss: 0.3336977
	speed: 0.0349s/iter; left time: 7246.7818s
	iters: 5200, epoch: 2 | loss: 0.8699815
	speed: 0.0467s/iter; left time: 9693.3492s
	iters: 5300, epoch: 2 | loss: 0.6443306
	speed: 0.0463s/iter; left time: 9594.6201s
	iters: 5400, epoch: 2 | loss: 0.2355471
	speed: 0.0381s/iter; left time: 7901.0887s
	iters: 5500, epoch: 2 | loss: 0.0751490
	speed: 0.0337s/iter; left time: 6977.9107s
	iters: 5600, epoch: 2 | loss: 0.4297280
	speed: 0.0380s/iter; left time: 7865.5118s
	iters: 5700, epoch: 2 | loss: 0.2913415
	speed: 0.0475s/iter; left time: 9835.2269s
	iters: 5800, epoch: 2 | loss: 0.1888490
	speed: 0.0476s/iter; left time: 9852.1539s
	iters: 5900, epoch: 2 | loss: 0.0638313
	speed: 0.0471s/iter; left time: 9739.6882s
	iters: 6000, epoch: 2 | loss: 0.2170554
	speed: 0.0405s/iter; left time: 8376.8589s
	iters: 6100, epoch: 2 | loss: 0.3607986
	speed: 0.0375s/iter; left time: 7747.7119s
	iters: 6200, epoch: 2 | loss: 0.5965833
	speed: 0.0454s/iter; left time: 9385.3628s
	iters: 6300, epoch: 2 | loss: 0.6444079
	speed: 0.0502s/iter; left time: 10353.2716s
	iters: 6400, epoch: 2 | loss: 0.3183972
	speed: 0.0399s/iter; left time: 8224.3284s
	iters: 6500, epoch: 2 | loss: 0.6703207
	speed: 0.0524s/iter; left time: 10805.3400s
	iters: 6600, epoch: 2 | loss: 0.1423081
	speed: 0.0422s/iter; left time: 8692.6407s
	iters: 6700, epoch: 2 | loss: 0.3352534
	speed: 0.0383s/iter; left time: 7898.5399s
	iters: 6800, epoch: 2 | loss: 0.2451451
	speed: 0.0454s/iter; left time: 9351.4462s
	iters: 6900, epoch: 2 | loss: 0.6600453
	speed: 0.0487s/iter; left time: 10018.5887s
	iters: 7000, epoch: 2 | loss: 0.0919394
	speed: 0.0398s/iter; left time: 8194.5178s
	iters: 7100, epoch: 2 | loss: 0.2185071
	speed: 0.0507s/iter; left time: 10417.5722s
	iters: 7200, epoch: 2 | loss: 0.1308171
	speed: 0.0479s/iter; left time: 9847.6147s
	iters: 7300, epoch: 2 | loss: 0.2040456
	speed: 0.0473s/iter; left time: 9707.8746s
Epoch: 2 cost time: 317.04216623306274
Epoch: 2, Steps: 7336 | Train Loss: 0.456 Vali Loss: 1.662 Vali Acc: 0.611 Test Loss: 1.662 Test Acc: 0.611
Validation loss decreased (-0.532841 --> -0.610743).  Saving model ...
	iters: 100, epoch: 3 | loss: 0.5945604
	speed: 0.1700s/iter; left time: 34902.2236s
	iters: 200, epoch: 3 | loss: 0.6964310
	speed: 0.0353s/iter; left time: 7243.1555s
	iters: 300, epoch: 3 | loss: 1.1690919
	speed: 0.0364s/iter; left time: 7474.8298s
	iters: 400, epoch: 3 | loss: 0.8847134
	speed: 0.0408s/iter; left time: 8367.9390s
	iters: 500, epoch: 3 | loss: 0.3011375
	speed: 0.0350s/iter; left time: 7177.2280s
	iters: 600, epoch: 3 | loss: 0.2108784
	speed: 0.0399s/iter; left time: 8171.8928s
	iters: 700, epoch: 3 | loss: 0.1989855
	speed: 0.0419s/iter; left time: 8583.8190s
	iters: 800, epoch: 3 | loss: 0.2893635
	speed: 0.0390s/iter; left time: 7980.0566s
	iters: 900, epoch: 3 | loss: 0.7093065
	speed: 0.0447s/iter; left time: 9145.4618s
	iters: 1000, epoch: 3 | loss: 0.5478128
	speed: 0.0519s/iter; left time: 10618.3797s
	iters: 1100, epoch: 3 | loss: 0.4704392
	speed: 0.0451s/iter; left time: 9224.3650s
	iters: 1200, epoch: 3 | loss: 0.7547978
	speed: 0.0450s/iter; left time: 9197.3055s
	iters: 1300, epoch: 3 | loss: 0.6036059
	speed: 0.0422s/iter; left time: 8610.0669s
	iters: 1400, epoch: 3 | loss: 0.5942154
	speed: 0.0389s/iter; left time: 7937.7364s
	iters: 1500, epoch: 3 | loss: 0.5573761
	speed: 0.0401s/iter; left time: 8175.2457s
	iters: 1600, epoch: 3 | loss: 0.6028003
	speed: 0.0384s/iter; left time: 7835.4172s
	iters: 1700, epoch: 3 | loss: 0.2736313
	speed: 0.0356s/iter; left time: 7244.3821s
	iters: 1800, epoch: 3 | loss: 0.4392468
	speed: 0.0393s/iter; left time: 7998.2683s
	iters: 1900, epoch: 3 | loss: 0.2764319
	speed: 0.0425s/iter; left time: 8649.2475s
	iters: 2000, epoch: 3 | loss: 0.1496837
	speed: 0.0438s/iter; left time: 8909.5865s
	iters: 2100, epoch: 3 | loss: 0.6816111
	speed: 0.0392s/iter; left time: 7967.9466s
	iters: 2200, epoch: 3 | loss: 0.2679214
	speed: 0.0520s/iter; left time: 10575.0230s
	iters: 2300, epoch: 3 | loss: 0.8969226
	speed: 0.0666s/iter; left time: 13531.0512s
	iters: 2400, epoch: 3 | loss: 0.2319179
	speed: 0.0662s/iter; left time: 13449.1764s
	iters: 2500, epoch: 3 | loss: 0.4610580
	speed: 0.0556s/iter; left time: 11275.7488s
	iters: 2600, epoch: 3 | loss: 0.5123604
	speed: 0.0456s/iter; left time: 9247.8050s
	iters: 2700, epoch: 3 | loss: 0.2816892
	speed: 0.0432s/iter; left time: 8759.1938s
	iters: 2800, epoch: 3 | loss: 0.2792633
	speed: 0.0407s/iter; left time: 8249.0647s
	iters: 2900, epoch: 3 | loss: 0.5104367
	speed: 0.0430s/iter; left time: 8706.8493s
	iters: 3000, epoch: 3 | loss: 0.4030460
	speed: 0.0460s/iter; left time: 9312.7576s
	iters: 3100, epoch: 3 | loss: 0.7824650
	speed: 0.0409s/iter; left time: 8284.4200s
	iters: 3200, epoch: 3 | loss: 0.6333287
	speed: 0.0452s/iter; left time: 9139.9687s
	iters: 3300, epoch: 3 | loss: 0.2600950
	speed: 0.0449s/iter; left time: 9066.9843s
	iters: 3400, epoch: 3 | loss: 0.1598077
	speed: 0.0397s/iter; left time: 8013.0247s
	iters: 3500, epoch: 3 | loss: 0.1451033
	speed: 0.0410s/iter; left time: 8276.8949s
	iters: 3600, epoch: 3 | loss: 0.5797668
	speed: 0.0366s/iter; left time: 7389.9342s
	iters: 3700, epoch: 3 | loss: 0.3481750
	speed: 0.0440s/iter; left time: 8870.7175s
	iters: 3800, epoch: 3 | loss: 0.3440473
	speed: 0.0389s/iter; left time: 7846.8957s
	iters: 3900, epoch: 3 | loss: 0.3422731
	speed: 0.0439s/iter; left time: 8837.2987s
	iters: 4000, epoch: 3 | loss: 0.7207259
	speed: 0.0406s/iter; left time: 8183.6836s
	iters: 4100, epoch: 3 | loss: 0.5807374
	speed: 0.0384s/iter; left time: 7725.0008s
	iters: 4200, epoch: 3 | loss: 0.4036956
	speed: 0.0425s/iter; left time: 8547.4047s
	iters: 4300, epoch: 3 | loss: 0.2036678
	speed: 0.0357s/iter; left time: 7187.4192s
	iters: 4400, epoch: 3 | loss: 0.1488512
	speed: 0.0454s/iter; left time: 9128.8488s
	iters: 4500, epoch: 3 | loss: 0.8092687
	speed: 0.0392s/iter; left time: 7875.4294s
	iters: 4600, epoch: 3 | loss: 0.6484985
	speed: 0.0391s/iter; left time: 7848.4670s
	iters: 4700, epoch: 3 | loss: 0.8096497
	speed: 0.0354s/iter; left time: 7111.5543s
	iters: 4800, epoch: 3 | loss: 0.5279025
	speed: 0.0499s/iter; left time: 10004.6033s
	iters: 4900, epoch: 3 | loss: 0.2879137
	speed: 0.0405s/iter; left time: 8129.8623s
	iters: 5000, epoch: 3 | loss: 0.0818062
	speed: 0.0381s/iter; left time: 7644.7166s
	iters: 5100, epoch: 3 | loss: 0.9655176
	speed: 0.0353s/iter; left time: 7076.9881s
	iters: 5200, epoch: 3 | loss: 0.4612145
	speed: 0.0400s/iter; left time: 8007.9629s
	iters: 5300, epoch: 3 | loss: 0.1841903
	speed: 0.0374s/iter; left time: 7478.2751s
	iters: 5400, epoch: 3 | loss: 0.5836313
	speed: 0.0429s/iter; left time: 8580.7923s
	iters: 5500, epoch: 3 | loss: 0.2136868
	speed: 0.0489s/iter; left time: 9765.6738s
	iters: 5600, epoch: 3 | loss: 0.1262954
	speed: 0.0502s/iter; left time: 10026.7374s
	iters: 5700, epoch: 3 | loss: 0.4822123
	speed: 0.0415s/iter; left time: 8282.4209s
	iters: 5800, epoch: 3 | loss: 0.2251483
	speed: 0.0662s/iter; left time: 13218.9727s
	iters: 5900, epoch: 3 | loss: 0.2129824
	speed: 0.0595s/iter; left time: 11880.1629s
	iters: 6000, epoch: 3 | loss: 0.1054158
	speed: 0.0415s/iter; left time: 8270.5820s
	iters: 6100, epoch: 3 | loss: 0.8218527
	speed: 0.0433s/iter; left time: 8628.3270s
	iters: 6200, epoch: 3 | loss: 0.2012359
	speed: 0.0399s/iter; left time: 7956.4287s
	iters: 6300, epoch: 3 | loss: 0.1875902
	speed: 0.0415s/iter; left time: 8267.8264s
	iters: 6400, epoch: 3 | loss: 0.3702184
	speed: 0.0443s/iter; left time: 8816.3057s
	iters: 6500, epoch: 3 | loss: 0.7326239
	speed: 0.0499s/iter; left time: 9932.3075s
	iters: 6600, epoch: 3 | loss: 0.8494912
	speed: 0.0499s/iter; left time: 9922.5623s
	iters: 6700, epoch: 3 | loss: 0.2277966
	speed: 0.0502s/iter; left time: 9970.4281s
	iters: 6800, epoch: 3 | loss: 0.2983473
	speed: 0.0428s/iter; left time: 8507.6584s
	iters: 6900, epoch: 3 | loss: 0.3392547
	speed: 0.0416s/iter; left time: 8258.2202s
	iters: 7000, epoch: 3 | loss: 0.3252108
	speed: 0.0388s/iter; left time: 7689.7059s
	iters: 7100, epoch: 3 | loss: 0.3037083
	speed: 0.0436s/iter; left time: 8640.9626s
	iters: 7200, epoch: 3 | loss: 0.3023434
	speed: 0.0471s/iter; left time: 9326.7134s
	iters: 7300, epoch: 3 | loss: 0.5789248
	speed: 0.0404s/iter; left time: 8004.3805s
Epoch: 3 cost time: 318.30214762687683
Epoch: 3, Steps: 7336 | Train Loss: 0.390 Vali Loss: 1.843 Vali Acc: 0.613 Test Loss: 1.843 Test Acc: 0.613
Validation loss decreased (-0.610743 --> -0.613035).  Saving model ...
	iters: 100, epoch: 4 | loss: 0.0854223
	speed: 0.1714s/iter; left time: 33928.9384s
	iters: 200, epoch: 4 | loss: 0.1228352
	speed: 0.0358s/iter; left time: 7090.4632s
	iters: 300, epoch: 4 | loss: 0.2465782
	speed: 0.0377s/iter; left time: 7450.8609s
	iters: 400, epoch: 4 | loss: 0.2710817
	speed: 0.0376s/iter; left time: 7435.7312s
	iters: 500, epoch: 4 | loss: 0.4812207
	speed: 0.0412s/iter; left time: 8134.3034s
	iters: 600, epoch: 4 | loss: 0.1853058
	speed: 0.0367s/iter; left time: 7246.7216s
	iters: 700, epoch: 4 | loss: 0.1599013
	speed: 0.0413s/iter; left time: 8159.6155s
	iters: 800, epoch: 4 | loss: 0.2540245
	speed: 0.0351s/iter; left time: 6920.0262s
	iters: 900, epoch: 4 | loss: 0.4111205
	speed: 0.0409s/iter; left time: 8071.1271s
	iters: 1000, epoch: 4 | loss: 0.4227786
	speed: 0.0371s/iter; left time: 7315.3059s
	iters: 1100, epoch: 4 | loss: 0.1604890
	speed: 0.0377s/iter; left time: 7420.0541s
	iters: 1200, epoch: 4 | loss: 0.2491274
	speed: 0.0452s/iter; left time: 8903.8796s
	iters: 1300, epoch: 4 | loss: 0.6758557
	speed: 0.0387s/iter; left time: 7614.2540s
	iters: 1400, epoch: 4 | loss: 0.3012606
	speed: 0.0413s/iter; left time: 8125.7504s
	iters: 1500, epoch: 4 | loss: 0.3662554
	speed: 0.0414s/iter; left time: 8132.8143s
	iters: 1600, epoch: 4 | loss: 0.2617630
	speed: 0.0378s/iter; left time: 7435.9341s
	iters: 1700, epoch: 4 | loss: 0.8663753
	speed: 0.0396s/iter; left time: 7772.7419s
	iters: 1800, epoch: 4 | loss: 0.2536261
	speed: 0.0418s/iter; left time: 8209.1704s
	iters: 1900, epoch: 4 | loss: 0.2241246
	speed: 0.0388s/iter; left time: 7608.4748s
	iters: 2000, epoch: 4 | loss: 0.6031337
	speed: 0.0436s/iter; left time: 8552.9347s
	iters: 2100, epoch: 4 | loss: 0.5021273
	speed: 0.0390s/iter; left time: 7641.9538s
	iters: 2200, epoch: 4 | loss: 0.1261881
	speed: 0.0423s/iter; left time: 8291.6773s
	iters: 2300, epoch: 4 | loss: 0.2458035
	speed: 0.0410s/iter; left time: 8035.6004s
	iters: 2400, epoch: 4 | loss: 0.4577958
	speed: 0.0417s/iter; left time: 8157.3637s
	iters: 2500, epoch: 4 | loss: 0.5365195
	speed: 0.0450s/iter; left time: 8810.0827s
	iters: 2600, epoch: 4 | loss: 0.5319884
	speed: 0.0435s/iter; left time: 8506.5837s
	iters: 2700, epoch: 4 | loss: 0.4299767
	speed: 0.0358s/iter; left time: 6996.9091s
	iters: 2800, epoch: 4 | loss: 0.1994658
	speed: 0.0393s/iter; left time: 7665.5746s
	iters: 2900, epoch: 4 | loss: 0.2587595
	speed: 0.0371s/iter; left time: 7245.8104s
	iters: 3000, epoch: 4 | loss: 0.5065750
	speed: 0.0432s/iter; left time: 8418.4512s
	iters: 3100, epoch: 4 | loss: 0.4081749
	speed: 0.0399s/iter; left time: 7781.5917s
	iters: 3200, epoch: 4 | loss: 0.0973505
	speed: 0.0368s/iter; left time: 7173.5544s
	iters: 3300, epoch: 4 | loss: 0.1079074
	speed: 0.0388s/iter; left time: 7551.4622s
	iters: 3400, epoch: 4 | loss: 0.0591268
	speed: 0.0354s/iter; left time: 6892.2819s
	iters: 3500, epoch: 4 | loss: 0.0566608
	speed: 0.0354s/iter; left time: 6882.8745s
	iters: 3600, epoch: 4 | loss: 0.4545398
	speed: 0.0379s/iter; left time: 7371.6385s
	iters: 3700, epoch: 4 | loss: 0.1936933
	speed: 0.0338s/iter; left time: 6560.8793s
	iters: 3800, epoch: 4 | loss: 0.3348182
	speed: 0.0371s/iter; left time: 7202.7974s
	iters: 3900, epoch: 4 | loss: 0.5770947
	speed: 0.0369s/iter; left time: 7157.5545s
	iters: 4000, epoch: 4 | loss: 0.3510203
	speed: 0.0358s/iter; left time: 6951.1114s
	iters: 4100, epoch: 4 | loss: 0.2530559
	speed: 0.0340s/iter; left time: 6594.6697s
	iters: 4200, epoch: 4 | loss: 1.0517446
	speed: 0.0386s/iter; left time: 7491.7581s
	iters: 4300, epoch: 4 | loss: 0.2839456
	speed: 0.0374s/iter; left time: 7239.8168s
	iters: 4400, epoch: 4 | loss: 0.2648140
	speed: 0.0375s/iter; left time: 7264.5185s
	iters: 4500, epoch: 4 | loss: 0.2640416
	speed: 0.0380s/iter; left time: 7348.7847s
	iters: 4600, epoch: 4 | loss: 0.6579332
	speed: 0.0388s/iter; left time: 7516.2872s
	iters: 4700, epoch: 4 | loss: 0.6122918
	speed: 0.0427s/iter; left time: 8262.0786s
	iters: 4800, epoch: 4 | loss: 0.3822452
	speed: 0.0386s/iter; left time: 7451.3594s
	iters: 4900, epoch: 4 | loss: 0.3802679
	speed: 0.0417s/iter; left time: 8050.2951s
	iters: 5000, epoch: 4 | loss: 0.3079161
	speed: 0.0373s/iter; left time: 7204.3706s
	iters: 5100, epoch: 4 | loss: 0.3512267
	speed: 0.0444s/iter; left time: 8559.7479s
	iters: 5200, epoch: 4 | loss: 0.2083061
	speed: 0.0382s/iter; left time: 7365.4515s
	iters: 5300, epoch: 4 | loss: 0.4185024
	speed: 0.0357s/iter; left time: 6877.6908s
	iters: 5400, epoch: 4 | loss: 0.5810753
	speed: 0.0374s/iter; left time: 7211.8956s
	iters: 5500, epoch: 4 | loss: 0.1703285
	speed: 0.0433s/iter; left time: 8340.1968s
	iters: 5600, epoch: 4 | loss: 0.3064927
	speed: 0.0364s/iter; left time: 7014.8396s
	iters: 5700, epoch: 4 | loss: 0.1953038
	speed: 0.0347s/iter; left time: 6678.6895s
	iters: 5800, epoch: 4 | loss: 0.3278278
	speed: 0.0338s/iter; left time: 6494.7684s
	iters: 5900, epoch: 4 | loss: 0.1446165
	speed: 0.0330s/iter; left time: 6337.5317s
	iters: 6000, epoch: 4 | loss: 0.5064065
	speed: 0.0333s/iter; left time: 6394.6441s
	iters: 6100, epoch: 4 | loss: 0.2188120
	speed: 0.0371s/iter; left time: 7126.4705s
	iters: 6200, epoch: 4 | loss: 0.1157194
	speed: 0.0341s/iter; left time: 6534.6910s
	iters: 6300, epoch: 4 | loss: 0.3724507
	speed: 0.0342s/iter; left time: 6554.3338s
	iters: 6400, epoch: 4 | loss: 0.7773287
	speed: 0.0368s/iter; left time: 7061.8973s
	iters: 6500, epoch: 4 | loss: 0.2302491
	speed: 0.0450s/iter; left time: 8628.5264s
	iters: 6600, epoch: 4 | loss: 0.3058918
	speed: 0.0385s/iter; left time: 7370.8799s
	iters: 6700, epoch: 4 | loss: 0.5310315
	speed: 0.0418s/iter; left time: 8005.1547s
	iters: 6800, epoch: 4 | loss: 0.1162461
	speed: 0.0384s/iter; left time: 7337.6882s
	iters: 6900, epoch: 4 | loss: 0.7336080
	speed: 0.0426s/iter; left time: 8143.7610s
	iters: 7000, epoch: 4 | loss: 0.1582723
	speed: 0.0418s/iter; left time: 7994.6980s
	iters: 7100, epoch: 4 | loss: 0.3285674
	speed: 0.0406s/iter; left time: 7756.0357s
	iters: 7200, epoch: 4 | loss: 0.1641664
	speed: 0.0377s/iter; left time: 7196.1983s
	iters: 7300, epoch: 4 | loss: 0.2213477
	speed: 0.0386s/iter; left time: 7357.1551s
Epoch: 4 cost time: 284.3081376552582
Epoch: 4, Steps: 7336 | Train Loss: 0.349 Vali Loss: 1.883 Vali Acc: 0.605 Test Loss: 1.883 Test Acc: 0.605
EarlyStopping counter: 1 out of 10
	iters: 100, epoch: 5 | loss: 0.5509808
	speed: 0.1748s/iter; left time: 33328.4827s
	iters: 200, epoch: 5 | loss: 0.0943218
	speed: 0.0396s/iter; left time: 7549.7217s
	iters: 300, epoch: 5 | loss: 0.1233894
	speed: 0.0348s/iter; left time: 6630.2147s
	iters: 400, epoch: 5 | loss: 0.2512065
	speed: 0.0344s/iter; left time: 6541.0682s
	iters: 500, epoch: 5 | loss: 0.2352798
	speed: 0.0485s/iter; left time: 9230.0793s
	iters: 600, epoch: 5 | loss: 0.1342484
	speed: 0.0380s/iter; left time: 7228.5288s
	iters: 700, epoch: 5 | loss: 0.4436978
	speed: 0.0421s/iter; left time: 7993.5146s
	iters: 800, epoch: 5 | loss: 0.1347148
	speed: 0.0401s/iter; left time: 7612.2699s
	iters: 900, epoch: 5 | loss: 0.2159699
	speed: 0.0422s/iter; left time: 8017.8653s
	iters: 1000, epoch: 5 | loss: 0.5855207
	speed: 0.0408s/iter; left time: 7744.1529s
	iters: 1100, epoch: 5 | loss: 0.1168736
	speed: 0.0423s/iter; left time: 8022.2677s
	iters: 1200, epoch: 5 | loss: 0.1843830
	speed: 0.0433s/iter; left time: 8204.0942s
	iters: 1300, epoch: 5 | loss: 0.2229436
	speed: 0.0376s/iter; left time: 7114.6355s
	iters: 1400, epoch: 5 | loss: 0.1616099
	speed: 0.0388s/iter; left time: 7344.2147s
	iters: 1500, epoch: 5 | loss: 0.1324765
	speed: 0.0411s/iter; left time: 7780.0674s
	iters: 1600, epoch: 5 | loss: 0.3396353
	speed: 0.0413s/iter; left time: 7807.8338s
	iters: 1700, epoch: 5 | loss: 0.3307792
	speed: 0.0393s/iter; left time: 7427.6047s
	iters: 1800, epoch: 5 | loss: 0.1525961
	speed: 0.0411s/iter; left time: 7774.4990s
	iters: 1900, epoch: 5 | loss: 0.8321938
	speed: 0.0424s/iter; left time: 8015.2669s
	iters: 2000, epoch: 5 | loss: 0.2551818
	speed: 0.0390s/iter; left time: 7357.5564s
	iters: 2100, epoch: 5 | loss: 0.5410310
	speed: 0.0442s/iter; left time: 8335.0697s
	iters: 2200, epoch: 5 | loss: 0.5839943
	speed: 0.0442s/iter; left time: 8337.9632s
	iters: 2300, epoch: 5 | loss: 0.0180291
	speed: 0.0395s/iter; left time: 7443.8209s
	iters: 2400, epoch: 5 | loss: 0.3032264
	speed: 0.0407s/iter; left time: 7665.8411s
	iters: 2500, epoch: 5 | loss: 0.1473225
	speed: 0.0377s/iter; left time: 7091.1646s
	iters: 2600, epoch: 5 | loss: 0.2023318
	speed: 0.0403s/iter; left time: 7588.0438s
	iters: 2700, epoch: 5 | loss: 0.4477433
	speed: 0.0497s/iter; left time: 9352.5111s
	iters: 2800, epoch: 5 | loss: 0.1147036
	speed: 0.0378s/iter; left time: 7100.1848s
	iters: 2900, epoch: 5 | loss: 0.5031576
	speed: 0.0457s/iter; left time: 8578.3316s
	iters: 3000, epoch: 5 | loss: 0.4227934
	speed: 0.0442s/iter; left time: 8296.0164s
	iters: 3100, epoch: 5 | loss: 0.4821036
	speed: 0.0420s/iter; left time: 7874.7630s
	iters: 3200, epoch: 5 | loss: 0.1334652
	speed: 0.0405s/iter; left time: 7598.8661s
	iters: 3300, epoch: 5 | loss: 0.2517017
	speed: 0.0413s/iter; left time: 7747.4606s
	iters: 3400, epoch: 5 | loss: 0.1735952
	speed: 0.0431s/iter; left time: 8065.3797s
	iters: 3500, epoch: 5 | loss: 0.1729698
	speed: 0.0403s/iter; left time: 7546.8563s
	iters: 3600, epoch: 5 | loss: 0.1295965
	speed: 0.0400s/iter; left time: 7481.7139s
	iters: 3700, epoch: 5 | loss: 0.2549547
	speed: 0.0345s/iter; left time: 6445.4031s
	iters: 3800, epoch: 5 | loss: 0.5592736
	speed: 0.0384s/iter; left time: 7179.1633s
	iters: 3900, epoch: 5 | loss: 0.0819155
	speed: 0.0371s/iter; left time: 6931.0278s
	iters: 4000, epoch: 5 | loss: 0.4529418
	speed: 0.0403s/iter; left time: 7519.1523s
	iters: 4100, epoch: 5 | loss: 0.1322291
	speed: 0.0398s/iter; left time: 7433.2583s
	iters: 4200, epoch: 5 | loss: 0.3690468
	speed: 0.0344s/iter; left time: 6424.9351s
	iters: 4300, epoch: 5 | loss: 0.2479518
	speed: 0.0344s/iter; left time: 6407.6362s
	iters: 4400, epoch: 5 | loss: 0.5223398
	speed: 0.0356s/iter; left time: 6629.8853s
	iters: 4500, epoch: 5 | loss: 0.4942024
	speed: 0.0362s/iter; left time: 6746.5800s
	iters: 4600, epoch: 5 | loss: 0.2309718
	speed: 0.0370s/iter; left time: 6880.9679s
	iters: 4700, epoch: 5 | loss: 0.2477945
	speed: 0.0416s/iter; left time: 7731.6718s
	iters: 4800, epoch: 5 | loss: 0.2158254
	speed: 0.0427s/iter; left time: 7931.2985s
	iters: 4900, epoch: 5 | loss: 0.3812386
	speed: 0.0390s/iter; left time: 7239.3706s
	iters: 5000, epoch: 5 | loss: 0.2399193
	speed: 0.0377s/iter; left time: 6993.2839s
	iters: 5100, epoch: 5 | loss: 0.2182729
	speed: 0.0422s/iter; left time: 7841.7716s
	iters: 5200, epoch: 5 | loss: 0.1680703
	speed: 0.0407s/iter; left time: 7559.5300s
	iters: 5300, epoch: 5 | loss: 0.4239613
	speed: 0.0411s/iter; left time: 7621.3584s
	iters: 5400, epoch: 5 | loss: 0.3757809
	speed: 0.0448s/iter; left time: 8296.8124s
	iters: 5500, epoch: 5 | loss: 0.1749402
	speed: 0.0390s/iter; left time: 7228.3632s
	iters: 5600, epoch: 5 | loss: 0.3940571
	speed: 0.0386s/iter; left time: 7142.9148s
	iters: 5700, epoch: 5 | loss: 0.1535058
	speed: 0.0353s/iter; left time: 6537.8045s
	iters: 5800, epoch: 5 | loss: 0.1853668
	speed: 0.0418s/iter; left time: 7721.6413s
	iters: 5900, epoch: 5 | loss: 0.2159082
	speed: 0.0437s/iter; left time: 8071.0308s
	iters: 6000, epoch: 5 | loss: 0.1287362
	speed: 0.0396s/iter; left time: 7308.7878s
	iters: 6100, epoch: 5 | loss: 0.1136801
	speed: 0.0420s/iter; left time: 7748.0964s
	iters: 6200, epoch: 5 | loss: 0.0842266
	speed: 0.0414s/iter; left time: 7631.4268s
	iters: 6300, epoch: 5 | loss: 0.3828771
	speed: 0.0500s/iter; left time: 9229.9648s
	iters: 6400, epoch: 5 | loss: 0.0369613
	speed: 0.0500s/iter; left time: 9220.8208s
	iters: 6500, epoch: 5 | loss: 0.3302763
	speed: 0.0496s/iter; left time: 9132.1814s
	iters: 6600, epoch: 5 | loss: 0.3090014
	speed: 0.0390s/iter; left time: 7176.0517s
	iters: 6700, epoch: 5 | loss: 0.0664306
	speed: 0.0415s/iter; left time: 7638.7116s
	iters: 6800, epoch: 5 | loss: 0.2397975
	speed: 0.0379s/iter; left time: 6964.1851s
	iters: 6900, epoch: 5 | loss: 0.1561740
	speed: 0.0373s/iter; left time: 6850.0113s
	iters: 7000, epoch: 5 | loss: 0.0904250
	speed: 0.0342s/iter; left time: 6282.8054s
	iters: 7100, epoch: 5 | loss: 0.1649531
	speed: 0.0422s/iter; left time: 7755.7375s
	iters: 7200, epoch: 5 | loss: 0.6842980
	speed: 0.0415s/iter; left time: 7612.2361s
	iters: 7300, epoch: 5 | loss: 0.1104217
	speed: 0.0402s/iter; left time: 7369.9784s
Epoch: 5 cost time: 297.9412462711334
Epoch: 5, Steps: 7336 | Train Loss: 0.321 Vali Loss: 2.030 Vali Acc: 0.602 Test Loss: 2.030 Test Acc: 0.602
EarlyStopping counter: 2 out of 10
Updating learning rate to 6.25e-05
	iters: 100, epoch: 6 | loss: 0.4317521
	speed: 0.1740s/iter; left time: 31896.1411s
	iters: 200, epoch: 6 | loss: 0.3202252
	speed: 0.0456s/iter; left time: 8356.9195s
	iters: 300, epoch: 6 | loss: 0.2922753
	speed: 0.0372s/iter; left time: 6815.4865s
	iters: 400, epoch: 6 | loss: 0.2534646
	speed: 0.0368s/iter; left time: 6734.0416s
	iters: 500, epoch: 6 | loss: 0.1713195
	speed: 0.0443s/iter; left time: 8095.6516s
	iters: 600, epoch: 6 | loss: 0.5788094
	speed: 0.0414s/iter; left time: 7567.4774s
	iters: 700, epoch: 6 | loss: 0.1188846
	speed: 0.0408s/iter; left time: 7458.5583s
	iters: 800, epoch: 6 | loss: 0.1646490
	speed: 0.0453s/iter; left time: 8269.9106s
	iters: 900, epoch: 6 | loss: 0.2135165
	speed: 0.0461s/iter; left time: 8411.9305s
	iters: 1000, epoch: 6 | loss: 0.1954297
	speed: 0.0459s/iter; left time: 8368.3210s
	iters: 1100, epoch: 6 | loss: 0.3601890
	speed: 0.0459s/iter; left time: 8374.8742s
	iters: 1200, epoch: 6 | loss: 0.0691796
	speed: 0.0460s/iter; left time: 8385.5017s
	iters: 1300, epoch: 6 | loss: 0.1655379
	speed: 0.0378s/iter; left time: 6880.9556s
	iters: 1400, epoch: 6 | loss: 0.3356216
	speed: 0.0389s/iter; left time: 7070.7740s
	iters: 1500, epoch: 6 | loss: 0.2295018
	speed: 0.0411s/iter; left time: 7468.5935s
	iters: 1600, epoch: 6 | loss: 0.1826537
	speed: 0.0383s/iter; left time: 6960.2769s
	iters: 1700, epoch: 6 | loss: 0.3405155
	speed: 0.0375s/iter; left time: 6804.8110s
	iters: 1800, epoch: 6 | loss: 0.2634641
	speed: 0.0330s/iter; left time: 6000.5420s
	iters: 1900, epoch: 6 | loss: 0.2135809
	speed: 0.0365s/iter; left time: 6627.1974s
	iters: 2000, epoch: 6 | loss: 0.3181832
	speed: 0.0333s/iter; left time: 6045.6710s
	iters: 2100, epoch: 6 | loss: 0.2275644
	speed: 0.0324s/iter; left time: 5871.8541s
	iters: 2200, epoch: 6 | loss: 0.3033020
	speed: 0.0349s/iter; left time: 6330.3174s
	iters: 2300, epoch: 6 | loss: 0.0369851
	speed: 0.0359s/iter; left time: 6500.2874s
	iters: 2400, epoch: 6 | loss: 0.5415269
	speed: 0.0355s/iter; left time: 6429.0110s
	iters: 2500, epoch: 6 | loss: 0.2256059
	speed: 0.0381s/iter; left time: 6899.7179s
	iters: 2600, epoch: 6 | loss: 0.3146629
	speed: 0.0438s/iter; left time: 7913.0633s
	iters: 2700, epoch: 6 | loss: 0.2940071
	speed: 0.0397s/iter; left time: 7180.7242s
	iters: 2800, epoch: 6 | loss: 0.1127448
	speed: 0.0368s/iter; left time: 6654.2559s
	iters: 2900, epoch: 6 | loss: 0.1894381
	speed: 0.0360s/iter; left time: 6498.6568s
	iters: 3000, epoch: 6 | loss: 0.1259222
	speed: 0.0371s/iter; left time: 6698.0088s
	iters: 3100, epoch: 6 | loss: 0.2147726
	speed: 0.0403s/iter; left time: 7257.4791s
	iters: 3200, epoch: 6 | loss: 0.3399315
	speed: 0.0395s/iter; left time: 7117.7170s
	iters: 3300, epoch: 6 | loss: 0.0920459
	speed: 0.0387s/iter; left time: 6964.8807s
	iters: 3400, epoch: 6 | loss: 0.2355759
	speed: 0.0416s/iter; left time: 7496.2768s
	iters: 3500, epoch: 6 | loss: 0.2481818
	speed: 0.0427s/iter; left time: 7672.8173s
	iters: 3600, epoch: 6 | loss: 0.2186955
	speed: 0.0439s/iter; left time: 7900.9773s
	iters: 3700, epoch: 6 | loss: 0.2292507
	speed: 0.0366s/iter; left time: 6583.6329s
	iters: 3800, epoch: 6 | loss: 0.2448488
	speed: 0.0387s/iter; left time: 6949.4837s
	iters: 3900, epoch: 6 | loss: 0.0654746
	speed: 0.0401s/iter; left time: 7196.1991s
	iters: 4000, epoch: 6 | loss: 0.1915634
	speed: 0.0393s/iter; left time: 7050.9667s
	iters: 4100, epoch: 6 | loss: 0.2212428
	speed: 0.0409s/iter; left time: 7333.0059s
	iters: 4200, epoch: 6 | loss: 0.2290937
	speed: 0.0591s/iter; left time: 10586.6251s
	iters: 4300, epoch: 6 | loss: 0.1998696
	speed: 0.0422s/iter; left time: 7550.2544s
	iters: 4400, epoch: 6 | loss: 0.4069129
	speed: 0.0391s/iter; left time: 7001.4943s
	iters: 4500, epoch: 6 | loss: 0.1258091
	speed: 0.0445s/iter; left time: 7962.9927s
	iters: 4600, epoch: 6 | loss: 0.2004889
	speed: 0.0391s/iter; left time: 6997.3675s
	iters: 4700, epoch: 6 | loss: 0.0321211
	speed: 0.0407s/iter; left time: 7275.6626s
	iters: 4800, epoch: 6 | loss: 0.0967545
	speed: 0.0354s/iter; left time: 6330.1567s
	iters: 4900, epoch: 6 | loss: 0.1868589
	speed: 0.0340s/iter; left time: 6065.1980s
	iters: 5000, epoch: 6 | loss: 0.1065782
	speed: 0.0369s/iter; left time: 6582.6793s
	iters: 5100, epoch: 6 | loss: 0.0337408
	speed: 0.0392s/iter; left time: 6994.6659s
	iters: 5200, epoch: 6 | loss: 0.1343279
	speed: 0.0418s/iter; left time: 7441.1951s
	iters: 5300, epoch: 6 | loss: 0.2945806
	speed: 0.0361s/iter; left time: 6426.5988s
	iters: 5400, epoch: 6 | loss: 0.1758800
	speed: 0.0372s/iter; left time: 6630.0244s
	iters: 5500, epoch: 6 | loss: 0.1437688
	speed: 0.0367s/iter; left time: 6529.5619s
	iters: 5600, epoch: 6 | loss: 0.0773447
	speed: 0.0401s/iter; left time: 7131.3712s
	iters: 5700, epoch: 6 | loss: 0.0374073
	speed: 0.0407s/iter; left time: 7240.6180s
	iters: 5800, epoch: 6 | loss: 0.4335274
	speed: 0.0375s/iter; left time: 6659.0962s
	iters: 5900, epoch: 6 | loss: 0.3065338
	speed: 0.0382s/iter; left time: 6775.0277s
	iters: 6000, epoch: 6 | loss: 0.1001062
	speed: 0.0462s/iter; left time: 8188.1732s
	iters: 6100, epoch: 6 | loss: 0.2424546
	speed: 0.0397s/iter; left time: 7041.8024s
	iters: 6200, epoch: 6 | loss: 0.0952877
	speed: 0.0396s/iter; left time: 7015.3764s
	iters: 6300, epoch: 6 | loss: 0.1813877
	speed: 0.0408s/iter; left time: 7223.1433s
	iters: 6400, epoch: 6 | loss: 0.1613778
	speed: 0.0360s/iter; left time: 6375.1338s
	iters: 6500, epoch: 6 | loss: 0.2999944
	speed: 0.0361s/iter; left time: 6388.3895s
	iters: 6600, epoch: 6 | loss: 0.2344656
	speed: 0.0372s/iter; left time: 6574.1364s
	iters: 6700, epoch: 6 | loss: 0.2030716
	speed: 0.0364s/iter; left time: 6429.2157s
	iters: 6800, epoch: 6 | loss: 0.4548384
	speed: 0.0375s/iter; left time: 6631.2604s
	iters: 6900, epoch: 6 | loss: 0.3738613
	speed: 0.0333s/iter; left time: 5876.4564s
	iters: 7000, epoch: 6 | loss: 0.0355904
	speed: 0.0419s/iter; left time: 7392.4019s
	iters: 7100, epoch: 6 | loss: 0.3459538
	speed: 0.0415s/iter; left time: 7322.1540s
	iters: 7200, epoch: 6 | loss: 0.1033628
	speed: 0.0427s/iter; left time: 7526.0873s
	iters: 7300, epoch: 6 | loss: 0.0756604
	speed: 0.0424s/iter; left time: 7461.1898s
Epoch: 6 cost time: 291.31112360954285
Epoch: 6, Steps: 7336 | Train Loss: 0.207 Vali Loss: 2.002 Vali Acc: 0.607 Test Loss: 2.002 Test Acc: 0.607
EarlyStopping counter: 3 out of 10
	iters: 100, epoch: 7 | loss: 0.0518192
	speed: 0.1724s/iter; left time: 30329.1975s
	iters: 200, epoch: 7 | loss: 0.3198580
	speed: 0.0478s/iter; left time: 8407.4769s
	iters: 300, epoch: 7 | loss: 0.1440427
	speed: 0.0428s/iter; left time: 7521.8586s
	iters: 400, epoch: 7 | loss: 0.1600919
	speed: 0.0381s/iter; left time: 6684.8981s
	iters: 500, epoch: 7 | loss: 0.1777941
	speed: 0.0419s/iter; left time: 7356.7500s
	iters: 600, epoch: 7 | loss: 0.4552764
	speed: 0.0468s/iter; left time: 8216.9429s
	iters: 700, epoch: 7 | loss: 0.1316876
	speed: 0.0384s/iter; left time: 6737.6571s
	iters: 800, epoch: 7 | loss: 0.0650414
	speed: 0.0370s/iter; left time: 6483.7788s
	iters: 900, epoch: 7 | loss: 0.1792750
	speed: 0.0394s/iter; left time: 6901.3528s
	iters: 1000, epoch: 7 | loss: 0.0532893
	speed: 0.0418s/iter; left time: 7313.6417s
	iters: 1100, epoch: 7 | loss: 0.1739189
	speed: 0.0369s/iter; left time: 6450.3960s
	iters: 1200, epoch: 7 | loss: 0.1338055
	speed: 0.0422s/iter; left time: 7376.5781s
	iters: 1300, epoch: 7 | loss: 0.3627000
	speed: 0.0369s/iter; left time: 6453.1282s
	iters: 1400, epoch: 7 | loss: 0.0327783
	speed: 0.0401s/iter; left time: 7003.1936s
	iters: 1500, epoch: 7 | loss: 0.0857934
	speed: 0.0390s/iter; left time: 6799.8873s
	iters: 1600, epoch: 7 | loss: 0.0711559
	speed: 0.0371s/iter; left time: 6469.9429s
	iters: 1700, epoch: 7 | loss: 0.2441488
	speed: 0.0408s/iter; left time: 7107.5027s
	iters: 1800, epoch: 7 | loss: 0.2854256
	speed: 0.0421s/iter; left time: 7331.6115s
	iters: 1900, epoch: 7 | loss: 0.2496735
	speed: 0.0347s/iter; left time: 6049.6524s
	iters: 2000, epoch: 7 | loss: 0.1705822
	speed: 0.0391s/iter; left time: 6801.9597s
	iters: 2100, epoch: 7 | loss: 0.0160877
	speed: 0.0359s/iter; left time: 6242.1078s
	iters: 2200, epoch: 7 | loss: 0.3704618
	speed: 0.0424s/iter; left time: 7376.7119s
	iters: 2300, epoch: 7 | loss: 0.2338660
	speed: 0.0419s/iter; left time: 7285.4682s
	iters: 2400, epoch: 7 | loss: 0.1110485
	speed: 0.0467s/iter; left time: 8103.3238s
	iters: 2500, epoch: 7 | loss: 0.2157804
	speed: 0.0418s/iter; left time: 7248.8360s
	iters: 2600, epoch: 7 | loss: 0.1578019
	speed: 0.0336s/iter; left time: 5822.1921s
	iters: 2700, epoch: 7 | loss: 0.3354281
	speed: 0.0422s/iter; left time: 7309.3835s
	iters: 2800, epoch: 7 | loss: 0.3283508
	speed: 0.0423s/iter; left time: 7329.2008s
	iters: 2900, epoch: 7 | loss: 0.5984185
	speed: 0.0412s/iter; left time: 7141.8515s
	iters: 3000, epoch: 7 | loss: 0.2820496
	speed: 0.0420s/iter; left time: 7275.2763s
	iters: 3100, epoch: 7 | loss: 0.0857868
	speed: 0.0406s/iter; left time: 7021.2399s
	iters: 3200, epoch: 7 | loss: 0.3280510
	speed: 0.0453s/iter; left time: 7824.9127s
	iters: 3300, epoch: 7 | loss: 0.2396720
	speed: 0.0507s/iter; left time: 8755.9960s
	iters: 3400, epoch: 7 | loss: 0.0691139
	speed: 0.0662s/iter; left time: 11433.5272s
	iters: 3500, epoch: 7 | loss: 0.1644587
	speed: 0.0605s/iter; left time: 10438.5659s
	iters: 3600, epoch: 7 | loss: 0.0598782
	speed: 0.0646s/iter; left time: 11137.4960s
	iters: 3700, epoch: 7 | loss: 0.4873363
	speed: 0.0398s/iter; left time: 6859.7942s
	iters: 3800, epoch: 7 | loss: 0.1212541
	speed: 0.0350s/iter; left time: 6020.7306s
	iters: 3900, epoch: 7 | loss: 0.2986089
	speed: 0.0387s/iter; left time: 6670.2140s
	iters: 4000, epoch: 7 | loss: 0.0319070
	speed: 0.0395s/iter; left time: 6802.6391s
	iters: 4100, epoch: 7 | loss: 0.6222488
	speed: 0.0410s/iter; left time: 7048.8515s
	iters: 4200, epoch: 7 | loss: 0.0662169
	speed: 0.0411s/iter; left time: 7064.2328s
	iters: 4300, epoch: 7 | loss: 0.0900350
	speed: 0.0379s/iter; left time: 6502.7440s
	iters: 4400, epoch: 7 | loss: 0.1485708
	speed: 0.0437s/iter; left time: 7509.5956s
	iters: 4500, epoch: 7 | loss: 0.1177914
	speed: 0.0521s/iter; left time: 8930.8523s
	iters: 4600, epoch: 7 | loss: 0.0246237
	speed: 0.0473s/iter; left time: 8110.9576s
	iters: 4700, epoch: 7 | loss: 0.3084772
	speed: 0.0444s/iter; left time: 7610.7445s
	iters: 4800, epoch: 7 | loss: 0.3905363
	speed: 0.0373s/iter; left time: 6388.6647s
	iters: 4900, epoch: 7 | loss: 0.2427160
	speed: 0.0347s/iter; left time: 5940.3017s
	iters: 5000, epoch: 7 | loss: 0.1905895
	speed: 0.0392s/iter; left time: 6700.6900s
	iters: 5100, epoch: 7 | loss: 0.3091646
	speed: 0.0425s/iter; left time: 7262.5784s
	iters: 5200, epoch: 7 | loss: 0.1392252
	speed: 0.0399s/iter; left time: 6814.7438s
	iters: 5300, epoch: 7 | loss: 0.2991306
	speed: 0.0417s/iter; left time: 7127.4457s
	iters: 5400, epoch: 7 | loss: 0.3114095
	speed: 0.0360s/iter; left time: 6152.0513s
	iters: 5500, epoch: 7 | loss: 0.2177308
	speed: 0.0417s/iter; left time: 7114.8099s
	iters: 5600, epoch: 7 | loss: 0.1564049
	speed: 0.0381s/iter; left time: 6502.5506s
	iters: 5700, epoch: 7 | loss: 0.1895170
	speed: 0.0361s/iter; left time: 6146.0950s
	iters: 5800, epoch: 7 | loss: 0.0150635
	speed: 0.0365s/iter; left time: 6211.6037s
	iters: 5900, epoch: 7 | loss: 0.0701083
	speed: 0.0371s/iter; left time: 6318.3734s
	iters: 6000, epoch: 7 | loss: 0.4143681
	speed: 0.0336s/iter; left time: 5710.0063s
	iters: 6100, epoch: 7 | loss: 0.0871152
	speed: 0.0356s/iter; left time: 6054.0022s
	iters: 6200, epoch: 7 | loss: 0.0447270
	speed: 0.0352s/iter; left time: 5972.7459s
	iters: 6300, epoch: 7 | loss: 0.1851338
	speed: 0.0363s/iter; left time: 6156.1641s
	iters: 6400, epoch: 7 | loss: 0.1592086
	speed: 0.0338s/iter; left time: 5731.7004s
	iters: 6500, epoch: 7 | loss: 0.0699119
	speed: 0.0387s/iter; left time: 6557.6326s
	iters: 6600, epoch: 7 | loss: 0.2707080
	speed: 0.0432s/iter; left time: 7316.4843s
	iters: 6700, epoch: 7 | loss: 0.1679881
	speed: 0.0418s/iter; left time: 7081.0396s
	iters: 6800, epoch: 7 | loss: 0.0546160
	speed: 0.0404s/iter; left time: 6835.3640s
	iters: 6900, epoch: 7 | loss: 0.3967659
	speed: 0.0479s/iter; left time: 8103.0885s
	iters: 7000, epoch: 7 | loss: 0.0185713
	speed: 0.0386s/iter; left time: 6518.8932s
	iters: 7100, epoch: 7 | loss: 0.4098274
	speed: 0.0365s/iter; left time: 6165.5726s
	iters: 7200, epoch: 7 | loss: 0.3093184
	speed: 0.0403s/iter; left time: 6802.2625s
	iters: 7300, epoch: 7 | loss: 0.5206078
	speed: 0.0442s/iter; left time: 7452.9616s
Epoch: 7 cost time: 302.9303822517395
Epoch: 7, Steps: 7336 | Train Loss: 0.188 Vali Loss: 2.105 Vali Acc: 0.592 Test Loss: 2.105 Test Acc: 0.592
EarlyStopping counter: 4 out of 10
	iters: 100, epoch: 8 | loss: 0.0436850
	speed: 0.1772s/iter; left time: 29886.0578s
	iters: 200, epoch: 8 | loss: 0.1507105
	speed: 0.0344s/iter; left time: 5802.3945s
	iters: 300, epoch: 8 | loss: 0.2194523
	speed: 0.0401s/iter; left time: 6747.4393s
	iters: 400, epoch: 8 | loss: 0.0400974
	speed: 0.0448s/iter; left time: 7545.8540s
	iters: 500, epoch: 8 | loss: 0.1356661
	speed: 0.0365s/iter; left time: 6146.2663s
	iters: 600, epoch: 8 | loss: 0.1415983
	speed: 0.0359s/iter; left time: 6032.4742s
	iters: 700, epoch: 8 | loss: 0.0311888
	speed: 0.0380s/iter; left time: 6378.7306s
	iters: 800, epoch: 8 | loss: 0.0765256
	speed: 0.0393s/iter; left time: 6602.5269s
	iters: 900, epoch: 8 | loss: 0.0696588
	speed: 0.0350s/iter; left time: 5876.1225s
	iters: 1000, epoch: 8 | loss: 0.2313513
	speed: 0.0404s/iter; left time: 6782.3528s
	iters: 1100, epoch: 8 | loss: 0.5868637
	speed: 0.0373s/iter; left time: 6248.2958s
	iters: 1200, epoch: 8 | loss: 0.3400928
	speed: 0.0399s/iter; left time: 6686.8655s
	iters: 1300, epoch: 8 | loss: 0.3776590
	speed: 0.0379s/iter; left time: 6337.7510s
	iters: 1400, epoch: 8 | loss: 0.3383749
	speed: 0.0338s/iter; left time: 5661.2501s
	iters: 1500, epoch: 8 | loss: 0.2463836
	speed: 0.0336s/iter; left time: 5616.0730s
	iters: 1600, epoch: 8 | loss: 0.3160012
	speed: 0.0361s/iter; left time: 6030.3483s
	iters: 1700, epoch: 8 | loss: 0.2628553
	speed: 0.0366s/iter; left time: 6108.6134s
	iters: 1800, epoch: 8 | loss: 0.0806386
	speed: 0.0353s/iter; left time: 5899.8649s
	iters: 1900, epoch: 8 | loss: 0.5251701
	speed: 0.0351s/iter; left time: 5861.3913s
	iters: 2000, epoch: 8 | loss: 0.1604756
	speed: 0.0356s/iter; left time: 5930.5234s
	iters: 2100, epoch: 8 | loss: 0.1328408
	speed: 0.0387s/iter; left time: 6443.1106s
	iters: 2200, epoch: 8 | loss: 0.0329056
	speed: 0.0369s/iter; left time: 6142.3839s
	iters: 2300, epoch: 8 | loss: 0.1077207
	speed: 0.0400s/iter; left time: 6660.3760s
	iters: 2400, epoch: 8 | loss: 0.1733021
	speed: 0.0355s/iter; left time: 5896.5091s
	iters: 2500, epoch: 8 | loss: 0.0894797
	speed: 0.0356s/iter; left time: 5923.5778s
	iters: 2600, epoch: 8 | loss: 0.2162260
	speed: 0.0401s/iter; left time: 6661.7095s
	iters: 2700, epoch: 8 | loss: 0.1530640
	speed: 0.0452s/iter; left time: 7501.2700s
	iters: 2800, epoch: 8 | loss: 0.2285106
	speed: 0.0375s/iter; left time: 6221.4723s
	iters: 2900, epoch: 8 | loss: 0.0825149
	speed: 0.0360s/iter; left time: 5964.8851s
	iters: 3000, epoch: 8 | loss: 0.2983783
	speed: 0.0356s/iter; left time: 5904.6539s
	iters: 3100, epoch: 8 | loss: 0.0332371
	speed: 0.0384s/iter; left time: 6364.2346s
	iters: 3200, epoch: 8 | loss: 0.2048105
	speed: 0.0390s/iter; left time: 6458.1344s
	iters: 3300, epoch: 8 | loss: 0.3360195
	speed: 0.0346s/iter; left time: 5715.7615s
	iters: 3400, epoch: 8 | loss: 0.7147771
	speed: 0.0317s/iter; left time: 5234.2655s
	iters: 3500, epoch: 8 | loss: 0.1465470
	speed: 0.0305s/iter; left time: 5047.1973s
	iters: 3600, epoch: 8 | loss: 0.2476007
	speed: 0.0390s/iter; left time: 6432.7977s
	iters: 3700, epoch: 8 | loss: 0.4526374
	speed: 0.0389s/iter; left time: 6417.8168s
	iters: 3800, epoch: 8 | loss: 0.0946497
	speed: 0.0349s/iter; left time: 5751.3727s
	iters: 3900, epoch: 8 | loss: 0.0765411
	speed: 0.0332s/iter; left time: 5478.0268s
	iters: 4000, epoch: 8 | loss: 1.0348874
	speed: 0.0334s/iter; left time: 5507.3613s
	iters: 4100, epoch: 8 | loss: 0.0410786
	speed: 0.0420s/iter; left time: 6908.3017s
	iters: 4200, epoch: 8 | loss: 0.3776091
	speed: 0.0338s/iter; left time: 5562.8405s
	iters: 4300, epoch: 8 | loss: 0.2948206
	speed: 0.0368s/iter; left time: 6045.2809s
	iters: 4400, epoch: 8 | loss: 0.0875366
	speed: 0.0372s/iter; left time: 6117.9202s
	iters: 4500, epoch: 8 | loss: 0.0633545
	speed: 0.0381s/iter; left time: 6261.9096s
	iters: 4600, epoch: 8 | loss: 0.0742119
	speed: 0.0429s/iter; left time: 7048.8277s
	iters: 4700, epoch: 8 | loss: 0.0598986
	speed: 0.0469s/iter; left time: 7685.9842s
	iters: 4800, epoch: 8 | loss: 0.0080111
	speed: 0.0438s/iter; left time: 7187.2685s
	iters: 4900, epoch: 8 | loss: 0.0563995
	speed: 0.0455s/iter; left time: 7454.1433s
	iters: 5000, epoch: 8 | loss: 0.1888085
	speed: 0.0414s/iter; left time: 6776.2221s
	iters: 5100, epoch: 8 | loss: 0.2023150
	speed: 0.0387s/iter; left time: 6334.7150s
	iters: 5200, epoch: 8 | loss: 0.1416138
	speed: 0.0371s/iter; left time: 6072.9267s
	iters: 5300, epoch: 8 | loss: 0.0513334
	speed: 0.0372s/iter; left time: 6072.1427s
	iters: 5400, epoch: 8 | loss: 0.2389683
	speed: 0.0401s/iter; left time: 6548.1074s
	iters: 5500, epoch: 8 | loss: 0.0537041
	speed: 0.0442s/iter; left time: 7215.8264s
	iters: 5600, epoch: 8 | loss: 0.0413091
	speed: 0.0379s/iter; left time: 6187.9524s
	iters: 5700, epoch: 8 | loss: 0.0592040
	speed: 0.0373s/iter; left time: 6082.8094s
	iters: 5800, epoch: 8 | loss: 0.1360566
	speed: 0.0385s/iter; left time: 6273.3393s
	iters: 5900, epoch: 8 | loss: 0.0739442
	speed: 0.0391s/iter; left time: 6369.8219s
	iters: 6000, epoch: 8 | loss: 0.0834150
	speed: 0.0386s/iter; left time: 6280.6766s
	iters: 6100, epoch: 8 | loss: 0.1083799
	speed: 0.0398s/iter; left time: 6470.5823s
	iters: 6200, epoch: 8 | loss: 0.0875731
	speed: 0.0389s/iter; left time: 6329.1223s
	iters: 6300, epoch: 8 | loss: 0.1862814
	speed: 0.0387s/iter; left time: 6284.8814s
	iters: 6400, epoch: 8 | loss: 0.0235596
	speed: 0.0387s/iter; left time: 6290.0475s
	iters: 6500, epoch: 8 | loss: 0.1055087
	speed: 0.0383s/iter; left time: 6220.2488s
	iters: 6600, epoch: 8 | loss: 0.2921814
	speed: 0.0376s/iter; left time: 6096.7017s
	iters: 6700, epoch: 8 | loss: 0.0839415
	speed: 0.0374s/iter; left time: 6055.2354s
	iters: 6800, epoch: 8 | loss: 0.0204062
	speed: 0.0403s/iter; left time: 6533.1056s
	iters: 6900, epoch: 8 | loss: 0.1677613
	speed: 0.0421s/iter; left time: 6810.3607s
	iters: 7000, epoch: 8 | loss: 0.2872145
	speed: 0.0396s/iter; left time: 6402.7294s
	iters: 7100, epoch: 8 | loss: 0.0944477
	speed: 0.0428s/iter; left time: 6910.9944s
	iters: 7200, epoch: 8 | loss: 0.1243588
	speed: 0.0387s/iter; left time: 6243.9955s
	iters: 7300, epoch: 8 | loss: 0.0266702
	speed: 0.0375s/iter; left time: 6058.8599s
Epoch: 8 cost time: 281.3026719093323
Epoch: 8, Steps: 7336 | Train Loss: 0.181 Vali Loss: 2.117 Vali Acc: 0.597 Test Loss: 2.117 Test Acc: 0.597
EarlyStopping counter: 5 out of 10
	iters: 100, epoch: 9 | loss: 0.2797506
	speed: 0.1787s/iter; left time: 28816.6588s
	iters: 200, epoch: 9 | loss: 0.5316960
	speed: 0.0447s/iter; left time: 7209.1595s
	iters: 300, epoch: 9 | loss: 0.1159222
	speed: 0.0409s/iter; left time: 6593.2798s
	iters: 400, epoch: 9 | loss: 0.2336638
	speed: 0.0364s/iter; left time: 5861.9413s
	iters: 500, epoch: 9 | loss: 0.0464430
	speed: 0.0429s/iter; left time: 6897.7536s
	iters: 600, epoch: 9 | loss: 0.1376137
	speed: 0.0462s/iter; left time: 7428.4129s
	iters: 700, epoch: 9 | loss: 0.4501634
	speed: 0.0426s/iter; left time: 6837.6498s
	iters: 800, epoch: 9 | loss: 0.1928042
	speed: 0.0477s/iter; left time: 7665.9719s
	iters: 900, epoch: 9 | loss: 0.2238446
	speed: 0.0400s/iter; left time: 6427.6270s
	iters: 1000, epoch: 9 | loss: 0.3072923
	speed: 0.0390s/iter; left time: 6250.8312s
	iters: 1100, epoch: 9 | loss: 0.2364543
	speed: 0.0463s/iter; left time: 7418.6975s
	iters: 1200, epoch: 9 | loss: 0.0389267
	speed: 0.0381s/iter; left time: 6100.1969s
	iters: 1300, epoch: 9 | loss: 0.3238467
	speed: 0.0378s/iter; left time: 6057.9896s
	iters: 1400, epoch: 9 | loss: 0.2738273
	speed: 0.0380s/iter; left time: 6078.0399s
	iters: 1500, epoch: 9 | loss: 0.2159392
	speed: 0.0356s/iter; left time: 5696.0673s
	iters: 1600, epoch: 9 | loss: 0.3474014
	speed: 0.0479s/iter; left time: 7653.8313s
	iters: 1700, epoch: 9 | loss: 0.3958856
	speed: 0.0427s/iter; left time: 6812.6001s
	iters: 1800, epoch: 9 | loss: 0.2185248
	speed: 0.0376s/iter; left time: 5998.1726s
	iters: 1900, epoch: 9 | loss: 0.6828299
	speed: 0.0389s/iter; left time: 6199.9859s
	iters: 2000, epoch: 9 | loss: 0.0166071
	speed: 0.0366s/iter; left time: 5832.0320s
	iters: 2100, epoch: 9 | loss: 0.2879141
	speed: 0.0422s/iter; left time: 6715.6935s
	iters: 2200, epoch: 9 | loss: 0.0459340
	speed: 0.0432s/iter; left time: 6877.0031s
	iters: 2300, epoch: 9 | loss: 0.5615236
	speed: 0.0453s/iter; left time: 7207.1871s
	iters: 2400, epoch: 9 | loss: 0.2228899
	speed: 0.0367s/iter; left time: 5834.9109s
	iters: 2500, epoch: 9 | loss: 0.1126257
	speed: 0.0395s/iter; left time: 6272.0371s
	iters: 2600, epoch: 9 | loss: 0.2423024
	speed: 0.0401s/iter; left time: 6367.5607s
	iters: 2700, epoch: 9 | loss: 0.1476296
	speed: 0.0424s/iter; left time: 6731.2427s
	iters: 2800, epoch: 9 | loss: 0.1696925
	speed: 0.0428s/iter; left time: 6786.3806s
	iters: 2900, epoch: 9 | loss: 0.0346995
	speed: 0.0455s/iter; left time: 7207.7192s
	iters: 3000, epoch: 9 | loss: 0.0384957
	speed: 0.0398s/iter; left time: 6306.8816s
	iters: 3100, epoch: 9 | loss: 0.2354278
	speed: 0.0354s/iter; left time: 5599.4992s
	iters: 3200, epoch: 9 | loss: 0.1611372
	speed: 0.0426s/iter; left time: 6744.0927s
	iters: 3300, epoch: 9 | loss: 0.0511188
	speed: 0.0468s/iter; left time: 7398.6605s
	iters: 3400, epoch: 9 | loss: 0.2918834
	speed: 0.0388s/iter; left time: 6133.3786s
	iters: 3500, epoch: 9 | loss: 0.1648886
	speed: 0.0370s/iter; left time: 5838.2186s
	iters: 3600, epoch: 9 | loss: 0.2220180
	speed: 0.0449s/iter; left time: 7078.9707s
	iters: 3700, epoch: 9 | loss: 0.0129563
	speed: 0.0470s/iter; left time: 7414.6288s
	iters: 3800, epoch: 9 | loss: 0.1143339
	speed: 0.0400s/iter; left time: 6297.6069s
	iters: 3900, epoch: 9 | loss: 0.0847351
	speed: 0.0359s/iter; left time: 5661.8265s
	iters: 4000, epoch: 9 | loss: 0.3764541
	speed: 0.0371s/iter; left time: 5833.9544s
	iters: 4100, epoch: 9 | loss: 0.0374819
	speed: 0.0432s/iter; left time: 6797.2337s
	iters: 4200, epoch: 9 | loss: 0.1230678
	speed: 0.0380s/iter; left time: 5977.2552s
	iters: 4300, epoch: 9 | loss: 0.3053065
	speed: 0.0371s/iter; left time: 5835.9153s
	iters: 4400, epoch: 9 | loss: 0.0785101
	speed: 0.0410s/iter; left time: 6433.9782s
	iters: 4500, epoch: 9 | loss: 0.0803431
	speed: 0.0386s/iter; left time: 6056.6745s
	iters: 4600, epoch: 9 | loss: 0.1302190
	speed: 0.0400s/iter; left time: 6271.7107s
	iters: 4700, epoch: 9 | loss: 0.0800879
	speed: 0.0401s/iter; left time: 6279.3161s
	iters: 4800, epoch: 9 | loss: 0.4164802
	speed: 0.0374s/iter; left time: 5848.8227s
	iters: 4900, epoch: 9 | loss: 0.1133073
	speed: 0.0368s/iter; left time: 5753.3854s
	iters: 5000, epoch: 9 | loss: 0.1522760
	speed: 0.0360s/iter; left time: 5622.5547s
	iters: 5100, epoch: 9 | loss: 0.7539389
	speed: 0.0393s/iter; left time: 6149.6667s
	iters: 5200, epoch: 9 | loss: 0.3329830
	speed: 0.0362s/iter; left time: 5657.1942s
	iters: 5300, epoch: 9 | loss: 0.1835279
	speed: 0.0333s/iter; left time: 5201.8669s
	iters: 5400, epoch: 9 | loss: 0.0394935
	speed: 0.0353s/iter; left time: 5506.7582s
	iters: 5500, epoch: 9 | loss: 0.0893772
	speed: 0.0374s/iter; left time: 5825.3731s
	iters: 5600, epoch: 9 | loss: 0.1304454
	speed: 0.0394s/iter; left time: 6135.7620s
	iters: 5700, epoch: 9 | loss: 0.2173170
	speed: 0.0431s/iter; left time: 6703.6584s
	iters: 5800, epoch: 9 | loss: 0.3142409
	speed: 0.0392s/iter; left time: 6096.0614s
	iters: 5900, epoch: 9 | loss: 0.2624810
	speed: 0.0421s/iter; left time: 6543.6644s
	iters: 6000, epoch: 9 | loss: 0.1776594
	speed: 0.0366s/iter; left time: 5689.6050s
	iters: 6100, epoch: 9 | loss: 0.1305612
	speed: 0.0414s/iter; left time: 6428.4276s
	iters: 6200, epoch: 9 | loss: 0.1392993
	speed: 0.0400s/iter; left time: 6215.2020s
	iters: 6300, epoch: 9 | loss: 0.1365337
	speed: 0.0390s/iter; left time: 6044.5985s
	iters: 6400, epoch: 9 | loss: 0.0502217
	speed: 0.0370s/iter; left time: 5742.1620s
	iters: 6500, epoch: 9 | loss: 0.2979310
	speed: 0.0383s/iter; left time: 5929.3736s
	iters: 6600, epoch: 9 | loss: 0.3429163
	speed: 0.0370s/iter; left time: 5728.3028s
	iters: 6700, epoch: 9 | loss: 0.0599634
	speed: 0.0381s/iter; left time: 5897.7547s
	iters: 6800, epoch: 9 | loss: 0.0166782
	speed: 0.0460s/iter; left time: 7112.7216s
	iters: 6900, epoch: 9 | loss: 0.0190528
	speed: 0.0389s/iter; left time: 6011.7116s
	iters: 7000, epoch: 9 | loss: 0.0347332
	speed: 0.0394s/iter; left time: 6078.6523s
	iters: 7100, epoch: 9 | loss: 0.0992380
	speed: 0.0387s/iter; left time: 5968.9321s
	iters: 7200, epoch: 9 | loss: 0.4751909
	speed: 0.0411s/iter; left time: 6338.8479s
	iters: 7300, epoch: 9 | loss: 0.0471962
	speed: 0.0379s/iter; left time: 5843.4157s
Epoch: 9 cost time: 294.08020782470703
Epoch: 9, Steps: 7336 | Train Loss: 0.176 Vali Loss: 2.182 Vali Acc: 0.594 Test Loss: 2.182 Test Acc: 0.594
EarlyStopping counter: 6 out of 10
	iters: 100, epoch: 10 | loss: 0.0798743
	speed: 0.1698s/iter; left time: 26144.3532s
	iters: 200, epoch: 10 | loss: 0.1237644
	speed: 0.0371s/iter; left time: 5715.7045s
	iters: 300, epoch: 10 | loss: 0.0163781
	speed: 0.0425s/iter; left time: 6536.8856s
	iters: 400, epoch: 10 | loss: 0.0949837
	speed: 0.0383s/iter; left time: 5886.3243s
	iters: 500, epoch: 10 | loss: 0.2708108
	speed: 0.0357s/iter; left time: 5484.3835s
	iters: 600, epoch: 10 | loss: 0.3048207
	speed: 0.0379s/iter; left time: 5814.6080s
	iters: 700, epoch: 10 | loss: 0.2596402
	speed: 0.0437s/iter; left time: 6707.5263s
	iters: 800, epoch: 10 | loss: 0.1128358
	speed: 0.0452s/iter; left time: 6921.7567s
	iters: 900, epoch: 10 | loss: 0.2025019
	speed: 0.0414s/iter; left time: 6341.8590s
	iters: 1000, epoch: 10 | loss: 0.3376001
	speed: 0.0368s/iter; left time: 5630.2608s
	iters: 1100, epoch: 10 | loss: 0.2618997
	speed: 0.0451s/iter; left time: 6902.1325s
	iters: 1200, epoch: 10 | loss: 0.1400679
	speed: 0.0490s/iter; left time: 7487.6436s
	iters: 1300, epoch: 10 | loss: 0.2111476
	speed: 0.0414s/iter; left time: 6324.7606s
	iters: 1400, epoch: 10 | loss: 0.2354991
	speed: 0.0369s/iter; left time: 5627.6840s
	iters: 1500, epoch: 10 | loss: 0.0976692
	speed: 0.0421s/iter; left time: 6423.0015s
	iters: 1600, epoch: 10 | loss: 0.3307689
	speed: 0.0469s/iter; left time: 7157.6558s
	iters: 1700, epoch: 10 | loss: 0.0832479
	speed: 0.0471s/iter; left time: 7177.5230s
	iters: 1800, epoch: 10 | loss: 0.0250031
	speed: 0.0442s/iter; left time: 6725.0034s
	iters: 1900, epoch: 10 | loss: 0.1288386
	speed: 0.0419s/iter; left time: 6376.6691s
	iters: 2000, epoch: 10 | loss: 0.4359352
	speed: 0.0433s/iter; left time: 6579.9645s
	iters: 2100, epoch: 10 | loss: 0.2722626
	speed: 0.0399s/iter; left time: 6063.2082s
	iters: 2200, epoch: 10 | loss: 0.2504736
	speed: 0.0387s/iter; left time: 5881.5982s
	iters: 2300, epoch: 10 | loss: 0.0696472
	speed: 0.0435s/iter; left time: 6601.9059s
	iters: 2400, epoch: 10 | loss: 0.0476983
	speed: 0.0373s/iter; left time: 5657.5723s
	iters: 2500, epoch: 10 | loss: 0.0253632
	speed: 0.0432s/iter; left time: 6544.6119s
	iters: 2600, epoch: 10 | loss: 0.3503416
	speed: 0.0364s/iter; left time: 5511.8643s
	iters: 2700, epoch: 10 | loss: 0.0120753
	speed: 0.0376s/iter; left time: 5690.4577s
	iters: 2800, epoch: 10 | loss: 0.2749928
	speed: 0.0436s/iter; left time: 6594.0034s
	iters: 2900, epoch: 10 | loss: 0.1047510
	speed: 0.0467s/iter; left time: 7065.9486s
	iters: 3000, epoch: 10 | loss: 0.1219409
	speed: 0.0467s/iter; left time: 7048.2755s
	iters: 3100, epoch: 10 | loss: 0.1658377
	speed: 0.0442s/iter; left time: 6676.7545s
	iters: 3200, epoch: 10 | loss: 0.0206603
	speed: 0.0417s/iter; left time: 6294.4370s
	iters: 3300, epoch: 10 | loss: 0.9340127
	speed: 0.0477s/iter; left time: 7196.5277s
	iters: 3400, epoch: 10 | loss: 0.2932640
	speed: 0.0457s/iter; left time: 6888.0032s
	iters: 3500, epoch: 10 | loss: 0.1795435
	speed: 0.0452s/iter; left time: 6805.9126s
	iters: 3600, epoch: 10 | loss: 0.1451262
	speed: 0.0455s/iter; left time: 6843.9744s
	iters: 3700, epoch: 10 | loss: 0.0799186
	speed: 0.0462s/iter; left time: 6941.5347s
	iters: 3800, epoch: 10 | loss: 0.3625186
	speed: 0.0487s/iter; left time: 7313.9240s
	iters: 3900, epoch: 10 | loss: 0.0351202
	speed: 0.0472s/iter; left time: 7090.1953s
	iters: 4000, epoch: 10 | loss: 0.0739521
	speed: 0.0463s/iter; left time: 6953.6193s
	iters: 4100, epoch: 10 | loss: 0.2168945
	speed: 0.0489s/iter; left time: 7333.2671s
	iters: 4200, epoch: 10 | loss: 0.1558253
	speed: 0.0490s/iter; left time: 7343.6570s
	iters: 4300, epoch: 10 | loss: 0.2242412
	speed: 0.0496s/iter; left time: 7422.3830s
	iters: 4400, epoch: 10 | loss: 0.0189313
	speed: 0.0468s/iter; left time: 7009.2046s
	iters: 4500, epoch: 10 | loss: 0.5125542
	speed: 0.0451s/iter; left time: 6749.4058s
	iters: 4600, epoch: 10 | loss: 0.0735125
	speed: 0.0388s/iter; left time: 5800.6778s
	iters: 4700, epoch: 10 | loss: 0.3746866
	speed: 0.0518s/iter; left time: 7742.6356s
	iters: 4800, epoch: 10 | loss: 0.0681869
	speed: 0.0504s/iter; left time: 7524.2751s
	iters: 4900, epoch: 10 | loss: 0.2795804
	speed: 0.0457s/iter; left time: 6816.1658s
	iters: 5000, epoch: 10 | loss: 0.1821433
	speed: 0.0411s/iter; left time: 6121.3152s
	iters: 5100, epoch: 10 | loss: 0.1194333
	speed: 0.0460s/iter; left time: 6856.3777s
	iters: 5200, epoch: 10 | loss: 0.0474699
	speed: 0.0452s/iter; left time: 6722.2246s
	iters: 5300, epoch: 10 | loss: 0.1219030
	speed: 0.0405s/iter; left time: 6023.4735s
	iters: 5400, epoch: 10 | loss: 0.2085939
	speed: 0.0399s/iter; left time: 5926.7377s
	iters: 5500, epoch: 10 | loss: 0.0962954
	speed: 0.0486s/iter; left time: 7218.0768s
	iters: 5600, epoch: 10 | loss: 0.1346307
	speed: 0.0414s/iter; left time: 6148.7700s
	iters: 5700, epoch: 10 | loss: 0.0637915
	speed: 0.0391s/iter; left time: 5795.6130s
	iters: 5800, epoch: 10 | loss: 0.0915904
	speed: 0.0422s/iter; left time: 6251.7071s
	iters: 5900, epoch: 10 | loss: 0.0117271
	speed: 0.0406s/iter; left time: 6008.0452s
	iters: 6000, epoch: 10 | loss: 0.1515741
	speed: 0.0404s/iter; left time: 5987.2283s
	iters: 6100, epoch: 10 | loss: 0.0776720
	speed: 0.0473s/iter; left time: 6998.3654s
	iters: 6200, epoch: 10 | loss: 0.0689831
	speed: 0.0508s/iter; left time: 7509.0549s
	iters: 6300, epoch: 10 | loss: 0.2034738
	speed: 0.0456s/iter; left time: 6742.5446s
	iters: 6400, epoch: 10 | loss: 0.7172571
	speed: 0.0430s/iter; left time: 6352.0789s
	iters: 6500, epoch: 10 | loss: 0.1233361
	speed: 0.0372s/iter; left time: 5495.5162s
	iters: 6600, epoch: 10 | loss: 0.1333583
	speed: 0.0465s/iter; left time: 6857.3008s
	iters: 6700, epoch: 10 | loss: 0.1393503
	speed: 0.0431s/iter; left time: 6350.3162s
	iters: 6800, epoch: 10 | loss: 0.1097911
	speed: 0.0402s/iter; left time: 5918.3228s
	iters: 6900, epoch: 10 | loss: 0.1740668
	speed: 0.0454s/iter; left time: 6677.5491s
	iters: 7000, epoch: 10 | loss: 0.0751557
	speed: 0.0387s/iter; left time: 5696.0290s
	iters: 7100, epoch: 10 | loss: 0.0302082
	speed: 0.0437s/iter; left time: 6421.8063s
	iters: 7200, epoch: 10 | loss: 0.1442630
	speed: 0.0418s/iter; left time: 6145.2511s
	iters: 7300, epoch: 10 | loss: 0.0268912
	speed: 0.0380s/iter; left time: 5575.8489s
Epoch: 10 cost time: 317.91828417778015
Epoch: 10, Steps: 7336 | Train Loss: 0.172 Vali Loss: 2.280 Vali Acc: 0.601 Test Loss: 2.280 Test Acc: 0.601
EarlyStopping counter: 7 out of 10
Updating learning rate to 1.953125e-06
	iters: 100, epoch: 11 | loss: 0.2628101
	speed: 0.1714s/iter; left time: 25130.2600s
	iters: 200, epoch: 11 | loss: 0.1678951
	speed: 0.0455s/iter; left time: 6660.2511s
	iters: 300, epoch: 11 | loss: 0.0228963
	speed: 0.0415s/iter; left time: 6071.1769s
	iters: 400, epoch: 11 | loss: 0.0089695
	speed: 0.0388s/iter; left time: 5672.3343s
	iters: 500, epoch: 11 | loss: 0.2014989
	speed: 0.0349s/iter; left time: 5097.6842s
	iters: 600, epoch: 11 | loss: 0.0414619
	speed: 0.0384s/iter; left time: 5612.7600s
	iters: 700, epoch: 11 | loss: 0.1593545
	speed: 0.0348s/iter; left time: 5084.9238s
	iters: 800, epoch: 11 | loss: 0.2791642
	speed: 0.0342s/iter; left time: 4984.0231s
	iters: 900, epoch: 11 | loss: 0.0682821
	speed: 0.0346s/iter; left time: 5040.8773s
	iters: 1000, epoch: 11 | loss: 0.0862460
	speed: 0.0350s/iter; left time: 5093.6301s
	iters: 1100, epoch: 11 | loss: 0.0238658
	speed: 0.0348s/iter; left time: 5065.4895s
	iters: 1200, epoch: 11 | loss: 0.1642190
	speed: 0.0342s/iter; left time: 4982.1287s
	iters: 1300, epoch: 11 | loss: 0.0689365
	speed: 0.0369s/iter; left time: 5361.7451s
	iters: 1400, epoch: 11 | loss: 0.1125876
	speed: 0.0348s/iter; left time: 5058.0353s
	iters: 1500, epoch: 11 | loss: 0.0157951
	speed: 0.0352s/iter; left time: 5109.4584s
	iters: 1600, epoch: 11 | loss: 0.1717625
	speed: 0.0352s/iter; left time: 5102.0620s
	iters: 1700, epoch: 11 | loss: 0.0827628
	speed: 0.0342s/iter; left time: 4958.9283s
	iters: 1800, epoch: 11 | loss: 0.0811987
	speed: 0.0346s/iter; left time: 5014.9231s
	iters: 1900, epoch: 11 | loss: 0.5383393
	speed: 0.0340s/iter; left time: 4927.6159s
	iters: 2000, epoch: 11 | loss: 0.1162103
	speed: 0.0335s/iter; left time: 4853.2865s
	iters: 2100, epoch: 11 | loss: 0.2314022
	speed: 0.0334s/iter; left time: 4833.2697s
	iters: 2200, epoch: 11 | loss: 0.1129016
	speed: 0.0343s/iter; left time: 4958.0148s
	iters: 2300, epoch: 11 | loss: 0.1447692
	speed: 0.0355s/iter; left time: 5133.6205s
	iters: 2400, epoch: 11 | loss: 0.2036594
	speed: 0.0365s/iter; left time: 5263.4424s
	iters: 2500, epoch: 11 | loss: 0.0669660
	speed: 0.0351s/iter; left time: 5055.0060s
	iters: 2600, epoch: 11 | loss: 0.3648715
	speed: 0.0330s/iter; left time: 4756.9712s
	iters: 2700, epoch: 11 | loss: 0.1195772
	speed: 0.0375s/iter; left time: 5398.5982s
	iters: 2800, epoch: 11 | loss: 0.0153458
	speed: 0.0393s/iter; left time: 5662.4170s
	iters: 2900, epoch: 11 | loss: 0.1636480
	speed: 0.0370s/iter; left time: 5327.2526s
	iters: 3000, epoch: 11 | loss: 0.0253504
	speed: 0.0413s/iter; left time: 5937.9712s
	iters: 3100, epoch: 11 | loss: 0.0916139
	speed: 0.0396s/iter; left time: 5689.7619s
	iters: 3200, epoch: 11 | loss: 0.3218009
	speed: 0.0358s/iter; left time: 5145.0934s
	iters: 3300, epoch: 11 | loss: 0.1883475
	speed: 0.0332s/iter; left time: 4756.9872s
	iters: 3400, epoch: 11 | loss: 0.0690517
	speed: 0.0338s/iter; left time: 4846.8647s
	iters: 3500, epoch: 11 | loss: 0.1405817
	speed: 0.0335s/iter; left time: 4794.3443s
	iters: 3600, epoch: 11 | loss: 0.1327780
	speed: 0.0339s/iter; left time: 4853.1680s
	iters: 3700, epoch: 11 | loss: 0.1760659
	speed: 0.0339s/iter; left time: 4849.8527s
	iters: 3800, epoch: 11 | loss: 0.3633826
	speed: 0.0354s/iter; left time: 5060.7524s
	iters: 3900, epoch: 11 | loss: 0.0545224
	speed: 0.0361s/iter; left time: 5153.6995s
	iters: 4000, epoch: 11 | loss: 0.0862118
	speed: 0.0353s/iter; left time: 5034.0109s
	iters: 4100, epoch: 11 | loss: 0.0689150
	speed: 0.0412s/iter; left time: 5877.5438s
	iters: 4200, epoch: 11 | loss: 0.2829801
	speed: 0.0389s/iter; left time: 5549.9323s
	iters: 4300, epoch: 11 | loss: 0.2946816
	speed: 0.0399s/iter; left time: 5679.2516s
	iters: 4400, epoch: 11 | loss: 0.0682957
	speed: 0.0430s/iter; left time: 6124.5938s
	iters: 4500, epoch: 11 | loss: 0.2227568
	speed: 0.0396s/iter; left time: 5625.5776s
	iters: 4600, epoch: 11 | loss: 0.1175942
	speed: 0.0384s/iter; left time: 5455.8134s
	iters: 4700, epoch: 11 | loss: 0.6178145
	speed: 0.0406s/iter; left time: 5773.0501s
	iters: 4800, epoch: 11 | loss: 0.0910148
	speed: 0.0395s/iter; left time: 5599.9798s
	iters: 4900, epoch: 11 | loss: 0.0691658
	speed: 0.0414s/iter; left time: 5869.0930s
	iters: 5000, epoch: 11 | loss: 0.0447465
	speed: 0.0368s/iter; left time: 5208.7049s
	iters: 5100, epoch: 11 | loss: 0.0282588
	speed: 0.0344s/iter; left time: 4870.6793s
	iters: 5200, epoch: 11 | loss: 0.0490914
	speed: 0.0453s/iter; left time: 6409.8742s
	iters: 5300, epoch: 11 | loss: 0.5311998
	speed: 0.0381s/iter; left time: 5381.9114s
	iters: 5400, epoch: 11 | loss: 0.1014457
	speed: 0.0388s/iter; left time: 5481.2873s
	iters: 5500, epoch: 11 | loss: 0.2950599
	speed: 0.0376s/iter; left time: 5306.2339s
	iters: 5600, epoch: 11 | loss: 0.0534801
	speed: 0.0380s/iter; left time: 5357.4262s
	iters: 5700, epoch: 11 | loss: 0.0980579
	speed: 0.0363s/iter; left time: 5112.9217s
	iters: 5800, epoch: 11 | loss: 0.1143835
	speed: 0.0375s/iter; left time: 5284.4639s
	iters: 5900, epoch: 11 | loss: 0.1711371
	speed: 0.0385s/iter; left time: 5418.1734s
	iters: 6000, epoch: 11 | loss: 0.2019649
	speed: 0.0387s/iter; left time: 5447.5448s
	iters: 6100, epoch: 11 | loss: 0.2180065
	speed: 0.0374s/iter; left time: 5255.8295s
	iters: 6200, epoch: 11 | loss: 0.2326010
	speed: 0.0376s/iter; left time: 5287.1891s
	iters: 6300, epoch: 11 | loss: 0.5017531
	speed: 0.0360s/iter; left time: 5049.0563s
	iters: 6400, epoch: 11 | loss: 0.0893026
	speed: 0.0384s/iter; left time: 5388.2329s
	iters: 6500, epoch: 11 | loss: 0.2729642
	speed: 0.0342s/iter; left time: 4802.3104s
	iters: 6600, epoch: 11 | loss: 0.1595263
	speed: 0.0362s/iter; left time: 5078.4248s
	iters: 6700, epoch: 11 | loss: 0.0439242
	speed: 0.0404s/iter; left time: 5652.4864s
	iters: 6800, epoch: 11 | loss: 0.2698117
	speed: 0.0341s/iter; left time: 4766.2672s
	iters: 6900, epoch: 11 | loss: 0.0319680
	speed: 0.0387s/iter; left time: 5407.5893s
	iters: 7000, epoch: 11 | loss: 0.2510458
	speed: 0.0391s/iter; left time: 5469.6637s
	iters: 7100, epoch: 11 | loss: 0.0863674
	speed: 0.0382s/iter; left time: 5339.3006s
	iters: 7200, epoch: 11 | loss: 0.2395504
	speed: 0.0351s/iter; left time: 4896.6941s
	iters: 7300, epoch: 11 | loss: 0.0834611
	speed: 0.0439s/iter; left time: 6123.2878s
Epoch: 11 cost time: 272.9391918182373
Epoch: 11, Steps: 7336 | Train Loss: 0.165 Vali Loss: 2.254 Vali Acc: 0.599 Test Loss: 2.254 Test Acc: 0.599
EarlyStopping counter: 8 out of 10
	iters: 100, epoch: 12 | loss: 0.1405681
	speed: 0.1755s/iter; left time: 24450.5643s
	iters: 200, epoch: 12 | loss: 0.3655478
	speed: 0.0466s/iter; left time: 6482.7505s
	iters: 300, epoch: 12 | loss: 0.0361446
	speed: 0.0501s/iter; left time: 6969.8563s
	iters: 400, epoch: 12 | loss: 0.0670733
	speed: 0.0361s/iter; left time: 5013.0857s
	iters: 500, epoch: 12 | loss: 0.4346608
	speed: 0.0412s/iter; left time: 5715.1721s
	iters: 600, epoch: 12 | loss: 0.4025877
	speed: 0.0440s/iter; left time: 6104.5366s
	iters: 700, epoch: 12 | loss: 0.0104895
	speed: 0.0406s/iter; left time: 5633.9194s
	iters: 800, epoch: 12 | loss: 0.3394558
	speed: 0.0397s/iter; left time: 5502.6519s
	iters: 900, epoch: 12 | loss: 0.0298486
	speed: 0.0397s/iter; left time: 5503.5702s
	iters: 1000, epoch: 12 | loss: 0.2194405
	speed: 0.0505s/iter; left time: 6986.2009s
	iters: 1100, epoch: 12 | loss: 0.0622111
	speed: 0.0429s/iter; left time: 5936.3515s
	iters: 1200, epoch: 12 | loss: 0.0979870
	speed: 0.0451s/iter; left time: 6225.3118s
	iters: 1300, epoch: 12 | loss: 0.1941568
	speed: 0.0442s/iter; left time: 6101.8368s
	iters: 1400, epoch: 12 | loss: 0.1680044
	speed: 0.0448s/iter; left time: 6188.3373s
	iters: 1500, epoch: 12 | loss: 0.1409585
	speed: 0.0400s/iter; left time: 5520.6612s
	iters: 1600, epoch: 12 | loss: 0.5093426
	speed: 0.0470s/iter; left time: 6478.1808s
	iters: 1700, epoch: 12 | loss: 0.1226323
	speed: 0.0426s/iter; left time: 5863.7459s
	iters: 1800, epoch: 12 | loss: 0.2567282
	speed: 0.0442s/iter; left time: 6085.9420s
	iters: 1900, epoch: 12 | loss: 0.0403975
	speed: 0.0454s/iter; left time: 6237.2574s
	iters: 2000, epoch: 12 | loss: 0.2671860
	speed: 0.0490s/iter; left time: 6726.2080s
	iters: 2100, epoch: 12 | loss: 0.1682960
	speed: 0.0392s/iter; left time: 5387.1865s
	iters: 2200, epoch: 12 | loss: 0.0696792
	speed: 0.0499s/iter; left time: 6844.7904s
	iters: 2300, epoch: 12 | loss: 0.0269491
	speed: 0.0431s/iter; left time: 5909.1707s
	iters: 2400, epoch: 12 | loss: 0.0419674
	speed: 0.0419s/iter; left time: 5736.2116s
	iters: 2500, epoch: 12 | loss: 0.1782678
	speed: 0.0460s/iter; left time: 6292.3912s
	iters: 2600, epoch: 12 | loss: 0.0894445
	speed: 0.0388s/iter; left time: 5300.5205s
	iters: 2700, epoch: 12 | loss: 0.0396641
	speed: 0.0423s/iter; left time: 5784.2060s
	iters: 2800, epoch: 12 | loss: 0.1503469
	speed: 0.0435s/iter; left time: 5941.3962s
	iters: 2900, epoch: 12 | loss: 0.3294174
	speed: 0.0405s/iter; left time: 5531.5815s
	iters: 3000, epoch: 12 | loss: 0.2413926
	speed: 0.0365s/iter; left time: 4982.9493s
	iters: 3100, epoch: 12 | loss: 0.0572837
	speed: 0.0408s/iter; left time: 5563.7227s
	iters: 3200, epoch: 12 | loss: 0.1018464
	speed: 0.0455s/iter; left time: 6199.9968s
	iters: 3300, epoch: 12 | loss: 0.0947368
	speed: 0.0388s/iter; left time: 5273.6448s
	iters: 3400, epoch: 12 | loss: 0.0326122
	speed: 0.0409s/iter; left time: 5565.4075s
	iters: 3500, epoch: 12 | loss: 0.2423397
	speed: 0.0405s/iter; left time: 5507.2535s
	iters: 3600, epoch: 12 | loss: 0.0679435
	speed: 0.0453s/iter; left time: 6146.5822s
	iters: 3700, epoch: 12 | loss: 0.1293435
	speed: 0.0455s/iter; left time: 6180.1319s
	iters: 3800, epoch: 12 | loss: 0.0615989
	speed: 0.0473s/iter; left time: 6415.5639s
	iters: 3900, epoch: 12 | loss: 0.0789064
	speed: 0.0497s/iter; left time: 6732.9129s
	iters: 4000, epoch: 12 | loss: 0.1086068
	speed: 0.0495s/iter; left time: 6703.9103s
	iters: 4100, epoch: 12 | loss: 0.2608614
	speed: 0.0465s/iter; left time: 6292.5053s
	iters: 4200, epoch: 12 | loss: 0.3412417
	speed: 0.0461s/iter; left time: 6233.6982s
	iters: 4300, epoch: 12 | loss: 0.0408508
	speed: 0.0407s/iter; left time: 5491.2140s
	iters: 4400, epoch: 12 | loss: 0.3809508
	speed: 0.0442s/iter; left time: 5965.1743s
	iters: 4500, epoch: 12 | loss: 0.0900788
	speed: 0.0472s/iter; left time: 6363.9385s
	iters: 4600, epoch: 12 | loss: 0.2130554
	speed: 0.0519s/iter; left time: 7001.0186s
	iters: 4700, epoch: 12 | loss: 0.0248890
	speed: 0.0405s/iter; left time: 5457.8354s
	iters: 4800, epoch: 12 | loss: 0.3072081
	speed: 0.0376s/iter; left time: 5065.5223s
	iters: 4900, epoch: 12 | loss: 0.0557974
	speed: 0.0415s/iter; left time: 5585.9526s
	iters: 5000, epoch: 12 | loss: 0.4520520
	speed: 0.0392s/iter; left time: 5273.8281s
	iters: 5100, epoch: 12 | loss: 0.1293943
	speed: 0.0457s/iter; left time: 6139.0553s
	iters: 5200, epoch: 12 | loss: 0.0421417
	speed: 0.0389s/iter; left time: 5224.5494s
	iters: 5300, epoch: 12 | loss: 0.4719989
	speed: 0.0401s/iter; left time: 5378.8209s
	iters: 5400, epoch: 12 | loss: 0.0533379
	speed: 0.0515s/iter; left time: 6901.4284s
	iters: 5500, epoch: 12 | loss: 0.0636435
	speed: 0.0493s/iter; left time: 6599.8446s
	iters: 5600, epoch: 12 | loss: 0.1474745
	speed: 0.0428s/iter; left time: 5732.3611s
	iters: 5700, epoch: 12 | loss: 0.0804687
	speed: 0.0387s/iter; left time: 5169.9599s
	iters: 5800, epoch: 12 | loss: 0.0648549
	speed: 0.0521s/iter; left time: 6962.1800s
	iters: 5900, epoch: 12 | loss: 0.1855529
	speed: 0.0385s/iter; left time: 5133.1949s
	iters: 6000, epoch: 12 | loss: 0.1818330
	speed: 0.0394s/iter; left time: 5257.6569s
	iters: 6100, epoch: 12 | loss: 0.0350457
	speed: 0.0363s/iter; left time: 4835.2246s
	iters: 6200, epoch: 12 | loss: 0.1088670
	speed: 0.0416s/iter; left time: 5534.8738s
	iters: 6300, epoch: 12 | loss: 0.1348091
	speed: 0.0353s/iter; left time: 4696.6157s
	iters: 6400, epoch: 12 | loss: 0.2354261
	speed: 0.0344s/iter; left time: 4575.7348s
	iters: 6500, epoch: 12 | loss: 0.1146159
	speed: 0.0361s/iter; left time: 4791.0711s
	iters: 6600, epoch: 12 | loss: 0.0677746
	speed: 0.0445s/iter; left time: 5908.5397s
	iters: 6700, epoch: 12 | loss: 0.1409843
	speed: 0.0401s/iter; left time: 5320.9051s
	iters: 6800, epoch: 12 | loss: 0.0318108
	speed: 0.0412s/iter; left time: 5466.6960s
	iters: 6900, epoch: 12 | loss: 0.0969432
	speed: 0.0474s/iter; left time: 6277.7990s
	iters: 7000, epoch: 12 | loss: 0.1160780
	speed: 0.0462s/iter; left time: 6117.6356s
	iters: 7100, epoch: 12 | loss: 0.1180445
	speed: 0.0415s/iter; left time: 5489.7803s
	iters: 7200, epoch: 12 | loss: 0.1252390
	speed: 0.0396s/iter; left time: 5235.9622s
	iters: 7300, epoch: 12 | loss: 0.0136072
	speed: 0.0343s/iter; left time: 4533.7580s
Epoch: 12 cost time: 314.89938592910767
Epoch: 12, Steps: 7336 | Train Loss: 0.164 Vali Loss: 2.241 Vali Acc: 0.602 Test Loss: 2.241 Test Acc: 0.602
EarlyStopping counter: 9 out of 10
	iters: 100, epoch: 13 | loss: 0.0760942
	speed: 0.1760s/iter; left time: 23219.0207s
	iters: 200, epoch: 13 | loss: 0.0541287
	speed: 0.0445s/iter; left time: 5864.9179s
	iters: 300, epoch: 13 | loss: 0.3064167
	speed: 0.0381s/iter; left time: 5018.0788s
	iters: 400, epoch: 13 | loss: 0.1422764
	speed: 0.0491s/iter; left time: 6461.2121s
	iters: 500, epoch: 13 | loss: 0.0377315
	speed: 0.0502s/iter; left time: 6597.5231s
	iters: 600, epoch: 13 | loss: 0.1982987
	speed: 0.0464s/iter; left time: 6094.6268s
	iters: 700, epoch: 13 | loss: 0.0871837
	speed: 0.0444s/iter; left time: 5828.1011s
	iters: 800, epoch: 13 | loss: 0.1124809
	speed: 0.0441s/iter; left time: 5788.3633s
	iters: 900, epoch: 13 | loss: 0.0262937
	speed: 0.0452s/iter; left time: 5927.0111s
	iters: 1000, epoch: 13 | loss: 0.3261961
	speed: 0.0456s/iter; left time: 5976.9616s
	iters: 1100, epoch: 13 | loss: 0.2307590
	speed: 0.0408s/iter; left time: 5337.4116s
	iters: 1200, epoch: 13 | loss: 0.3003397
	speed: 0.0418s/iter; left time: 5463.7237s
	iters: 1300, epoch: 13 | loss: 0.1251785
	speed: 0.0396s/iter; left time: 5181.7563s
	iters: 1400, epoch: 13 | loss: 0.2116256
	speed: 0.0472s/iter; left time: 6162.5389s
	iters: 1500, epoch: 13 | loss: 0.2047129
	speed: 0.0433s/iter; left time: 5648.2257s
	iters: 1600, epoch: 13 | loss: 0.0844881
	speed: 0.0371s/iter; left time: 4836.7811s
	iters: 1700, epoch: 13 | loss: 0.1110559
	speed: 0.0423s/iter; left time: 5508.8733s
	iters: 1800, epoch: 13 | loss: 0.0761177
	speed: 0.0407s/iter; left time: 5296.1755s
	iters: 1900, epoch: 13 | loss: 0.0280102
	speed: 0.0424s/iter; left time: 5513.9433s
	iters: 2000, epoch: 13 | loss: 0.0855353
	speed: 0.0398s/iter; left time: 5175.9729s
	iters: 2100, epoch: 13 | loss: 0.1586413
	speed: 0.0451s/iter; left time: 5857.0053s
	iters: 2200, epoch: 13 | loss: 0.1127489
	speed: 0.0427s/iter; left time: 5540.5732s
	iters: 2300, epoch: 13 | loss: 0.2143312
	speed: 0.0430s/iter; left time: 5582.9182s
	iters: 2400, epoch: 13 | loss: 0.1210532
	speed: 0.0464s/iter; left time: 6021.2770s
	iters: 2500, epoch: 13 | loss: 0.1444721
	speed: 0.0468s/iter; left time: 6064.9615s
	iters: 2600, epoch: 13 | loss: 0.1171744
	speed: 0.0413s/iter; left time: 5350.9505s
	iters: 2700, epoch: 13 | loss: 0.2009537
	speed: 0.0431s/iter; left time: 5570.3169s
	iters: 2800, epoch: 13 | loss: 0.2227546
	speed: 0.0433s/iter; left time: 5600.6152s
	iters: 2900, epoch: 13 | loss: 0.2590531
	speed: 0.0415s/iter; left time: 5357.7567s
	iters: 3000, epoch: 13 | loss: 0.0425057
	speed: 0.0399s/iter; left time: 5143.5105s
	iters: 3100, epoch: 13 | loss: 0.2174070
	speed: 0.0425s/iter; left time: 5486.5907s
	iters: 3200, epoch: 13 | loss: 0.0778219
	speed: 0.0468s/iter; left time: 6025.9634s
	iters: 3300, epoch: 13 | loss: 0.0600197
	speed: 0.0515s/iter; left time: 6632.4427s
	iters: 3400, epoch: 13 | loss: 0.1558577
	speed: 0.0438s/iter; left time: 5628.8318s
	iters: 3500, epoch: 13 | loss: 0.0509107
	speed: 0.0484s/iter; left time: 6215.4692s
	iters: 3600, epoch: 13 | loss: 0.0962421
	speed: 0.0471s/iter; left time: 6055.4383s
	iters: 3700, epoch: 13 | loss: 0.3886057
	speed: 0.0441s/iter; left time: 5665.8684s
	iters: 3800, epoch: 13 | loss: 0.2578085
	speed: 0.0411s/iter; left time: 5273.2506s
	iters: 3900, epoch: 13 | loss: 0.0369649
	speed: 0.0449s/iter; left time: 5757.6579s
	iters: 4000, epoch: 13 | loss: 0.1553115
	speed: 0.0411s/iter; left time: 5265.6988s
	iters: 4100, epoch: 13 | loss: 0.2176169
	speed: 0.0374s/iter; left time: 4790.8379s
	iters: 4200, epoch: 13 | loss: 0.0246018
	speed: 0.0450s/iter; left time: 5757.7666s
	iters: 4300, epoch: 13 | loss: 0.2796324
	speed: 0.0482s/iter; left time: 6159.8945s
	iters: 4400, epoch: 13 | loss: 0.0057999
	speed: 0.0467s/iter; left time: 5962.9818s
	iters: 4500, epoch: 13 | loss: 0.2703935
	speed: 0.0445s/iter; left time: 5681.8861s
	iters: 4600, epoch: 13 | loss: 0.0451907
	speed: 0.0414s/iter; left time: 5276.1046s
	iters: 4700, epoch: 13 | loss: 0.0480412
	speed: 0.0376s/iter; left time: 4792.9390s
	iters: 4800, epoch: 13 | loss: 0.2881143
	speed: 0.0423s/iter; left time: 5377.4366s
	iters: 4900, epoch: 13 | loss: 0.1175927
	speed: 0.0445s/iter; left time: 5652.5236s
	iters: 5000, epoch: 13 | loss: 0.1060738
	speed: 0.0462s/iter; left time: 5867.1583s
	iters: 5100, epoch: 13 | loss: 0.1387381
	speed: 0.0476s/iter; left time: 6042.0136s
	iters: 5200, epoch: 13 | loss: 0.3160102
	speed: 0.0507s/iter; left time: 6436.7240s
	iters: 5300, epoch: 13 | loss: 0.0671043
	speed: 0.0492s/iter; left time: 6238.7585s
	iters: 5400, epoch: 13 | loss: 0.1602110
	speed: 0.0448s/iter; left time: 5671.3153s
	iters: 5500, epoch: 13 | loss: 0.0270010
	speed: 0.0387s/iter; left time: 4891.7754s
	iters: 5600, epoch: 13 | loss: 0.0766569
	speed: 0.0359s/iter; left time: 4542.7077s
	iters: 5700, epoch: 13 | loss: 0.0512909
	speed: 0.0340s/iter; left time: 4293.4951s
	iters: 5800, epoch: 13 | loss: 0.0407932
	speed: 0.0482s/iter; left time: 6081.5397s
	iters: 5900, epoch: 13 | loss: 0.2768601
	speed: 0.0406s/iter; left time: 5121.1498s
	iters: 6000, epoch: 13 | loss: 0.1933957
	speed: 0.0449s/iter; left time: 5664.6065s
	iters: 6100, epoch: 13 | loss: 0.5295274
	speed: 0.0371s/iter; left time: 4669.1021s
	iters: 6200, epoch: 13 | loss: 0.0231003
	speed: 0.0457s/iter; left time: 5751.1387s
	iters: 6300, epoch: 13 | loss: 0.0604549
	speed: 0.0465s/iter; left time: 5852.7648s
	iters: 6400, epoch: 13 | loss: 0.1432772
	speed: 0.0365s/iter; left time: 4589.0507s
	iters: 6500, epoch: 13 | loss: 0.1631620
	speed: 0.0350s/iter; left time: 4389.4550s
	iters: 6600, epoch: 13 | loss: 0.1930637
	speed: 0.0387s/iter; left time: 4851.4461s
	iters: 6700, epoch: 13 | loss: 0.2651135
	speed: 0.0398s/iter; left time: 4994.6043s
	iters: 6800, epoch: 13 | loss: 0.0339231
	speed: 0.0461s/iter; left time: 5777.2922s
	iters: 6900, epoch: 13 | loss: 0.1033506
	speed: 0.0405s/iter; left time: 5065.0476s
	iters: 7000, epoch: 13 | loss: 0.1077748
	speed: 0.0414s/iter; left time: 5179.1998s
	iters: 7100, epoch: 13 | loss: 0.0231865
	speed: 0.0406s/iter; left time: 5072.1369s
	iters: 7200, epoch: 13 | loss: 0.1194885
	speed: 0.0520s/iter; left time: 6489.6414s
	iters: 7300, epoch: 13 | loss: 0.0651750
	speed: 0.0500s/iter; left time: 6235.8014s
Epoch: 13 cost time: 318.51385593414307
Epoch: 13, Steps: 7336 | Train Loss: 0.163 Vali Loss: 2.250 Vali Acc: 0.600 Test Loss: 2.250 Test Acc: 0.600
EarlyStopping counter: 10 out of 10
Early stopping
>>>>>>>testing : classification_UserIdentify6_TimesNet_UEA_ftM_sl10_ll48_pl0_dm32_nh8_el2_dl1_df32_fc1_ebtimeF_dtTrue_Exp_0<<<<<<<<<<<<<<<<<<<<<<<<<<<<<<<<<
7856
test shape: torch.Size([7856, 48]) torch.Size([7856, 1])
accuracy:0.6130346232179226
